<?xml version="1.0" encoding="utf-8" standalone="no"?>
<test-run id="0" runstate="Runnable" testcasecount="173" result="Passed" total="173" passed="173" failed="0" inconclusive="0" skipped="0" asserts="264" engine-version="3.12.0.0" clr-version="4.0.30319.42000" start-time="2021-11-07 02:19:05Z" end-time="2021-11-07 02:19:13Z" duration="7.937736">
  <command-line><![CDATA["C:\Program Files (x86)\NUnit.org\nunit-console\nunit3-console.exe"  "bin\Debug\NLuaTest.dll"]]></command-line>
  <test-suite type="Assembly" id="1-1178" name="NLuaTest.dll" fullname="D:\Documents\GitHub\NLua\tests\build\net46\bin\Debug\NLuaTest.dll" runstate="Runnable" testcasecount="173" result="Passed" start-time="2021-11-07T02:19:06.3761723Z" end-time="2021-11-07T02:19:13.5167649Z" duration="7.139953" total="173" passed="173" failed="0" warnings="0" inconclusive="0" skipped="0" asserts="264">
    <environment framework-version="3.13.1.0" clr-version="4.0.30319.42000" os-version="Microsoft Windows NT 10.0.19042.0" platform="Win32NT" cwd="D:\Documents\GitHub\NLua\tests\build\net46" machine-name="DESKTOP-MEGAPIG" user="noahp" user-domain="DESKTOP-MEGAPIG" culture="en-US" uiculture="en-US" os-architecture="x64" />
    <settings>
      <setting name="DisposeRunners" value="True" />
      <setting name="WorkDirectory" value="D:\Documents\GitHub\NLua\tests\build\net46" />
      <setting name="ImageRuntimeVersion" value="4.0.30319" />
      <setting name="ImageTargetFrameworkName" value=".NETFramework,Version=v4.6" />
      <setting name="ImageRequiresX86" value="False" />
      <setting name="ImageRequiresDefaultAppDomainAssemblyResolver" value="False" />
      <setting name="TargetRuntimeFramework" value="net-4.0" />
      <setting name="NumberOfTestWorkers" value="8" />
    </settings>
    <properties>
      <property name="_PID" value="16836" />
      <property name="_APPDOMAIN" value="domain-" />
    </properties>
    <test-suite type="TestSuite" id="1-1179" name="LoadFileTests" fullname="LoadFileTests" runstate="Runnable" testcasecount="2" result="Passed" start-time="2021-11-07T02:19:06.3931358Z" end-time="2021-11-07T02:19:06.5321709Z" duration="0.139214" total="2" passed="2" failed="0" warnings="0" inconclusive="0" skipped="0" asserts="12">
      <test-suite type="TestFixture" id="1-1000" name="LoadLuaFile" fullname="LoadFileTests.LoadLuaFile" classname="LoadFileTests.LoadLuaFile" runstate="Runnable" testcasecount="2" result="Passed" start-time="2021-11-07T02:19:06.3951364Z" end-time="2021-11-07T02:19:06.5321709Z" duration="0.136708" total="2" passed="2" failed="0" warnings="0" inconclusive="0" skipped="0" asserts="12">
        <test-case id="1-1002" name="TestBinaryLoadFile" fullname="LoadFileTests.LoadLuaFile.TestBinaryLoadFile" methodname="TestBinaryLoadFile" classname="LoadFileTests.LoadLuaFile" runstate="Runnable" seed="1381692582" result="Passed" start-time="2021-11-07T02:19:06.3991364Z" end-time="2021-11-07T02:19:06.5271741Z" duration="0.128530" asserts="6" />
        <test-case id="1-1001" name="TestLoadFile" fullname="LoadFileTests.LoadLuaFile.TestLoadFile" methodname="TestLoadFile" classname="LoadFileTests.LoadLuaFile" runstate="Runnable" seed="272270641" result="Passed" start-time="2021-11-07T02:19:06.5301706Z" end-time="2021-11-07T02:19:06.5311728Z" duration="0.000954" asserts="6" />
      </test-suite>
    </test-suite>
    <test-suite type="TestSuite" id="1-1180" name="NLuaTest" fullname="NLuaTest" runstate="Runnable" testcasecount="171" result="Passed" start-time="2021-11-07T02:19:06.3941355Z" end-time="2021-11-07T02:19:13.5167649Z" duration="7.123284" total="171" passed="171" failed="0" warnings="0" inconclusive="0" skipped="0" asserts="252">
      <test-suite type="TestFixture" id="1-1003" name="CodeGenTests" fullname="NLuaTest.CodeGenTests" classname="NLuaTest.CodeGenTests" runstate="Runnable" testcasecount="9" result="Passed" start-time="2021-11-07T02:19:06.5341711Z" end-time="2021-11-07T02:19:06.5951738Z" duration="0.060749" total="9" passed="9" failed="0" warnings="0" inconclusive="0" skipped="0" asserts="9">
        <test-case id="1-1008" name="LuaDelegateReferenceTypes" fullname="NLuaTest.CodeGenTests.LuaDelegateReferenceTypes" methodname="LuaDelegateReferenceTypes" classname="NLuaTest.CodeGenTests" runstate="Runnable" seed="1328890943" result="Passed" start-time="2021-11-07T02:19:06.5341711Z" end-time="2021-11-07T02:19:06.5681396Z" duration="0.033459" asserts="1" />
        <test-case id="1-1010" name="LuaDelegateReferenceTypesByRefParam" fullname="NLuaTest.CodeGenTests.LuaDelegateReferenceTypesByRefParam" methodname="LuaDelegateReferenceTypesByRefParam" classname="NLuaTest.CodeGenTests" runstate="Runnable" seed="2024194596" result="Passed" start-time="2021-11-07T02:19:06.5681396Z" end-time="2021-11-07T02:19:06.5691406Z" duration="0.001814" asserts="1" />
        <test-case id="1-1009" name="LuaDelegateReferenceTypesOutParam" fullname="NLuaTest.CodeGenTests.LuaDelegateReferenceTypesOutParam" methodname="LuaDelegateReferenceTypesOutParam" classname="NLuaTest.CodeGenTests" runstate="Runnable" seed="47442452" result="Passed" start-time="2021-11-07T02:19:06.5691406Z" end-time="2021-11-07T02:19:06.5711403Z" duration="0.001224" asserts="1" />
        <test-case id="1-1004" name="LuaDelegateValueTypes" fullname="NLuaTest.CodeGenTests.LuaDelegateValueTypes" methodname="LuaDelegateValueTypes" classname="NLuaTest.CodeGenTests" runstate="Runnable" seed="1048603580" result="Passed" start-time="2021-11-07T02:19:06.5711403Z" end-time="2021-11-07T02:19:06.5721406Z" duration="0.001075" asserts="1" />
        <test-case id="1-1006" name="LuaDelegateValueTypesByRefParam" fullname="NLuaTest.CodeGenTests.LuaDelegateValueTypesByRefParam" methodname="LuaDelegateValueTypesByRefParam" classname="NLuaTest.CodeGenTests" runstate="Runnable" seed="1343124007" result="Passed" start-time="2021-11-07T02:19:06.5721406Z" end-time="2021-11-07T02:19:06.5731403Z" duration="0.001139" asserts="1" />
        <test-case id="1-1005" name="LuaDelegateValueTypesOutParam" fullname="NLuaTest.CodeGenTests.LuaDelegateValueTypesOutParam" methodname="LuaDelegateValueTypesOutParam" classname="NLuaTest.CodeGenTests" runstate="Runnable" seed="1468347883" result="Passed" start-time="2021-11-07T02:19:06.5731403Z" end-time="2021-11-07T02:19:06.5741408Z" duration="0.001262" asserts="1" />
        <test-case id="1-1007" name="LuaDelegateValueTypesReturnReferenceType" fullname="NLuaTest.CodeGenTests.LuaDelegateValueTypesReturnReferenceType" methodname="LuaDelegateValueTypesReturnReferenceType" classname="NLuaTest.CodeGenTests" runstate="Runnable" seed="2056783774" result="Passed" start-time="2021-11-07T02:19:06.5741408Z" end-time="2021-11-07T02:19:06.5751403Z" duration="0.001109" asserts="1" />
        <test-case id="1-1012" name="LuaTableBaseMethod" fullname="NLuaTest.CodeGenTests.LuaTableBaseMethod" methodname="LuaTableBaseMethod" classname="NLuaTest.CodeGenTests" runstate="Runnable" seed="1555085383" result="Passed" start-time="2021-11-07T02:19:06.5751403Z" end-time="2021-11-07T02:19:06.5901944Z" duration="0.014486" asserts="1" />
        <test-case id="1-1011" name="NLuaAAValueTypes" fullname="NLuaTest.CodeGenTests.NLuaAAValueTypes" methodname="NLuaAAValueTypes" classname="NLuaTest.CodeGenTests" runstate="Runnable" seed="775811489" result="Passed" start-time="2021-11-07T02:19:06.5901944Z" end-time="2021-11-07T02:19:06.5951738Z" duration="0.004926" asserts="1" />
      </test-suite>
      <test-suite type="TestFixture" id="1-1013" name="Core" fullname="NLuaTest.Core" classname="NLuaTest.Core" runstate="Runnable" testcasecount="8" result="Passed" start-time="2021-11-07T02:19:06.5951738Z" end-time="2021-11-07T02:19:07.2461404Z" duration="0.650796" total="8" passed="8" failed="0" warnings="0" inconclusive="0" skipped="0" asserts="0">
        <test-case id="1-1014" name="Bisect" fullname="NLuaTest.Core.Bisect" methodname="Bisect" classname="NLuaTest.Core" runstate="Runnable" seed="132558236" result="Passed" start-time="2021-11-07T02:19:06.5951738Z" end-time="2021-11-07T02:19:06.6021738Z" duration="0.006677" asserts="0">
          <output><![CDATA[0 c=1.5 a=1 b=2

1 c=1.25 a=1 b=1.5

2 c=1.375 a=1.25 b=1.5

3 c=1.3125 a=1.25 b=1.375

4 c=1.34375 a=1.3125 b=1.375

5 c=1.328125 a=1.3125 b=1.34375

6 c=1.3203125 a=1.3125 b=1.328125

7 c=1.32421875 a=1.3203125 b=1.328125

8 c=1.326171875 a=1.32421875 b=1.328125

9 c=1.3251953125 a=1.32421875 b=1.326171875

10 c=1.32470703125 a=1.32421875 b=1.3251953125

11 c=1.324951171875 a=1.32470703125 b=1.3251953125

12 c=1.3248291015625 a=1.32470703125 b=1.324951171875

13 c=1.3247680664063 a=1.32470703125 b=1.3248291015625

14 c=1.3247375488281 a=1.32470703125 b=1.3247680664063

15 c=1.3247222900391 a=1.32470703125 b=1.3247375488281

16 c=1.3247146606445 a=1.32470703125 b=1.3247222900391

17 c=1.3247184753418 a=1.3247146606445 b=1.3247222900391

18 c=1.3247165679932 a=1.3247146606445 b=1.3247184753418

19 c=1.3247175216675 a=1.3247165679932 b=1.3247184753418

20 c=1.3247179985046 a=1.3247175216675 b=1.3247184753418

after 20 steps, root is 1.3247179985046387 with error 9.5e-07, f=1.8e-07

]]></output>
        </test-case>
        <test-case id="1-1015" name="CF" fullname="NLuaTest.Core.CF" methodname="CF" classname="NLuaTest.Core" runstate="Runnable" seed="2042618643" result="Passed" start-time="2021-11-07T02:19:06.6021738Z" end-time="2021-11-07T02:19:06.6111348Z" duration="0.009296" asserts="0" />
        <test-case id="1-1016" name="Factorial" fullname="NLuaTest.Core.Factorial" methodname="Factorial" classname="NLuaTest.Core" runstate="Runnable" seed="580405436" result="Passed" start-time="2021-11-07T02:19:06.6111348Z" end-time="2021-11-07T02:19:06.6131363Z" duration="0.001647" asserts="0">
          <output><![CDATA[0 ! =  1 

1 ! =  1 

2 ! =  2 

3 ! =  6 

4 ! =  24 

5 ! =  120 

6 ! =  720 

7 ! =  5040 

8 ! =  40320 

9 ! =  362880 

10 ! =  3628800 

11 ! =  39916800 

12 ! =  479001600 

13 ! =  6227020800 

14 ! =  87178291200 

15 ! =  1307674368000 

16 ! =  20922789888000 

]]></output>
        </test-case>
        <test-case id="1-1017" name="FibFor" fullname="NLuaTest.Core.FibFor" methodname="FibFor" classname="NLuaTest.Core" runstate="Runnable" seed="232790633" result="Passed" start-time="2021-11-07T02:19:06.6131363Z" end-time="2021-11-07T02:19:06.6131363Z" duration="0.000923" asserts="0">
          <output><![CDATA[1 1
1 1
2 2
3 3
5 5
8 8
13 13
21 21
34 34
55 55
89 89
144 144
233 233
377 377
610 610
987 987
]]></output>
        </test-case>
        <test-case id="1-1018" name="Life" fullname="NLuaTest.Core.Life" methodname="Life" classname="NLuaTest.Core" runstate="Runnable" seed="227967536" result="Passed" start-time="2021-11-07T02:19:06.6131363Z" end-time="2021-11-07T02:19:07.2051396Z" duration="0.591916" asserts="0">
          <output><![CDATA[\u001b[2J
\u001b[H
----------------------------------------
----------------------------------------
----------------------------------------
-----O----------------------------------
------OO--------------------------------
-----OO---------------------------------
----------------------------------------
----------------------------------------
----------------------------------------
------------------------OOO-------------
-----OO-----------------O-O-------------
----OOOO----------------O-O-------------
----OO-OO----------------O--------------
------OO--------------------------------
----------------------------------------
----------------------------------------
----------------------------------------
----------------------------------------
----------------------------------------
----------------------------------------

Life - generation  1 

\u001b[H
----------------------------------------
----------------------------------------
----------------------------------------
------O---------------------------------
-------O--------------------------------
-----OOO--------------------------------
----------------------------------------
----------------------------------------
-------------------------O--------------
------------------------O-O-------------
----O--O---------------OO-OO------------
--------O---------------O-O-------------
----O---O----------------O--------------
-----OOOO-------------------------------
----------------------------------------
----------------------------------------
----------------------------------------
----------------------------------------
----------------------------------------
----------------------------------------

Life - generation  2 

\u001b[H
----------------------------------------
----------------------------------------
----------------------------------------
----------------------------------------
-----O-O--------------------------------
------OO--------------------------------
------O---------------------------------
----------------------------------------
-------------------------O--------------
-----------------------OO-OO------------
-----------------------OO-OO------------
-------OO--------------OO-OO------------
-----OO-OO---------------O--------------
-----OOOO-------------------------------
------OO--------------------------------
----------------------------------------
----------------------------------------
----------------------------------------
----------------------------------------
----------------------------------------

Life - generation  3 

\u001b[H
----------------------------------------
----------------------------------------
----------------------------------------
----------------------------------------
-------O--------------------------------
-----O-O--------------------------------
------OO--------------------------------
----------------------------------------
------------------------OOO-------------
-----------------------O---O------------
----------------------O-----O-----------
------OOOO-------------O---O------------
-----O---O--------------OOO-------------
---------O------------------------------
-----O--O-------------------------------
----------------------------------------
----------------------------------------
----------------------------------------
----------------------------------------
----------------------------------------

Life - generation  4 

\u001b[H
----------------------------------------
----------------------------------------
----------------------------------------
----------------------------------------
------O---------------------------------
-------OO-------------------------------
------OO--------------------------------
-------------------------O--------------
------------------------OOO-------------
-----------------------OOOOO------------
-------OO-------------OO---OO-----------
------OOOO-------------OOOOO------------
------OO-OO-------------OOO-------------
--------OO---------------O--------------
----------------------------------------
----------------------------------------
----------------------------------------
----------------------------------------
----------------------------------------
----------------------------------------

Life - generation  5 

\u001b[H
----------------------------------------
----------------------------------------
----------------------------------------
----------------------------------------
-------O--------------------------------
--------O-------------------------------
------OOO-------------------------------
------------------------OOO-------------
-----------------------O---O------------
----------------------O-----O-----------
------O--O------------O-----O-----------
----------O-----------O-----O-----------
------O---O------------O---O------------
-------OOOO-------------OOO-------------
----------------------------------------
----------------------------------------
----------------------------------------
----------------------------------------
----------------------------------------
----------------------------------------

Life - generation  6 

\u001b[H
----------------------------------------
----------------------------------------
----------------------------------------
----------------------------------------
----------------------------------------
------O-O-------------------------------
-------OO----------------O--------------
-------O----------------OOO-------------
-----------------------OOOOO------------
----------------------OO---OO-----------
---------------------OOO---OOO----------
---------OO-----------OO---OO-----------
-------OO-OO-----------OOOOO------------
-------OOOO-------------OOO-------------
--------OO---------------O--------------
----------------------------------------
----------------------------------------
----------------------------------------
----------------------------------------
----------------------------------------

Life - generation  7 

\u001b[H
----------------------------------------
----------------------------------------
----------------------------------------
----------------------------------------
----------------------------------------
--------O-------------------------------
------O-O---------------OOO-------------
-------OO--------------O---O------------
----------------------O-----O-----------
---------------------O---O---O----------
---------------------O--O-O--O----------
--------OOOO---------O---O---O----------
-------O---O----------O-----O-----------
-----------O-----------O---O------------
-------O--O-------------OOO-------------
----------------------------------------
----------------------------------------
----------------------------------------
----------------------------------------
----------------------------------------

Life - generation  8 

\u001b[H
----------------------------------------
----------------------------------------
----------------------------------------
----------------------------------------
----------------------------------------
-------O-----------------O--------------
--------OO--------------OOO-------------
-------OO--------------OOOOO------------
----------------------O-----O-----------
---------------------OO--O--OO----------
---------OO---------OOO-O-O-OOO---------
--------OOOO---------OO--O--OO----------
--------OO-OO---------O-----O-----------
----------OO-----------OOOOO------------
------------------------OOO-------------
-------------------------O--------------
----------------------------------------
----------------------------------------
----------------------------------------
----------------------------------------

Life - generation  9 

\u001b[H
----------------------------------------
----------------------------------------
----------------------------------------
----------------------------------------
----------------------------------------
--------O---------------OOO-------------
---------O-------------O---O------------
-------OOO-------------O---O------------
---------------------OO-----OO----------
--------------------O----O----O---------
--------O--O--------O---O-O---O---------
------------O-------O----O----O---------
--------O---O--------OO-----OO----------
---------OOOO----------O---O------------
-----------------------O---O------------
------------------------OOO-------------
----------------------------------------
----------------------------------------
----------------------------------------
----------------------------------------

Life - generation  10 

\u001b[H
----------------------------------------
----------------------------------------
----------------------------------------
----------------------------------------
-------------------------O--------------
------------------------OOO-------------
-------O-O-------------O-O-O------------
--------OO-------------O---O------------
--------O------------OO-----OO----------
--------------------O----O----O---------
-------------------OOO--O-O--OOO--------
-----------OO-------O----O----O---------
---------OO-OO-------OO-----OO----------
---------OOOO----------O---O------------
----------OO-----------O-O-O------------
------------------------OOO-------------
-------------------------O--------------
----------------------------------------
----------------------------------------
----------------------------------------

Life - generation  11 

\u001b[H
----------------------------------------
----------------------------------------
----------------------------------------
----------------------------------------
------------------------OOO-------------
----------------------------------------
---------O-------------O-O-O------------
-------O-O-------------OO-OO------------
--------OO-----------OO-----OO----------
-------------------O--O--O--O--O--------
-------------------O-O--O-O--O-O--------
----------OOOO-----O--O--O--O--O--------
---------O---O-------OO-----OO----------
-------------O---------OO-OO------------
---------O--O----------O-O-O------------
----------------------------------------
------------------------OOO-------------
----------------------------------------
----------------------------------------
----------------------------------------

Life - generation  12 

\u001b[H
----------------------------------------
----------------------------------------
----------------------------------------
-------------------------O--------------
-------------------------O--------------
----------------------------------------
--------O--------------O-O-O------------
---------OO------------OOOOO------------
--------OO-----------OO-OOO-OO----------
----------------------OO-O-OO-----------
-----------OO-----OO-OOOO-OOOO-OO-------
----------OOOO--------OO-O-OO-----------
----------OO-OO------OO-OOO-OO----------
------------OO---------OOOOO------------
-----------------------O-O-O------------
----------------------------------------
-------------------------O--------------
-------------------------O--------------
----------------------------------------
----------------------------------------

Life - generation  13 

\u001b[H
----------------------------------------
----------------------------------------
----------------------------------------
----------------------------------------
----------------------------------------
------------------------O-O-------------
---------O-------------O-O-O------------
----------O-----------------------------
--------OOO----------O-------O----------
--------------------O---------O---------
----------O--O-------O-------O----------
--------------O-----O---------O---------
----------O---O------O-------O----------
-----------OOOO-------------------------
-----------------------O-O-O------------
------------------------O-O-------------
----------------------------------------
----------------------------------------
----------------------------------------
----------------------------------------

Life - generation  14 

\u001b[H
----------------------------------------
----------------------------------------
----------------------------------------
----------------------------------------
----------------------------------------
------------------------OOO-------------
------------------------OOO-------------
--------O-O-----------------------------
---------OO-----------------------------
----------O---------OO-------OO---------
--------------------OO-------OO---------
-------------OO-----OO-------OO---------
-----------OO-OO------------------------
-----------OOOO-------------------------
------------OO----------OOO-------------
------------------------OOO-------------
----------------------------------------
----------------------------------------
----------------------------------------
----------------------------------------

Life - generation  15 

\u001b[H
----------------------------------------
----------------------------------------
----------------------------------------
----------------------------------------
-------------------------O--------------
------------------------O-O-------------
------------------------O-O-------------
----------O--------------O--------------
----------OO----------------------------
---------OO---------OO-------OO---------
-------------------O--O-----O--O--------
------------OOOO----OO-------OO---------
-----------O---O------------------------
---------------O---------O--------------
-----------O--O---------O-O-------------
------------------------O-O-------------
-------------------------O--------------
----------------------------------------
----------------------------------------
----------------------------------------

Life - generation  16 

\u001b[H
----------------------------------------
----------------------------------------
----------------------------------------
----------------------------------------
-------------------------O--------------
------------------------O-O-------------
------------------------O-O-------------
----------OO-------------O--------------
-----------O----------------------------
---------OOO--------OO-------OO---------
-------------OO----O--O-----O--O--------
------------OOOO----OO-------OO---------
------------OO-OO-----------------------
--------------OO---------O--------------
------------------------O-O-------------
------------------------O-O-------------
-------------------------O--------------
----------------------------------------
----------------------------------------
----------------------------------------

Life - generation  17 

\u001b[H
----------------------------------------
----------------------------------------
----------------------------------------
----------------------------------------
-------------------------O--------------
------------------------O-O-------------
------------------------O-O-------------
----------OO-------------O--------------
---------O--O---------------------------
----------OOO-------OO-------OO---------
----------OO---O---O--O-----O--O--------
----------------O---OO-------OO---------
------------O---O-----------------------
-------------OOOO--------O--------------
------------------------O-O-------------
------------------------O-O-------------
-------------------------O--------------
----------------------------------------
----------------------------------------
----------------------------------------

Life - generation  18 

\u001b[H
----------------------------------------
----------------------------------------
----------------------------------------
----------------------------------------
-------------------------O--------------
------------------------O-O-------------
------------------------O-O-------------
----------OO-------------O--------------
---------O--O---------------------------
---------O--O-------OO-------OO---------
----------O-O------O--O-----O--O--------
-----------O---OO---OO-------OO---------
-------------OO-OO----------------------
-------------OOOO--------O--------------
--------------OO--------O-O-------------
------------------------O-O-------------
-------------------------O--------------
----------------------------------------
----------------------------------------
----------------------------------------

Life - generation  19 

\u001b[H
----------------------------------------
----------------------------------------
----------------------------------------
----------------------------------------
-------------------------O--------------
------------------------O-O-------------
------------------------O-O-------------
----------OO-------------O--------------
---------O--O---------------------------
---------OO-OO------OO-------OO---------
----------O-O------O--O-----O--O--------
-----------OOOOOOO--OO-------OO---------
------------OO---O----------------------
-----------------O-------O--------------
-------------O--O-------O-O-------------
------------------------O-O-------------
-------------------------O--------------
----------------------------------------
----------------------------------------
----------------------------------------

Life - generation  20 

\u001b[H
----------------------------------------
----------------------------------------
----------------------------------------
----------------------------------------
-------------------------O--------------
------------------------O-O-------------
------------------------O-O-------------
----------OO-------------O--------------
---------O--OO--------------------------
---------OO-OO------OO-------OO---------
---------OO----OO--O--O-----O--O--------
--------------OOOOO-OO-------OO---------
-----------O---O-OO---------------------
------------OO--OO-------O--------------
------------------------O-O-------------
------------------------O-O-------------
-------------------------O--------------
----------------------------------------
----------------------------------------
----------------------------------------

Life - generation  21 

\u001b[H
----------------------------------------
----------------------------------------
----------------------------------------
----------------------------------------
-------------------------O--------------
------------------------O-O-------------
------------------------O-O-------------
----------OOO------------O--------------
---------O---O--------------------------
--------O---OOO-----OO-------OO---------
---------OOO-O----OO--O-----O--O--------
----------O---O-----OO-------OO---------
------------OO-----O--------------------
------------O---OOO------O--------------
------------------------O-O-------------
------------------------O-O-------------
-------------------------O--------------
----------------------------------------
----------------------------------------
----------------------------------------

Life - generation  22 

\u001b[H
----------------------------------------
----------------------------------------
----------------------------------------
----------------------------------------
-------------------------O--------------
------------------------O-O-------------
-----------O------------O-O-------------
----------OOO------------O--------------
---------OO---O-------------------------
--------O--O--O----OOO-------OO---------
---------OOO-------O--O-----O--O--------
---------OO---O---O-OO-------OO---------
-----------OOO---OOOO-------------------
------------OO---OO------O--------------
-----------------O------O-O-------------
------------------------O-O-------------
-------------------------O--------------
----------------------------------------
----------------------------------------
----------------------------------------

Life - generation  23 

\u001b[H
----------------------------------------
----------------------------------------
----------------------------------------
----------------------------------------
-------------------------O--------------
------------------------O-O-------------
----------OOO-----------O-O-------------
---------O--O------------O--------------
---------O--OO------O-------------------
--------O--O-------OOO-------OO---------
--------O--O------O---O-----O--O--------
---------O---O---O---O-------OO---------
----------OO--O-----OO------------------
-----------O-O--O--------O--------------
-----------------OO-----O-O-------------
------------------------O-O-------------
-------------------------O--------------
----------------------------------------
----------------------------------------
----------------------------------------

Life - generation  24 

\u001b[H
----------------------------------------
----------------------------------------
----------------------------------------
----------------------------------------
-------------------------O--------------
-----------O------------O-O-------------
----------OOO-----------O-O-------------
---------O---------------O--------------
--------OOOOOO-----OOO------------------
--------OOOO-------OOO-------OO---------
--------OOO-O-----OO--O-----O--O--------
---------O-OO-------OOO------OO---------
----------OO-OO-----OO------------------
----------OOO----O-------O--------------
-----------------O------O-O-------------
------------------------O-O-------------
-------------------------O--------------
----------------------------------------
----------------------------------------
----------------------------------------

Life - generation  25 

\u001b[H
----------------------------------------
----------------------------------------
----------------------------------------
----------------------------------------
-------------------------O--------------
----------OOO-----------O-O-------------
----------OOO-----------O-O-------------
--------O----O------O----O--------------
------------O------O-O------------------
-------O-----O--------O------OO---------
------------O-----O---O-----O--O--------
--------O-------------O------OO---------
---------O---O------O-O-----------------
----------O-OO-----------O--------------
-----------O------------O-O-------------
------------------------O-O-------------
-------------------------O--------------
----------------------------------------
----------------------------------------
----------------------------------------

Life - generation  26 

\u001b[H
----------------------------------------
----------------------------------------
----------------------------------------
----------------------------------------
-----------O-------------O--------------
----------O-O-----------O-O-------------
---------OO--O----------O-O-------------
-------------O------O----O--------------
------------OO------OO------------------
------------OO-------OO------OO---------
---------------------OOO----O--O--------
----------------------OO-----OO---------
---------O--OO-------O------------------
----------OOOO-----------O--------------
-----------OO-----------O-O-------------
------------------------O-O-------------
-------------------------O--------------
----------------------------------------
----------------------------------------
----------------------------------------

Life - generation  27 

\u001b[H
----------------------------------------
----------------------------------------
----------------------------------------
----------------------------------------
-----------O-------------O--------------
---------OO-O-----------O-O-------------
---------OOOOO----------O-O-------------
-------------OO-----OO---O--------------
--------------O-----O-O-----------------
------------OO---------O-----OO---------
----------------------------O--O--------
-----------------------O-----OO---------
----------O--O--------O-----------------
----------O--------------O--------------
----------O--O----------O-O-------------
------------------------O-O-------------
-------------------------O--------------
----------------------------------------
----------------------------------------
----------------------------------------

Life - generation  28 

\u001b[H
----------------------------------------
----------------------------------------
----------------------------------------
----------------------------------------
----------OO-------------O--------------
---------O---O----------O-O-------------
---------O----O---------O-O-------------
----------OO--O-----OO---O--------------
------------O-O-----O-O-----------------
-------------O---------------OO---------
----------------------------O--O--------
-----------------------------OO---------
----------------------------------------
---------OOO-------------O--------------
------------------------O-O-------------
------------------------O-O-------------
-------------------------O--------------
----------------------------------------
----------------------------------------
----------------------------------------

Life - generation  29 

\u001b[H
----------------------------------------
----------------------------------------
----------------------------------------
----------------------------------------
----------O--------------O--------------
---------O--------------O-O-------------
---------O---OO---------O-O-------------
----------OO--OO----OO---O--------------
-----------OO-O-----O-------------------
-------------O---------------OO---------
----------------------------O--O--------
-----------------------------OO---------
----------O-----------------------------
----------O--------------O--------------
----------O-------------O-O-------------
------------------------O-O-------------
-------------------------O--------------
----------------------------------------
----------------------------------------
----------------------------------------

Life - generation  30 

\u001b[H
----------------------------------------
----------------------------------------
----------------------------------------
----------------------------------------
-------------------------O--------------
---------OO-------------O-O-------------
---------O---OOO--------O-O-------------
----------OO---O----OO---O--------------
----------OOO-OO----OO------------------
------------OO---------------OO---------
----------------------------O--O--------
-----------------------------OO---------
----------------------------------------
---------OOO-------------O--------------
------------------------O-O-------------
------------------------O-O-------------
-------------------------O--------------
----------------------------------------
----------------------------------------
----------------------------------------

Life - generation  31 

\u001b[H
----------------------------------------
----------------------------------------
----------------------------------------
----------------------------------------
-------------------------O--------------
---------OO---O---------O-O-------------
---------O-O--OO--------O-O-------------
---------O------O---OO---O--------------
----------O---OO----OO------------------
------------OOO--------------OO---------
----------------------------O--O--------
-----------------------------OO---------
----------O-----------------------------
----------O--------------O--------------
----------O-------------O-O-------------
------------------------O-O-------------
-------------------------O--------------
----------------------------------------
----------------------------------------
----------------------------------------

Life - generation  32 

\u001b[H
----------------------------------------
----------------------------------------
----------------------------------------
----------------------------------------
-------------------------O--------------
---------OO---OO--------O-O-------------
--------OO----OO--------O-O-------------
---------O------O---OO---O--------------
--------------OO----OO------------------
-------------OOO-------------OO---------
-------------O--------------O--O--------
-----------------------------OO---------
----------------------------------------
---------OOO-------------O--------------
------------------------O-O-------------
------------------------O-O-------------
-------------------------O--------------
----------------------------------------
----------------------------------------
----------------------------------------

Life - generation  33 

\u001b[H
----------------------------------------
----------------------------------------
----------------------------------------
----------------------------------------
-------------------------O--------------
--------OOO---OO--------O-O-------------
--------O-----O-O-------O-O-------------
--------OO------O---OO---O--------------
-------------O--O---OO------------------
-------------O-O-------------OO---------
-------------O--------------O--O--------
-----------------------------OO---------
----------O-----------------------------
----------O--------------O--------------
----------O-------------O-O-------------
------------------------O-O-------------
-------------------------O--------------
----------------------------------------
----------------------------------------
----------------------------------------

Life - generation  34 

\u001b[H
----------------------------------------
----------------------------------------
----------------------------------------
----------------------------------------
---------O---------------O--------------
--------OO----OO--------O-O-------------
-------O--O---O-O-------O-O-------------
--------OO------OO--OO---O--------------
--------------OOO---OO------------------
------------OO---------------OO---------
--------------O-------------O--O--------
-----------------------------OO---------
----------------------------------------
---------OOO-------------O--------------
------------------------O-O-------------
------------------------O-O-------------
-------------------------O--------------
----------------------------------------
----------------------------------------
----------------------------------------

Life - generation  35 

\u001b[H
----------------------------------------
----------------------------------------
----------------------------------------
----------------------------------------
--------OO---------------O--------------
--------OOO---OO--------O-O-------------
-------O--O---O-OO------O-O-------------
--------OO----O--O--OO---O--------------
-------------OOOOO--OO------------------
-------------O---------------OO---------
-------------O--------------O--O--------
-----------------------------OO---------
----------O-----------------------------
----------O--------------O--------------
----------O-------------O-O-------------
------------------------O-O-------------
-------------------------O--------------
----------------------------------------
----------------------------------------
----------------------------------------

Life - generation  36 

\u001b[H
----------------------------------------
----------------------------------------
----------------------------------------
----------------------------------------
--------O-O--------------O--------------
-------O--O---OOO-------O-O-------------
-------O--O--OO-OO------O-O-------------
--------OO--------O-OO---O--------------
-------------O-OOO--OO------------------
------------OO-OO------------OO---------
----------------------------O--O--------
-----------------------------OO---------
----------------------------------------
---------OOO-------------O--------------
------------------------O-O-------------
------------------------O-O-------------
-------------------------O--------------
----------------------------------------
----------------------------------------
----------------------------------------

Life - generation  37 

\u001b[H
----------------------------------------
----------------------------------------
----------------------------------------
----------------------------------------
---------O-----O---------O--------------
-------OO-OO-OO-OO------O-O-------------
-------O--O--OO-OO------O-O-------------
--------OO---O----OOOO---O--------------
------------OO-O-O-OOO------------------
------------OO-O-O-----------OO---------
----------------------------O--O--------
-----------------------------OO---------
----------O-----------------------------
----------O--------------O--------------
----------O-------------O-O-------------
------------------------O-O-------------
-------------------------O--------------
----------------------------------------
----------------------------------------
----------------------------------------

Life - generation  38 

\u001b[H
----------------------------------------
----------------------------------------
----------------------------------------
----------------------------------------
--------OOO---OOO--------O--------------
-------OO-OOOO---O------O-O-------------
-------O--OO----O--OO---O-O-------------
--------OO-----O-----O---O--------------
-----------------O---O------------------
------------OO----O-O--------OO---------
----------------------------O--O--------
-----------------------------OO---------
----------------------------------------
---------OOO-------------O--------------
------------------------O-O-------------
------------------------O-O-------------
-------------------------O--------------
----------------------------------------
----------------------------------------
----------------------------------------

Life - generation  39 

\u001b[H
----------------------------------------
----------------------------------------
----------------------------------------
---------O-----O------------------------
-------OO-O-OOOOO--------O--------------
-------O----OOO--O------O-O-------------
-------O--------O---O---O-O-------------
--------OOO-----O----O---O--------------
--------------------OO------------------
-----------------------------OO---------
----------------------------O--O--------
-----------------------------OO---------
----------O-----------------------------
----------O--------------O--------------
----------O-------------O-O-------------
------------------------O-O-------------
-------------------------O--------------
----------------------------------------
----------------------------------------
----------------------------------------

Life - generation  40 

\u001b[H
----------------------------------------
----------------------------------------
----------------------------------------
--------OO---O-OO-----------------------
-------OOO-OO---O--------O--------------
------OO---OO----O------O-O-------------
-------O-O---O-OOO------O-O-------------
--------OO-----------O---O--------------
---------O----------OO------------------
-----------------------------OO---------
----------------------------O--O--------
-----------------------------OO---------
----------------------------------------
---------OOO-------------O--------------
------------------------O-O-------------
------------------------O-O-------------
-------------------------O--------------
----------------------------------------
----------------------------------------
----------------------------------------

Life - generation  41 

\u001b[H
----------------------------------------
----------------------------------------
----------------------------------------
-------O-OO-O--OO-----------------------
------O--O-O-O-OOO-------O--------------
------O--O-O-O-O-O------O-O-------------
------OO-OO-O---OO------O-O-------------
---------OO-----O---OO---O--------------
--------OO----------OO------------------
-----------------------------OO---------
----------------------------O--O--------
-----------------------------OO---------
----------O-----------------------------
----------O--------------O--------------
----------O-------------O-O-------------
------------------------O-O-------------
-------------------------O--------------
----------------------------------------
----------------------------------------
----------------------------------------

Life - generation  42 

\u001b[H
----------------------------------------
----------------------------------------
----------------------------------------
--------OOOOO-OO-O----------------------
------OO-O-O-O---O-------O--------------
-----OO--O-O-O-O--O-----O-O-------------
------OO----O--O-O------O-O-------------
-------O---O----OO--OO---O--------------
--------OOO---------OO------------------
-----------------------------OO---------
----------------------------O--O--------
-----------------------------OO---------
----------------------------------------
---------OOO-------------O--------------
------------------------O-O-------------
------------------------O-O-------------
-------------------------O--------------
----------------------------------------
----------------------------------------
----------------------------------------

Life - generation  43 

\u001b[H
----------------------------------------
----------------------------------------
---------OOO----------------------------
-------OOO-OOOO-O-----------------------
-----OOO-----O-O-OO------O--------------
-----O-----O-O---OO-----O-O-------------
-----O-OO-OOO-OO-OO-----O-O-------------
------OO-OOO----OO--OO---O--------------
--------OOO---------OO------------------
---------O-------------------OO---------
----------------------------O--O--------
-----------------------------OO---------
----------O-----------------------------
----------O--------------O--------------
----------O-------------O-O-------------
------------------------O-O-------------
-------------------------O--------------
----------------------------------------
----------------------------------------
----------------------------------------

Life - generation  44 

\u001b[H
----------------------------------------
----------O-----------------------------
---------O-O-O--------------------------
-------O-O-O-OOOOO----------------------
-----O-O--OO---O--O------O--------------
----OO--O-OO-O-O---O----O-O-------------
-----O-OO----OOO---O----O-O-------------
------O-----O--OOOOOOO---O--------------
-------O---O--------OO------------------
--------OOO------------------OO---------
----------------------------O--O--------
-----------------------------OO---------
----------------------------------------
---------OOO-------------O--------------
------------------------O-O-------------
------------------------O-O-------------
-------------------------O--------------
----------------------------------------
----------------------------------------
----------------------------------------

Life - generation  45 

\u001b[H
----------------------------------------
----------O-----------------------------
--------OO-O-O-OO-----------------------
------O--O-O-O-OOO----------------------
----OO-O-----O---OO------O--------------
----OO--O-OO-O-OO-OO----O-O-------------
----OO-OOO-O-O---O------O-O-------------
------O-O---OO-OOOO--O---O--------------
-------OOOOO----OOO--O------------------
--------OOO------------------OO---------
---------O------------------O--O--------
-----------------------------OO---------
----------O-----------------------------
----------O--------------O--------------
----------O-------------O-O-------------
------------------------O-O-------------
-------------------------O--------------
----------------------------------------
----------------------------------------
----------------------------------------

Life - generation  46 

\u001b[H
----------------------------------------
---------OO-----------------------------
--------OO-O---O-O----------------------
-----OOO-O---O-O--O---------------------
----O--OOO-O-O-----O-----O--------------
---O------OO-O--O--O----O-O-------------
----O------O-O-----O----O-O-------------
-----OO------OOO---------O--------------
-----------OO--O--O---------------------
-------O---O-----O-----------OO---------
--------OOO-----------------O--O--------
-----------------------------OO---------
----------------------------------------
---------OOO-------------O--------------
------------------------O-O-------------
------------------------O-O-------------
-------------------------O--------------
----------------------------------------
----------------------------------------
----------------------------------------

Life - generation  47 

\u001b[H
----------------------------------------
--------OOO-----------------------------
------OO------O-O-----------------------
-----OO---------O-O---------------------
----OO-O-O-O-O----OO-----O--------------
---OO---OO-O-OO---OOO---O-O-------------
----OO----OO-O-O--------O-O-------------
-----O-----O-O-O---------O--------------
------O----OOO-OO-----------------------
--------OO-OO----------------OO---------
--------OOO-----------------O--O--------
---------O-------------------OO---------
----------O-----------------------------
----------O--------------O--------------
----------O-------------O-O-------------
------------------------O-O-------------
-------------------------O--------------
----------------------------------------
----------------------------------------
----------------------------------------

Life - generation  48 

\u001b[H
---------O------------------------------
-------OOO------------------------------
-----OOOOO-----O-O----------------------
----O---O------O--OO--------------------
---O---O-O---OO-----O----O--------------
---O--O-OO-O-O----O-O---O-O-------------
---O-O---O-O-O-O---O----O-O-------------
----OOO------O-O---------O--------------
-------------O-OO-----------------------
-------OO----O---------------OO---------
-----------O----------------O--O--------
--------O--------------------OO---------
---------OO-----------------------------
---------OOO-------------O--------------
------------------------O-O-------------
------------------------O-O-------------
-------------------------O--------------
----------------------------------------
----------------------------------------
----------------------------------------

Life - generation  49 

\u001b[H
---------O------------------------------
----------O-----------------------------
-----OO---------O-O---------------------
----OO---------OO-OO--------------------
---OO--O-OO-OOO---O-O----O--------------
--OO--OO-O---O------O---O-O-------------
---O---OOO---O-----O----O-O-------------
----OOO------O-O---------O--------------
-----OOO----OO-OO-----------------------
------------O-O--------------OO---------
-------OO-------------------O--O--------
---------OO------------------OO---------
--------O--O----------------------------
---------O-O-------------O--------------
----------O-------------O-O-------------
------------------------O-O-------------
-------------------------O--------------
----------------------------------------
----------------------------------------
----------------------------------------

Life - generation  50 

\u001b[H
----------------------------------------
----------------------------------------
----OOO--------OO-OO--------------------
---O---------OOOO-O---------------------
--O----O-OO-OOOO-OO-O----O--------------
--O---O-------------O---O-O-------------
--OO-----O--OO----------O-O-------------
----O--------O-OO--------O--------------
----O--O----O--OO-----------------------
--------O---O-OO-------------OO---------
--------OO------------------O--O--------
-------O-OO------------------OO---------
--------O--O----------------------------
---------O-O-------------O--------------
----------O-------------O-O-------------
------------------------O-O-------------
-------------------------O--------------
----------------------------------------
----------------------------------------
----------------------------------------

Life - generation  51 

\u001b[H
----------------------------------------
-----O----------------------------------
----OO----------O-OO--------------------
---OOOO-----O---------------------------
--OO--------O----OO------O--------------
-OO-----OOOO-------O----O-O-------------
--OO--------OOO---------O-O-------------
----O--------O-OO--------O--------------
------------O---------------------------
-------OOO---OOOO------------OO---------
-------O--O-----------------O--O--------
-------O--O------------------OO---------
--------O--O----------------------------
---------O-O-------------O--------------
----------O-------------O-O-------------
------------------------O-O-------------
-------------------------O--------------
----------------------------------------
----------------------------------------
----------------------------------------

Life - generation  52 

\u001b[H
----------------------------------------
----OO----------------------------------
---O------------------------------------
--O---O------------O--------------------
-O---O---OO-O-----O------O--------------
-O-------OOO------O-----O-O-------------
-OOO-----OOOOOOO--------O-O-------------
---O-----------O---------O--------------
--------O---O---------------------------
-------OOO---OOO-------------OO---------
------OO--O---OO------------O--O--------
-------OOOOO-----------------OO---------
--------OO-O----------------------------
---------O-O-------------O--------------
----------O-------------O-O-------------
------------------------O-O-------------
-------------------------O--------------
----------------------------------------
----------------------------------------
----------------------------------------

Life - generation  53 

\u001b[H
----------------------------------------
----O-----------------------------------
---OOO----------------------------------
--O-------------------------------------
-OO------O--------OO-----O--------------
OO------O-----O---------O-O-------------
-O-O-----O--OOOO--------O-O-------------
---O-----OO----O---------O--------------
-------OOO---O-O------------------------
------O--O---O-O-------------OO---------
------O----O-O-O------------O--O--------
------O----O-----------------OO---------
-------O---OO---------------------------
--------OO-O-------------O--------------
----------O-------------O-O-------------
------------------------O-O-------------
-------------------------O--------------
----------------------------------------
----------------------------------------
----------------------------------------

Life - generation  54 

\u001b[H
----------------------------------------
---OOO----------------------------------
---OOO----------------------------------
-OO-O-----------------------------------
O-O----------------------O--------------
O-------OO----OO--------O-O-------------
OO------OOO--O-O--------O-O-------------
--O-------O-O--OO--------O--------------
-------O-------OO-----------------------
------O--OO--O-OO------------OO---------
-----OOO--O-----------------O--O--------
------OO--OO-----------------OO---------
-------OO--OO---------------------------
--------OO-OO------------O--------------
---------OO-------------O-O-------------
------------------------O-O-------------
-------------------------O--------------
----------------------------------------
----------------------------------------
----------------------------------------

Life - generation  55 

\u001b[H
----O-----------------------------------
---O-O----------------------------------
----------------------------------------
-OO-OO----------------------------------
O-OO---------------------O--------------
O-------O-O---OO--------O-O------------O
OO------O-OO-O----------O-O-------------
-O------O-OO-------------O--------------
---------OOO-----O----------------------
-----O--OOO---OOO------------OO---------
-----O--O-------------------O--O--------
-----O---OO-O----------------OO---------
------O---------------------------------
-------O----O------------O--------------
--------OOOO------------O-O-------------
------------------------O-O-------------
-------------------------O--------------
----------------------------------------
----------------------------------------
----------------------------------------

Life - generation  56 

\u001b[H
----O-----------------------------------
----O-----------------------------------
--OO-O----------------------------------
-OO-O-----------------------------------
O-OOO--------------------O-------------O
--O-------OO--O---------O-O------------O
-O-----OO---O-O---------O-O------------O
OO------O----------------O--------------
---------------OO-----------------------
--------O--O---OO------------OO---------
----OOO-O--O---O------------O--O--------
-----OO--O-------------------OO---------
------O----O----------------------------
-------OOOOO-------------O--------------
--------OOOO------------O-O-------------
---------OO-------------O-O-------------
-------------------------O--------------
----------------------------------------
----------------------------------------
----------------------------------------

Life - generation  57 

\u001b[H
----------------------------------------
----OO----------------------------------
-OO--O----------------------------------
O----O----------------------------------
O---O--------------------O-------------O
--O--------O-O----------O-O-----------OO
-OO----OOO-O-O----------O-O------------O
OO-----OO------O---------O--------------
---------------OO-----------------------
-----O-O------O--------------OO---------
----O-O-OOO----OO-----------O--O--------
----O-----O------------------OO---------
-----OO----O----------------------------
-------O----O------------O--------------
-------O----------------O-O-------------
--------O--O------------O-O-------------
-------------------------O--------------
----------------------------------------
----------------------------------------
----------------------------------------

Life - generation  58 

\u001b[H
----------------------------------------
----OO----------------------------------
-O---OO---------------------------------
O---OO---------------------------------O
OO-----------------------O------------O-
--OO----O-O-------------O-O-----------O-
--O----O-OO---O---------O-O-----------OO
OOO----O-O----OOO--------O--------------
------OOO-----OOO-----------------------
-----OOOOO----O--------------OO---------
----O-OOOOO----O------------O--O--------
----O-OO--OO-----------------OO---------
-----OO----O----------------------------
-------O-----------------O--------------
-------OO---------------O-O-------------
------------------------O-O-------------
-------------------------O--------------
----------------------------------------
----------------------------------------
----------------------------------------

Life - generation  59 

\u001b[H
----------------------------------------
----OOO---------------------------------
O-----O---------------------------------
----OOO--------------------------------O
OOOOO--------------------O------------O-
O-OO----O-O-------------O-O----------OO-
O------O--O---O---------O-O-----------OO
OOO------OO--O--O--------O-------------O
-O---O-------O--O-----------------------
----------O---O-O------------OO---------
----O------O----------------O--O--------
----O------O-----------------OO---------
-----O----OO----------------------------
-------OO----------------O--------------
-------OO---------------O-O-------------
------------------------O-O-------------
-------------------------O--------------
----------------------------------------
----------------------------------------
----------------------------------------

Life - generation  60 

\u001b[H
-----O----------------------------------
-----OO---------------------------------
-------O--------------------------------
--O-O-O--------------------------------O
O------------------------O-----------OO-
----O----O--------------O-O----------O--
---O----O-OO------------O-O----------O--
--O------OO--OOO---------O------------O-
-OO------OO--OO-OO----------------------
---------------O-------------OO---------
----------OO----------------O--O--------
----OO-----OO----------------OO---------
----------OO----------------------------
------OOOO---------------O--------------
-------OO---------------O-O-------------
------------------------O-O-------------
-------------------------O--------------
----------------------------------------
----------------------------------------
----------------------------------------

Life - generation  61 

\u001b[H
-----OO---------------------------------
-----OO---------------------------------
-------O--------------------------------
--------------------------------------OO
---O-O-------------------O-----------OOO
---------OO-------------O-O---------OO--
---O----O--O--O---------O-O----------OO-
-OOO----O---OO-OO--------O--------------
-OO------OO--O--O-----------------------
---------O-O--OOO------------OO---------
----------OOO---------------O--O--------
------------O----------------OO---------
-----OOOOOOOO---------------------------
------O--OO--------------O--------------
------O--O--------------O-O-------------
------------------------O-O-------------
-------------------------O--------------
----------------------------------------
----------------------------------------
----------------------------------------

Life - generation  62 

\u001b[H
-----OO---------------------------------
-----O-O--------------------------------
------O---------------------------------
-------------------------------------O-O
-------------------------O----------O--O
----O----OO-------------O-O---------O--O
---O----O-OOOOOO--------O-O---------OOO-
-O-O----O-OOOO-OO--------O--------------
-O-O----OOOO-O---O----------------------
---------O---OOOO------------OO---------
----------O-OO-O------------O--O--------
------OOO----O---------------OO---------
-----OOOO---O---------------------------
-------------------------O--------------
---------OO-------------O-O-------------
------------------------O-O-------------
-------------------------O--------------
----------------------------------------
----------------------------------------
----------------------------------------

Life - generation  63 

\u001b[H
-----OO---------------------------------
-----O-O--------------------------------
------O---------------------------------
--------------------------------------O-
O------------------------O----------OO-O
---------OO-OOO---------O-O--------OO--O
--OOO---O------OO-------O-O---------OOO-
---OO--OO------OO--------O-----------O--
--------O--------O----------------------
--------O------OO------------OO---------
-------OOO--O--OO-----------O--O--------
-----O--OO-O-OO--------------OO---------
-----O--O-------------------------------
------OOOO---------------O--------------
------------------------O-O-------------
------------------------O-O-------------
-------------------------O--------------
----------------------------------------
----------------------------------------
----------------------------------------

Life - generation  64 

\u001b[H
-----OO---------------------------------
-----O-O--------------------------------
------O---------------------------------
-------------------------------------OOO
O------------O-----------O---------OOO-O
O--O-----O---OOO--------O-O--------O---O
--O-O--OO----O--O-------O-O--------O--O-
--O-O--OOO-----O-O-------O----------OOO-
--------OO-------O----------------------
---------------O-O-----------OO---------
-------O--O-OO--O-----------O--O--------
------O---O-OOOO-------------OO---------
-----O----O-----------------------------
------OOOO---------------O--------------
-------OO---------------O-O-------------
------------------------O-O-------------
-------------------------O--------------
----------------------------------------
----------------------------------------
----------------------------------------

Life - generation  65 

\u001b[H
-----OO---------------------------------
-----O-O--------------------------------
------O-------------------------------O-
O------------------------------------O-O
-------------O-----------O---------O-O--
OO-O----O---OO-O--------O-O-------OO-O--
-OO-O--O-----O--O-------O-O--------O--O-
-----------------O-------O----------OOO-
-------O-O-------OO------------------O--
--------OO-------O-----------OO---------
------------O---O-----------O--O--------
------O--OO-O-OO-------------OO---------
-----O--O-OO-OO-------------------------
------O--O---------------O--------------
------O--O--------------O-O-------------
------------------------O-O-------------
-------------------------O--------------
----------------------------------------
----------------------------------------
----------------------------------------

Life - generation  66 

\u001b[H
-----OO---------------------------------
-----O-O--------------------------------
------O-------------------------------OO
------------------------------------OO-O
-O----------OOO----------O--------OO-O-O
OO-O--------OO----------O-O-------OO-OO-
OOOO--------OOO-O-------O-O-------OO--OO
--------O-------OOO------O----------O-O-
---------O------OOO-----------------OOO-
--------OO------OOO----------OO---------
--------O-OO-O-OO-----------O--O--------
---------OO-O-OO-------------OO---------
-----OOOO--OOOOO------------------------
-----OOOOO---------------O--------------
------------------------O-O-------------
------------------------O-O-------------
-------------------------O--------------
----------------------------------------
----------------------------------------
----------------------------------------

Life - generation  67 

\u001b[H
-----OO---------------------------------
-----O-O--------------------------------
------O------------------------------OOO
-------------O---------------------OOO-O
-OO---------O-O----------O--------O----O
---O-------O---O--------O-O------O---O--
---O--------O-OOO-------O-O-------O-----
OOO----------O----O------O----------O---
---------O-----O---O----------------O-O-
--------O---------O----------OO------O--
--------O--OOO--------------O--O--------
------O----------------------OO---------
-----O-----OO--O------------------------
-----O---O--OOO----------O--------------
------OOO---------------O-O-------------
------------------------O-O-------------
-------------------------O--------------
----------------------------------------
----------------------------------------
----------------------------------------

Life - generation  68 

\u001b[H
-----OO---------------------------------
-----O-O------------------------------O-
------O------------------------------O-O
-------------O---------------------OOO-O
O-O---------OOO----------O--------OO-O--
---O-------OO---O-------O-O------OO-----
-O-O--------OOOOO-------O-O-------------
-OO----------O--O--------O---------O-O--
-O----------------OO----------------O---
--------OO--O----------------OO------O--
-------O----O---------------O--O--------
-------------O---------------OO---------
-----OO----OO-O-------------------------
-----O-OO--OOOO----------O--------------
------OOO----O----------O-O-------------
-------O----------------O-O-------------
-------------------------O--------------
----------------------------------------
----------------------------------------
----------------------------------------

Life - generation  69 

\u001b[H
-----OO---------------------------------
-----O-O------------------------------O-
------O------------------------------O-O
O-----------OOO-------------------OO-O-O
-----------O--O----------O-------O---OO-
-O-O-------O----O-------O-O------OOO----
-O-O-------O--O-OO------O-O-------O-----
OO----------OO--OO-------O----------O---
-OO---------------------------------OO--
--------O--------------------OO---------
--------O---OO--------------O--O--------
------O----O-O---------------OO---------
-----OOO---O--O-------------------------
-----O--O--O--O----------O--------------
-------------OO---------O-O-------------
------OOO---------------O-O-------------
-------------------------O--------------
----------------------------------------
----------------------------------------
----------------------------------------

Life - generation  70 

\u001b[H
-----OO---------------------------------
-----O-O------------------------------O-
O-----O------O----------------------OO-O
O-----------OOO-------------------O--O-O
O----------O--OO---------O-------O---OOO
----------OOO---OO------O-O------O-O----
-O---------O-O----------O-O------OO-----
O-----------OO-OOO-------O---------OOO--
OOO---------------------------------OO--
-----------------------------OO---------
-------O----OO--------------O--O--------
-----OO----O-OO--------------OO---------
-----O-O--OO-OO-------------------------
-----O-O----O-OO---------O--------------
------O-O----OO---------O-O-------------
-------O----------------O-O-------------
-------O-----------------O--------------
----------------------------------------
----------------------------------------
----------------------------------------

Life - generation  71 

\u001b[H
-----OO---------------------------------
-----O-O-----------------------------OOO
O-----O-----OOO---------------------OO--
-O----------O--O------------------------
O---------O---OOO--------O-------O--OO--
O---------O--OOOO-------O-O-----OO----OO
----------O--OOO--------O-O------O------
O-O---------OOO-O--------O--------OO-O--
OO--------------O------------------O-O--
-O---------------------------OO---------
------O-----OOO-------------O--O--------
-----O-O--OO-----------------OO---------
----OO-O--OO----------------------------
-----O-OO--OO--O---------O--------------
------O-O----OOO--------O-O-------------
------OOO---------------O-O-------------
-------------------------O--------------
----------------------------------------
----------------------------------------
----------------------------------------

Life - generation  72 

\u001b[H
-----OO-------------------------------O-
-----O-O-----O----------------------OOOO
O-----O-----OOO---------------------OO-O
OO---------OO---O-----------------------
OO---------O-------------O------OO---OO-
O--------OOO------------O-O-----OOO--OOO
OO---------O------------O-O-----OO----O-
O-----------O---O--------O--------OO----
O-O----------O-O------------------OO----
OO-----------O---------------OO---------
------O----OOO--------------O--O--------
----OO-O--O--O---------------OO---------
----OO-O-O------------------------------
----OO--OOOOOO-O---------O--------------
-----O---O--OOOO--------O-O-------------
------O-O-----O---------O-O-------------
-------O-----------------O--------------
----------------------------------------
----------------------------------------
----------------------------------------

Life - generation  73 

\u001b[H
-----OO-------------------------------OO
O----O-O----OOO---------------------O---
-O----O----O--O---------------------O---
-----------O------------------------O---
-------------------------O------O-O--O--
-----------OO-----------O-O----O--O-----
-O---------OO-----------O-O-----O--O-OO-
O-----------O------------O---------O----
O-----------OOO-------------------OO---O
OO-----------O---------------OO---------
-----OO----O-OO-------------O--O--------
----O--OO-OO-O---------------OO---------
---O---O-----OO-------------------------
-----------O---O---------O--------------
----OOOO-------O--------O-O-------------
------OOO-----OO--------O-O-------------
-------O-----------------O--------------
----------------------------------------
----------------------------------------
----------------------------------------

Life - generation  74 

\u001b[H
-----OO------O-------------------------O
O----O-O----OOO----------------------O-O
------O----O--O--------------------OOO--
-----------------------------------OOO--
-----------OO------------O-------O-O----
-----------OO-----------O-O----OO-OOOOO-
-------------O----------O-O-------OOO---
OO-----------------------O---------O--O-
------------O-O-------------------OO---O
OO---------------------------OO--------O
-----OOO--OO-OO-------------O--O--------
----OO-OO-OO-----------------OO---------
-------OO-OO-OO-------------------------
----OO-O-------O---------O--------------
-----O--O------OO-------O-O-------------
--------O-----OO--------O-O-------------
------OOO----------------O--------------
----------------------------------------
----------------------------------------
----------------------------------------

Life - generation  75 

\u001b[H
O----OO-----OOO-----------------------OO
O----O-O----O-O----------------------O-O
------O-----O-O--------------------O----
-----------OO------------------------O--
-----------OO------------O------OO----O-
-----------O-O----------O-O-----O----O--
------------O-----------O-O------O----OO
O------------O-----------O-------------O
----------------------------------OO--O-
O-----O----OO-O--------------OO--------O
O---OO-OOOOOO---------------O--O--------
----OO-----------------------OO---------
----------OOO-O-------------------------
----OO-O-O-----OO--------O--------------
----OOOOO-------O-------O-O-------------
------O-OO----OOO-------O-O-------------
-------OO----------------O--------------
-------O--------------------------------
----------------------------------------
----------------------------------------

Life - generation  76 

\u001b[H
O----OO-----O-O-----------------------O-
O----O-O---OO-OO------------------------
------O-----O-----------------------O-O-
----------------------------------------
----------O--O-----------O------OO---OO-
-----------O-O----------O-O-----O----O-O
O-----------OO----------O-O-----------OO
O------------------------O--------O-----
------------OO------------------------O-
O----OOOOO--OO---------------OO--------O
O---O--OOOO-OO--------------O--O-------O
----OOO-O----O---------------OO---------
------O---OO---O------------------------
----O--O-OOO---OO--------O--------------
----O---------O--O------O-O-------------
---------O-----OO-------O-O-------------
------O--O-----O---------O--------------
-------OO-------------------------------
----------------------------------------
-------------O-------------------------O

Life - generation  77 

\u001b[H
O----OO----OO-OO------------------------
-----O-O---OO-OO---------------------O--
------O----OOO--------------------------
--------------------------------------O-
------------O------------O------OO---OO-
O----------O-OO---------O-O-----OO---O--
O-----------OO----------O-O-----------O-
O------------------------O------------O-
O-----OOO---OO--------------------------
O----OO---O---O--------------OO-------O-
O---O-----OO--O-------------O--O-------O
----O-O-O----OO--------------OO---------
----O-O-O--OO-OOO-----------------------
-----O---O-O--OOO--------O--------------
--------OO----O--O------O-O-------------
--------------OOO-------O-O-------------
-------O-O-----OO--------O--------------
-------OO-------------------------------
----------------------------------------
-------------O-------------------------O

Life - generation  78 

\u001b[H
-----OO----O---O------------------------
-----O-O--O----O------------------------
------O----O-OO-------------------------
-----------O-O-----------------------OO-
------------OO-----------O------OO---OOO
-----------O--O---------O-O-----OO---O--
OO----------OOO---------O-O----------OO-
OO-----O-----------------O--------------
OO---OOO-----O--------------------------
OO---OO--OO-O-O--------------OO---------
O---O-OO-OOO--OO------------O--O-------O
---OO----OO------------------OO---------
----O-O-OOOOO---O-----------------------
-----O-O-O-OO----O-------O--------------
--------OOO--O---O------O-O-------------
---------O----O--O------O-O-------------
-------O------O-O--------O--------------
-------OO-------------------------------
----------------------------------------
------------OOO-------------------------

Life - generation  79 

\u001b[H
-----OO----OOO-O------------------------
-----O-O--OOO--O------------------------
------O---OO-OO-------------------------
-----------O-------------------------O-O
-----------O-OO----------O------OO--O--O
O----------O--O---------O-O-----OO--O---
OO----------OOO---------O-O----------OOO
--O----O----O-O----------O--------------
--O--O-OO----O-------------------------O
----O----O--O-OO-------------OO---------
OO-OO-OO-----OOO------------O--O-------O
---OO-O-----O--O-------------OO---------
---OO-OO----O---------------------------
-----OOO-----O--OO-------O--------------
-----------OOO--OOO-----O-O-------------
---------OO--OOOOO------O-O-------------
-------O-------O---------O--------------
-------OO-------------------------------
-------------O--------------------------
------------OOO-------------------------

Life - generation  80 

\u001b[H
-----OO---O----O------------------------
-----O-O-------O------------------------
------O------OO-------------------------
-----------O--------------------------O-
O---------OO-OO----------O------OO--OOOO
-O---------O---O--------O-O-----OO--O---
OO---------OO-OO--------O-O----------OOO
--O---OOO---O-O----------O--------------
---O--OOO---O--O------------------------
-OO-O-------O--O-------------OO--------O
O-O---OO----O---O-----------O--O--------
O-----------O--O-------------OO---------
---O--------OO--O-----------------------
----OO-O---O-O--O-O------O--------------
------O---OO------O-----O-O-------------
----------OO-O----O-----O-O-------------
-------O-O-----O---------O--------------
-------OO-------------------------------
------------OOO-------------------------
-----------O----------------------------

Life - generation  81 

\u001b[H
-----OO---------------------------------
-----O-O-------O------------------------
------O-------O-------------------------
----------OO--------------------------O-
O---------OO--O----------O------OO--O-OO
-O-------------O--------O-O-----OO--O---
OOO----O---OO-OO--------O-O----------OOO
OOO---O-O---O-O----------O------------OO
-O-O-OO-O--OO-OO------------------------
OOO--O--O--OOO-OO------------OO---------
O-OO-------OOO-OO-----------O--O-------O
-O---------OO--OO------------OO---------
----O------O-OOOOO----------------------
----OOO---OO-O-----------O--------------
-----OO-----------OO----O-O-------------
---------O-OO-----------O-O-------------
-------O-OO--------------O--------------
-------OO----OO-------------------------
------------OO--------------------------
-----------OOOO-------------------------

Life - generation  82 

\u001b[H
-----OO-----OOO-------------------------
-----O-O--------------------------------
------O---------------------------------
----------OO-------------------------OO-
O---------OO-------------O------OO----OO
--O-------O-OO-O--------O-O-----OO--O---
-------O---OO-OO--------O-O----------O--
---O-OO-O----------------O-----------O--
---OOOO-OO------O-----------------------
-----OOO--O------------------OO--------O
---O------O------O----------O--O-------O
OOOO------O------------------OO---------
----O--------O---O----------------------
----O-O---OO-O-OOOO------O--------------
----O-O-----------------O-O-------------
------O-OO-O------------O-O-------------
-------O-OOOOO-----------O--------------
-------OOO--OOO-------------------------
-----------O----------------------------
-----------O--O-------------------------

Life - generation  83 

\u001b[H
-----OO-----OOO-------------------------
-----O-O-----O--------------------------
------O---------------------------------
----------OO-------------------------OO-
---------O---------------O------OO----OO
----------O--O-O--------O-O-----OO---OOO
------OO---OO-OO--------O-O---------OO--
---O----OO-----O---------O--------------
---O----OO------------------------------
---O---OO-O------------------OO---------
-O-OO-O--OOO----------------O--O-------O
OOOOO------------------------OO---------
-OO-OO----OOO-O--OO---------------------
---OO-------O-O-OOO------O--------------
------O--O-OO---OO------O-O-------------
-----OO-OO-O------------O-O-------------
------O-------O----------O--------------
-------O-O----O-------------------------
--------O-OO--O-------------------------
-----------O--O-------------------------

Life - generation  84 

\u001b[H
-----OO-----O-O-------------------------
-----O-O----OOO-------------------------
------O---------------------------------
----------O--------------------------OOO
---------O-O-------------O------OO------
----------OOOO-O--------O-O-----OO--O--O
-------OOOOOOO-OO-------O-O---------OO--
---------OO---OO---------O--------------
--OOO-----O-----------------------------
---O---O---O-----------------OO---------
-O---O-OOOOO----------------O--O--------
---------O--O----------------OO---------
O----O-----OO--OO-O---------------------
--OOO--------------------O--------------
----O-OOOO-OOO-OO-O-----O-O-------------
-----OO-OO-OO-----------O-O-------------
-----OO--OO--------------O--------------
-------OOOO--OOO------------------------
--------OOOO-OOO------------------------
----------OO--OO------------------------

Life - generation  85 

\u001b[H
-----OO-----O---------------------------
-----O-O----O-O-------------------------
------O------O------------------------O-
----------O---------------------------O-
---------O---------------O------OO---O-O
-------------O-OO-------O-O-----OO--OO--
--------O-------O-------O-O---------OO--
---O--------OOOOO--------O--------------
--OOO----OOO----------------------------
---O--OO---O-----------------OO---------
------OO-O-OO---------------O--O--------
------O--O--O----------------OO---------
---OO------OO---------------------------
---OO-OOO-O--OO----------O--------------
----O-O--O-O-O----------O-O-------------
----O--------O----------O-O-------------
-----O------OOO----------O--------------
------OO----OO-O------------------------
-------O--------O-----------------------
----------------------------------------

Life - generation  86 

\u001b[H
-----OO------O--------------------------
-----O-O----O---------------------------
------O------O--------------------------
-------------------------------------OOO
-------------------------O------OO--OO--
---------------OO-------O-O-----OO------
------------O----O------O-O---------OO--
--OOO----OOOOOOOO--------O--------------
--O-O-----OO-OOO------------------------
--OOOOOO-O-------------------OO---------
-----O-----OO---------------O--O--------
-----OOOO----O---------------OO---------
---OO-O-OOOOO---------------------------
------OOOOO--OO----------O--------------
----O-O-OOO--O----------O-O-------------
----O-------------------O-O-------------
-----OO------------------O--------------
------OO----O--O------------------------
------OO--------------------------------
------O---------------------------------

Life - generation  87 

\u001b[H
-----O-O--------------------------------
-----O-O----OO--------------------------
------O-------------------------------O-
------------------------------------OOO-
-------------------------O------OO--OO--
----------------O-------O-O-----OO------
---O------O-O----O------O-O-------------
--O-O----O------O--------O--------------
-O----O-O-------O-----------------------
--O---O------OO--------------OO---------
---O--------O---------------O--O--------
--------O----O---------------OO---------
----O------OO-O-------------------------
---OO-O------OO----------O--------------
------O---O--OO---------O-O-------------
----O-OO-O--------------O-O-------------
-----OOO-----------------O--------------
----------------------------------------
-----O----------------------------------
----------------------------------------

Life - generation  88 

\u001b[H
----------------------------------------
-----O-O--------------------------------
------O-------------------------------O-
------------------------------------O-O-
-------------------------O------OO--O-O-
------------------------O-O-----OO------
---O------------OO------O-O-------------
--OO-----O------OO-------O--------------
-OOO-O-O-------O------------------------
--O----O-----O---------------OO---------
------------O-O-------------O--O--------
-----------O-O---------------OO---------
---OOO------O-O-------------------------
---OO------O---O---------O--------------
---OO-O------OO---------O-O-------------
--------O---------------O-O-------------
-----O-OO----------------O--------------
-----O----------------------------------
----------------------------------------
------O---------------------------------

Life - generation  89 

\u001b[H
------O---------------------------------
------O---------------------------------
------O------------------------------O--
--------------------------------------OO
-------------------------O------OO------
------------------------O-O-----OO------
--OO------------OO------O-O-------------
-O-------------O-O-------O--------------
-O--O-O-O-------O-----------------------
-OOO--O------OO--------------OO---------
------------O-O-------------O--O--------
----O------O--O--------------OO---------
---O-O-----OOOO-------------------------
--O---------O--O---------O--------------
---OOO--------O---------O-O-------------
----OOO-O---------------O-O-------------
------OOO----------------O--------------
------O---------------------------------
----------------------------------------
----------------------------------------

Life - generation  90 

\u001b[H
----------------------------------------
-----OOO--------------------------------
--------------------------------------O-
--------------------------------------O-
-------------------------O------OO------
------------------------O-O-----OO------
--O-------------OO------O-O-------------
-O-O-----------O-O-------O--------------
OO-O-O-O------OOO-----------------------
-OOO-O-O-----OOO-------------OO---------
--OO--------O-OO------------O--O--------
----O------O--OO-------------OO---------
---OO------O--OO------------------------
--O--O-----OO--O---------O--------------
---O--O-----------------O-O-------------
---O----O---------------O-O-------------
--------O----------------O--------------
------O---------------------------------
----------------------------------------
----------------------------------------

Life - generation  91 

\u001b[H
------O---------------------------------
------O---------------------------------
------O---------------------------------
----------------------------------------
-------------------------O------OO------
------------------------O-O-----OO------
--O-------------OO------O-O-------------
OO-OO---------O--O-------O--------------
O--O---------O--------------------------
O----------------------------OO---------
-O----------O---O-----------O--O--------
--O-O------OO---O------------OO---------
---OOO----OO-O--O-----------------------
--O--O-----OO-OO---------O--------------
--OOO-------------------O-O-------------
-------O----------------O-O-------------
-------O-----------------O--------------
----------------------------------------
----------------------------------------
----------------------------------------

Life - generation  92 

\u001b[H
----------------------------------------
-----OOO--------------------------------
----------------------------------------
----------------------------------------
-------------------------O------OO------
------------------------O-O-----OO------
-OOO------------OO------O-O-------------
OO-OO-----------OO-------O--------------
O-OOO----------------------------------O
OO---------------------------OO---------
-O---------OO---------------O--O--------
--O-OO----O--O-OOO-----------OO---------
--O--O----O--OO-O-----------------------
--O--O----OOOOOO---------O--------------
--OOO-------------------O-O-------------
---O--------------------O-O-------------
-------------------------O--------------
----------------------------------------
----------------------------------------
----------------------------------------

Life - generation  93 

\u001b[H
------O---------------------------------
------O---------------------------------
------O---------------------------------
----------------------------------------
-------------------------O------OO------
--O---------------------O-O-----OO------
OO-OO-----------OO------O-O-------------
----------------OO-------O-------------O
----O----------------------------------O
---O-------------------------OO--------O
OOO--------OO---O-----------O--O--------
-OOOOO----O--O-OOO-----------OO---------
-OO--OO--OO------O----------------------
-OO--O----OOO--O---------O--------------
--O-O------OOOO---------O-O-------------
--OOO-------------------O-O-------------
-------------------------O--------------
----------------------------------------
----------------------------------------
----------------------------------------

Life - generation  94 

\u001b[H
----------------------------------------
-----OOO--------------------------------
----------------------------------------
----------------------------------------
-------------------------O------OO------
-OOO--------------------O-O-----OO------
OOOO------------OO------O-O-------------
---OO-----------OO-------O-------------O
O-------------------------------------OO
-OOO-------------------------OO--------O
O----------OO--OOO----------O--O--------
----OOO--OO-O--O-O-----------OO---------
O-----O--O--O-OO-O----------------------
----OOO--O----O----------O--------------
----OO----O--OO---------O-O-------------
--O-O-------OO----------O-O-------------
---O---------------------O--------------
----------------------------------------
----------------------------------------
----------------------------------------

Life - generation  95 

\u001b[H
------O---------------------------------
------O---------------------------------
------O---------------------------------
----------------------------------------
--O----------------------O------OO------
O--O--------------------O-O-----OO------
O---------------OO------O-O-------------
---OO-----------OO-------O------------O-
-O--O---------------------------------O-
-OO-------------O------------OO-------O-
OOOOOO----OOO--O-O----------O--O--------
-----OO--OO-O----OO----------OO---------
-------OOO-O--OO------------------------
----O-O--OO--------------O--------------
------O-----O-O---------O-O-------------
----OO------OOO---------O-O-------------
---O---------------------O--------------
----------------------------------------
----------------------------------------
----------------------------------------

Life - generation  96 

\u001b[H
----------------------------------------
-----OOO--------------------------------
----------------------------------------
----------------------------------------
-------------------------O------OO------
-O----------------------O-O-----OO------
---OO-----------OO------O-O------------O
---OO-----------OO-------O-------------O
-O--O-----------OO-------------------OOO
-----O-----O----O------------OO--------O
O--OOOO--OO-O----OO---------O--O--------
-OOO-OOO----OOOO-OO----------OO---------
-------O---O----------------------------
-----OO--OOO-OOO---------O--------------
----O-O----OO-O---------O-O-------------
----OO------O-O---------O-O-------------
----O--------O-----------O--------------
----------------------------------------
----------------------------------------
----------------------------------------

Life - generation  97 

\u001b[H
------O---------------------------------
------O---------------------------------
------O---------------------------------
----------------------------------------
-------------------------O------OO------
------------------------O-O-----OO------
O-OOO-----------OO------O-O-------------
--O--O---------O--O------O-------------O
---OOO---------O-----------------------O
---O--O---OO----O-O----------OO--------O
OO-O---O--O-O-OO--O---------O--O--------
-OOO---OO-O-OOO-OOO----------OO---------
--O-O--OO--O----O-----------------------
-----OOO-----OOO---------O--------------
----O-O-----------------O-O-------------
---OO------OO-O---------O-O-------------
----OO-------O-----------O--------------
----------------------------------------
----------------------------------------
----------------------------------------

Life - generation  98 

\u001b[H
----------------------------------------
-----OOO--------------------------------
----------------------------------------
----------------------------------------
-------------------------O------OO------
---O--------------------O-O-----OO------
-OOOO-----------OO------O-O-------------
OOO--O---------O-O-------O-------------O
O-OO-OO--------OOO--------------------OO
---O-OO---OO--O-OO-----------OO--------O
OO-OO-OOO-O-O-O---OO--------O--O--------
O---O-O---O-O-O-O-O----------OO---------
-OO-OO---O-O----O-----------------------
---OO---O-----OO---------O--------------
---OO-OO----O--O--------O-O-------------
---O--------OO----------O-O-------------
---OOO------OO-----------O--------------
----------------------------------------
----------------------------------------
----------------------------------------

Life - generation  99 

\u001b[H
------O---------------------------------
------O---------------------------------
------O---------------------------------
----------------------------------------
-------------------------O------OO------
---OO-------------------O-O-----OO------
----O-----------OO------O-O-------------
-----OO--------O--O------O------------O-
---O----------O---O-------------------O-
---------OOO-OO--------------OO-------O-
OOOO------O-O-O-O-OO--------O--O-------O
O-----O-O-O-O-----OO---------OO---------
-OO------OOO-OO-OO----------------------
------OOO-----OOO--------O--------------
--O--O-O----O--O--------O-O-------------
--O---O----O--O---------O-O-------------
---OO-------OO-----------O--------------
----O-----------------------------------
----------------------------------------
----------------------------------------

Life - generation  100 

\u001b[H
----------------------------------------
-----OOO--------------------------------
----------------------------------------
----------------------------------------
-------------------------O------OO------
---OO-------------------O-O-----OO------
---OO-----------OO------O-O-------------
----OO---------OO-O------O--------------
----------O--OOO---------------------OOO
OO-O-----OOOO-O--OOO---------OO-------O-
OOO---------O-OO-OOO--------O--O-------O
---O--------O-O-O--O---------OO--------O
-O----O---OOOOO-OOO---------------------
-OO---OOOOOOO----O-------O--------------
-----O--O----O--O-------O-O-------------
--O-OOO----O--O---------O-O-------------
---OOO------OO-----------O--------------
---OO-----------------------------------
----------------------------------------
----------------------------------------

Life - generation  101 

\u001b[H
------O---------------------------------
------O---------------------------------
------O---------------------------------
----------------------------------------
-------------------------O------OO------
---OO-------------------O-O-----OO------
---------------OOO------O-O-------------
---OOO-------------------O------------O-
O---O----OO-OO-----O-----------------OOO
---------OO-O----O-O---------OO------O--
---O------O-O-O-----O-------O--O------O-
-------------------O---------OO--------O
OO----O-O-----O-O-O---------------------
-OO--OO-O-----OO--O------O--------------
-OOOO---O----O----------O-O-------------
------O-------O---------O-O-------------
--O---O-----OO-----------O--------------
---O-O----------------------------------
----------------------------------------
----------------------------------------

Life - generation  102 

\u001b[H
----------------------------------------
-----OOO--------------------------------
----------------------------------------
----------------------------------------
-------------------------O------OO------
----------------O-------O-O-----OO------
-----O----------O-------O-O-------------
---OOO----------O--------O-----------OO-
---OOO---OO-OO----O------------------O-O
------------O-----OOO--------OO------O--
---------OO--O----OOO-------O--O------O-
O------------O-O---O---------OO--------O
OOO--OO-------O--OOO--------------------
----OOO-OO---OOO-O-------O--------------
-O-OO-O------O-O--------O-O-------------
-O---O-O----O-O---------O-O-------------
-----OO------O-----------O--------------
----------------------------------------
----------------------------------------
----------------------------------------

Life - generation  103 

\u001b[H
------O---------------------------------
------O---------------------------------
------O---------------------------------
----------------------------------------
-------------------------O------OO------
------------------------O-O-----OO------
-----O---------OOO------O-O-------------
---O--O----------O-------O-----------OO-
---O-O-----OOO---OO-----------------OO--
----O-------O----O--O--------OO------O--
------------OOO-------------O--O------OO
O------------O---O-----------OO--------O
OO--O-OO---------O-O-------------------O
O------------O-O-O-------O--------------
--OO----O---O--OO-------O-O-------------
--O----O----O-O---------O-O-------------
-----OO------O-----------O--------------
----------------------------------------
----------------------------------------
----------------------------------------

Life - generation  104 

\u001b[H
----------------------------------------
-----OOO--------------------------------
----------------------------------------
----------------------------------------
-------------------------O------OO------
----------------O-------O-O-----OO------
----------------OO------O-O-------------
-----OO-----O------------O----------OOO-
---O-O-----OOO--OOO-----------------O---
----O---------O--OO----------OO-----OO--
O-----------O-O-------------O--O------OO
-O----------OOO---O----------OO---------
-O------------O--O----------------------
O-OO---O------OO-OO------O-------------O
-OOO--------O--OO-------O-O-------------
--OO--OO----O-OO--------O-O-------------
------O------O-----------O--------------
----------------------------------------
----------------------------------------
----------------------------------------

Life - generation  105 

\u001b[H
------O---------------------------------
------O---------------------------------
------O---------------------------------
----------------------------------------
-------------------------O------OO------
----------------OO------O-O-----OO------
----------------OO------O-O----------O--
----OOO----OOO----O------O----------OO--
-----OO----OOO--O-O----------------O--O-
----O------O--OOO-O----------OO-----OOOO
O-----------O-OO-OO---------O--O-----OOO
-O----------O-OO-------------OO--------O
-O--------------OO----------------------
O--O---------OO--OO------O--------------
O---O-OO---------O------O-O-------------
-O-O--OO----O-OOO-------O-O-------------
------OO-----OO----------O--------------
----------------------------------------
----------------------------------------
----------------------------------------

Life - generation  106 

\u001b[H
----------------------------------------
-----OOO--------------------------------
----------------------------------------
----------------------------------------
-------------------------O------OO------
----------------OO------O-O-----OO------
-----O------O---O-O-----O-O---------OO--
----O-O----O-O--O-O------O----------OOO-
------O---O-----O-OO---------------O---O
O----O-----O------OO---------OO-----O---
-----------OO----OO---------O--O----O---
-O------------O---O----------OO--------O
-OO-------------OOO---------------------
OO----------------O------O--------------
OOOOOOOO---------OO-----O-O-------------
--------O-----OOO-------O-O-------------
------OO-----OO----------O--------------
----------------------------------------
----------------------------------------
----------------------------------------

Life - generation  107 

\u001b[H
------O---------------------------------
------O---------------------------------
------O---------------------------------
----------------------------------------
-------------------------O------OO------
----------------OO------O-O-----OO------
-----O------O--OO-O-----O-O---------O-O-
------O----OO--OO-O------O---------O--O-
------O---OOO----------------------O--OO
----------OOO----------------OO----OO---
O----------OO----O----------O--O--------
OOO-------------O--O---------OO---------
--O---------------OO--------------------
----OOO---------O--O-----O--------------
O-OOOOOO-------OOOO-----O-O-------------
-OOOO---O----OOOOO------O-O-------------
-------O-----OO----------O--------------
----------------------------------------
----------------------------------------
----------------------------------------

Life - generation  108 

\u001b[H
----------------------------------------
-----OOO--------------------------------
----------------------------------------
----------------------------------------
-------------------------O------OO------
---------------OOO------O-O-----OO------
-----------OO-----O-----O-O----------O--
-----OO---O--O-OO--------O---------OO-O-
-------------O--------------------OO-OOO
-------------O---------------OO----OO--O
O---------O-O---------------O--O--------
O-O--------------O-O---------OO---------
--OO-O-----------OOOO-------------------
-OO----O-------OO--O-----O--------------
-------O----------O-----O-O-------------
-O------O----O----O-----O-O-------------
--OO---------O--O--------O--------------
----------------------------------------
----------------------------------------
----------------------------------------

Life - generation  109 

\u001b[H
------O---------------------------------
------O---------------------------------
------O---------------------------------
----------------------------------------
----------------O--------O------OO------
----------------OO------O-O-----OO------
-----------OO-O---------O-O---------OO--
-----------O-OO----------O--------OO---O
------------OO--------------------O----O
O-----------OO---------------OO---OOOO-O
OO--------------------------O--O-------O
--OO-------------O-OO--------OO---------
---O-------------O--O-------------------
-OOO--O---------O---O----O--------------
-OO----OO--------OOO----O-O-------------
--O--------------O------O-O-------------
--O----------------------O--------------
----------------------------------------
----------------------------------------
----------------------------------------

Life - generation  110 

\u001b[H
----------------------------------------
-----OOO--------------------------------
----------------------------------------
----------------------------------------
----------------OO-------O------OO------
---------------OOO------O-O-----OO------
-----------OO-OO--------O-O------OOOO---
-----------O--O----------O--------OOO-O-
-----------O---------------------O-----O
-O----------OO---------------OO---OOO---
-OO-------------------------O--O---OO-OO
OOOO--------------OOO--------OO---------
-O--O-----------OOO-OO------------------
-O-O---O--------O---O----O--------------
-------O--------OOOO----O-O-------------
--OO-------------O------O-O-------------
-------------------------O--------------
----------------------------------------
----------------------------------------
----------------------------------------

Life - generation  111 

\u001b[H
------O---------------------------------
------O---------------------------------
------O---------------------------------
----------------------------------------
---------------O-O-------O------OO------
--------------O--O------O-O--------O----
-----------OOOO---------O-O-----O---OO--
----------OO-OOO---------O----------OO--
-----------O-O-------------------O---O--
-OO---------O----------------OO---O-OOOO
---O---------------O--------O--O--O-OO-O
---O--------------O-OO-------OO--------O
----O-----------O-O--O------------------
--O------------O----OO---O--------------
---O------------O-OO----O-O-------------
----------------OO------O-O-------------
-------------------------O--------------
----------------------------------------
----------------------------------------
----------------------------------------

Life - generation  112 

\u001b[H
----------------------------------------
-----OOO--------------------------------
----------------------------------------
----------------------------------------
----------------O--------O--------------
------------O-OOO-------O-O-----OO--O---
----------OO------------O-O--------O-O--
----------O----O---------O------------O-
----------OO-O---------------------O----
O-O---------O----------------OO--OO----O
---O---------------OO-------O--O----O--O
---OO------------OO-OO-------OO-------O-
---O-------------O----O-----------------
---O-----------OO-O-OO---O--------------
---------------OO-OOO---O-O-------------
----------------OOO-----O-O-------------
-------------------------O--------------
----------------------------------------
----------------------------------------
----------------------------------------

Life - generation  113 

\u001b[H
------O---------------------------------
------O---------------------------------
------O---------------------------------
----------------------------------------
----------------O--------O--------------
-----------O---OO-------O-O---------O---
----------OO--O-O-------O-O---------OO--
---------O--O------------O----------O---
----------OOO---------------------O----O
O----------OO----------------OO---OO---O
O-OOO-------------OOOO------O--O------OO
--OOO------------OO-OO-------OO---------
--OO------------------O-----------------
---------------O--O-OO---O--------------
--------------------OO--O-O-------------
---------------OO-O-----O-O-------------
-----------------O-------O--------------
----------------------------------------
----------------------------------------
----------------------------------------

Life - generation  114 

\u001b[H
----------------------------------------
-----OOO--------------------------------
----------------------------------------
----------------------------------------
---------------OO--------O--------------
----------OO----OO------O-O---------OO--
----------OOO---O-------O-O--------OOO--
---------O--OO-----------O---------OOO--
O---------O--O--------------------O----O
-O-O------O-O------OO--------OO---OO----
O-O-O------------OO--O------O--O------O-
-----------------OO---O------OO--------O
--O-O------------OO---O-----------------
-------------------OO-O--O--------------
---------------OOO--OO--O-O-------------
----------------OO------O-O-------------
----------------OO-------O--------------
----------------------------------------
----------------------------------------
----------------------------------------

Life - generation  115 

\u001b[H
------O---------------------------------
------O---------------------------------
------O---------------------------------
----------------------------------------
---------------OOO-------O--------------
----------O-O----O------O-O--------O-O--
---------O---O--OO------O-O-----------O-
---------O---O-----------O--------O--OO-
O--------OO--O--------------------O-----
-OOO-------O------OOO--------OO---OO----
OOOO-------------O--OO------O--O-------O
-O--------------O--O-OO------OO--------O
-----------------O----OO----------------
-------------------OO-OO-O--------------
---------------O-OOOOO-OO-O-------------
------------------O-----O-O-------------
----------------OO-------O--------------
----------------------------------------
----------------------------------------
----------------------------------------

Life - generation  116 

\u001b[H
----------------------------------------
-----OOO--------------------------------
----------------------------------------
----------------O-----------------------
----------------OO-------O--------------
---------------O--O-----O-O-------------
---------OO-OO--OO------O-O---------O-O-
--------OO--OOO----------O-----------OOO
-OO------OO-O------O-------------OO-----
---O------O-------OOOO-------OO---OO---O
---O-------------O----O-----O--O-------O
-O--------------OOO----O-----OO--------O
------------------OO----O---------------
----------------OO-------O--------------
-----------------O---O----O-------------
--------------------O--OO-O-------------
-----------------O-------O--------------
----------------------------------------
----------------------------------------
----------------------------------------

Life - generation  117 

\u001b[H
------O---------------------------------
------O---------------------------------
------O---------------------------------
----------------OO----------------------
---------------OOO-------O--------------
---------------O--O-----O-O-------------
--------OOOOO--OOO------O-O-----------OO
--------O-----O----------O-----------OOO
O-O-----O-O-O-----OO-------------OOO---O
O--O-----OOO------OOOO-------OO--OOO----
--O-------------O---OOO-----O--O------OO
O---------------O--O---O-----OO---------
-------------------O----O---------------
----------------OO-------O--------------
----------------OO------O-O-------------
------------------------O-O-------------
------------------------OO--------------
----------------------------------------
----------------------------------------
----------------------------------------

Life - generation  118 

\u001b[H
----------------------------------------
-----OOO--------------------------------
----------------------------------------
---------------O-O----------------------
---------------O--O------O--------------
---------OOO--O---O-----O-O-------------
--------OOOO--OOOO------O-O----------O-O
-------OO---OO-OOOO------O--------O--O--
OO------O-O-------O--------------O-OO---
O-OO-----OOO-----OO---O------OO-OO-O--O-
OO--------O------OO---O-----O--O--O----O
-------------------O-OOO-----OO--------O
----------------OOO-----O---------------
----------------OOO-----OO--------------
----------------OO------O-O-------------
-----------------------OO-O-------------
------------------------OO--------------
----------------------------------------
----------------------------------------
----------------------------------------

Life - generation  119 

\u001b[H
------O---------------------------------
------O---------------------------------
------O---------------------------------
----------------O-----------------------
----------O---OOOOO------O--------------
--------O--O--O---O-----O-O-------------
-------O----------------O-O-----------O-
O------O----OO----O------O--------OO-OO-
OOO----OO-O-O------O------------OO-OOO-O
--O--------O-------O---------OOOOO-OO---
-OO------OOO-----O-O--------O--OOOO---O-
----------------O--O-OOO-----OO--------O
----------------O--O--O-OO--------------
---------------O-------OO---------------
----------------O-O-------O-------------
-----------------------O--O-------------
-----------------------OOO--------------
----------------------------------------
----------------------------------------
----------------------------------------

Life - generation  120 

\u001b[H
----------------------------------------
-----OOO--------------------------------
----------------------------------------
----------------O-----------------------
--------------O-O-O------O--------------
--------------O-O-O-----O-O-------------
-------OO---OO----------O-O----------OOO
O-----OO---OOO-----------O-------OOO----
O-O----OO---OO----OO----------O--------O
---O----O---O------OO--------OO-------OO
-OO-------OO-------O--O-----O-----OO----
----------O-----OO-O-OOOO----OOOOO------
---------------OO---OO---O--------------
---------------OOO-----OO---------------
-----------------------OOO--------------
-----------------------O--O-------------
-----------------------OOO--------------
------------------------O---------------
----------------------------------------
----------------------------------------

Life - generation  121 

\u001b[H
------O---------------------------------
------O---------------------------------
------O---------------------------------
---------------O-O----------------------
----------------O--------O--------------
--------------O---------O-O-----------O-
------OOO--O--O---------O-O-------O---OO
OO----O----O--O----------O--------O-----
OO----O-O---------OOO--------OO---O---O-
---O---OOO--OO------O--------OO-------OO
--O------OOO-------O--O-----O---OOO-----
----------OO---OOOOO---OO----OOOOOO-----
------------------O-OO---O----OOO-------
---------------O-O----OO----------------
----------------O-----O--O--------------
----------------------O---O-------------
-----------------------O-O--------------
-----------------------OOO--------------
----------------------------------------
----------------------------------------

Life - generation  122 

\u001b[H
----------------------------------------
-----OOO--------------------------------
----------------------------------------
----------------O-----------------------
---------------OO--------O--------------
-------O-------O--------O-O-----------OO
O-----OO-----OOO--------O-O-----------OO
-O---OO-O----------O-----O-------OOO--O-
-OO---O-OO--OO-----OO--------OO-------O-
OOO----O---OO-----O-OO------O-OO--O---OO
----------------OO-OO--O----O-----O-----
---------O-O----OO---OOOO----O----O-----
---------------O----OO-------O----------
----------------OO----OOO------O--------
----------------O----OO-----------------
----------------------OOOOO-------------
----------------------OO-OO-------------
-----------------------O-O--------------
------------------------O---------------
----------------------------------------

Life - generation  123 

\u001b[H
------O---------------------------------
------O---------------------------------
------O---------------------------------
---------------OO-----------------------
---------------OO--------O--------------
O-----OO----------------O-O-----------O-
O----O--O-----OO--------O-O-------O--O--
-OO--O--OO--O------OO----O--------O--OO-
-----OO-OO-OOO----O--O-------OOO-O-O-OO-
O-O----OO--OOO---OO--O------O-OO------OO
OO--------OOO---O--O---OO---O-O--OOO---O
---------------O-OOO---OO---OO----------
---------------O----O---------O---------
---------------OOO--O--O----------------
----------------OO---O------------------
--------------------------O-------------
----------------------------------------
----------------------OO-OO-------------
------------------------O---------------
----------------------------------------

Life - generation  124 

\u001b[H
----------------------------------------
-----OOO--------------------------------
----------------------------------------
---------------OO-----------------------
---------------OO--------O--------------
------OO------O-O-------O-O------------O
O----O--OO--------------O-O----------O--
-O--OO----OOO-O----OO----O----O--OOO---O
O-O--OO----------OO--O-------O-OO-O-O---
------OOO--------OOOO-O-----O----O-OOO--
-O--------O--O--O--OO-OOO--OO-OO--O---O-
O----------O---O-OOOO--OO---O-O---O-----
--------------OO----O--OO----O----------
---------------O-O--OO------------------
---------------O-O----------------------
----------------------------------------
-------------------------OO-------------
-----------------------OOO--------------
-----------------------OOO--------------
----------------------------------------

Life - generation  125 

\u001b[H
------O---------------------------------
------O---------------------------------
------O---------------------------------
---------------OO-----------------------
--------------O--O-------O--------------
------OOO-------O-------O-O-------------
O---OO-OOOOO-O-O--------O-O-------O---OO
-O--O----OOO------OOO----O----OOOOOOO--O
OO--O------O-----O---O-------OOOO----O--
-O---OOO--------O-----O----OO----O--OO--
-------O--------O-----O-O--OO-OO-OO-OO--
---------------O-OO------O-OO-OO--------
--------------OO-O----OOO----O----------
---------------O----OO------------------
----------------------------------------
----------------------------------------
-------------------------OO-------------
-----------------------O----------------
-----------------------O-O--------------
------------------------O---------------

Life - generation  126 

\u001b[H
----------------------------------------
-----OOO--------------------------------
----------------------------------------
---------------OO-----------------------
-------O---------O-------O--------------
-----OO---O---OOO-------O-O------------O
O---OO-----OO------O----O-O----OO-O---OO
-O-OO-------------OOO----O---O----OOOO--
-OO-O-O----O-----OOOOO------OO-------OO-
OO---OOO--------OO---OOO---O-----OOO--O-
-------O-------OO------O------OO-OOOOO--
--------------OO-OO---O--OOO---OO-------
--------------OO-OO--OOOO---OOO---------
--------------OOO----OOO----------------
----------------------------------------
----------------------------------------
----------------------------------------
-------------------------OO-------------
-----------------------O----------------
------------------------O---------------

Life - generation  127 

\u001b[H
------O---------------------------------
------O---------------------------------
------O---------------------------------
----------------O-----------------------
------O-------O--O-------O--------------
O---OOO----O---OO-------O-O-----------OO
O--O--O----O---O--OOO---O-O------OO-OOOO
-O---------OO----O---O---O--OOO--OOOO---
----O-OO--------O-----------OO---O----OO
OOO--O-O-------O---O-O-O----OOO-OO----OO
-------O------O---O--O-OO--O--OO----OO--
------------------O--O---OOOO---OOOOO---
-------------O----O-----OOOOOOOO--------
--------------O-OO---O--O----O----------
---------------O------O-----------------
----------------------------------------
----------------------------------------
----------------------------------------
------------------------OO--------------
----------------------------------------

Life - generation  128 

\u001b[H
----------------------------------------
-----OOO--------------------------------
----------------------------------------
----------------------------------------
------O----------O-------O-------------O
O---O-OO------OOOOOO----O-O-------------
-O--O-O---OO---O-OOOO---O-OO-O---O--O---
-----OOO---OO---OOOOO----O-OO-O-O---O---
--O--OOO--------O---O-O----O---O---O-OO-
OO---O-OO------O----O--OO--O----OO------
OO----O-----------OO-O-OOO----O-----OOOO
-----------------OOO--OO--------OOOOOO--
------------------O-----O-----OOOOOO----
--------------OOOO-----OO-OO-O----------
---------------OO-----------------------
----------------------------------------
----------------------------------------
----------------------------------------
----------------------------------------
----------------------------------------

Life - generation  129 

\u001b[H
------O---------------------------------
------O---------------------------------
------O---------------------------------
----------------------------------------
-----OOO-------O-O-------O--------------
O-----OO------OO----O---O-OO------------
----O-----OOO-O---------O----O----------
----O-----OOO--O---------O---OOOO--OO---
-O--O----------OO-O-O--OO--O---O-O--OO--
--O--O--O-----------O----OO----OO-------
-O----OO---------O---O---O-----O------OO
O----------------O--O-O--O----O--------O
---------------O---O--O-OO----OO--------
--------------O--O-----OOO----OOOOO-----
--------------O--O----------------------
----------------------------------------
----------------------------------------
----------------------------------------
----------------------------------------
----------------------------------------

Life - generation  130 

\u001b[H
----------------------------------------
-----OOO--------------------------------
----------------------------------------
-----O-O--------------------------------
-----O-O------OOO--------OO-------------
-------O---O-OOOO-------O-O-------------
-----O----O-O-O---------O-O-OO-O--------
---OOO----O-OOOOO------O-O--OO-OO--OOO--
---OOO-----O---OO--O----O--------O-OOO--
OOO--OOO--------OO-OOO---OO---OO-----OO-
-O----OO------------OO--OO----OOO-----OO
O---------------O-O-O-OO-OO---O-------OO
----------------O-O--OO---O--O---O------
--------------OOO-O----O-O----O-OO------
------------------------O------OOO------
----------------------------------------
----------------------------------------
----------------------------------------
----------------------------------------
----------------------------------------

Life - generation  131 

\u001b[H
------O---------------------------------
------O---------------------------------
-----O-O--------------------------------
---------------O------------------------
-------OO----O--O--------OO-------------
-----------OO---O-------O-O-------------
-----OO---O------------OO-O-OO-OO---O---
---O--O---O-O---O------O-O-OOO-OO-OO-O--
-O---------OOO----OO----O-O--O----OO----
OOOO---O-------OOOOO-O----O---O---------
--O--O-O--------O-O----O-----O--O-------
O-------------------O--O--O--OO-O-----O-
----------------O-O--O----O--OOOOO-----O
---------------OO-----OOOO----O---O-----
---------------O--------O------O-O------
--------------------------------O-------
----------------------------------------
----------------------------------------
----------------------------------------
----------------------------------------

Life - generation  132 

\u001b[H
----------------------------------------
-----OOO--------------------------------
------O---------------------------------
------OOO-------------------------------
------------O--OO--------OO-------------
------OO---OO----------OO-O-------------
-----OO---O-O----------O--O--O-OOO-OO---
-----OO---O-OO---------O-------OO-O-----
OO-O-------OOO-O---OO---O-O--O-O-OOOO---
O--O--O-----O--OO---O----O---OO---------
O-OO--O--------OO-O-O-O------O---------O
-------------------O--O-----O----------O
---------------OOO---O----O-----OO-----O
---------------OOO----OOOO---O----O-----
---------------OO-------OO-----OOO------
--------------------------------O-------
----------------------------------------
----------------------------------------
----------------------------------------
----------------------------------------

Life - generation  133 

\u001b[H
------O---------------------------------
-----OOO--------------------------------
--------O-------------------------------
------OO--------------------------------
--------O--OO-----------OOO-------------
-----OOO----OO---------OO-OO----O-------
----------O-----------OO-O----OO-OOO----
----OOO---O---O--------OOO--------------
OOO-OOO--------OO--OO---OO---O-O-OOO----
---OO------OOO---O--O----O--OO----OO----
OOOO-----------OOO--O-------OOO--------O
------------------OOO-O---------------OO
---------------O-OO--O--OO-------O------
--------------O-------OO--O----O--O-----
---------------O-O-------O-----OOO------
-------------------------------OOO------
----------------------------------------
----------------------------------------
----------------------------------------
----------------------------------------

Life - generation  134 

\u001b[H
-----OOO--------------------------------
-----OOO--------------------------------
-----O--O-------------------------------
-------OO----------------O--------------
-----O--O--OOO---------OO-OO------------
------OO----OO--------O----O---OOOO-----
----O--O---O-O--------O--------OOOO-----
-O-OO-O--------O------O---O----O--------
-OO---O----OOOOOO--OO--O--O-OOO--O-O----
------------O-O--OO-OO--OO-------O-O---O
OOOOO-------O---OO--O-------O-O-------OO
-OO------------O----O--------O--------OO
-----------------OO-OO--OO--------------
--------------OO-OO---OO--O----O--O-----
------------------------------O---O-----
-------------------------------O-O------
--------------------------------O-------
----------------------------------------
----------------------------------------
----------------------------------------

Life - generation  135 

\u001b[H
-----O-O--------------------------------
----O---O-------------------------------
-----O--O-------------------------------
------OOOO--O-----------OOO-------------
--------O--O-O---------OOOOO----OO------
-----OOOO-----O-------O---OO---O--O-----
---OO--O-----OO------OOO------O---O-----
-O-OO-OO---O---OO----OOO---O-O-O--------
OOOO-O-----OO---OOOOO-OOO-OO-OO-O-------
--------------O---O--O--OO-OO-O-------OO
---O---------O-OOOO-O--------O----------
------------------O-O--------O--------O-
--------------OO-OO-OOOOOO--------------
----------------OOOO-OOOOO--------------
------------------------------OOOOO-----
-------------------------------OOO------
--------------------------------O-------
----------------------------------------
----------------------------------------
------O---------------------------------

Life - generation  136 

\u001b[H
-----OOO--------------------------------
----OOOOO-------------------------------
-----OO------------------O--------------
------O--O--O----------O---O------------
-----O------OO---------O--------OO------
----OOO-O---O-O------O-----O---OO-O-----
--OO---------OO-----------OOO-OO--------
OO----OO---O-OOOO-OO------OO-O-O--------
OO-O-OO----OO---O-OOO------------------O
OO-OO-------OOO------OO-OO-O--OO-------O
--------------OOO-O-OO-------OO-------OO
--------------------O-OOO---------------
---------------O---------O--------------
---------------OO--O-----O-----OOO------
-----------------OO---OOO-----O---O-----
------------------------------O---O-----
-------------------------------OOO------
----------------------------------------
----------------------------------------
------O---------------------------------

Life - generation  137 

\u001b[H
----O---O-------------------------------
----O---O-------------------------------
----O---O-------------------------------
------O-----OO----------O---------------
----O--O---OO---------O--------OOO------
---OOOO-----O-O-----------OOO-O---------
-OOOO------------------------O----------
---OOOOO---O----O-O-O-----O--O-O-------O
---O-OOO---O----O-O-OO---O-OO--O--------
-O-OOO-----OO-O-O-O---O------OOO--------
--------------OO---OO----O---OOO------OO
--------------O-O--OO-OOO---------------
---------------OO------O-O------O-------
---------------OOOO----O-O-----OOO------
----------------OOO----OO-----O-O-O-----
-----------------------O------O-O-O-----
-------------------------------OOO------
--------------------------------O-------
----------------------------------------
-----OOO--------------------------------

Life - generation  138 

\u001b[H
----O-O-O-------------------------------
---OOO-OOO------------------------------
-----O-O--------------------------------
-----O-O---OOO------------------O-------
---OO--O---O---------------O---OO-------
------O----OOO-------------OOOOOO-------
-------O------------------O--O----------
-------O------------OO----OO-O----------
-------O--OO----O-O-OO----OOO--OO-------
--OO-O-----OOOO-O-O-------O-----O-------
----O---------O-OOO-O-O-O----O-O--------
--------------O-O--OOOOO-O----OO--------
--------------O---OO-----O-----OOO------
------------------O---OO-O--------------
---------------O--O---OO------O---O-----
-----------------O-----OO-----O---O-----
----------------------------------------
-------------------------------OOO------
------O---------------------------------
-----OOO--------------------------------

Life - generation  139 

\u001b[H
---O-----O------------------------------
---O-----O------------------------------
-----O-O----O---------------------------
-----O-OO--OO------------------OO-------
----OO-O--O----------------O-O---O------
------OO---OO-------------OO-O--O-------
------OO----O-------------O----O--------
------OOO----------OOO---O---OO---------
------O---OO-O-O----OO---O--O--OO-------
---OO-----OOOOO-O-O-O----OO-O-O-O-------
---OO-------O-O-O-O-O-O-OO-----OO-------
-------------OO-O-----OO-O--------------
---------------O-OO------OO---OOO-------
-----------------OO---OO-------OOO------
-----------------OO---------------------
----------------------OOO---------------
-------------------------------OOO------
--------------------------------O-------
-----OOO------------------------O-------
----------------------------------------

Life - generation  140 

\u001b[H
----------------------------------------
----O---O-------------------------------
----O--O---OO---------------------------
-----O-OO--OO-------------------O-------
----OO----O---------------OO--OO-O------
--------O--OO-------------OO--O-O-------
-----O-----OO-------O----OOOOO-O--------
-----O--O--OO------O-O---OO--OO-O-------
-----OO--OO--O-O--------OO-OO---O-------
---OOO----O-----O---O-----OO-OO--O------
---OO-----------O-----O--------OO-------
-------------OO-O-OO-OOO------O---------
--------------OO--O------OO---O--O------
-------------------O----------O--O------
-----------------OO-----O-------O-------
-----------------------O--------O-------
-----------------------O-------OOO------
------O---------------------------------
------O---------------------------------
------O---------------------------------

Life - generation  141 

\u001b[H
----------------------------------------
----------------------------------------
----OOOO---OO---------------------------
-----O-OO-O-O------------------OO-------
----OOOOOOO---------------OO--O--O------
----OO----O-O-------------------O-------
----------O--O------O-----------O-------
----OO---O---O------O---------O-O-------
------O--OO-O-------O---O-------OO------
---O--O--OO----OO--------OOO-OO--O------
---O-O----------O--OO-OO-----O-OO-------
-------------OO-O-OO-OOO------O-O-------
-------------OOO-OO-O-O------OOO--------
-----------------O-O-----O-----OOO------
------------------O------------OOO------
-----------------------OO---------------
-------------------------------OOO------
--------------------------------O-------
-----OOO--------------------------------
----------------------------------------

Life - generation  142 

\u001b[H
----------------------------------------
-----OO---------------------------------
----OO-OO--OO---------------------------
----------O-O------------------OO-------
----------O----------------------O------
----O--OO-O--------------------OOO------
---------OOOOO------------------OO------
-----O---O-OOO-----OOO----------O-------
----O-O-O--O-------------OO--OO-OO------
----OOO--OOO---OO--OOO-OOOO-OOO--O------
----O---------O-O-OOO--OO-O-OO--OO------
-------------O--O---------------O-------
-------------O-O----O-OO-----O---O------
--------------O-OO-O-------------O------
------------------O-----O------O-O------
----------------------------------------
-------------------------------OOO------
------O------------------------OOO------
------O---------------------------------
------O---------------------------------

Life - generation  143 

\u001b[H
-----OO---------------------------------
----OOOO--------------------------------
----OO-O---OO---------------------------
---------OO-O-------------------O-------
----------O----------------------O------
--------O---O------------------O--O-----
-------------O------O-------------------
-----O--OO---O------O-------------------
----O-OOO-------------O---OOO-O-OO------
---OO-OO-OOO---OOOO--OOO----------O-----
----O-----O---O-O-O--OOO--O-O-OOOO------
-------------O--OO--OOO-O---OO--O-------
-------------O-O-O--------------OO------
--------------OOOOOO---O---------OO-----
-----------------OO-------------O-------
-------------------------------O-O------
-------------------------------O-O------
-------------------------------O-O------
-----OOO------------------------O-------
----------------------------------------

Life - generation  144 

\u001b[H
----O--O--------------------------------
-------O--------------------------------
----O--OO-OOO---------------------------
---------OO-O---------------------------
----------O---------------------OO------
----------------------------------------
--------OO--OO--------------------------
-----OO-OO-----------O-----O------------
---OO-----------OO----OO---O-----O------
---OO-O--OOO---OO-O-------O-O-O---O-----
---OOO---OOO--O---OO----O--OO-OOOO------
-------------O----O-O------OOOO---------
-------------O-----OOOOO--------O-O-----
--------------OO---O--------------O-----
---------------O---O------------O-O-----
-------------------------------O-O------
------------------------------OO-OO-----
------O------------------------O-O------
------O-------------------------O-------
-------O--------------------------------

Life - generation  145 

\u001b[H
------OOO-------------------------------
------OO---O----------------------------
-------OO-O-O---------------------------
--------O---O---------------------------
---------OOO----------------------------
---------O------------------------------
-------OOO------------------------------
----OO-OOO------------O-----------------
---O--OOO------OOO----O---OOO-----------
--O------O-O---OO-OO---O--O-O-O---O-----
---O-O---O-OO-OO--O-------O-----OO------
----O-----O-OOO---O---OO---O--O---------
-------------O----O--OO-----OO---O------
--------------OO--OO-OO-----------OO----
--------------OO----------------O-O-----
------------------------------OO--------
------------------------------OO-OO-----
------------------------------OO-OO-----
------OO------------------------O-------
------OO--------------------------------

Life - generation  146 

\u001b[H
-----O--O-------------------------------
---------O-O----------------------------
------O-OO--O---------------------------
-------OO---O---------------------------
--------OOOO----------------------------
----------------------------------------
------OO--O-----------------------------
----OO----------O----------O------------
---OOOO---O----O-OO---OO--O-OO----------
--OOO-OO-O-OO-----OO-----OO-OO---O------
---OO----O------O-O---OO--O--O-O-O------
----O-----O----O-OOO-OOO---OOO--OO------
------------O--O-OO-O-------OO----O-----
-------------O-O--OOOOO-----------OO----
--------------OO---------------O-OOO----
------------------------------O---O-----
-----------------------------O---OO-----
------------------------------O---O-----
------OO-----------------------OOO------
-----O----------------------------------

Life - generation  147 

\u001b[H
----------------------------------------
-------O-OO-----------------------------
---------OOOO---------------------------
------------O---------------------------
-------OOOOO----------------------------
-------OO--O----------------------------
-----OO---------------------------------
---O---O--------OO---------OO-----------
--O----O--OO----OOOO-----OO--O----------
--O---OOOO-O----O--O----OOO-----O-------
--O-----OO-O----O---OO-OOOO------OO-----
---OO----------O----OO-O---O----OOO-----
---------------O-------O---O-O----OO----
-------------O-O-OO-OO------------------
--------------OO---OOO-----------O------
------------------------------O-O-------
-----------------------------OO--OOO----
------------------------------OO--O-----
------O------------------------OOO------
-----O-O------------------------O-------

Life - generation  148 

\u001b[H
------O-O-------------------------------
--------OO------------------------------
--------OO--O---------------------------
------------O---------------------------
-------O-OOOO---------------------------
-----------O----------------------------
------O-O-------------------------------
-------O--------O---------OOO-----------
--OO-----OOO---O---O----O---O-----------
-OOO--O----OO--OO--O---O---O-----O------
--O------O-----OO--O-O-O---O------O-----
---O-----------OO---OO-O-O-OO---O-------
---------------O---O--------O-----OO----
---------------O--O--OO-----------O-----
--------------OOO-OO-O------------------
--------------------O--------OOOO-------
-----------------------------O--OOOO----
-----------------------------O-----O----
------O-----------------------O--O------
------O------------------------OOO------

Life - generation  149 

\u001b[H
--------OO----------------------O-------
----------------------------------------
--------OO------------------------------
------------OO--------------------------
----------O-O---------------------------
-------OOO-OO---------------------------
-------O-------------------O------------
-------OOOO----------------OO-----------
-O-O------OOO--O----------O-O-----------
-O-------O-OO-O---OO--OOO--OO-----------
-O------------O--O-O-O-O---O-----O------
--------------O----O-O--O-OOO----OOO----
--------------OO---O-------OO----OOO----
-----------------OO--OO-----------OO----
--------------OOOOOO-OO-------OO--------
---------------O---OO--------OOOO-O-----
----------------------------OO--OOOO----
-----------------------------OO-O--O----
------------------------------OO-OO-----
-----OO------------------------OOO------

Life - generation  150 

\u001b[H
-------------------------------OOO------
----------------------------------------
----------------------------------------
---------O-OOO--------------------------
--------OOO-----------------------------
-------OOOOOO---------------------------
------O----O---------------OO-----------
-------OOOO---------------O-O-----------
--O---------OO---------O--O--O----------
OO----------O-OO--OOO-OOO-O-O-----------
--------------OO---O-O---O-------O------
-------------OO----O--O---O-----O--O----
--------------OO---O-OO---O-O-------O---
---------------------OO----------O-O----
--------------OO------O------O--OOOO----
--------------OO-O-OOO------O-----OO----
----------------------------O------O----
----------------------------O------O----
-----------------------------O----O-----
------------------------------O---O-----

Life - generation  151 

\u001b[H
-------------------------------OOO------
--------------------------------O-------
------------O---------------------------
--------OO-OO---------------------------
-------O-----O--------------------------
-------O----O---------------------------
------O-----O--------------OO-----------
-------OOOOOO-------------O-OO----------
-O------OO-OOOO----O--OOO-O-OO----------
-O----------O--O--OOOOOOO-OO------------
---------------------O--OOOO------------
-------------O----OO--O--OOO------------
-------------OOO-------O---O------OOO---
--------------------O--O--------OO-OO---
--------------OOO-----O---------O---O---
--------------OOO---OO------OO------O---
--------------------O------OOO-----OO---
----------------------------OO----OO----
-----------------------------O----OO----
------------------------------OOO-O-----

Life - generation  152 

\u001b[H
------------------------------O---------
-------------------------------OOO------
-----------OO---------------------------
--------O--OOO--------------------------
-------O---O-O--------------------------
------OO----OO--------------------------
------O--OO-OO-------------OOO----------
-------O---------------O-OO-------------
-------O------O---OO----O-O--O----------
-----------OO-O---OO--------------------
----------------------------O-----------
-------------O--------OO----O------O----
-------------OO----O--OOO--O-----OO-O---
-------------O--O-----OO--------OO---O--
--------------O-O---O-O---------OO--OO--
--------------O-O---OO-----O-O------OO--
---------------O----OO-----O--O---O-O---
---------------------------O--O---------
----------------------------OO-O--------
------------------------------O---OO----

Life - generation  153 

\u001b[H
------------------------------O-OOO-----
-------------------------------OO-------
-----------O-O------------------O-------
----------O--O--------------------------
------OOO--O--O-------------------------
------OOO-O---O-------------O-----------
------O-O--OOO------------OOO-----------
------OOO----O----------OOO--O----------
-------------O----OO----O-O-------------
-------------O----OO--------------------
------------OO--------------------------
-------------OO-------O-O--OO-----OO----
------------OOO------O--O-------OOOOO---
-------------O----------O----------O-O--
-------------OO-OO--O-OO--------OO----O-
--------------O-O--O--O-----O----O------
---------------O----OO----OO-OO----OOO--
---------------------------O--OO--------
----------------------------OO-O--------
------------------------------OO--------

Life - generation  154 

\u001b[H
------------------------------O--O------
----------------------------------------
------------O------------------OO-------
-------O--OO-OO-------------------------
------O-O-OO-OO-------------------------
-----O----O---O-------------O-----------
-----O-----OOOO-----------O-OO----------
------O-O----OO---------O---O-----------
-------O----OOO---OO----O-O-------------
-------------OO---OO--------------------
------------O---------------------------
-----------------------O------------O---
------------O-----------OO-------O------
---------------O-----OO-O----------O-O--
-------------OO-OO---OOO--------OOO-----
-------------OO-OO-O--OO---OOO--OOO-OO--
---------------O----OO----OO-OOO----O---
--------------------------OO---O----O---
----------------------------OO--O-------
---------------------------------O------

Life - generation  155 

\u001b[H
----------------------------------------
-------------------------------OO-------
-----------OOO--------------------------
-------O-OO---O-------------------------
------OO-------O------------------------
-----OO--OO----O-----------OOO----------
-----OO----OO--O------------OO----------
------OO---O---O------------OO----------
-------O----O--O--OO-----O--------------
--------------O---OO--------------------
-------------O--------------------------
------------------------O---------------
----------------------O-OO----------O---
-------------OOOO----O--OO------O-------
-------------O---OO-O---O---O---O----O--
-------------O---OO----O--OO-O----O-OO--
--------------OOO---OOO------O-O-O--O---
--------------------------O----OO-------
---------------------------OO---O-------
-----------------------------O--OO------

Life - generation  156 

\u001b[H
-------------------------------O-O------
------------O---------------------------
----------OOOO--------------------------
------OOO-OOOOO-------------------------
-----O-O------OO------------O-----------
----------OO--OOO----------O-O----------
-----------OO-OOO-------------O---------
-----O-O---O--OOO-----------OO----------
------OO------OO--OO--------------------
-------------OO---OO--------------------
----------------------------------------
-----------------------OOO--------------
--------------OO------------------------
-------------OOOOO---O------------------
------------OO-O--OO---OO-OOO----O--OO--
-------------O-O--O-O-OO---O-OO-OO-OOO--
--------------OOOO---OO---OOO--O-O-OOO--
---------------O-----O-----OO-OO-O------
---------------------------OO-----------
----------------------------O---OO------

Life - generation  157 

\u001b[H
---------------------------------O------
------------OO--------------------------
-------O-OO---O-------------------------
------OOOOO----O------------------------
-------OOO------O-----------O-----------
----------OOO---------------OO----------
------------O----O------------O---------
-------O---OO----O-----------O----------
------OO--------OOOO--------------------
-------------OOO--OO--------------------
------------------------O---------------
------------------------O---------------
-------------O----------O---------------
------------O----OO--------O------------
------------O-----OOOO-OO-OOOO--OOOO-O--
------------OO----O-O---OO---OOO-O----O-
-----------------O--O--O--O------O-O-O--
--------------OO-----OO-------OO--O-O---
-------------------------------O-O------
---------------------------OO---OO------

Life - generation  158 

\u001b[H
--------------------------------OO------
-------------O--------------------------
------OO--OO-OO-------------------------
------O--------O------------------------
------O---------------------OO----------
--------OOOOO---------------OO----------
----------O--O--------------O-O---------
------OO---OO---------------------------
------OO----OOOOO--O--------------------
--------------OOO--O--------------------
--------------O-------------------------
-----------------------OOO--------------
----------------------------------------
------------OO---OO-O--OOOOO-----OO-----
-----------OO-------OO-OO-OO-O-OOOO-----
------------OO---OO---O------OOO---O-OO-
-------------OO----OO-OOOO---O---O-OOO--
---------------------OO-------OO-OOOO---
------------------------------OO-OO-----
---------------------------------OO-----

Life - generation  159 

\u001b[H
--------------------------------OOO-----
------------OOO-------------------------
------OO----OOO-------------------------
-----OO-------O-------------------------
-------O-OOO----------------OO----------
---------OOOO--------------O--O---------
-------OO----O--------------O-----------
------OO---O---O------------------------
------OO---OO---O-----------------------
----------------O-----------------------
--------------O---------O---------------
------------------------O---------------
----------------------------------------
-----------OOO-----OOOOO---OO-----O-----
-----------O--------OO-----O-O-O---O----
-----------O--O---O-------O--O-O---O-OO-
------------OOO---OOO---O----O---O----O-
--------------------OOO-O----O-O-----O--
------------------------------OO--------
-------------------------------O--------

Life - generation  160 

\u001b[H
-------------O------------------OO------
------------O-O------------------O------
-----OOO----O--O------------------------
-----O--O-OOO-O-------------------------
------O-OO--O---------------OO----------
-------O----O--------------O------------
------OOOO------------------------------
-----------O----------------------------
------OO---OO--OO-----------------------
---------------O------------------------
----------------------------------------
----------------------------------------
------------O-------OOOO----------------
-----------OO------O--O----OO-----------
----------OO-O------------OO-O----OOO---
-----------O--O---O--O-------O--O-O-OOO-
------------OOO---O-O--O-O--OO--O---O-O-
-------------O------OO-O-----O-OO-------
---------------------O---------OO-------
------------------------------OO-O------

Life - generation  161 

\u001b[H
-------------O-----------------O-OO-----
------O-----O-O-----------------OO------
-----OOO----O-OO------------------------
-----O--O-O-O---------------------------
------O-OOO-O---------------O-----------
----------------------------O-----------
------OOO-------------------------------
----------OOO---------------------------
-----------OO--OO-----------------------
---------------OO-----------------------
----------------------------------------
---------------------OO-----------------
-----------OO-------OOOO----------------
----------O--O------O-OO--OOO------O----
----------O--O------------OO-O---OO-O---
----------OO--O----O------OO-OO---O---O-
------------O-O-----O---O---OO--O--OO-O-
------------OOO----OOO--O---OO---O------
--------------------OOO----------O------
------------------------------O--O------

Life - generation  162 

\u001b[H
-------------O-----------------O--O-----
-----OOO----O-OO----------------OOO-----
-----O-O----O-OO------------------------
-----O--O-O-O---------------------------
-------OO-O-----------------------------
------O---------------------------------
-------O---O----------------------------
-------O--O-O---------------------------
----------O-O--OO-----------------------
---------------OO-----------------------
----------------------------------------
--------------------O--O----------------
-----------OO-------O------O------------
----------O--O------O--O--O-O-----OO----
---------OO-OOO----------O---OO--OO-----
----------OOO-O----------OO---O---O-O---
------------O-OO-----O---O-------OOO-O--
------------O-O----O--OO----OO--OOO-----
-------------O-----O--O------O--OOO-----
---------------------O-----------O------

Life - generation  163 

\u001b[H
------O------OO-------------------O-----
-----O-O----O--O----------------OOO-----
----OO-OO---O-OO-----------------O------
--------O----O--------------------------
------OOO--O----------------------------
------O-O-------------------------------
------OO---O----------------------------
----------O-O---------------------------
---------------OO-----------------------
---------------OO-----------------------
----------------------------------------
----------------------------------------
-----------OO------OOO-----O------------
---------OO---O-----------OOOO---OOO----
---------O----O---------OO-O-OO--O------
---------OO-------------OOO--OO-----O---
------------O-OO------O-OOO--O--O---O---
------------O-OO----OOOO----OO----------
-------------O------OOOO----OO----------
----------------------------------------

Life - generation  164 

\u001b[H
------O------OO-------------------O-----
----OO-OO---O--O----------------O-O-----
----OO-OO---O-OO----------------OOO-----
-----O---O--OOO-------------------------
------O-OO------------------------------
-----O--O-------------------------------
------OO---O----------------------------
-----------O----------------------------
---------------OO-----------------------
---------------OO-----------------------
----------------------------------------
--------------------O-------------------
----------OO--------O-----OO------O-----
---------OOO-O------O----O---OO--OO-----
--------O---------------O--------O-O----
---------OO--OOO-----------O---O--------
-----------O--OO------O---OO------------
------------O--O----O----O-O--O---------
-------------OO-----O--O----OO----------
-------------OO------OO-----------------

Life - generation  165 

\u001b[H
-----OOO----O--O-----------------O------
----O---O---O--O----------------O-OO----
-------O-O-OO--O----------------O-O-----
----OO---O--O-OO-----------------O------
-----OOOOO---O--------------------------
-----O--OO------------------------------
------OO--------------------------------
----------------------------------------
---------------OO-----------------------
---------------OO-----------------------
----------------------------------------
----------------------------------------
---------O-OO------OOO----O------OO-----
---------O-OO------------OO------O-O----
--------O--OOO----------------O-OO------
---------OO--O-O----------OO------------
----------OOO---O----------OO-----------
------------O--O-----O-----O-O----------
------------O--O----O-O-----OO----------
------------O--O-----OO-----------------

Life - generation  166 

\u001b[H
-----OOO---OOOOOO----------------OO-----
-----O--O---OOOOO---------------O-OO----
----OO---OOOO--OO---------------O-OO----
----OO---O-OO-OO-----------------O------
-------O--O--OO-------------------------
-----O---O------------------------------
------OOO-------------------------------
----------------------------------------
---------------OO-----------------------
---------------OO-----------------------
----------------------------------------
--------------------O-------------------
-----------OO-------O----OO------OO-----
--------OO----------O----OO-------------
--------O----OO----------O-O----OOO-----
---------O---OO-----------OOO-----------
---------OO-OOOOO-----------------------
------------OO-OO----O-----O-O----------
-----------OOOOOO---O-O-----OO----------
------O----OOOOOO----OO-----------------

Life - generation  167 

\u001b[H
-----O-O---------O---------------OOO----
-------OOO-------O--------------O-------
------O-OO----------------------O--O----
----OOO-OO------O----------------OO-----
----OOO-OOOOOOOO------------------------
---------O------------------------------
------OOO-------------------------------
-------O--------------------------------
---------------OO-----------------------
---------------OO-----------------------
----------------------------------------
----------------------------------------
-------------------OOO---OO-------------
--------OO--OO----------O--O----O-------
--------O----OO----------O--O----O------
--------OOO---------------OOO----O------
---------OOO----O---------O-------------
----------O------O---O-------O----------
-----------------O--O-O-----OO----------
-----OOO--O------O---OO-----------------

Life - generation  168 

\u001b[H
-----O---O------OOO--------------OO-----
---------O----------------------O--O----
------O---O---------------------O-O-----
----O------OOOOO-----------------OO-----
----O-O----OOOOO------------------------
-----------OOOO-------------------------
------OOO-------------------------------
------OOO-------------------------------
---------------OO-----------------------
---------------OO-----------------------
----------------------------------------
--------------------O-------------------
--------------------O----OO-------------
--------OO--OOO-----O---O--O------------
-------O--O-OOO----------O--O---OO------
--------O--O-------------OO-O-----------
--------O--O--------------O-O-----------
---------OOO----OO---O------OO----------
------O---------OOO-O-O-----OO----------
-----O-O--------OOO--OO-----------O-----

Life - generation  169 

\u001b[H
------O-O-------O-O--------------OOO----
---------OO------O--------------O--O----
----------OOOOO-----------------O-OO----
----------O----O-----------------OO-----
-----O----O-----------------------------
-----OO----O---O------------------------
------O-O---OO--------------------------
------O-O-------------------------------
-------O-------OO-----------------------
---------------OO-----------------------
----------------------------------------
----------------------------------------
-------------O-----OOO---OO-------------
--------OO-OO-O---------O--O------------
-------O--O---O---------OO--O-----------
-------OOOOO-O-----------OO-OO----------
--------O--OO------------OO-O-----------
---------OOO----O-O--O------------------
------O---O----O---OO-O-----OO----------
-----O---------O-----OO----------OO-----

Life - generation  170 

\u001b[H
---------O------OO--------------O--O----
---------OO-OO---O--------------O---O---
------------OOO-----------------O--O----
---------OO-OOO------------------OOO----
-----OO---OO----------------------------
-----OOO---OO---------------------------
------O-----O---------------------------
------O-O-------------------------------
-------O-------OO-----------------------
---------------OO-----------------------
----------------------------------------
--------------------O-------------------
------------OO------O----OO-------------
--------OOOOO-O-----O---O--O------------
-------O------O---------O---OO----------
-------O-----O--------------OO----------
-------O-----------------OO-OO----------
---------O--O------OOO-----OOO----------
---------OOO---OO--OO-O-----------------
-----OOO-------OO--OOOO----------O-O----

Life - generation  171 

\u001b[H
------O-OOO----O-OO-OO----------OOOOO---
---------OOOO-O-OO-------------OOO-OO---
--------------------------------O--OO---
---------OO---O------------------OOO----
-----O-O-O------------------------O-----
-------O--O-O---------------------------
-----------OO---------------------------
------O---------------------------------
-------O-------OO-----------------------
---------------OO-----------------------
----------------------------------------
----------------------------------------
---------OO-OO-----OOO---OO-------------
--------OOOOO-O---------O-OOO-----------
-------O-OOOO-O------------O-O----------
------OOO----------------O----O---------
--------O-----------O-----O---O---------
--------OO-O-------O-O----OO-O----------
------O-OOOO---OO-O---O-----O-----------
------O-OO--------OO--O-----------O-----

Life - generation  172 

\u001b[H
---------------O----OO---------O----O---
--------O--O---OOOO------------O-----O--
-------------O-O---------------O--------
--------OOO----------------------O--O---
------O--O-O---------------------OOO----
------O-O-O-O---------------------------
-----------OO---------------------------
----------------------------------------
---------------OO-----------------------
---------------OO-----------------------
----------------------------------------
--------------------O-------------------
--------O---OO------O----OO-------------
--------------O-----O-------O-----------
------O-----O------------O-O-O----------
------O---OO--------------O--OO---------
--------------------O----OOO-OO---------
-----------O-------OOO----OOOO----------
-----------O-----OO-OOO----OO-----------
-----OO----O---O----O-O-----------O-----

Life - generation  173 

\u001b[H
--------------OO-O-OOO------------------
---------------O-O------------OOO-------
--------O-O---OO-O--------------O-------
--------OOO---------------------OO-O----
-----------O---------------------OOO----
-------O-OO-O---------------------O-----
-----------OO---------------------------
----------------------------------------
---------------OO-----------------------
---------------OO-----------------------
----------------------------------------
----------------------------------------
-------------O-----OOO------------------
------------O------------O-OO-----------
-----------O--------------OO-OO---------
-----------O----------------------------
----------OO-------OOO---O--------------
------------------O---O--O----O---------
----------OOO-----O---O---O--O----------
----------------O-----O-----------------

Life - generation  174 

\u001b[H
--------------OO-OO-OO---------O--------
-----------------O--O----------OO-------
--------O-O---OO------------------------
--------O-OO--------------------O--O----
-----------O--------------------O--O----
----------O-O--------------------OOO----
----------OOO---------------------------
----------------------------------------
---------------OO-----------------------
---------------OO-----------------------
----------------------------------------
--------------------O-------------------
--------------------O-------------------
------------O-------O------OOO----------
-----------OO-------------OO-O----------
-----------OO-------O-----O-------------
----------OO-------OOO------------------
------------O-----O-O-O--OO-------------
-----------O-----O---OOO----------------
-----------O---OOOOOO-O-----------------

Life - generation  175 

\u001b[H
--------------OO---------------OO-------
-----------------OOOOO---------OO-------
----------OO-------------------OO-------
----------OO----------------------------
---------O--O-------------------O--OO---
----------O-O--------------------OOO----
----------O-O---------------------O-----
-----------O----------------------------
---------------OO-----------------------
---------------OO-----------------------
----------------------------------------
----------------------------------------
-------------------OOO------O-----------
-----------OO-------------OO-O----------
-------------O------------O--O----------
-------------------OOO----OO------------
----------O--------------OO-------------
----------O-O-----O----O----------------
-----------OO----------O----------------
--------------OO-------O----------------

Life - generation  176 

\u001b[H
--------------OOO-OOO----------OO-------
------------------OOO---------O--O------
----------OO------OOO----------OO-------
---------O--O------------------OO-------
---------O--O--------------------O-OO---
---------OO-OO-------------------O--O---
----------O-O--------------------OOO----
-----------O----------------------------
---------------OO-----------------------
---------------OO-----------------------
----------------------------------------
--------------------O-------------------
--------------------O------OO-----------
------------O-------O-----OO-O----------
------------O-------O----O--------------
--------------------O------O------------
-----------O-------OO----OOO------------
----------O-O-----------O---------------
-----------OOO--------OOO---------------
-------------OOO------------------------

Life - generation  177 

\u001b[H
-------------O--OOO-O----------OO-------
---------------O-----O--------O--O------
----------OO------O-O---------O--O------
---------O--O------O-----------O-O------
--------OO--O--------------------OOOO---
---------OO-OO------------------OO--O---
---------OO-OO-------------------OOO----
-----------O----------------------O-----
---------------OO-----------------------
---------------OO-----------------------
----------------------------------------
----------------------------------------
-------------------OOO----OOO-----------
-------------------OOO----OO------------
-------------------OOO-----OO-----------
--------------------OO---O-O------------
-----------O-------OO----OOO------------
----------O--O----------O-O-------------
-----------O-----------OO---------------
----------------O--O---O----------------

Life - generation  178 

\u001b[H
---------------OOOOOO----------OO-------
----------------O-O-OO--------O--O------
----------OO-------OO---------OO-OO-----
--------OO--O------O-------------O-O----
--------O---O----------------------OO---
--------------------------------O---O---
---------O---O------------------O--O----
----------OOO--------------------OOO----
---------------OO-----------------------
---------------OO-----------------------
----------------------------------------
--------------------O------O------------
-------------------O-O----O-O-----------
------------------O---O-----------------
----------------------O-----O-----------
-------------------------O--------------
-------------------OOO--O--O------------
----------OOO----------OO-OO------------
-----------------------OOO--------------
----------------O-OO---OO---------------

Life - generation  179 

\u001b[H
---------------O-----O---------OO-------
---------------OO----O--------O--OO-----
---------OOO------O--O--------OO-O------
--------OOO-O------OO-----------OO-OO---
--------OO------------------------OOO---
------------------------------------O---
----------OOO-------------------O--OO---
----------OOO--------------------OOO----
-----------O---OO-----------------O-----
---------------OO-----------------------
----------------------------------------
--------------------O------O------------
-------------------OOO-----O------------
---------------------OO----O------------
----------------------------------------
--------------------OO------------------
-----------O--------O--OO--O------------
-----------O--------O-O---OO------------
-----------O----------O---O-------------
---------------OO---O--O-O--------------

Life - generation  180 

\u001b[H
--------------O-----OOO--------OOO------
----------O----OO---OOO-------O--OO-----
--------O--O-------O-O--------OO---O----
-------------------OO----------OOO--O---
--------O-O----------------------OO--O--
---------OOO----------------------O--O--
----------O-O--------------------O--O---
---------------------------------O--O---
----------OOO--OO----------------OOO----
---------------OO-----------------------
----------------------------------------
-------------------OOO------------------
-------------------O--O---OOO-----------
---------------------OO-----------------
--------------------O-O-----------------
--------------------OO------------------
-------------------OO-OO--OO------------
----------OOO---------O--OOO------------
----------------------OO-OOO------------
---------------OO----OO-----------------

Life - generation  181 

\u001b[H
--------------O--------O-------OOOO-----
---------------O---O----------O--OO-----
-------------------O--O-------O----O----
---------O---------OO---------OO-O-OO---
----------OO----------------------OOOO--
----------------------------------OOOO--
---------OO----------------------OOOOO--
----------O-O-------------------OO--O---
-----------O---OO----------------OOO----
-----------O---OO-----------------O-----
--------------------O-------------------
-------------------OOO-----O------------
-------------------O--O----O------------
--------------------O-OO---O------------
--------------------O-O-----------------
-----------------------O----------------
-----------O-------OO-OO-O-O------------
-----------O----------------O-----------
-----------O-----------OOO-O------------
---------------O----O-----O-----O-------

Life - generation  182 

\u001b[H
--------------OO---------------O--O-----
------------------------------O----O----
------------------OO---------OO-OO-OO---
----------O--------OO---------OO-----O--
----------O----------------------O------
---------O-O--------------------------O-
---------OOO--------------------O-------
---------OO---------------------O----O--
----------OOO--OO---------------O--O----
---------------OO----------------OOO----
-------------------OOO------------------
-------------------O-O------------------
-------------------O--OO--OOO-----------
-------------------OO-OO----------------
----------------------O-----------------
-------------------OO--OO---------------
----------------------OOO---------------
----------OOO---------O--O-OO-----------
------------------------OOOO------------
-----------------------O-OO----OO-------

Life - generation  183 

\u001b[H
------------------------------OOO-------
-----------------------------OO-OO-OO---
------------------OOO--------O--O-OOO---
------------------OOO--------OOO-OO-O---
---------OOO----------------------------
---------O-O----------------------------
--------O--O----------------------------
------------O------------------OOO------
---------OOO---OO---------------O--OO---
-----------O---OO---O------------OOO----
-------------------O-O------------O-----
------------------OO-O-----O------------
------------------OO---O---O------------
-------------------OO------O------------
----------------------O-O---------------
---------------------O--O---------------
-----------O---------OO--O--------------
-----------O----------O----OO-----------
-----------O-----------O----O-----------
---------------------------O---OO-------

Life - generation  184 

\u001b[H
-----------------------------O----------
-------------------O---------O------O---
------------------O-O-------O--------O--
----------O-------O-O--------OOOOOO-O---
---------O-O-------O----------O---------
--------OO-OO---------------------------
----------OOO-------------------O-------
---------O--O------------------OOO------
----------OOO--OO--------------O---OO---
-----------O---OO---O------------O--O---
------------------OO-O-----------OOO----
----------------------O-----------------
--------------------------OOO-----------
------------------OOO--O----------------
--------------------OO-O----------------
---------------------O--OO--------------
---------------------OOO----------------
----------OOO--------OOO---OO-----------
----------------------------O-----------
------------------------------O-O-------

Life - generation  185 

\u001b[H
-----------------------------OO---------
-------------------O--------OO----------
------------------O-O-------O--OOO-OOO--
----------O-------O-O--------OOOOO------
--------OO-OO------O---------OO-OO------
--------OO------------------------------
--------O----O-----------------OOO------
---------O---O-----------------O-O------
----------O-O--OO--------------O-OOOO---
----------OOO--OOO-OO-----------OO--O---
-------------------OOO-----------OOO----
---------------------------O------O-----
-------------------O-------O------------
-------------------OOOO----O------------
---------------------O-O----------------
------------------------O---------------
-----------O--------O-------------------
-----------O---------O-O---OO-----------
-----------O----------O----OOO----------
-----------------------------O----------

Life - generation  186 

\u001b[H
------------------------------O---------
-------------------O--------O--OO---O---
------------------O-O-------O----OO-O---
---------OOO------O-O-------O-------O---
--------O--O-------O---------O---O------
-------O--O-O-----------------O---------
--------O----------------------O-O------
---------O--OOO---------------OO---O----
---------OO-OOOO-O-------------O---OO---
----------O-O--O-OOO-O--------------O---
-----------O----O-OO-O----------O--O----
-------------------O-------------OOO----
-------------------O-O----OOO-----------
-------------------O-OO-----------------
---------------------O-O----------------
----------------------------------------
----------------------------------------
----------OOO--------OO----O-O----------
----------------------O----O-O----------
----------------------------------------

Life - generation  187 

\u001b[H
-------------------------------O--------
-------------------O---------O-OOO-O----
----------O-------O-O------OOO--OO--OO--
---------OOO------O-O-------OO---OOO----
--------O---O------O---------O----------
-------OOO-O------------------O-O-------
--------OO-OO------------------OO-------
--------OOOOO--O--------------OO--OOO---
---------OO----O-O------------OO---OO---
---------OO-O--O---O----------------O---
-----------O----O----------------O-OO---
-------------------O-------O-----OOO----
------------------OO-OO----O------O-----
---------------------O-----O------------
--------------------OO------------------
----------------------------------------
-----------O----------------------------
-----------O---------OO-----------------
-----------O---------OO-----------------
----------------------------------------

Life - generation  188 

\u001b[H
------------------------------OO--------
-------------------O---------O-O-OO-O---
---------OOO------O-O------O---O----O---
---------OOO------O-O------O--O-OOOOO---
-------O----O------O--------OOO--OO-----
-------O---O------------------O-O-------
--------------------------------OO-O----
------------O---O-----------------O-O---
------------O-OO--------------OO--O--O--
---------O-----O------------------O--O--
----------OO---------------------O--O---
------------------OOO------------O--O---
------------------OO-OO---OOO----OOO----
-------------------O--------------------
--------------------OO------------------
----------------------------------------
----------------------------------------
----------OOO--------OO-----------------
---------------------OO-----------------
----------------------------------------

Life - generation  189 

\u001b[H
------------------------------OOO-------
----------O--------O-----------O---O----
---------O-O------O-O-------O--O----OO--
--------OO--O-----O-O------O--O-O---O---
--------O---O------O--------O-O---------
------------------------------O-O-------
-------------------------------OOOOO----
-------------O-O---------------OO-O-O---
-------------OOOO----------------OO-OO--
----------OO--OO-----------------OOOOO--
----------O--------O-------------OOOOO--
------------------O-OO-----O----OO--O---
---------------------O-----O-----OOO----
------------------OO--O----O------O-----
--------------------O-------------------
----------------------------------------
-----------O----------------------------
-----------O---------OO-----------------
-----------O---------OO-----------------
----------------------------------------

Life - generation  190 

\u001b[H
------------------------------OOO-------
----------O--------O----------------O---
--------OO-O------O-O---------OOO--OOO--
--------OOOOO-----O-O------OO-O-----OO--
--------OO---------O----------O---------
-----------------------------OO-O-O-----
------------------------------O---OO----
-------------O-OO--------------O----OO--
------------OO--O-----------------------
----------OO-O--O---------------O-----O-
----------OO-------OO-------------------
-------------------OOO----------O----O--
------------------O--OO---OOO---O--O----
-------------------OOO-----------OOO----
-------------------O--------------------
----------------------------------------
----------------------------------------
----------OOO--------OO-----------------
---------------------OO-----------------
-------------------------------O--------

Life - generation  191 

\u001b[H
------------------------------OOO-------
---------OO--------O---------------OOO--
--------O---O-----O-O--------OOO---O----
-------O---OO-----O-O---------O----O-O--
--------O--O-------O--------O-O---------
-----------------------------OO--OOO----
-----------------------------OO--OOOO---
------------OOOOO------------------OO---
-----------O-O--OO-------------------O--
----------O--O--------------------------
----------OOO------O-O------------------
------------------O---O----O------------
------------------O---O----O----O--OO---
------------------OO-OO----O-----OOO----
-------------------O--------------O-----
----------------------------------------
-----------O----------------------------
-----------O---------OO-----------------
-----------O---------OO-----------------
------------------------------OOO-------

Life - generation  192 

\u001b[H
------------------------------O-O---O---
---------O---------O---------O--O--OO---
--------OOO-O-----O-O--------OOO--OO-O--
-------OO--OO-----O-O---------------O---
-----------OO------O----------OO---OO---
----------------------------O--O-O--O---
-------------OOO-------------OO--O------
------------OOOOOO-------------------O--
-----------O----OO------------------O---
----------O--O--------------------------
----------OOO---------------------------
-----------O------OO-OO-----------------
-----------------OO---OO--OOO----O-OO---
------------------OOOOO----------O--O---
------------------OOO------------OOO----
----------------------------------------
----------------------------------------
----------OOO--------OO-----------------
---------------------OO--------O--------
------------------------------O-O-------

Life - generation  193 

\u001b[H
-----------------------------OO-OO-OO---
--------OOO--------O---------O--OOO--O--
-------O--O-O-----O-O--------OOO--O--O--
-------OO----O----O-O--------O----O--O--
-----------OO------O----------OOO--OOO--
------------OOO----------------O--OOO---
------------O----------------OO-O-------
------------O----O----------------------
-----------O-----O----------------------
----------O-----------------------------
----------O-O---------------------------
----------OOO----OOO-OOO---O------------
-----------------O-----O---O------OOO---
----------------------OO---O----OO--O---
------------------O--------------OOO----
-------------------O--------------O-----
-----------O----------------------------
-----------O---------OO-----------------
-----------O---------OO--------O--------
------------------------------O-O-------

Life - generation  194 

\u001b[H
---------O-------------------OO----OO---
--------OOOO-------O--------O--------O--
-------O--OO------O-O-------OO-OO-OOOOO-
-------OO----O----O-O--------O--OOO--OO-
-----------O--O----O----------OOOO---O--
-----------------------------O---OO--O--
-----------OO-----------------OO---O----
-----------OO---------------------------
-----------O----------------------------
----------O-----------------------------
---------OO-O-----O---O-----------------
----------O-O----OO---OO-----------O----
-----------O-----O---O--O-OOO----OOOO---
----------------------OO--------O---O---
--------------------------------O--O----
---------------------------------OOO----
----------------------------------------
----------OOO--------OO-----------------
---------------------OO--------O--------
-----------------------------OO-OO------

Life - generation  195 

\u001b[H
--------OO------------------O-OO----O---
--------O--O-------O--------O--O--O---O-
-------O---OO-----O-O-------OOOOO-OO----
-------OO-OOO-----O-O-------OO----------
-------------------O---------OOO----OO--
-----------OO----------------O---OO-O---
-----------OO-----------------O---O-----
----------O-----------------------------
----------OOO---------------------------
---------OO-----------------------------
---------OO------OO---OO----------------
---------OO-O----OO--OOO---O-------OO---
-----------O-----OO--O--O--O-----OO-O---
----------------------OO---O----O---O---
--------------------------------O--OO---
---------------------------------OOO----
-----------O----------------------O-----
-----------O---------OO-----------------
-----------O---------OO-------OOO-------
-----------------------------O--O-------

Life - generation  196 

\u001b[H
--------OO------------------O-OOO-------
-------OOOOOO------O-------OO----OO-----
-------O-O--------O-O------O---OOOOO----
-------OO-O-O-----O-O-----------O--OO---
----------O--------O---------------OOO--
-----------OO----------------O-O-OO-OO--
----------O-O--------------------OOO----
----------O-----------------------------
----------------------------------------
----------------------------------------
--------O--------OO--O-O----------------
---------O------O--O-O--O---------OOO---
----------OO-----OO--O--O-OOO----OO-OO--
----------------------OO--------O-O-OO--
--------------------------------O---O---
---------------------------------O--O---
---------------------------------OOO----
----------OOO--------OO--------O--------
---------------------OO-------OOO-------
-----------------------------O--O-------

Life - generation  197 

\u001b[H
-------O---O---------------OO-OOO-------
-------O---O-------O-------OOOO----O----
------O-----O-----O-O------OO--O----O---
-------OO-OO------O-O----------OO----O--
---------OO-O------O------------OO------
----------O-O-------------------OO---O--
----------O-O-------------------OO-OO---
-----------O----------------------O-----
----------------------------------------
----------------------------------------
-----------------OO-O-O------------O----
---------OO-----O--O-O-OOO-O-----OO-OO--
----------O------OO-OO--OO-O------------
----------------------OO---O----O-O-----
--------------------------------O---O---
--------------------------------OO--O---
-----------O--------------------OOOO----
-----------O---------OO-------OO-OO-----
-----------O---------OO-------O-O-------
-----------------------------O---O------

Life - generation  198 

\u001b[H
---------------------------O---OO-------
------OO---OO------O------O-----O-------
------O-O-O-O-----O-O------O---OO---O---
-------OO-O-O-----O-O----------O-O------
--------O---O------O--------------------
----------O-OO-----------------O----O---
----------O-O-------------------O--OO---
-----------O---------------------OOO----
----------------------------------------
----------------------------------------
-----------------OOOOOOOO---------OOO---
---------OO-----O------O-O--------OOO---
---------OO------OOOOO---O-OO-----OO----
---------------------OOOO-O------O------
-------------------------------OO--O----
-------------------------------O----O---
-----------------------------------O----
----------OOO--------OO-------O----O----
---------------------OO------OO-O-O-----
----------------------------OO---O------

Life - generation  199 

\u001b[H
---------------------------OO--OOO------
------OO---OO------O------OO-----O------
------O-O-O-OO----O-O----------O-O------
--------O---OO----O-O----------O--------
-------OO---O------O------------O-------
---------O--OO---------------------OO---
----------O-OO------------------OO--O---
-----------O---------------------OOOO---
----------------------------------O-----
------------------OOOOOO-----------O----
-----------------OOOOOOOO---------O-O---
---------OO-----O------O-OO------O------
---------OO------OOOOO---O-O-----O--O---
------------------OO-OOOOOOO----OO-O----
----------------------OO-------OO-------
-------------------------------OO--OO---
-----------O-----------------------OO---
-----------O---------OO------OOO--OO----
-----------O---------OO-----O-OO-OO-----
----------------------------OO---O------

Life - generation  200 

\u001b[H
--------------------------O--O---OO-----
------OO---OOO-----O------OOO--O-OO-----
------O-OO--------O-O-------------------
--------O---------O-O----------O--------
-------OOO-O-------O--------------------
--------OO----------------------OO-OO---
----------O--O------------------OO---O--
-----------OO-------------------O---O---
-------------------OOOO----------O--O---
-----------------O------O---------OO----
-----------------O-------O--------OO----
---------OO-----O------O-OO------OOO----
---------OO------O---O-----O-----O------
-----------------O-------O-O---O-OO-----
---------------------O---OO-------OOO---
-------------------------------OO--OO---
--------------------------------O-------
----------OOO--------OO------O-OOO--O---
---------------------OO-----O--O-O-O----
----------------------------------------

Life - generation  201 

\u001b[H
------------O-------------O-O---OOO-----
------OOO---O------O------OOO---OOO-----
------O-OO--O-----O-O------O----O-------
----------O-------O-O-------------------
-------O--O--------O------------O-------
-------O------------------------OOO-O---
---------OOOO------------------O--OO-O--
-----------OO-------OO----------O---OO--
--------------------OO-----------OO-O---
------------------O-OO-----------O--O---
----------------OO-------OO---------O---
---------OO-----OO------OOO------O-O----
---------OO-----OO------OO-O-------O----
-------------------------O-O----OO------
-------------------------OO----O----O---
-------------------------------OOOO-O---
-----------O------------------O----OO---
-----------O---------OO-------OO-OO-----
-----------O---------OO-------OO-OO-----
--------------------------------OO------

Life - generation  202 

\u001b[H
-------O------------------O-O--O--------
------O-OO-OOO-----O------O-O--O--O-----
------O-OO-O------O-O-----OOO---O-------
-------OO-OO------O-O-------------------
-------------------O------------O-------
--------OO---------------------OO-O-O---
----------O-O------------------O--O--O--
------------O-------OO----------O----O--
----------------------O---------OOO-O---
-----------------O-OOO-----------OO-OO--
----------------O-O-----O-O-------OOO---
---------OO----O--O--------O------OOO---
---------OO-----OO---------O----OO------
---------------------------O----O-------
-------------------------OO----O--OO----
------------------------------OOOOO-OO--
------------------------------O-----O---
----------OOO--------OO------O---O------
---------------------OO-------O---------
----------------------------------------

Life - generation  203 

\u001b[H
-------OO---O---------------------------
------O--O-OO------O-----OO-OO-OO-------
------O-----------O-O-----O-O-----------
-------OO-OO------O-O------O------------
-------O--O--------O-----------OOO------
---------O---------------------OO--O----
---------O-O-------------------O---OOO--
-----------O---------O---------OO-OOOO--
-------------------O--O---------O-O-O---
-----------------OOOOO----------O----O--
----------------O-O-O-------------------
---------OO----O--O-------OO--------O---
---------OO-----OO--------OOO---OOOO----
---------------------------O---OO-O-----
--------------------------O---O---OOO---
------------------------------O-OOO-OO--
-----------O-----------------OO---OOOO--
-----------O---------OO------OO---------
-----------O---------OO-----------------
----------------------------------------

Life - generation  204 

\u001b[H
-------OO--OO---------------------------
------O-O--OO------O-----OO-OO----------
------O-OO--O-----O-O----OO-OO----------
------OOOOOO------O-O------O----O-------
-------O--OO-------O-----------O-O------
--------OO--------------------O--OOO----
------------------------------O--O---O--
----------O--------------------OO-O-----
-------------------O--O---------O-O-----
-----------------O---O-----------O------
----------------O---OO------------------
---------OO----O--OO------O-O----OOO----
---------OO-----OO----------O--OO-OO----
----------------------------O--OO---O---
------------------------------O-----OO--
------------------------------O---------
----------------------------------O--O--
----------OOO--------OO------OO----OO---
---------------------OO-----------------
----------------------------------------

Life - generation  205 

\u001b[H
-------OO--OO---------------------------
------O---O--O-----O-----OO-OO----------
-----OO-----O-----O-O----O---O----------
------O-----O-----O-O-----OOO---O-------
------O----O-------O-----------O-O------
--------OOO-------------------OO-O------
---------O--------------------O----O----
-------------------------------OO-O-----
-------------------------------OO-O-----
---------------------OO----------O------
----------------OOOOOO-----------O------
---------OO----O--OOO------O----OO-O----
---------OO-----OOO---------OO-O----O---
-----------------------------OO-OO--OO--
-----------------------------OO-----OO--
------------------------------------OO--
-----------O-----------------OO----OO---
-----------O---------OO------------OO---
-----------O---------OO-----------------
----------------------------------------

Life - generation  206 

\u001b[H
-------O---OO---------------------------
-----OO------O-----O-----OO-OO----------
-----OOO---OOO----O-O----O---O----------
------OO---OO-----O-O-----OOO---O-------
-------O-OOO-------O-------O--OO-O------
--------OOO-------------------OO--O-----
--------OOO-------------------O--OO-----
------------------------------O-O-OO----
-------------------------------O--O-----
-----------------OOO-OO----------OO-----
----------------OO----O----------O------
---------OO----O-----O------O---OOO-----
---------OO-----OOO---------OO-O--OOOO--
-----------------O--------------O--O----
-----------------------------OOO---O--O-
----------------------------------------
----------------------------------------
----------OOO--------OO------------OO---
---------------------OO-----------------
-----------OO---------------------------

Life - generation  207 

\u001b[H
------O----O-O--------------------------
-----O-------O-----O-----OO-OO----------
-----------O-O----O-O----O---O----------
-----O-------O----O-O-----OOOOOOO-------
------OO----O------O------OOOOO--O------
-------O---------------------O----O-----
--------O-O------------------OO-O-------
---------O--------------------O-O--O----
------------------O------------OO-------
----------------OOO--OO---------OOO-----
----------------OO--O-O-----------------
---------OO----O--O---------OO--O---O---
---------OO-----OOO---------OO-O----O---
----------------OOO---------O---O----O--
------------------------------OO--------
------------------------------O---------
-----------O----------------------------
-----------O---------OO-----------------
----------O----------OO-----------------
-----------OO---------------------------

Life - generation  208 

\u001b[H
-----------O-O--------------------------
-------------OO----O-----OO-OO----------
-------------OO---O-O----O-----O--------
------O------O----O-O----O-----OO-------
------OO-----------O------O-----OO------
------OOO------------------O---O-O------
--------OO-------------------OO--O------
---------O-------------------OO-OO------
------------------O---------------O-----
----------------O-OO-OO--------OOO------
---------------O---O--O---------O-------
---------OO----O--OO--------OOO---------
---------OO----O---O-------O--OOO---OO--
----------------O-O---------O---O-------
-----------------O-----------OOO--------
------------------------------OO--------
----------------------------------------
----------OO---------OO-----------------
----------O-O--------OO-----------------
----------OOO---------------------------

Life - generation  209 

\u001b[H
----------OO-OO-------------------------
-------------------O-----OO-------------
------------O-----O-O---OO----OOO-------
------OO-----OO---O-O----OO----O-O------
-----O--O----------O------O------O------
------O--O--------------------OO-OO-----
---------O------------------OO---OO-----
--------OO-------------------OOOOOO-----
-----------------OOO----------O---O-----
-----------------OOOOOO--------OOO------
---------------OOO---OO------OO-OO------
---------OO---OOO-OOO-------OOO-O-------
---------OO----OOO-O-------O--O-O-------
----------------OOO---------O---O-------
-----------------O-----------O--O-------
-----------------------------O-O--------
----------------------------------------
----------OO---------OO-----------------
---------O--O--------OO-----------------
----------O--O--------------------------

Life - generation  210 

\u001b[H
----------OOOOO-------------------------
-----------OOO-----O----OOO----O--------
-------------O----O-O---O-----OOO-------
------OO-----O----O-O---O-O---OO-O------
-----O--O----------O-----OO---OO-O------
--------OO-------------------OO---------
---------OO-----------------O------O----
--------OO--------O---------O--OO--O----
-----------------O---O-------O----O-----
----------------------O------O----O-----
--------------O-------O-----O-----------
---------OO---O----OOO------O---O-------
---------OO---O-----O------O--O-OO------
---------------O------------OO--OO------
----------------OOO---------OOOOO-------
------------------------------O---------
----------------------------------------
----------OO---------OO-----------------
---------O--O--------OO-----------------
---------OO--OO-------------------------

Life - generation  211 

\u001b[H
---------O---------------O--------------
----------O--------O----OO----OOO-------
-------------OO---O-O--OO-O-------------
------OO----------O-O---O-O--O---O------
------O-OO---------O-----OO-------------
--------O-O------------------OOO--------
----------O-----------------O-OO--------
--------OOO-----------------OO----OO----
----------------------------OOO--OOO----
---------------------OO-----OO----------
--------------------O-O-----OO----------
---------OO--OOO---OOO-----OOO-OOO------
---------OO---OO---OOO-----O------------
---------------OOO---------O------------
----------------OO----------O---OO------
-----------------O------------O---------
----------------------------------------
----------OO---------OO-----------------
---------O--OO-------OO-----------------
---------O----O-------------------------

Life - generation  212 

\u001b[H
---------OO-------------OO-----O--------
-------------------O---O--O----O--------
------------------O-O--O--O---OOO-------
------OOO---------O-O--OO-OO------------
------O-OO---------O-----OO--O----------
-------OO-O------------------O-O--------
--------O-OO----------------O--O--------
---------OO----------------O---O-O-O----
---------O-----------------O--O--O-O----
---------------------OO----O------O-----
--------------O----O--O---------O-------
---------OO--O-O------O----O-OO-O-------
---------OO--O----OO-O----OO----O-------
--------------O--OO-O------OO-----------
---------------O--O---------------------
----------------OO----------------------
----------------------------------------
----------OOO--------OO-----------------
---------O-OOO-------OO-----------------
--------OOO--O--------------------------

Life - generation  213 

\u001b[H
--------O-O-------------OO--------------
-------------------O---O--O-------------
-------O----------O-O-OO--O---OOO-------
------O-OO--------O-O--OO--O--OO--------
------O------------O----OOOOO-O---------
----------OO----------------OO----------
-------OO--O----------------O--O--------
--------O--O---------------OO-OO--------
---------OO---------------OOO---OO-O----
---------------------OO----------OO-----
--------------O-------OO----O--O-O------
---------OO--O----OOOOO---OOO---OO------
---------OO--O---OOOOO----O--O-O--------
--------------O--O--O-----OOO-----------
---------------O--OO--------------------
----------------OO----------------------
-----------O----------------------------
----------O--O-------OO-----------------
--------O----O-------OO-----------------
--------O----O--------------------------

Life - generation  214 

\u001b[H
---------O--------------OO--------------
-------------------O--OO--O----O--------
-------OO---------O-OOO--OOO--O-O-------
------O-O---------O-OOO-----O---O-------
-------O-OO--------O---OOOO---OO--------
-------O--OO-------------OO---O---------
-------OOO-OO------------------O--------
-------OO--O--------------O---OO--------
---------OO---------------O-OO-OOO------
---------------------OOO----O-----------
-------------------O---O----O-----------
---------OO--OO--O-----O--O-OOOO-O------
---------OO--OO--O----O--O---O--O-------
--------------O-OO---O----OOO-----------
---------------O--OO-------O------------
----------------OOO---------------------
----------------------------------------
------------O--------OO-----------------
---------O--OOO------OO-----------------
-------OO-------------------------------

Life - generation  215 

\u001b[H
--------O--------------OOO--------------
--------O----------OO-OO---O---O--------
-------OO---------O------OOO----O-------
------O-----------O----------OO-O-------
------OO-OOO-------OOOOOO-OO-OOO--------
------OO----O-------------O---O---------
------O--O--O------------OO----O--------
-------O---OO--------------O-O----------
--------OOO-----------O-----OO-OO-------
----------------------OO----O---O-------
-----------------------OO---O-O---------
---------OO--OO---O---OOO--OO-OOO-------
---------OO------OO---O--O-----OO-------
-------------OO-OO--------OOO-----------
---------------O---O------OOO-----------
----------------OOOO--------------------
-----------------O----------------------
------------O--------OO-----------------
--------O---OO-------OO-----------------
--------OO---O--------------------------

Life - generation  216 

\u001b[H
-------OO-------------OOO---------------
--------OO---------O--OO---O------------
-------OO---------O-------OOO-O-O-------
------O--OO-------O-OOOOO----O--O-------
-----O--O-OO-------OOOOO-OOOO-----------
-----O---O--O-------OOOOO----O----------
------O-O---OO-----------OOO--O---------
-------O---OO-------------OO-O-OO-------
--------OOOO----------OO---O-OOOO-------
---------O------------O-O--OO-O-O-------
----------------------------O-O-O-------
---------OO------OO---O--O-OO-O-O-------
---------OO----OO-O---O-OO---OO-O-------
--------------OOOO-------O--O-----------
--------------OO---O------O-O-----------
----------------OO-O-------O------------
----------------OO----------------------
------------OO-------OO-----------------
--------OO--OO-------OO-----------------
-------OOO--OO--------OOO---------------

Life - generation  217 

\u001b[H
---------------------O------------------
---------O------------O-O-OOO-----------
-------O--O-------O-O---O-OOOO-O--------
------O---OO------O-----O----O-O--------
-----OO-O--O-------------OOOOO----------
-----OOOOOO-OO-----O---------O----------
------OOO----O-------OOOOO-O-OOO--------
-------O-----O-----------O---O--O-------
--------OO-OO---------OO---------O------
--------OO------------O----O----OO------
---------OO------------O--O---O-OO------
---------OO-----OOO----OOOOOO-O-OO------
---------OO---O---O----OOO-O--O---------
-----------------OO-----OOOOO-----------
--------------O-----------O-O-----------
-----------------O---------O------------
----------------OOO---------------------
------------OO-------OO-----------------
-------O-O-O--O-------------------------
------------OO----------O---------------

Life - generation  218 

\u001b[H
-----------------------O-O-O------------
---------------------O-O--O--O----------
---------OOO-------O----O-O--O----------
-----OO--OOO-------O----O---------------
--------O----------------OOO-O----------
----------OOOO--------OO----------------
-----O-------OO-------OOOOO--O-O--------
------O--O---O-------O---OO-OO-OO-------
-------O-OO-O---------OO---------O------
-----------O----------O--------O--O-----
-----------------O----OO----OO----O-----
--------O--O-----OO---O-----O-O-OO------
---------OO-----O--O-----------O--------
-----------------OO----O----OO----------
-----------------OO---------O-----------
----------------OOO--------O------------
----------------OOO---------------------
------------OO---O----------------------
-----------O--O-------------------------
------------OO--------------------------

Life - generation  219 

\u001b[H
----------------------O-O-O-------------
----------O-----------OO--OOO-----------
---------O-O--------O--OO---------------
--------O--O------------O--OO-----------
-----------------------OOOO-------------
-----------OOOO-------O----OO-O---------
----------OO--O------O----OOOO-OO-------
------O-OOO-OOO------O----OOOO-OO-------
--------OOOOO--------OOO------OO-O------
----------OO---------O-----------OO-----
-----------------OO--OOO----OOOOO-O-----
---------OO-----OOO---OO----O-OOOO------
---------OO-----O--O--------O-OOO-------
----------------O--O--------OO----------
-------------------O-------OOO----------
-------------------O--------------------
----------------------------------------
------------OO--OOO---------------------
-----------O--O-------------------------
------------OO--------------------------

Life - generation  220 

\u001b[H
----------------------O--OO-------------
----------O----------OO---OO------------
---------O-O----------O-OOO-------------
----------O---------------OO------------
-----------O-O---------OOOO--O----------
----------OOOOO-------OOO-----OO--------
---------------O-----OO---------O-------
-------OO-----O-----OO----O------O------
-------OO-----------OO-----OOOOO-OO-----
------------O-------O-------------O-----
---------O-O----O-O--O-O----O-----O-----
---------OO-----O--O-O-O---OO-----------
---------OO----OO--O-------OO----O------
------------------OOO----------O--------
------------------OOO------O-O----------
----------------------------O-----------
-----------------OO---------------------
------------OO---O----------------------
-----------O--O--O----------------------
------------OO--------------------------

Life - generation  221 

\u001b[H
---------------------OO--OOO------------
----------O----------OO-O--O------------
---------O-O---------OOO----------------
----------OOO--------------O------------
-------------OO-------O---OO--O---------
----------OO-OO------O--------OO--------
-----------OO--O----O----------OO-------
-------OO------------------OOOOO-OO-----
-------OO----------O-------OOOO-OOO-----
--------O----------OO-O----O--O---OO----
---------O-O-----O-O-O-----OO-----------
--------O--O----O-OO---------O----------
---------OO----OOO---------OO-----------
-----------------O---------O------------
------------------O-O-------O-----------
-----------------O----------O-----------
-----------------OO---------------------
------------OO--OO----------------------
-----------O--O-------------------------
------------OO--------------------------

Life - generation  222 

\u001b[H
---------------------OOO-OOO------------
----------O---------O---OO-O------------
---------O--O--------O-O----------------
----------OOOO-------O-O--OO------------
--------------O-----------OO--OO--------
----------OO---O-----O--------O-O-------
----------OOOOO-------------O----O------
-------OO------------------O------O-----
---------O---------OO-----O-----O-------
-------OOO---------O-O----O---OO--OO----
--------OOO------O---O-----OOO----------
--------O--O---O---OO--------O----------
---------OO----O-----------OO-----------
-----------------OO--------O------------
-----------------OO--------OO-----------
-----------------O-O--------------------
------------------O---------------------
------------OO--OOO---------------------
-----------O--O-------------------------
------------OO------------O-------------

Life - generation  223 

\u001b[H
---------------------OOO---O------------
--------------------O----O-O------------
---------O--OO------OO-O-O-O------------
----------OOOO------------OO------------
-------------OO-------O---OO--OO--------
----------O----O-----------O-OO-O-------
---------OO-OOO------------------O------
--------OOOOOO-------------O-----O------
---------O---------OO-----OO---O-OOO----
-------O----------OO-O----O-OOOO--------
----------O-------OO-O-----OOO----------
--------O--O----O---O--------O----------
---------OO-----O-OO-------OO-----------
----------------OOO-------O-------------
----------------O--O-------OO-----------
-----------------O-O--------------------
----------------O--O--------------------
------------OO---OO---------------------
-----------O--O--O----------------------
------------OO--------O--OOO------------

Life - generation  224 

\u001b[H
---------------------OOOOO-OO-----------
--------------------O--O---OO-----------
----------O--O------OO--OO-OO-----------
----------OO---------OO--O--O-----------
----------O--OO--------------OOO--------
---------OOOO--O----------OOOOO-O-------
--------O-----O-------------O---OO------
--------O-----O-----------OO-----O------
---------O-OO-----OOO-----O--O-O-OO-----
---------------------O----O----OO-O-----
-----------------OO--O-----O------------
-----------O--------O--------O----------
---------OO----OO-OO-------OO-----------
---------------OO---------O-------------
----------------O--O-------O------------
----------------OO-OO-------------------
----------------O--O--------------------
------------OO--OOO---------------------
-----------O--O--OO-------O-------------
------------OO-------OOO--OO------------

Life - generation  225 

\u001b[H
--------------------O----O--------------
--------------------O--------O----------
----------OO--------O--OOO---O----------
---------OOOOOO-----OOO-OOOOO-O---------
-------------OO-----------O----O--------
---------OOOO--O-----------O----OO------
--------O-OO-OOO---------------OOO------
--------OO---O-----O------OOO-----------
-------------------OO----OO---OO--O-----
-----------------O---O----OO--OOO-O-----
--------------------OO------------------
----------O-----O---O------O------------
----------O----OOO-O-------OO-----------
------------------OO------O-O-----------
------------------OOO-------------------
---------------OOO-OO-------------------
---------------O---OO-------------------
------------OO-OO--O--------------------
-----------O--O-O-O---O---OO------------
------------OO-------O------O-----------

Life - generation  226 

\u001b[H
--------------------OO------------------
-------------------OOO---O--------------
---------O---O-----OO-OO---O-OO---------
---------O----O-----OOO----OOOO---------
---------------O-----O------O--OO-------
---------O-----O-----------------O------
--------O----O-O----------O-O--O-O------
--------OOO-OO-----OO----OOO--O--O------
------------------OOO----O--OOO-OO------
-------------------O-O---OOO--O-OO------
--------------------OO----OO---O--------
---------------OOO-OOO-----OO-----------
---------------OOO-OO-----O-O-----------
----------------O-----------O-----------
----------------O-----------------------
---------------OOO---O------------------
-----------------O----------------------
------------OO--OOOOO-------------------
-----------O--O-OO---------O------------
------------OO-------O----OO------------

Life - generation  227 

\u001b[H
-------------------O--O---O-------------
----------------------------------------
-----------------------O--OO--O---------
--------------O----O---O---O------------
--------------OO----OOO----OO-OOO-------
---------------OO----------O---O-O------
--------O-O-OO-----------OO------OO-----
--------OO--OOO---O-O----O----O--OO-----
---------O--------O--O--O---O-O---O-----
------------------O--O---O----O--O------
----------------O-O---O--O-----OO-------
---------------O-O----------O-----------
-------------------O-O------OO----------
---------------------------O------------
----------------------------------------
---------------O-O----------------------
---------------O---OO-------------------
------------OO-O---O--------------------
-----------O--OOO--OO-----OO------------
------------OO------OO----OO------------

Life - generation  228 

\u001b[H
--------------------OO----OO------------
--------------------------OO------------
--------------------------OO------------
--------------OO----OO-O-----OO---------
--------------O-O---OOO---OOO-OOO-------
-------------O-OO----O-----OO-OO-OO-----
--------O--OO--O---------OO-------------
--------O-OOO-O----O----OOO--O-----O----
--------OO---O---OO-OO--OO----OO--O-----
------------------OO-OO-OO---OO-OO------
----------------O-O------------OO-------
----------------OOO---------OO----------
---------------------------OOO----------
----------------------------O-----------
----------------------------------------
----------------O-----------------------
---------------O--OOO-------------------
------------OO----O---------------------
-----------O---OO--O-O----OO------------
------------OOOO-----O---O--------------

Life - generation  229 

\u001b[H
-------------OO-----OO---O-O------------
-------------------------O--O-----------
--------------------------OOO-----------
--------------OO----O--------OO---------
-------------O--O---------O-----OO------
------------OO--O---OOO--O--O-O--O------
---------OO----OO-------O---OOO---O-----
-------OO-O---O---OOO---------O---------
--------OOOOOO---O---OO--------OOOO-----
---------------------OOOOO---O---O------
----------------O-----------O--OOO------
----------------O-O--------O-OO---------
-----------------O---------O------------
---------------------------OOO----------
----------------------------------------
-------------------O--------------------
-----------------OOO--------------------
------------O-OOOOO---------------------
-----------O---OO---O-----O-------------
------------OOOOO----OO--O--------------

Life - generation  230 

\u001b[H
------------O-------OOO-OO--------------
-------------------------O--O-----------
--------------------------OOO-----------
--------------OO----------O-OO----------
------------OO--O---O---------OOOO------
------------OOO-OO---O---O-OO-OOOOO-----
--------OOOO-OOOOO----------O-OO--------
-------O----OOOOOOOOOO--------O-O-O-----
-------OO-OOOO----OO----O-----OOOOO-----
---------OOOO--------O-OO-----O---------
-----------------O----OOO---O--OOO------
----------------O----------O-OOOO-------
-----------------O--------OO--O---------
---------------------------OO-----------
----------------------------O-----------
-------------------O--------------------
---------------O---O--------------------
--------------O-------------------------
-----------O---------O------------------
------------O---O-----O--O--------------

Life - generation  231 

\u001b[H
---------------------OOOOOO-------------
---------------------O--OO--O-----------
-------------------------OO-------------
-------------OOO----------O-OOOOO-------
------------O---OO--------O-------O-----
---------OO----------------OO-----O-----
--------OOOO-------O-O-----OO-----O-----
-------O------------O-------------O-----
-------OO------OO----OOOO----OO-O-O-----
--------OO---O----O------O---OO---O-----
----------OO----------O-O---O----O------
----------------OO-----O--OO-O---O------
--------------------------O---O---------
--------------------------O-OO----------
---------------------------OO-----------
----------------------------------------
----------------------------------------
----------------------------------------
----------------------------------------
-----------OO-------O-OOOO--------------

Life - generation  232 

\u001b[H
--------------------O-----O-------------
---------------------O-----O------------
--------------O---------O-O-O-OO--------
-------------OOOO---------O--OOO--------
-------------OOOO---------O---OO-O------
--------O-----------------O-O----OOO----
--------O--O--------O------OO----OOO----
-------O--O---------O--O----OO----OO----
-------O-O-----------OOOO----OOO--OO----
-------OOOO----------O---O--O-OO--O-----
---------OO------O-----OOOOOO-O--OO-----
-----------------------O-OOOOO----------
-------------------------OO---O---------
--------------------------O-OO----------
---------------------------OOO----------
----------------------------------------
----------------------------------------
----------------------------------------
-----------------------OO---------------
--------------------------O-------------

Life - generation  233 

\u001b[H
--------------------------OO------------
-------------------------OOO------------
-------------OO----------OO-O--O--------
----------------O---------O-------------
-------------O--O--------OO----O-O------
--------------OO----------O-OO-----O----
-------OOO--------------------------O---
-------O-OO---------O--OO--O--------O---
------OO------------OO-OO------O-O------
-------O-------------O------O---O-------
----------O-----------OO------OO-OO-----
-----------------------O------O---------
------------------------O-----O---------
-------------------------OO---O---------
---------------------------O-O----------
----------------------------O-----------
----------------------------------------
----------------------------------------
----------------------------------------
-------------------------O--------------

Life - generation  234 

\u001b[H
---------------------------O------------
----------------------------O-----------
----------------------------------------
-------------OOO----------------O-------
--------------O-O--------OO-------------
--------O-----OO---------OOO------------
-------O-OO----------------OO------OO---
---------OO---------OOOOO---------------
------OO------------OO-OO-------O-------
------OO------------OO--O-----O---O-----
----------------------OO-----OOOOO------
----------------------OOO----OO---------
------------------------OO---OOO--------
-------------------------OO--OO---------
--------------------------OOOO----------
----------------------------O-----------
----------------------------------------
----------------------------------------
----------------------------------------
--------------------------O-------------

Life - generation  235 

\u001b[H
---------------------------O------------
----------------------------------------
--------------O-------------------------
-------------OOO------------------------
----------------O--------O-O------------
--------OO----OO---------O--O-----------
----------O----------OOOOO-OO-----------
------OO-OO---------O---O---------------
------OOO----------O-----O--------------
------OO------------O---O----OO---------
--------------------------------OO------
----------------------O--O--O-----------
--------------------------O-O--O--------
------------------------O------O--------
-------------------------OO---O---------
----------------------------OO----------
----------------------------------------
----------------------------------------
----------------------------------------
----------------------------------------

Life - generation  236 

\u001b[H
----------------------------------------
----------------------------------------
-------------OOO------------------------
-------------OOO------------------------
-------------O--O---------O-------------
---------O-----O------OO-O--O-----------
-------O--O----------OOO-OOOO-----------
------O--OO---------OOO---O-------------
-----O---O---------OO---OO--------------
------O-O-------------------------------
-----------------------------O----------
---------------------------O----O-------
-------------------------O-O------------
--------------------------OO--OO--------
-------------------------O---OO---------
-----------------------------O----------
----------------------------------------
----------------------------------------
----------------------------------------
----------------------------------------

Life - generation  237 

\u001b[H
----------------------------------------
--------------O-------------------------
-------------O-O------------------------
------------O---O-----------------------
-------------O--O-----------------------
---------------------O-O-O--O-----------
--------O-O---------O----O--O-----------
------O-OOO--------O--------------------
-----OOOOOO--------OO----O--------------
----------------------------------------
----------------------------------------
--------------------------O-O-----------
---------------------------OO--O--------
-------------------------O-OOOOO--------
--------------------------O-OO-O--------
-----------------------------OO---------
----------------------------------------
----------------------------------------
----------------------------------------
----------------------------------------

Life - generation  238 

\u001b[H
----------------------------------------
--------------O-------------------------
-------------OOO------------------------
------------OOOOO-----------------------
----------------------------------------
------------------------O---------------
-------OO-O---------O---O---------------
-----OO----O-------O--------------------
-----OO---O--------OO-------------------
------OOOO------------------------------
----------------------------------------
----------------------------O-----------
-------------------------------O--------
-------------------------------OO-------
--------------------------O----O--------
----------------------------OOO---------
----------------------------------------
----------------------------------------
----------------------------------------
----------------------------------------

Life - generation  239 

\u001b[H
----------------------------------------
-------------OOO------------------------
------------O---O-----------------------
------------O---O-----------------------
-------------OOO------------------------
----------------------------------------
------OO--------------------------------
-----O---OOO-------O--------------------
--------OOO--------OO-------------------
-----OOOOO------------------------------
-------OO-------------------------------
----------------------------------------
-------------------------------OO-------
------------------------------OOO-------
-----------------------------O-OO-------
-----------------------------OO---------
-----------------------------O----------
----------------------------------------
----------------------------------------
----------------------------------------

Life - generation  240 

\u001b[H
--------------O-------------------------
-------------OOO------------------------
------------O-O-O-----------------------
------------O-O-O-----------------------
-------------OOO------------------------
--------------O-------------------------
------O---O-----------------------------
------OO---O-------OO-------------------
-----O-----O-------OO-------------------
------O---O-----------------------------
---------O------------------------------
----------------------------------------
------------------------------O-O-------
---------------------------------O------
-----------------------------O--O-------
----------------------------OO-O--------
-----------------------------OO---------
----------------------------------------
----------------------------------------
----------------------------------------

Life - generation  241 

\u001b[H
-------------OOO------------------------
----------------------------------------
------------O---O-----------------------
------------O---O-----------------------
----------------------------------------
-------------OOO------------------------
------OO--------------------------------
-----OOO--OO-------OO-------------------
-----O-O--OO-------OO-------------------
----------O-----------------------------
----------------------------------------
----------------------------------------
----------------------------------------
-------------------------------OOO------
----------------------------OOO-O-------
----------------------------O--O--------
----------------------------OOO---------
----------------------------------------
----------------------------------------
----------------------------------------

Life - generation  242 

\u001b[H
--------------O-------------------------
-------------OOO------------------------
----------------------------------------
----------------------------------------
-------------OOO------------------------
--------------O-------------------------
-----O-O------O-------------------------
-----O--O-OO-------OO-------------------
-----O-O-O---------OO-------------------
----------OO----------------------------
----------------------------------------
----------------------------------------
--------------------------------O-------
-----------------------------OOOOO------
----------------------------OOO--O------
---------------------------O---O--------
----------------------------OOO---------
-----------------------------O----------
----------------------------------------
--------------O-------------------------

Life - generation  243 

\u001b[H
----------------------------------------
-------------OOO------------------------
--------------O-------------------------
--------------O-------------------------
-------------OOO------------------------
----------------------------------------
------O---------------------------------
----OO-OOOO--------OO-------------------
------O-OO---------OO-------------------
----------O-----------------------------
----------------------------------------
----------------------------------------
------------------------------O-OO------
----------------------------O----O------
----------------------------O----O------
---------------------------O---O--------
----------------------------OOO---------
----------------------------OOO---------
----------------------------------------
----------------------------------------

Life - generation  244 

\u001b[H
--------------O-------------------------
-------------OOO------------------------
----------------------------------------
----------------------------------------
-------------OOO------------------------
--------------O-------------------------
-----OOOOO------------------------------
-----O----O--------OO-------------------
-----OO------------OO-------------------
---------O------------------------------
----------------------------------------
----------------------------------------
--------------------------------OO------
-----------------------------O---OO-----
---------------------------OO---O-------
---------------------------O--O---------
---------------------------O---O--------
----------------------------O-O---------
-----------------------------O----------
----------------------------------------

Life - generation  245 

\u001b[H
-------------OOO------------------------
-------------OOO------------------------
--------------O-------------------------
--------------O-------------------------
-------------OOO------------------------
------OOO----OOO------------------------
-----OOOOO------------------------------
----O---OO---------OO-------------------
-----OO------------OO-------------------
----------------------------------------
----------------------------------------
----------------------------------------
--------------------------------OOO-----
----------------------------O-----O-----
---------------------------OOO---O------
--------------------------OO---O--------
---------------------------OOOOO--------
----------------------------OOO---------
-----------------------------O----------
----------------------------------------

Life - generation  246 

\u001b[H
-------------O-O------------------------
----------------------------------------
----------------------------------------
----------------------------------------
-------O--------------------------------
-----O---O---O-O------------------------
-----O--------O-------------------------
----O----O---------OO-------------------
-----O-------------OO-------------------
----------------------------------------
----------------------------------------
---------------------------------O------
---------------------------------OO-----
---------------------------OOO--O-O-----
--------------------------O--O----------
--------------------------O----OO-------
--------------------------O----O--------
---------------------------O---O--------
----------------------------OOO---------
--------------O-------------------------

Life - generation  247 

\u001b[H
--------------O-------------------------
----------------------------------------
----------------------------------------
----------------------------------------
----------------------------------------
------O-------O-------------------------
----OO--------O-------------------------
----OO-------------OO-------------------
-------------------OO-------------------
----------------------------------------
----------------------------------------
---------------------------------OO-----
----------------------------O---O-O-----
---------------------------OOO----O-----
--------------------------O--OOOOO------
-------------------------OOO--OOO-------
--------------------------OO--OO--------
---------------------------OOO-O--------
----------------------------OOO---------
--------------O--------------O----------

Life - generation  248 

\u001b[H
----------------------------------------
----------------------------------------
----------------------------------------
----------------------------------------
----------------------------------------
-----O----------------------------------
----O-O---------------------------------
----OO-------------OO-------------------
-------------------OO-------------------
----------------------------------------
----------------------------------------
---------------------------------OO-----
---------------------------OOO----OO----
---------------------------O------O-----
-------------------------O-------O------
-------------------------O--O----O------
-------------------------O--------------
--------------------------O----O--------
---------------------------O------------
----------------------------OOO---------

Life - generation  249 

\u001b[H
-----------------------------O----------
----------------------------------------
----------------------------------------
----------------------------------------
----------------------------------------
-----O----------------------------------
----O-O---------------------------------
----OO-------------OO-------------------
-------------------OO-------------------
----------------------------------------
----------------------------------------
----------------------------O----OOO----
---------------------------OO------O----
--------------------------OO-----OOO----
--------------------------O------OO-----
------------------------OOO-------------
-------------------------OO-------------
--------------------------O-------------
---------------------------OOOO---------
----------------------------OO----------

Life - generation  250 

\u001b[H
----------------------------OO----------
----------------------------------------
----------------------------------------
----------------------------------------
----------------------------------------
-----O----------------------------------
----O-O---------------------------------
----OO-------------OO-------------------
-------------------OO-------------------
----------------------------------------
----------------------------------O-----
---------------------------OO-----OO----
--------------------------O-O-------O---
--------------------------O-O----O-O----
---------------------------------O-O----
------------------------O--O------------
------------------------O--O------------
-------------------------OO-OO----------
---------------------------O--O---------
---------------------------O------------

Life - generation  251 

\u001b[H
----------------------------O-----------
----------------------------------------
----------------------------------------
----------------------------------------
----------------------------------------
-----O----------------------------------
----O-O---------------------------------
----OO-------------OO-------------------
-------------------OO-------------------
----------------------------------------
----------------------------------OO----
---------------------------OO-----OO----
--------------------------O-OO------O---
-----------------------------------OO---
---------------------------O------------
----------------------------------------
------------------------O--O------------
-------------------------OO-OO----------
---------------------------O-O----------
---------------------------O-O----------

Life - generation  252 

\u001b[H
----------------------------O-----------
----------------------------------------
----------------------------------------
----------------------------------------
----------------------------------------
-----O----------------------------------
----O-O---------------------------------
----OO-------------OO-------------------
-------------------OO-------------------
----------------------------------------
----------------------------------OO----
---------------------------OOO----O-O---
----------------------------OO----O-O---
---------------------------OO------OO---
----------------------------------------
----------------------------------------
-------------------------OOOO-----------
-------------------------OO--O----------
---------------------------O-OO---------
---------------------------O-O----------

Life - generation  253 

\u001b[H
----------------------------O-----------
----------------------------------------
----------------------------------------
----------------------------------------
----------------------------------------
-----O----------------------------------
----O-O---------------------------------
----OO-------------OO-------------------
-------------------OO-------------------
----------------------------------------
----------------------------O-----OO----
---------------------------O-O---OO-O---
----------------------------------O-OO--
---------------------------OOO-----OO---
----------------------------------------
--------------------------OO------------
-------------------------O-OO-----------
-------------------------O---OO---------
---------------------------O-OO---------
---------------------------O-OO---------

Life - generation  254 

\u001b[H
----------------------------OO----------
----------------------------------------
----------------------------------------
----------------------------------------
----------------------------------------
-----O----------------------------------
----O-O---------------------------------
----OO-------------OO-------------------
-------------------OO-------------------
----------------------------------------
----------------------------O----OOO----
----------------------------O----O--OO--
---------------------------O-O---OO--O--
----------------------------O------OOO--
--------------------------O-------------
--------------------------OOO-----------
-------------------------O-OOO----------
---------------------------O--O---------
--------------------------O----O--------
---------------------------O--O---------

Life - generation  255 

\u001b[H
----------------------------OO----------
----------------------------------------
----------------------------------------
----------------------------------------
----------------------------------------
-----O----------------------------------
----O-O---------------------------------
----OO-------------OO-------------------
-------------------OO-------------------
----------------------------------O-----
---------------------------------OOOO---
---------------------------OOO--O---OO--
---------------------------O-O---OO---O-
---------------------------OO-----OOOO--
--------------------------O-O-------O---
-------------------------O---O----------
-----------------------------O----------
---------------------------O-OO---------
--------------------------OO--OO--------
---------------------------OOOO---------

Life - generation  256 

\u001b[H
---------------------------O--O---------
----------------------------------------
----------------------------------------
----------------------------------------
----------------------------------------
-----O----------------------------------
----O-O---------------------------------
----OO-------------OO-------------------
-------------------OO-------------------
---------------------------------OO-----
----------------------------O----OO-OO--
---------------------------O-O--O---OO--
--------------------------O--O---OO---O-
--------------------------O--O---OO-OO--
--------------------------O-OO------OO--
----------------------------OO----------
-----------------------------O----------
--------------------------OO-O-O--------
--------------------------O----O--------
--------------------------O----O--------

Life - generation  257 

\u001b[H
----------------------------------------
----------------------------------------
----------------------------------------
----------------------------------------
----------------------------------------
-----O----------------------------------
----O-O---------------------------------
----OO-------------OO-------------------
-------------------OO-------------------
---------------------------------OOO----
----------------------------O---O-O-OO--
---------------------------O-O--O---O-O-
--------------------------OO-OO-O-O---O-
-------------------------OO--OO--OO-O-O-
------------------------------O----OOO--
---------------------------O--O---------
---------------------------O-O----------
--------------------------OOO-----------
-------------------------OO----OO-------
--------------------------OO--OO--------

Life - generation  258 

\u001b[H
----------------------------------------
----------------------------------------
----------------------------------------
----------------------------------------
----------------------------------------
-----O----------------------------------
----O-O---------------------------------
----OO-------------OO-------------------
-------------------OO-------------O-----
---------------------------------OOOO---
----------------------------O---O-O-OO--
--------------------------OO-OO-O---O-O-
-------------------------O-O----O-O---OO
-------------------------OOOO----OO-O-O-
--------------------------O---OO--OOOO--
----------------------------OOO-----O---
-----------------------------O----------
-------------------------O--O-----------
-------------------------O--O-OOO-------
-------------------------OOO--OOO-------

Life - generation  259 

\u001b[H
--------------------------O----O--------
----------------------------------------
----------------------------------------
----------------------------------------
----------------------------------------
-----O----------------------------------
----O-O---------------------------------
----OO-------------OO-------------------
-------------------OO------------OO-----
------------------------------------OO--
---------------------------OOO-OO-O-----
--------------------------OO-O--O---O-OO
-------------------------O---O-OO-O---OO
-------------------------O--O--OO---O-OO
-------------------------OO---OO-OO-----
----------------------------O--O----OO--
------------------------------O---------
----------------------------O-OO--------
------------------------OO--O-O-O-------
-------------------------OOO-OO-O-------

Life - generation  260 

\u001b[H
-------------------------OOO--OO--------
----------------------------------------
----------------------------------------
----------------------------------------
----------------------------------------
-----O----------------------------------
----O-O---------------------------------
----OO-------------OO-------------------
-------------------OO-------------------
----------------------------O---O-OO----
--------------------------OO-OOOOO-OO-O-
--------------------------OO-O-----O-OOO
O------------------------O-O-O-----O----
------------------------OO---O----OO-OOO
-------------------------OOO-OO--O-OO-O-
-----------------------------O-OO-------
------------------------------O---------
------------------------------O---------
------------------------OO--O---O-------
------------------------O--OOOO-O-------

Life - generation  261 

\u001b[H
-------------------------OOO--OO--------
--------------------------O-------------
----------------------------------------
----------------------------------------
----------------------------------------
-----O----------------------------------
----O-O---------------------------------
----OO-------------OO-------------------
-------------------OO-------------------
---------------------------OOOO-O-OOO---
--------------------------O--OOOOO----OO
-------------------------O---O-OO--O-OOO
O-----------------------OO-O-OO----O----
------------------------O--O-O-------OOO
------------------------OOO--O-OOO-OO-OO
--------------------------O-OO-OO-------
-----------------------------OO---------
-----------------------------O-O--------
------------------------OO-OO-O---------
------------------------O-----O-O-------

Life - generation  262 

\u001b[H
-------------------------OOO--OO--------
-------------------------OOO------------
----------------------------------------
----------------------------------------
----------------------------------------
-----O----------------------------------
----O-O---------------------------------
----OO-------------OO-------------------
-------------------OO-------OO-----O----
---------------------------OO---O-OO----
--------------------------OO-----------O
O-----------------------OO-------OO-OO--
O-----------------------OO---O-O--------
O----------------------O---O-O-OO-OO-O--
------------------------O-O--O-O-O--O--O
--------------------------OOO----O------
--------------------------------O-------
-------------------------------O--------
------------------------OO--O-O---------
------------------------O---O-O---------

Life - generation  263 

\u001b[H
------------------------O---OOOO--------
-------------------------O-O------------
--------------------------O-------------
----------------------------------------
----------------------------------------
-----O----------------------------------
----O-O---------------------------------
----OO-------------OO-------------------
-------------------OO------OOO----OO----
--------------------------O--O----OO----
-------------------------OOOO-------O---
O-----------------------O--------------O
OO---------------------O-OO-O--O-----O-O
O----------------------O--O--O-O-OOOO--O
-------------------------OO--O-O-O-OO---
-------------------------OOOO----O------
---------------------------O----O-------
-------------------------------O--------
------------------------OO----OO--------
------------------------O---O-O---------

Life - generation  264 

\u001b[H
------------------------OO-OO-OO--------
-------------------------OOOOOO---------
--------------------------O-------------
----------------------------------------
----------------------------------------
-----O----------------------------------
----O-O---------------------------------
----OO-------------OO-------O-----------
-------------------OO------OOO----OO----
-------------------------O---O----O-O---
-------------------------OOOO------O----
-O----------------------O---O---------OO
-O---------------------O-OOO--O-O-OOO---
-O--------------------------OO-O-O---OOO
------------------------O----O---O--O---
-------------------------O--O----OO-----
---------------------------OO---O-------
------------------------------OOO-------
------------------------OO---OOO--------
-----------------------OO---O-----------

Life - generation  265 

\u001b[H
-----------------------O------OO--------
------------------------O-----OO--------
-------------------------OO-OO----------
----------------------------------------
----------------------------------------
-----O----------------------------------
----O-O---------------------------------
----OO-------------OO------OOO----------
-------------------OO------O-O----OO----
-------------------------O---O----O-O---
------------------------OOOOOO-----O----
O-----------------------O---OO----O-O---
-OO---------------------OOOO--OOOOOOO---
O-----------------------OOOOOO-O-O---OO-
-----------------------------OO--O---OO-
---------------------------OOO--OOO-----
---------------------------OOO--O-------
----------------------------O---O-------
-----------------------OOO---O--O-------
-----------------------O--OOO-----------

Life - generation  266 

\u001b[H
-----------------------OO--O-OOO--------
------------------------OO-----O--------
-------------------------O---OO---------
----------------------------------------
----------------------------------------
-----O----------------------------------
----O-O---------------------O-----------
----OO-------------OO------O-O----------
-------------------OO-----OO-OO---OO----
------------------------OO---OO---O-O---
------------------------O-OO--O---O-O---
-O---------------------O-------OO---O---
OO---------------------O-------O----O--O
-O----------------------O----------O--OO
-------------------------O-----O-----OOO
---------------------------O---OO-O-----
-------------------------------OO-------
------------------------O--O---OOO------
-----------------------OOOO--O----------
----------------------OO-OOOOOOO--------

Life - generation  267 

\u001b[H
----------------------O----O----O-------
-----------------------O-OO-O--O--------
------------------------OO----O---------
----------------------------------------
----------------------------------------
-----O----------------------------------
----O-O---------------------O-----------
----OO-------------OO-----OO-OO---------
-------------------OO----OOO------OO----
------------------------O------O-OO-O---
-----------------------OO-O--OO--O--OO--
-O---------------------OO-----OOO---OO--
-OO--------------------OO------OO--OOOOO
-O----------------------O-----------O---
O------------------------------OO----O-O
------------------------------O--O----O-
------------------------------O---------
-----------------------OO-O---OO-O------
----------------------O------O----------
----------------------O--------O--------

Life - generation  268 

\u001b[H
----------------------OO--OO---OO-------
-----------------------O-OOO---O--------
------------------------OOO-------------
----------------------------------------
----------------------------------------
-----O----------------------------------
----O-O--------------------OOO----------
----OO-------------OO----O---O----------
-------------------OO----O-OO-O--OOO----
-----------------------OO--O--O-OO--OO--
-----------------------------O---OO-----
OOO-------------------O------O---O------
-OO----------------------O----O-O--O--O-
-OO--------------------OO----------O----
O------------------------------OO----OOO
------------------------------O-O-----OO
-----------------------------OO-O-------
-----------------------O-----OOO--------
----------------------O--------OO-------
---------------------OOO----------------

Life - generation  269 

\u001b[H
---------------------O---O-O---OO-------
----------------------OO-------OO-------
------------------------O--O------------
-------------------------O--------------
----------------------------------------
-----O----------------------O-----------
----O-O---------------------OO----------
----OO-------------OO---------O---O-----
-------------------OO----O-OO-OOOOOOO---
------------------------O-OO--OOO---O---
-O---------------------O----OOO---O-----
O-O--------------------------OO-OO------
---O-------------------OO---------O-----
--O---------------------O-------O---OO--
OO-----------------------------OO----O--
O----------------------------OO-OO---O--
--------------------------------O-------
-----------------------------O----------
---------------------O---------OO-------
---------------------O------------------

Life - generation  270 

\u001b[H
---------------------O---------OO-------
----------------------OOO-O----OO-------
-----------------------OO---------------
----------------------------------------
----------------------------------------
-----O----------------------OO----------
----O-O---------------------OO----------
----OO-------------OO------O--O-O-O-----
-------------------OO----O-OO-----O-O---
------------------------OOO---------O---
-O-------------------------OO-----------
-OO--------------------OO---O-OO-OO-----
-OOO-------------------OO------OO-------
-OO--------------------OO------OOO--OO--
OO----------------------------O------OO-
OO----------------------------O--O------
-----------------------------OOOOO------
-------------------------------OO-------
----------------------------------------
--------------------OOO-----------------

Life - generation  271 

\u001b[H
--------------------O----------OO-------
----------------------O-OO-----OO-------
----------------------O-OO--------------
----------------------------------------
----------------------------------------
-----O----------------------OO----------
----O-O--------------------O--O---------
----OO-------------OO-----OO-----O-O----
-------------------OO---OO-OO----O------
------------------------OO---------O----
-OO--------------------O--OOOO----------
O--O-------------------OO--OOOOO-O------
O--O------------------O--O--------O-----
---O-------------------OO-----O--O--OOO-
------------------------------O--O--OOOO
OO-------------------------------O-----O
-----------------------------O---O------
---------------------------------O------
---------------------O------------------
--------------------OOO-----------------

Life - generation  272 

\u001b[H
--------------------O-OO-------OO-------
---------------------O--OO-----OO-------
------------------------OO--------------
----------------------------------------
----------------------------------------
-----O----------------------OO----------
----O-O-------------------OO-O----------
----OO-------------OO----O--------O-----
-------------------OO---O--OO-----------
-----------------------O-----O----------
-OO--------------------O--O-------------
O--O------------------OOOO----O---------
--OOO-----------------O--O--O--OOOO--O-O
-----------------------OO--------OOOO---
--------------------------------OOO-O---
O-------------------------------OOO--O-O
O-------------------------------OOO-----
----------------------------------------
--------------------OOO-----------------
--------------------O-O-----------------

Life - generation  273 

\u001b[H
--------------------O-OOO------OO-------
---------------------OO--O-----OO-------
------------------------OO--------------
----------------------------------------
----------------------------------------
-----O---------------------OOO----------
----O-O-------------------OO-O----------
----OO-------------OO----O--------------
-------------------OO---O---O-----------
-----------------------OO--OO-----------
-OO----------------------O--------------
O---O-----------------O--OO----OOO------
--OOO-----------------O--O-----OO---O---
---O-------------------OO------O----OO--
------------------------------------OO--
O------------------------------O-------O
O-------------------------------O-O----O
---------------------O-----------O------
--------------------O-O-----------------
-------------------OO-------------------

Life - generation  274 

\u001b[H
-------------------OO-OOO------OO-------
---------------------OO--O-----OO-------
------------------------OO--------------
----------------------------------------
----------------------------O-----------
-----O--------------------OO-O----------
----O-O-------------------OO-O----------
----OO-------------OO----OOOO-----------
-------------------OO--OOO-OO-----------
-----------------------OOO-OO-----------
-O---------------------O-O-O----O-------
----O-------------------OOO----O-O------
--O-O-----------------O--OO---O--O--OO--
--OOO------------------OO------OO--O----
------------------------------------OOO-
O-------------------------------------OO
O-------------------------------OO-----O
---------------------O-----------O------
-------------------OO-------------------
-------------------OO-O-----------------

Life - generation  275 

\u001b[H
-------------------O----O------OO-------
--------------------OOO--O-----OO-------
------------------------OO--------------
----------------------------------------
---------------------------OO-----------
-----O--------------------O--O----------
----O-O----------------------O----------
----OO-------------OO--------O----------
-------------------OO--O-----O----------
----------------------O-----------------
-----------------------O---OO---O-------
---O-------------------O---O---O-O------
--O-OO--------------------O---O--OO-O---
--O-O------------------OOO-----OO--O--O-
---O--------------------------------OOO-
O---------------------------------------
O-------------------------------OO----O-
--------------------O-----------OO------
-------------------O--------------------
------------------O---O-----------------

Life - generation  276 

\u001b[H
-------------------OO-OO-------OO-------
--------------------OO-O-O-----OO-------
---------------------O--OO--------------
----------------------------------------
---------------------------OO-----------
-----O---------------------O-O----------
----O-O---------------------OOO---------
----OO-------------OO-------OOO---------
-------------------OOO------------------
----------------------OO----O-----------
----------------------OO---OO---O-------
---OO---------------------OOO--O-OO-----
--O-OO-----------------O-OO---O--OOO----
--O-OO------------------OO-----OOOOO--O-
---O--------------------O-----------OOOO
--------------------------------------O-
--------------------------------OO-----O
--------------------------------OO------
-------------------O--------------------
------------------OO--------------------

Life - generation  277 

\u001b[H
------------------O---OOO------OO-------
-------------------O---O-O-----OO-------
--------------------OOO-OO--------------
----------------------------------------
---------------------------OO-----------
-----O---------------------O--O---------
----O-O--------------------O------------
----OO-------------O-O------O-O---------
-------------------O-OO-----O-----------
--------------------O--O---OO-----------
----------------------OO--O--O--OO------
---OOO----------------OOOO--OO-O---O----
--O---------------------------O---------
--O--O-----------------O--O----OO-----OO
---OO-------------------OO------OOOOO--O
----------------------------------------
--------------------------------OO------
--------------------------------OO------
------------------OO--------------------
------------------O---------------------

Life - generation  278 

\u001b[H
------------------OO--OOO------OO-------
-------------------OO----O-----OO-------
--------------------OOOOOO--------------
---------------------O------------------
---------------------------OO-----------
-----O--------------------OO------------
----O-O--------------------OOO----------
----OO---------------OO----OOO----------
-------------------O-OO-----O-----------
--------------------O--O---OOO----------
----O----------------O---OO--OO-O-------
---OO-----------------O-OO--OO-OO-------
--O--O----------------O--O---OO-O-------
--O-O-------------------OO-----OO-OO--OO
---OO-------------------OO-----OOOOO--OO
-----------------------------------O----
--------------------------------OO------
--------------------------------OO------
------------------OO--------------------
-----------------OO----O----------------

Life - generation  279 

\u001b[H
-----------------O--O-OOO------OO-------
------------------O------O-----OO-------
-------------------O--OOOO--------------
--------------------OO-OO---------------
--------------------------OOO-----------
-----O--------------------O--O----------
----O-O----------------------O----------
----OO--------------OOO-----------------
-----------------------O----------------
--------------------O-----OO--O---------
---OO----------------OOO-OO-----O-------
---OOO---------------OOOO---O---OO------
--O--O--------------------O-OO----------
--O-OO-----------------O--O--------O--OO
---OO-------------------OO-----O----O-OO
-------------------------------O---O----
--------------------------------OOO-----
--------------------------------OO------
-----------------OOO--------------------
-----------------O----OOO---------------

Life - generation  280 

\u001b[H
-----------------OO--OO--O-----OO-------
------------------OO-O---O-----OO-------
-------------------OOOO--O--------------
--------------------OO----OO------------
-------------------------OOOO-----------
-----O--------------------O--O----------
----O-O--------------O------------------
----OO---------------OO-----------------
--------------------O-O-----------------
---------------------O-OOOOO------------
---O-O--------------O----OO----OOO------
--O--O---------------O--O-O-OO--OO------
--O---O-----------------OO--OO----------
--O--O------------------O-OO---------OOO
---OOO------------------OO---------OOOOO
-------------------------------O-OOO----
-------------------------------O--O-----
------------------O-------------O-O-----
-----------------OO----O----------------
----------------OO-O-OO-O---------------

Life - generation  281 

\u001b[H
----------------O------OOO-----OO-------
-----------------O------OOO----OO-------
------------------O---O--O--------------
-------------------O--O-----O-----------
-------------------------O--O-----------
-----O-------------------OO-O-----------
----O-O--------------OO-----------------
----OO--------------O-O-----------------
--------------------O---OOO-------------
--------------------OOOOO--O----O-------
----O---------------OOOO----O--O-O------
--OOOOO-----------------O-O-OOOO-O------
-OOO-OO----------------OO----O--------O-
--O--OO----------------O--OOO----------O
---OOO------------------OOO--------O---O
----O---------------------------OO---OO-
-------------------------------O--------
-----------------OO--------------O------
----------------O--O--OO----------------
----------------O--OOO--O---------------

Life - generation  282 

\u001b[H
----------------OO--O--O--O----OO-------
-----------------O--------O----OO-------
------------------O----OOOO-------------
----------------------------------------
-------------------------OO-OO----------
-----O-------------------OOO------------
----O-O--------------OO-----------------
----OO--------------O-OO-O--------------
-------------------OO---OOO-------------
-------------------O------OO----O-------
----O---------------O----O--O--O-O------
-O----O--------------O--OO-OO--O--------
-O-----O---------------OO-O-------------
OO---------------------O--OOO---------OO
---O--O-----------------OOO------------O
---OOO-------------------O------O-----O-
---------------------------------O------
-----------------OO---------------------
----------------O--O-OOO----------------
---------------OOO-OOO---O--------------

Life - generation  283 

\u001b[H
---------------O---OOO---OO----OO-------
----------------OOO----O--OO---OO-------
------------------------OOO-------------
---------------------------O------------
-------------------------O--O-----------
-----O-------------------O-OO-----------
----O-O--------------OOOOO--------------
----OO-------------OO-OO-OO-------------
-------------------OOO-OO--O------------
-------------------O----O--O----O-------
--------------------O---OO--O--O--------
-----------------------O---OO---O-------
-OO-------------------OO---------------O
-OO--------------------O--------------OO
--OO-O------------------O---------------
---OOO------------------OOO-------------
----O-----------------------------------
-----------------OO---O-----------------
---------------O---O-OO-----------------
---------------O---O---OO---------------

Life - generation  284 

\u001b[H
---------------O-O-OO-OO-OOO---OO-------
----------------OOOOO------O---OO-------
-----------------O------OO--------------
------------------------O--O------------
----------------------------O-----------
-----O----------------OO-O-OO-----------
----O-O-------------OO-----O------------
----OO-------------O------O-------------
------------------O--O-----O------------
-------------------O-O----OOO-----------
-----------------------OOOO-O--OO-------
----------------------OO---OO-----------
-OO-------------------OOO-------------OO
----------------------OOO-------------OO
-O---O-----------------OO---------------
--O--O------------------OO--------------
---OOO-------------------O--------------
------------------O--OO-----------------
----------------O--OOOO-----------------
--------------OOO-OO---OOO--------------

Life - generation  285 

\u001b[H
--------------O------OOO-O-O---OO-------
--------------------OO-O---O---OO-------
----------------OO-O----OOO-------------
------------------------OO--------------
-----------------------OO-O-O-----------
-----O---------------OO---OOO-----------
----O-O-------------OOO----OO-----------
----OO-------------O-O----OO------------
------------------OO--------O-----------
--------------------O-O-O---O-----------
-----------------------OOO---O----------
--------------------------OOO-----------
O--------------------O----------------OO
-OO----------------------O------------OO
----------------------O-----------------
--OO-OO----------------O-O--------------
---OOO------------------OO--------------
----O--------------O--O-----------------
----------------O-------O---------------
--------------O----------O--------------

Life - generation  286 

\u001b[H
--------------------OO-O-------OO-------
--------------------OO-O---O---OO-------
--------------------O--O--O-------------
---------------------------O------------
----------------------OOO-O-O-----------
-----O--------------O----OO--O----------
----O-O---------------------------------
----OO------------OO-OO---O-------------
------------------OO-O------O-----------
-------------------O----OO--OO----------
-----------------------OOOO--O----------
------------------------OOOOO----------O
OO------------------------OO----------O-
-O------------------------------------O-
-O-O--------------------O---------------
--OO-OO----------------O-O--------------
--O---O----------------OOO--------------
---OOO-----------------OOO--------------
----------------------------------------
---------------O------OO-OO-------------

Life - generation  287 

\u001b[H
--------------------O--O--O----OO-------
-------------------O---OO------OO-------
--------------------OOO---OO------------
----------------------O-OOOO------------
-----------------------OO-O-O-----------
-----O-----------------OOOOO------------
----O-O------------OOO---OO-------------
----OO------------OO-OO-----------------
---------------------OO--O-OOO----------
------------------OOO--O--OOOO----------
-----------------------O-----O----------
O----------------------O----O----------O
OO--------------------------O---------O-
-O-------------------------------------O
-O-OO-------------------O---------------
-O-OOOO----------------O-O--------------
--O---O---------------O---O-------------
---OOO-----------------O-O--------------
----O-----------------O---O-------------
---------------------OOOO---------------

Life - generation  288 

\u001b[H
--------------------OO---O-----OO-------
-------------------O---OOOOO---OO-------
--------------------OOO----O------------
----------------------O-O---O-----------
----------------------O-----O-----------
-----O--------------O-OO----------------
----O-O-----------OO-O-O---O------------
----OO------------OO-----O-OO-----------
-----------------------O-----O----------
-------------------OOO-OO-O---O---------
-------------------O--OOO----O----------
OO--------------------------OO---------O
-O------------------------------------O-
-O-------------------------------------O
-O-O--------------------O---------------
-O----O----------------OOO--------------
--O---O---------------OO-OO-------------
---OOO----------------OO-OO-------------
---OOO---------------O---O--------------
---------------------O--OO--------------

Life - generation  289 

\u001b[H
--------------------OOOO-------OO-------
-------------------O---OOO-O---OO-------
--------------------OOO----OO-----------
----------------------O----OO-----------
----------------------O-----------------
-----O-------------OO--O----------------
----O-O-----------O--O-OO-OOO-----------
----OO------------OOO-O-O-OOO-----------
------------------O---OO-OOOOO----------
-------------------OOO---O---OO---------
O------------------O-OO-OO--OOO---------
OO---------------------O----OO---------O
-OO-----------------------------------O-
-O--------------------------------------
-O---------------------OOO--------------
-O--------------------O---O-------------
--OOO-O---------------------------------
--O---O--------------O-O----------------
---O-O---------------O-O----------------
----O----------------OO-OOO-------------

Life - generation  290 

\u001b[H
--------------------O----------OO-------
-------------------O----O-OOO--OO-------
--------------------OOO-O---------------
----------------------OO---OO-----------
---------------------OOO----------------
-----O-------------OOO-OO--O------------
----O-O-----------O--O--O-O-O-----------
----OO-----------OO-O-------------------
------------------O---OO------O---------
------------------OO--------------------
OO-----------------O-OOOOO-------------O
--O-------------------OOO---O-O--------O
--O------------------------------------O
OO----------------------O---------------
OOO--------------------OOO--------------
-O-O-------------------OOO--------------
-OOO-O----------------O-----------------
--O---O---------------------------------
---OOO--------------OO-O-O--------------
----O-------------------OO--------------

Life - generation  291 

\u001b[H
------------------------O-OO---OO-------
-------------------O---O-O-O---OO-------
--------------------OOO-OOO-------------
--------------------O---O---------------
---------------------------OO-----------
-----O-------------O----OO-O------------
----O-O----------OO--OOOOO-O------------
----OO-----------OO--OOO----------------
----------------------------------------
O-----------------OOOO------------------
OO----------------OOOO---O-------------O
--O------------------O---O------------OO
--O---------------------O--------------O
-----------------------OOO-------------O
----------------------------------------
---OO-----------------O--O--------------
-O-OO------------------OO---------------
-O----O--------------OO-----------------
---OOO-------------------O--------------
---OOO--------------OO--OO--------------

Life - generation  292 

\u001b[H
----O---------------O--O---O---OO-------
--------------------OOOO---O---OO-------
-------------------OOOO---O-------------
--------------------O--OO-OO------------
------------------------OOOOO-----------
-----O------------O---O--O-O------------
----O-O----------O-OOO---O--------------
----OO-----------OO--O------------------
-----------------O----------------------
OO----------------O--O-----------------O
-O----------------O---O---------------O-
--O----------------O-O--OO------------O-
O----------------------O---------------O
-----------------------OOO--------------
-----------------------O-O--------------
--OOO------------------OO---------------
---OOO---------------O-OO---------------
----------------------OOO---------------
--OO--O-------------O-O-OO--------------
---O-O------------------O---------------

Life - generation  293 

\u001b[H
----O---------------O--OO------OO-------
-----------------------O--OO---OO-------
-------------------O----OOO-------------
-------------------OO-OOO---O-----------
----------------------------O-----------
-----O------------OOOO-----OO-----------
----O-O----------O-OOOO---O-------------
----OO----------OO-O-O------------------
O----------------O----------------------
OO---------------OO--------------------O
-OO---------------OOOOO---------------O-
OO--------------------OOO-------------O-
----------------------OO---------------O
----------------------OO-O--------------
---O------------------O--O--------------
--O--O-------------------O--------------
--O--O-------------------O--------------
--O--O----------------------------------
--OOO----------------OO--O--------------
--OO-O---------------O--OO--------------

Life - generation  294 

\u001b[H
---OO-----------------OO--O----OO-------
-----------------------O--OO---OO-------
-------------------OO-O---O-------------
-------------------OO--OO--O------------
------------------O---OO----OO----------
-----O------------O---O----OO-----------
----O-O---------OO----O----O------------
----OO----------OO-O-OO-----------------
OO-------------------------------------O
--O--------------O--OO-----------------O
--O--------------OOOOOO---------------O-
OOO----------------OO---O-------------O-
O--------------------O-----------------O
---------------------O------------------
----------------------OO-OO-------------
--OOO-------------------OOO-------------
-OOOOOO---------------------------------
-OO--O----------------------------------
-O---O---------------OO-OO--------------
--O--O--------------OO---O--------------

Life - generation  295 

\u001b[H
---OO----------------OOOOOOO---OO-------
---------------------O-O-OOO---OO-------
-------------------OOOO-OOO-------------
------------------O-O---O--OO-----------
------------------O--OO-O----O----------
-----O------------O--OO----O-O----------
----O-O---------O-----OO---OO-----------
O---OO----------OOO--OO-----------------
OO--------------OOO---O----------------O
--O--------------O----O---------------OO
O-OO-------------O----O---------------O-
O-O-------------------O---------------O-
O--------------------O-----------------O
---------------------O------------------
---O------------------OO--O-------------
-O---------------------OO-O-------------
------O------------------O--------------
O---------------------------------------
-O--OOO-------------OOO-OO--------------
--OO-O--------------O----OO-------------

Life - generation  296 

\u001b[H
--OOO---------------OO-O-------OO-------
-------------------------------OO-------
-------------------O--O-----O-----------
------------------O-----O-OOO-----------
-----------------OO-O-O----O-O----------
-----O-----------O---------O-O----------
----O-O---------O-O----O---OO-----------
OO--OO---------O--O--O-----------------O
-O--------------------OO--------------O-
--OO-----------------OOO--------------O-
O-OO-----------------OOO-------------OO-
O-OO-----------------OO---------------O-
OO-------------------OO----------------O
---------------------O------------------
----------------------OOOO--------------
----------------------OOO-O-------------
------------------------OO--------------
------O--------------O--OO--------------
-OOOOOO-------------OO--OOO-------------
--O---O-------------O------O------------

Life - generation  297 

\u001b[H
--OO----------------OO---------OO-------
---O----------------OOO--------OO-------
----------------------------O-----------
-----------------OO--O-O--O--O----------
-----------------OOO---------O----------
-----O----------O--O------OO-O----------
O---O-O---------O-O--------OO-----------
OO--OO-----------O-----O---------------O
-O-OO------------------O--------------O-
---O--------------------O-------------O-
----O---------------O----------------OO-
---O----------------O----------------OO-
OOO-----------------O------------------O
O--------------------O--O---------------
---------------------O---O--------------
----------------------O---O-------------
----------------------O---O-------------
--OOO-O-------------OO-O----------------
-OOOO-OO------------OO--O-O-------------
------O------------O--O-OOO-------------

Life - generation  298 

\u001b[H
--OO---------------O---O-O-----OO-------
--OO----------------O-O--------OO-------
--------------------O-------------------
-----------------O-O--------OO----------
----------------O--OO-----OO-OO---------
-----O----------O--O------OO-O----------
OO--O-O---------O-O-------OOO----------O
-OO--------------O---------------------O
-O-O-O-----------------OO-------------O-
--OO----------------------------------OO
---OO----------------------------------O
OOOO---------------OOO---------------O--
OOO-----------------OO----------------OO
O-------------------OO-----------------O
---------------------OO--O--------------
---------------------OO--OO-------------
---O------------------OO----------------
-O--O-OO------------O--O-O--------------
-O--O-OO-----------O----O-O-------------
-O--OOOO-----------O--OOO-O-------------

Life - generation  299 

\u001b[H
-O---OO------------OOO---O-----OO-------
--OO---------------OOO---------OO-------
-------------------OOO------------------
------------------OO-------OOOO---------
----------------OO-OO-----O---O---------
O----O---------OO-OOO----O---OO---------
-OO--O----------O-O-------O-O----------O
---OOO-----------O---------O----------OO
-O-OO---------------------------------O-
O-------------------------------------OO
----O---------------O------------------O
----O--------------O-O------------------
---O------------------O---------------O-
--------------------------------------O-
-------------------------OO-------------
------------------------OOO-------------
-----------------------O-OO-------------
--OOO-OO--------------OO-O--------------
OOOOO---O----------OO-O---O-------------
-O--O--O----------OOO-O---O-------------

Life - generation  300 

\u001b[H
-O-OOOO---------------O--------OO-------
--O---------------O---O--------OO-------
---------------------O------OOOO--------
-----------------O---O-----OOOO---------
---------------OO---------OO---O--------
OO-------------O----O----OOO-OO---------
-OOO-OO--------OO-O-------OOOO--------OO
-O---O-----------O---------O----------OO
--OO-O-------------------------------O--
O--OO---------------------------------O-
O-------------------O-----------------OO
---OO---------------OO------------------
----------------------------------------
----------------------------------------
------------------------O-O-------------
---------------------------O------------
---O------------------OO----------------
----OO-O-------------OOO-O--------------
O-----O-O---------O-O-O--OO-------------
----O-OO----------O---O--OO-------------

Life - generation  301 

\u001b[H
--OOO-OO-------------OOO-------OO-------
--OOOO---------------OO------O----------
---------------------OO----O----O-------
----------------O---------O-------------
---------------OO--------O-----O--------
OO------------O--O-------O---OO--------O
----OOO--------OOO-------O---OO-------O-
-O---O----------OO--------OO---------O-O
OOOO-O-------------------------------O--
OOOOO--------------------------------OO-
O-------------------OO----------------O-
--------------------OO-----------------O
----------------------------------------
----------------------------------------
----------------------------------------
-----------------------O----------------
----O----------------O-OO---------------
----OOOO-----------------OO-------------
----O---O----------O--------------------
---OO--------------O--OO-OO-------------

Life - generation  302 

\u001b[H
------O-------------O---O---------------
--O--OO-------------O----------OO-------
---OO----------------OO-----------------
---------------OO---------O-------------
O--------------OOO-------OO---O---------
O----O--------O--O------OOO--O-O-------O
-O--OOO--------O--O------O--OOO-------O-
-O-O-----------O-O--------O----------O-O
-----O------------------------------OO--
----O--------------------------------OO-
O-OO----------------OO---------------OO-
--------------------OO-----------------O
----------------------------------------
----------------------------------------
----------------------------------------
----------------------OOO---------------
----O-O---------------OOOO--------------
---OO-OO----------------OO--------------
------OO----------------O---------------
--O----O------------OO-OO---------------

Life - generation  303 

\u001b[H
-----OOO-----------OO--OO---------------
---OOOO-------------O-------------------
---OOO---------------O------------------
---------------O-O-------OO-------------
O-------------O--O------O--O--O--------O
OO--OOO-------O--OO-----O--OO--O-------O
-OO-OOO-------OO-OO-----O--OOOO-------O-
O-O---O---------O------------O------OO--
----O-------------------------------O---
---OO----------------------------------O
---O----------------OO---------------O--
--------------------OO----------------OO
----------------------------------------
----------------------------------------
-----------------------O----------------
----------------------O--O--------------
---OO-OO--------------O-----------------
---OO-----------------------------------
---O-O--O-------------------------------
-------O------------OO-OOO--------------

Life - generation  304 

\u001b[H
-------O-----------O--OO-O--------------
---O---O-----------OOO------------------
---O--O---------------------------------
----O-----------O--------OO-------------
-O---O--------OO-O------O--OO----------O
--OOO-O------OO--------OOOO----O------O-
--O-O--O------OO--O--------O--O------OO-
--O-O-O--------OOO-----------OO-----OO--
----OO------------------------------OO--
---OO-----------------------------------
---OO---------------OO-----------------O
--------------------OO----------------O-
----------------------------------------
----------------------------------------
----------------------------------------
----------------------OO----------------
---OOO----------------------------------
--O---OO--------------------------------
---O--------------------O---------------
----OO-OO----------OOOOO-O--------------

Life - generation  305 

\u001b[H
----O--O----------O----O----------------
------OO-----------OOOO-----------------
---OO---------------O-------------------
----OO---------OO--------OOO------------
--O--O-------OOOO------O---O------------
-OO-O-O------O--O------OOOO-O--------OOO
-OO-O-OO-----O---O------OOO--OOO----O-O-
----O-O-------OOOO-----------OO---------
----------------O-------------------OO--
----------------------------------------
---OO---------------OO------------------
--------------------OO------------------
----------------------------------------
----------------------------------------
----------------------------------------
----O-----------------------------------
---OOOO---------------------------------
--O--OO---------------------------------
---OOO--O-----------OOOOO---------------
----O-OOO----------OOO---O--------------

Life - generation  306 

\u001b[H
------------------O---------------------
---OOOOO-----------OOOO-----------------
---OO-O------------OO-----O-------------
-----O----------O---------OO------------
-OO---O------O---O-----O----O---------O-
O---O-OO----OO--OO-----O----OOO------OOO
OOO-O-OO-----O---O-----O--OOO--O------OO
---O--OO------OO-O-------O---O-O----O---
----------------OO----------------------
----------------------------------------
--------------------OO------------------
--------------------OO------------------
----------------------------------------
----------------------------------------
----------------------------------------
---OO-----------------------------------
---O--O---------------------------------
--O----O-------------OOO----------------
---O----O----------O--OOO---------------
------O-O----------O--------------------

Life - generation  307 

\u001b[H
----O-------------O--O------------------
---O--OO----------O--O------------------
---O---O-----------O------OO------------
--OOOOO-------------------OO------------
OO----OO----OO---O----------O--------OO-
------------OOO-OOO---OOO-----O------O--
-OO-O---O---OO-O-OO-----O-OO---O--------
OOOO-OOO------OO-OO-------OOO-O--------O
---------------OOO----------------------
----------------------------------------
--------------------OO------------------
--------------------OO------------------
----------------------------------------
----------------------------------------
----------------------------------------
---OO-----------------------------------
--OOO-----------------O-----------------
--OO---O-------------O--O---------------
--------O-----------OO--O---------------
-------O----------OO---O----------------

Life - generation  308 

\u001b[H
------OO---------OO-O-O-----------------
---OO-OO----------OOO-------------------
-------O------------------OO------------
-OOOOO--------------------O-O-----------
-OOOO-OO----O-O-OOO----O---O---------OO-
O-O----O---O---O-------OOO-O---------OO-
----OOOO----O------O----O-O-OOOO--------
O--OOOOO-----O-----------OO-O-----------
OOO---O-------OO-OO--------O------------
----------------O-----------------------
--------------------OO------------------
--------------------OO------------------
----------------------------------------
----------------------------------------
----------------------------------------
--O-O-----------------------------------
----------------------------------------
--O-O---------------OOOO----------------
-------OO----------OOOOOO---------------
------------------OO-OO-----------------

Life - generation  309 

\u001b[H
-----OOO---------O----O-----------------
-----O--O--------OO-OO------------------
-------O-----------O------OO------------
-O---O-O---------O--------O-O-----------
O-----OO-------OOO-----O-O-OO--------OOO
--O-----O--OOO-OOOO----O-O-O-OO------OOO
-O------O---O----------O----OOO--------O
O-OO---------OO---O------OO-O-O---------
OOOOO-OO------OOOO--------OO------------
-O-------------OOO----------------------
--------------------OO------------------
--------------------OO------------------
----------------------------------------
----------------------------------------
----------------------------------------
----------------------------------------
---------------------OO-----------------
-------------------O----O---------------
------------------O-----O---------------
------O-O--------O----------------------

Life - generation  310 

\u001b[H
-----O--O-------OO---O------------------
-----O--O--------OOOOO------------------
-------OO--------O-OO-----OO------------
O------OO--------OO------O--O---------OO
OO----OOO---O-OO---------O-----------O--
-O------O--OOOOO--O---OO---O--O------O--
-O-O-------O---OO-O------O-----O-------O
----O--O-----OO-OO-------OO-O-O--------O
O---O--------O----O------OOO------------
OO-O----------O--O----------------------
----------------O---OO------------------
--------------------OO------------------
----------------------------------------
----------------------------------------
----------------------------------------
----------------------------------------
----------------------------------------
-----------------------O----------------
------------------O---------------------
-----OO----------OO---------------------

Life - generation  311 

\u001b[H
----OO-O--------O----O------------------
------O-OO-----------O------------------
------O--O------O----O----OO-----------O
OO-------O------OOOO-----O-O----------OO
-O----O--O-OO--OOOO-----O-O----------O--
-O------O--O-----O------O-O-----------O-
--O--------O------O-----OO-O-OOO------O-
---OO-------OOO-O-O-----O--------------O
OO-OO--------O-OO-O------O-O-----------O
OO---------------O--------O-------------
--------------------OO------------------
--------------------OO------------------
----------------------------------------
----------------------------------------
----------------------------------------
----------------------------------------
----------------------------------------
----------------------------------------
-----------------OO---------------------
-----OO---------O-O---------------------

Life - generation  312 

\u001b[H
----O--OO--------O----------------------
------O-OO----------OOO-----------------
-------O-OO-----O-O-O-----OO----------OO
-O------OO---------O-----O-O----------OO
-OO-----OO-OO--O---O----O-OO---------O--
-OO--------O-----------OO-OO--O------OO-
--OO-------O-O----O----OO-O---O-------OO
-O--O-------OOO-O-OO----O---O-O-------OO
-O-OO-------OO-OO-O------OO------------O
-OO-------------OO--------O------------O
--------------------OO------------------
--------------------OO------------------
----------------------------------------
----------------------------------------
----------------------------------------
----------------------------------------
----------------------------------------
----------------------------------------
-----------------OO---------------------
----OOO---------O-O---------------------

Life - generation  313 

\u001b[H
----O---OO-------O---O------------------
------O---O------O-OOO------------------
O------O--O---------O-----OO----------OO
-OO----O---O------OOO----O--O--------O-O
--------OO-OO----------OO---O--------O-O
O----------O-------------------------O-O
---O-------O-OO--OOO------O---OO--------
-O--O------O----O-OO---OO-OO-O----------
-O-OO-------O-----OO-----OOO-----------O
-OOO-----------OOO-------OO-------------
--------------------OO------------------
--------------------OO------------------
----------------------------------------
----------------------------------------
----------------------------------------
----------------------------------------
----------------------------------------
----------------------------------------
-----O-----------OO---------------------
----OOOO--------O-O---------------------

Life - generation  314 

\u001b[H
----O---OO------OO-O-O------------------
-------OO-O-------OO-O-----------------O
OO----OO--OO--------------OO----------OO
-O-----O-O-OO------OO---OOO-O--------O--
-O------O--OO------O----O-----------OO-O
O----------O-O----O--------------------O
O---------OO-----O-O-----OOO--O---------
O---O------O-O------O---O---O-O---------
-O--O----------O---O--------O-----------
OO-OO-----------OOOOO----O-O------------
--O-------------O---OO------------------
--------------------OO------------------
----------------------------------------
----------------------------------------
----------------------------------------
----------------------------------------
----------------------------------------
----------------------------------------
----OO-----------OO---------------------
----O-OOO-------O-O---------------------

Life - generation  315 

\u001b[H
-----OO---------O--O--------------------
------O---OO-----OOO------------------OO
-O----O-----O-----O-------OO----------OO
-OO---OO-O---------OO---O-O---------OO--
-O------O----O----OOO---O-----------OO-O
-O----------------OO-----OO-----------OO
OO--------OO------OO-----OOO-O----------
OO--------OOO-----OOO----OO-O-----------
-OO-OO----------OO---------OOO----------
OO-OO----------OOOO--O------------------
-OOO------------O-O---------------------
--------------------OO------------------
----------------------------------------
----------------------------------------
----------------------------------------
----------------------------------------
----------------------------------------
----------------------------------------
----OOOO---------OO---------------------
---OO-OOOO------O--O--------------------

Life - generation  316 

\u001b[H
----O---OOO-----O--OO-------------------
O-----OO---O-----O-O------------------OO
-OO--OO---OO-----O--O----OOO-----------O
-OO---OOO-----------O-----OO--------O--O
-O-----OO---------------O-O---------O--O
-OO--------------O------O--O---------OOO
--O-------O-O----O------O---O-----------
----------O-O-------O----O--------------
----OO-----O---O----O-----OOOO----------
O----O---------O--O---------O-----------
OO-OO----------OO-OOOO------------------
--O-------------------------------------
----------------------------------------
----------------------------------------
----------------------------------------
----------------------------------------
----------------------------------------
-----OO---------------------------------
---OO------------OO---------------------
---O----O-------O--O--------------------

Life - generation  317 

\u001b[H
--------OOO-----OO-OO------------------O
OO----OOO--O----OO-O------O-----------OO
--O--O--O-OO------OOO----O-O------------
-----O--OO----------------------------OO
------O-O-----------------O---------O--O
-OO--------------------OO--O---------OOO
-OO---------------------OO------------O-
----------O-O------------OO--O----------
----OO-----O-------O------OOOO----------
OO-O-O--------OO-OO--O------OO----------
OOOOO----------OOOOOO-------------------
-OOO---------------OO-------------------
----------------------------------------
----------------------------------------
----------------------------------------
----------------------------------------
----------------------------------------
----OO----------------------------------
---OOO-----------OO---------------------
---O----O-------O--OO-------------------

Life - generation  318 

\u001b[H
----------O----O----------------------OO
OO----O----O----O---------O-----------OO
-O---O----OO-----OOOO-----O-------------
-----OO-O-O--------O------O-----------OO
-------OOO------------------------------
-OO--------------------OO-O----------O-O
OOO--------------------O-------------OOO
-----------O------------O----O----------
----OO-----O------O------OO---O---------
O----O--------OO-------------O----------
--------------OO-----O------------------
O---O-----------OO--O-------------------
--O-------------------------------------
----------------------------------------
----------------------------------------
----------------------------------------
----------------------------------------
---O-O----------------------------------
---O-O-----------OOO--------------------
---O----O-------O---O-------------------

Life - generation  319 

\u001b[H
---------------OO---------------------O-
-O---------O----OOOO------------------O-
-O---O-O-OOO-----OOOO----OOO------------
-----OO-O-OO-------OO-------------------
O-----OOOO---------------O-------------O
--O-----O--------------OO------------O-O
--O--------------------O-O-----------O-O
OO----------------------OO------------OO
----OO-------------------O---OO---------
----OO--------OO------------------------
--------------O-------------------------
---------------OO-----------------------
----------------------------------------
----------------------------------------
----------------------------------------
----------------------------------------
----------------------------------------
------------------O---------------------
--OO-------------OOO--------------------
----O-----------OOOO--------------------

Life - generation  320 

\u001b[H
---------------O------------------------
-----------O---O----O-----O-------------
-----O-OOO--O---O---------O-------------
O----O-----O--------O----O--------------
O----OO---O-------------O-------------OO
-O------OO-------------O-O-------------O
--O--------------------O-O-----------O--
OO-----------------------OO-----------OO
O---OO------------------OO-------------O
----OO--------OO------------------------
--------------O-O-----------------------
---------------O------------------------
----------------------------------------
----------------------------------------
----------------------------------------
----------------------------------------
----------------------------------------
-----------------OOO--------------------
---O------------O-----------------------
---O-----------O---O--------------------

Life - generation  321 

\u001b[H
--------------OOO-----------------------
--------O------OO-----------------------
------O-O-OOO------------OO-------------
O---OO-OOOOO-------------O--------------
-O---OO--OO-------------OO------------O-
-O-------O-------------O-O-------------O
--O----------------------O--------------
-O------------------------O-----------O-
-O--OO------------------OOO-----------O-
----OO--------OO------------------------
--------------O-O-----------------------
---------------O------------------------
----------------------------------------
----------------------------------------
----------------------------------------
----------------------------------------
------------------O---------------------
-----------------OO---------------------
----------------OO-O--------------------
---------------OO-----------------------

Life - generation  322 

\u001b[H
--------------O--O----------------------
-------O-O-O--O-O-----------------------
-----OO-----O------------OO-------------
----O-------O---------------------------
-O--OOOO---O-------------OO------------O
OOO------OO--------------OO-------------
OOO---------------------OOO-------------
-OO---------------------O-O-------------
----OO-------------------OO-------------
----OO--------OO---------O--------------
--------------O-O-----------------------
---------------O------------------------
----------------------------------------
----------------------------------------
----------------------------------------
----------------------------------------
-----------------OO---------------------
----------------O--O--------------------
---------------O------------------------
--------------O-------------------------

Life - generation  323 

\u001b[H
-------------OO-------------------------
------O------O-O------------------------
-----OO----OOO--------------------------
----O--O---OO---------------------------
-OOOOOO---OO-------------OO-------------
---O-OO---O----------------O-----------O
---O--------------------O--O------------
O-OO--------------------O--O------------
---OOO------------------O-O-------------
----OO--------OO---------OO-------------
--------------O-O-----------------------
---------------O------------------------
----------------------------------------
----------------------------------------
----------------------------------------
----------------------------------------
-----------------OO---------------------
----------------OOO---------------------
---------------O------------------------
--------------OO------------------------

Life - generation  324 

\u001b[H
-------------O--------------------------
-----OO---------------------------------
-----OOO---O-OO-------------------------
--O----O-----O--------------------------
--O----O--O-O-------------O-------------
------O---OO-------------O-O------------
---O----------------------OOO-----------
--O--------------------OO-OO------------
--O--O------------------O-OO------------
---O-O--------OO---------OO-------------
--------------O-O-----------------------
---------------O------------------------
----------------------------------------
----------------------------------------
----------------------------------------
----------------------------------------
----------------O-O---------------------
----------------O-O---------------------
--------------OO-O----------------------
-------------O-O------------------------

Life - generation  325 

\u001b[H
--------------O-------------------------
-----O-O----OOO-------------------------
-----O-O----OOO-------------------------
-------OO--O-OO-------------------------
------OO--O-O-------------O-------------
----------OO-------------O--O-----------
------------------------O---O-----------
--OO-------------------OO---------------
--OOO------------------OO---------------
----O---------OO---------OOO------------
--------------O-O-----------------------
---------------O------------------------
----------------------------------------
----------------------------------------
----------------------------------------
----------------------------------------
----------------------------------------
----------------O-O---------------------
--------------OO-O----------------------
-------------O-OO-----------------------

Life - generation  326 

\u001b[H
------------O---------------------------
------------O--O------------------------
-------O---O---O------------------------
--------O--O--O-------------------------
------OOOOO-OO--------------------------
----------OO-------------O-O------------
-----------------------OOO--------------
--O-O--------------------O--------------
--O-O------------------O--O-------------
----O---------OO--------OOO-------------
--------------O-O---------O-------------
---------------O------------------------
----------------------------------------
----------------------------------------
----------------------------------------
----------------------------------------
----------------------------------------
---------------OOO----------------------
--------------O--O----------------------
-------------O--O-----------------------

Life - generation  327 

\u001b[H
------------OO--------------------------
-----------OO---------------------------
-----------OO-OO------------------------
------O----O-OO-------------------------
-------OO---OO--------------------------
-------OO-OOO------------OO-------------
-------------------------O--------------
-----------------------O-OO-------------
----OO--------------------O-------------
---O----------OO--------O-OO------------
--------------O-O---------O-------------
---------------O------------------------
----------------------------------------
----------------------------------------
----------------------------------------
----------------------------------------
----------------O-----------------------
---------------OOO----------------------
--------------O--O----------------------
-------------O--------------------------

Life - generation  328 

\u001b[H
-----------O-O--------------------------
--------------O-------------------------
----------O---OO------------------------
-------O---O---O------------------------
------O-OOO---O-------------------------
-------OOO-OOO-----------OO-------------
-----------O----------------------------
------------------------OOO-------------
----O-------------------O---------------
----O---------OO----------OO------------
--------------O-O--------OOO------------
---------------O------------------------
----------------------------------------
----------------------------------------
----------------------------------------
----------------------------------------
---------------OOO----------------------
---------------O-O----------------------
--------------OO-O----------------------
------------OOO-------------------------

Life - generation  329 

\u001b[H
----------------------------------------
-------------OOO------------------------
--------------OO------------------------
-------OO--O---O------------------------
------O------OO-------------------------
-------O---OOO--------------------------
--------O-OO------------O---------------
------------------------OO--------------
------------------------O--O------------
--------------OO-----------O------------
--------------O-O--------O-O------------
---------------O----------O-------------
----------------------------------------
----------------------------------------
----------------------------------------
----------------O-----------------------
---------------O-O----------------------
-----------------OO---------------------
---------------O------------------------
------------O--O------------------------

Life - generation  330 

\u001b[H
-------------O-O------------------------
-------------O-O------------------------
-------------O--O-----------------------
-------O-----O-O------------------------
------O-O--O-OO-------------------------
-------O--OO-OO-------------------------
----------OO------------OO--------------
-----------------------OOO--------------
------------------------OOO-------------
--------------OO-----------OO-----------
--------------O-O----------O------------
---------------O----------O-------------
----------------------------------------
----------------------------------------
----------------------------------------
----------------O-----------------------
-----------------OO---------------------
-----------------OO---------------------
----------------O-----------------------
----------------------------------------

Life - generation  331 

\u001b[H
----------------------------------------
------------OO-OO-----------------------
------------OO-OO-----------------------
-------O-----O-O------------------------
------O-O-OO---O------------------------
-------O-O---OO-------------------------
----------OOO----------O-O--------------
-----------------------O----------------
-----------------------O--OO------------
--------------OO---------O-OO-----------
--------------O-O---------OOO-----------
---------------O------------------------
----------------------------------------
----------------------------------------
----------------------------------------
-----------------O----------------------
----------------O-O---------------------
----------------O-O---------------------
-----------------O----------------------
----------------------------------------

Life - generation  332 

\u001b[H
----------------------------------------
------------OO-OO-----------------------
----------------------------------------
-------O---O-O-O------------------------
------O-OOO-OO-O------------------------
-------OOO---OO-------------------------
----------OOOO----------O---------------
-----------O----------OO--O-------------
------------------------O-OOO-----------
--------------OO---------O--------------
--------------O-O---------O-O-----------
---------------O-----------O------------
----------------------------------------
----------------------------------------
----------------------------------------
-----------------O----------------------
----------------O-O---------------------
----------------O-O---------------------
-----------------O----------------------
----------------------------------------

Life - generation  333 

\u001b[H
----------------------------------------
----------------------------------------
-------------O-OO-----------------------
-------OOOOO-O--------------------------
------O---OO---O------------------------
-------O--------------------------------
--------OOOO-OO--------O----------------
----------OO-----------OO-O-------------
-----------------------OO-OO------------
--------------OO---------O--O-----------
--------------O-O---------OO------------
---------------O-----------O------------
----------------------------------------
----------------------------------------
----------------------------------------
-----------------O----------------------
----------------O-O---------------------
----------------O-O---------------------
-----------------O----------------------
----------------------------------------

Life - generation  334 

\u001b[H
----------------------------------------
----------------------------------------
--------OOO-O-O-------------------------
-------OOO-O---OO-----------------------
------O----OO---------------------------
-------OO---O-O-------------------------
--------OO-OO----------OO---------------
-----------OO---------O---OO------------
-----------------------O--OO------------
--------------OO--------OO--O-----------
--------------O-O---------OOO-----------
---------------O----------OO------------
----------------------------------------
----------------------------------------
----------------------------------------
-----------------O----------------------
----------------O-O---------------------
----------------O-O---------------------
-----------------O----------------------
----------------------------------------

Life - generation  335 

\u001b[H
----------------------------------------
---------O------------------------------
-------O--OO---O------------------------
-------O-----O-O------------------------
------O--OOOOO-O------------------------
-------OOOO-----------------------------
-------OOOO------------O----------------
----------OOO---------O-OOOO------------
-----------------------OO---O-----------
--------------OO--------OO--O-----------
--------------O-O-----------O-----------
---------------O----------O-O-----------
----------------------------------------
----------------------------------------
----------------------------------------
-----------------O----------------------
----------------O-O---------------------
----------------O-O---------------------
-----------------O----------------------
----------------------------------------

Life - generation  336 

\u001b[H
----------------------------------------
----------O-----------------------------
--------O-O---O-------------------------
------OOOO---O-OO-----------------------
------O----OOO--------------------------
------O-----O---------------------------
-------O---------------OOOO-------------
--------O-OO----------O--OOO------------
-----------O----------------O-----------
--------------OO-------OOO-OOO----------
--------------O-O--------O--OO----------
---------------O-----------O------------
----------------------------------------
----------------------------------------
----------------------------------------
-----------------O----------------------
----------------O-O---------------------
----------------O-O---------------------
-----------------O----------------------
----------------------------------------

Life - generation  337 

\u001b[H
----------------------------------------
---------O------------------------------
--------O-O---OO------------------------
------O-OOOO-O-O------------------------
-----OO-O--O-OO-------------------------
------OO---OOO----------OO--------------
-------O---O-----------OO--O------------
----------OO-----------O---O------------
----------OO-----------O-----O----------
--------------OO--------OOOO------------
--------------O-O--------O---O----------
---------------O------------O-----------
----------------------------------------
----------------------------------------
----------------------------------------
-----------------O----------------------
----------------O-O---------------------
----------------O-O---------------------
-----------------O----------------------
----------------------------------------

Life - generation  338 

\u001b[H
----------------------------------------
---------O------------------------------
-------OO--O--OO------------------------
-----OO-O--O-O-O------------------------
-----O--O-------------------------------
-----O--O-OO-OO--------OOO--------------
------OO---------------O-OO-------------
------------O---------OO----O-----------
----------OO-----------O-O-OO-----------
--------------OO--------OOO-O-----------
--------------O-O-------OO-OO-----------
---------------O------------------------
----------------------------------------
----------------------------------------
----------------------------------------
-----------------O----------------------
----------------O-O---------------------
----------------O-O---------------------
-----------------O----------------------
----------------------------------------

Life - generation  339 

\u001b[H
----------------------------------------
--------O-------------------------------
------OOOOO-O-OO------------------------
-----OO-OO--O--O------------------------
----OO--O-OO-O----------O---------------
-----O--OO-------------O-OO-------------
------OO---OOO-----------OO-------------
-----------O----------OO-O--O-----------
-----------O----------OO-O--OO----------
--------------OO-------O-----O----------
--------------O-O-------O--OO-----------
---------------O------------------------
----------------------------------------
----------------------------------------
----------------------------------------
-----------------O----------------------
----------------O-O---------------------
----------------O-O---------------------
-----------------O----------------------
----------------------------------------

Life - generation  340 

\u001b[H
----------------------------------------
--------O-------------------------------
-----OO---OO-OOO------------------------
----O-------O--O------------------------
----O-----OOO-----------OO--------------
----OO--OO---O------------O-------------
------OOO-OOO---------OO---O------------
----------OO----------OO-O-OOO----------
----------------------------OO----------
--------------OO------OO---O-O----------
--------------O-O-----------O-----------
---------------O------------------------
----------------------------------------
----------------------------------------
----------------------------------------
-----------------O----------------------
----------------O-O---------------------
----------------O-O---------------------
-----------------O----------------------
----------------------------------------

Life - generation  341 

\u001b[H
----------------------------------------
--------------O-------------------------
-----O-----OOOOO------------------------
----O----------O------------------------
---OO----OOOOO-----------O--------------
----OOO-O----O---------OOOO-------------
-----OOOO---O---------OOO--O------------
-------O-OO-O---------OOO-OO-O----------
------------------------O-O---O---------
--------------OO-----------O-O----------
--------------O-O-----------O-----------
---------------O------------------------
----------------------------------------
----------------------------------------
----------------------------------------
-----------------O----------------------
----------------O-O---------------------
----------------O-O---------------------
-----------------O----------------------
----------------------------------------

Life - generation  342 

\u001b[H
----------------------------------------
------------O-OO------------------------
------------OO-O------------------------
---OOO---------O------------------------
---O-----OOOOOO----------OO-------------
---O----O-O--O--------O---O-------------
----O------OOO-------------OO-----------
-------O-O-O----------O---OOO-----------
------------------------O-O--OO---------
--------------OO-----------OOO----------
--------------O-O-----------O-----------
---------------O------------------------
----------------------------------------
----------------------------------------
----------------------------------------
-----------------O----------------------
----------------O-O---------------------
----------------O-O---------------------
-----------------O----------------------
----------------------------------------

Life - generation  343 

\u001b[H
----------------------------------------
------------O-OO------------------------
----O-------OO-OO-----------------------
---OO-----O----O------------------------
--OO-----OOOOOO----------OO-------------
---OO--------------------OO-------------
--------OO-O-O--------------O-----------
----------OO-------------OO-------------
-------------------------OO---O---------
--------------OO-----------O--O---------
--------------O-O----------OOO----------
---------------O------------------------
----------------------------------------
----------------------------------------
----------------------------------------
-----------------O----------------------
----------------O-O---------------------
----------------O-O---------------------
-----------------O----------------------
----------------------------------------

Life - generation  344 

\u001b[H
----------------------------------------
------------O-OOO-----------------------
---OO------OOO--O-----------------------
--O-O----OO----OO-----------------------
--O------OOOOOO----------OO-------------
--OOO---O-----O----------OOO------------
---------O-OO--------------O------------
---------OOOO------------OOO------------
-------------------------O-O------------
--------------OO-----------O--O---------
--------------O-O----------OOO----------
---------------O------------O-----------
----------------------------------------
----------------------------------------
----------------------------------------
-----------------O----------------------
----------------O-O---------------------
----------------O-O---------------------
-----------------O----------------------
----------------------------------------

Life - generation  345 

\u001b[H
---------------O------------------------
-----------OO-OOO-----------------------
---OO-----OOOO---O----------------------
--O-O----O-----OO-----------------------
-OO-O---O--OOOO----------O-O------------
--OO----O-----O----------O-O------------
---O----OO--OO--------------O-----------
---------O--O------------O-OO-----------
----------OO-------------O-OO-----------
--------------OO-----------O-O----------
--------------O-O----------O-O----------
---------------O-----------OOO----------
----------------------------------------
----------------------------------------
----------------------------------------
-----------------O----------------------
----------------O-O---------------------
----------------O-O---------------------
-----------------O----------------------
----------------------------------------

Life - generation  346 

\u001b[H
--------------OOO-----------------------
----------O---OOO-----------------------
---OO-----O--O---O----------------------
-OO-OO---O-----OO-----------------------
-O--O---OO--OOO-------------------------
-O--O--OO--O--O------------OO-----------
--OO----OO--OO--------------O-----------
--------OO--OO---------------O----------
----------OO-----------------O----------
--------------OO-----------O-O----------
--------------O-O---------OO-OO---------
---------------O-----------O-O----------
----------------------------O-----------
----------------------------------------
----------------------------------------
-----------------O----------------------
----------------O-O---------------------
----------------O-O---------------------
-----------------O----------------------
----------------------------------------

Life - generation  347 

\u001b[H
--------------O-O-----------------------
-------------O---O----------------------
--OOOO---OO------O----------------------
-OO--O--OOO-O--OO-----------------------
OO--O--O-OO-OOO-------------------------
-O--O--O--OO--O------------OO-----------
--OO------OO--O------------OOO----------
--------O----O--------------OO----------
---------OOOOOO--------------OO---------
--------------OO----------OO-O----------
--------------O-O---------OO-OO---------
---------------O----------OO-OO---------
----------------------------O-----------
----------------------------------------
----------------------------------------
-----------------O----------------------
----------------O-O---------------------
----------------O-O---------------------
-----------------O----------------------
---------------OO-----------------------

Life - generation  348 

\u001b[H
--------------O-OO----------------------
---OO-----------OO----------------------
-OOOOO--O-OO-----O----------------------
O----OO-----O-OOO-----------------------
O--OOOOO----O-O-------------------------
OO--O---O-----OO-----------O-O----------
--OO-----OOOOOO-------------------------
---------------------------O------------
---------OOOO--O-----------O--O---------
----------OOO-------------OO------------
--------------O-O--------O--------------
---------------O----------O---O---------
---------------------------OOO----------
----------------------------------------
----------------------------------------
-----------------O----------------------
----------------O-O---------------------
----------------O-O---------------------
---------------O-O----------------------
---------------OOO----------------------

Life - generation  349 

\u001b[H
------------------O---------------------
-----O---------O--O---------------------
-OO---O----O-----O----------------------
O-----------O-OOO-----------------------
O--O---O--------O----------------------O
OO----OOOOO----O------------------------
-OOO-----OOOOOOO------------O-----------
--------------O-------------------------
---------O--O--------------OO-----------
---------O--OO-O----------OO------------
-----------O---O---------O-O------------
---------------O----------OOOO----------
---------------------------OOO----------
----------------------------O-----------
----------------------------------------
-----------------O----------------------
----------------O-O---------------------
---------------OO-O---------------------
---------------O--O---------------------
--------------O---O---------------------

Life - generation  350 

\u001b[H
-----------------OOO--------------------
-----------------OO---------------------
-O------------O--O----------------------
O-O------------OOO---------------------O
------OO-O----O-O----------------------O
---O--OO----OO-OO----------------------O
OOO----O---OOO-O------------------------
--O------O----OO-----------OO-----------
------------O-O-----------OOO-----------
----------OOOOO-------------------------
------------O--OO--------O--------------
-----------------------------O----------
--------------------------O-------------
---------------------------OOO----------
----------------------------------------
-----------------O----------------------
---------------OO-O---------------------
---------------OO-OO--------------------
--------------OOO-OO--------------------
-----------------OOO--------------------

Life - generation  351 

\u001b[H
----------------O-----------------------
----------------O--O--------------------
OO-------------O------------------------
OO------------O--O---------------------O
------OOO----OO-----------------------OO
-OO--------O----O----------------------O
OOOO--OOO--O----------------------------
--O--------O---O----------O-O-----------
----------O-O-------------O-O-----------
--------------O-----------OO------------
------------O-OO------------------------
----------------------------------------
---------------------------O-O----------
---------------------------OO-----------
----------------------------O-----------
----------------OO----------------------
---------------O--OO--------------------
----------------------------------------
--------------O-----O-------------------
---------------O----O-------------------

Life - generation  352 

\u001b[H
---------------OO-----------------------
---------------OO-----------------------
-O-------------OO----------------------O
-O-----O-----OOO----------------------O-
--O----O-----OOO----------------------O-
---O--------O-------------------------OO
O--O---O--OOO---------------------------
--OO---O--OOO---------------------------
-----------O-------------OO-O-----------
-----------O--OO----------OO------------
-------------OOO------------------------
----------------------------------------
---------------------------O------------
---------------------------O-O----------
---------------------------OO-----------
----------------OOO---------------------
----------------OOO---------------------
-------------------O--------------------
----------------------------------------
---------------O------------------------

Life - generation  353 

\u001b[H
--------------O-------------------------
--------------O--O----------------------
O---------------------------------------
OOO----------O------------------------OO
--O---------O--O---------------------OO-
--OO--------O-O-----------------------OO
---OO-----O--O-------------------------O
--OO------------------------------------
-------------------------OO-------------
------------OO-O---------OOO------------
-------------O-O------------------------
--------------O-------------------------
----------------------------O-----------
--------------------------OO------------
-----------------O---------OO-----------
----------------O-O---------------------
----------------O--O--------------------
-----------------OO---------------------
----------------------------------------
---------------OO-----------------------

Life - generation  354 

\u001b[H
--------------O-O-----------------------
----------------------------------------
O---------------------------------------
O-O----------------------------------OO-
------------O-O----------------------O--
--O-O------OO-O----------------------O-O
----O--------O------------------------OO
--OOO-----------------------------------
-------------------------O-O------------
------------OO-----------O-O------------
------------OO-O----------O-------------
--------------O-------------------------
---------------------------O------------
--------------------------O-------------
-----------------O--------OOO-----------
----------------O-O---------------------
----------------O--O--------------------
-----------------OO---------------------
----------------OO----------------------
---------------O------------------------

Life - generation  355 

\u001b[H
---------------O------------------------
----------------------------------------
-O-------------------------------------O
-O-----------------------------------OOO
-O-O-------OO-----------------------OO-O
---O-------OO-O----------------------O-O
--O-OO------OO------------------------OO
---OO-----------------------------------
---O------------------------------------
------------OOO----------O-O------------
------------O-------------O-------------
-------------OO-------------------------
----------------------------------------
--------------------------O-O-----------
-----------------O--------OO------------
----------------O-O--------O------------
----------------O--O--------------------
------------------O---------------------
----------------OOO---------------------
---------------O-O----------------------

Life - generation  356 

\u001b[H
----------------O-----------------------
----------------------------------------
---------------------------------------O
-O----------------------------------OO-O
-----------OOO----------------------O--O
---O--------------------------------OO-O
--O--O-----OOO------------------------OO
--O--O----------------------------------
---OO--------O--------------------------
------------OO------------O-------------
------------O-------------O-------------
-------------O--------------------------
----------------------------------------
--------------------------O-------------
-----------------O--------O-O-----------
----------------O-O-------OO------------
------------------OO--------------------
----------------O-OO--------------------
----------------O-O---------------------
---------------O-OO---------------------

Life - generation  357 

\u001b[H
----------------OO----------------------
----------------------------------------
O-------------------------------------O-
------------O-----------------------OO-O
------------O----------------------O---O
O-----------------------------------OO-O
--OOO-------O------------------------OOO
--O--O-------O--------------------------
---OO-------OO--------------------------
------------OO--------------------------
------------O---------------------------
----------------------------------------
----------------------------------------
---------------------------O------------
-----------------O-------OO-------------
------------------OO------OO------------
----------------------------------------
----------------------------------------
---------------OO-----------------------
---------------O--O---------------------

Life - generation  358 

\u001b[H
----------------OO----------------------
----------------------------------------
-------------------------------------OOO
O-----------------------------------OO-O
-----------------------------------O---O
O--O--------------------------------OO--
OOOOO-------------------------------OO-O
--O--O-------O------------------------O-
---OO---------O-------------------------
-----------O----------------------------
------------OO--------------------------
----------------------------------------
----------------------------------------
--------------------------O-------------
------------------O------O--------------
------------------O------OOO------------
----------------------------------------
----------------------------------------
---------------OO-----------------------
---------------O------------------------

Life - generation  359 

\u001b[H
----------------O-----------------------
--------------------------------------O-
O-----------------------------------OO-O
O-----------------------------------OO--
-----------------------------------O---O
---OO------------------------------O-O--
O---O-------------------------------O--O
O----O-------------------------------OOO
---OO-----------------------------------
------------OO--------------------------
------------O---------------------------
----------------------------------------
----------------------------------------
----------------------------------------
-------------------------O-O------------
-------------------------OO-------------
--------------------------O-------------
----------------------------------------
---------------OO-----------------------
---------------O-O----------------------

Life - generation  360 

\u001b[H
----------------O-----------------------
-------------------------------------OOO
O-----------------------------------O--O
O----------------------------------O-O--
-----------------------------------O-OO-
O--OO------------------------------O--OO
O--OOO------------------------------O---
O--O-O-------------------------------OO-
----O---------------------------------OO
------------OO--------------------------
------------OO--------------------------
----------------------------------------
----------------------------------------
----------------------------------------
-------------------------O--------------
-------------------------O-O------------
-------------------------OO-------------
----------------------------------------
---------------OO-----------------------
---------------O-O----------------------

Life - generation  361 

\u001b[H
----------------O---------------------O-
O------------------------------------OOO
O-----------------------------------O---
O----------------------------------O-O--
O---------------------------------OO-O--
O--O-O-----------------------------O--O-
OOO--O------------------------------O---
O--O-O-------------------------------OO-
----O--------------------------------OOO
------------OO--------------------------
------------OO--------------------------
----------------------------------------
----------------------------------------
----------------------------------------
--------------------------O-------------
------------------------OO--------------
-------------------------OO-------------
----------------------------------------
---------------OO-----------------------
---------------O-O----------------------

Life - generation  362 

\u001b[H
----------------O--------------------OO-
O------------------------------------OO-
OO----------------------------------O---
OO--------------------------------OO-O-O
OO--------------------------------OO-OO-
O-O-O-----------------------------OO-O--
O-OO-OO-----------------------------O-O-
O-OO-O------------------------------O---
----O--------------------------------O-O
------------OO------------------------O-
------------OO--------------------------
----------------------------------------
----------------------------------------
----------------------------------------
-------------------------O--------------
------------------------O---------------
------------------------OOO-------------
----------------------------------------
---------------OO-----------------------
---------------O-O----------------------

Life - generation  363 

\u001b[H
----------------O--------------------OOO
OO----------------------------------O-O-
-----------------------------------OO---
--O-------------------------------O--O--
--O------------------------------O---O--
O-O-OO----------------------------O-----
O----OO-----------------------------O---
O-O--OO-----------------------------O-O-
---OO--------------------------------OOO
------------OO------------------------O-
------------OO--------------------------
----------------------------------------
----------------------------------------
----------------------------------------
----------------------------------------
------------------------O-O-------------
------------------------OO--------------
-------------------------O--------------
---------------OO-----------------------
---------------O-O----------------------

Life - generation  364 

\u001b[H
O---------------O--------------------OOO
O----------------------------------OO-O-
-O---------------------------------OO---
----------------------------------OO-O--
--O------------------------------OO-----
---OOOO---------------------------------
O--O-------------------------------O-O--
OO-O--O-----------------------------O-O-
---OOO----------------------------------
------------OO-----------------------OOO
------------OO--------------------------
----------------------------------------
----------------------------------------
----------------------------------------
----------------------------------------
------------------------O---------------
------------------------O-O-------------
------------------------OO--------------
---------------OO-----------------------
---------------O-O--------------------O-

Life - generation  365 

\u001b[H
O---------------O-------------------O---
OO---------------------------------O--O-
----------------------------------------
---------------------------------O------
---OOO---------------------------OOO----
--OOOO----------------------------O-----
OO-O--O-----------------------------OO-O
OO-O-O------------------------------OO-O
O-OOOO----------------------------------
----O-------OO------------------------O-
------------OO------------------------O-
----------------------------------------
----------------------------------------
----------------------------------------
----------------------------------------
-------------------------O--------------
-----------------------OO---------------
------------------------OO--------------
---------------OO-----------------------
---------------O-O-------------------OO-

Life - generation  366 

\u001b[H
OO--------------O-------------------O-O-
OO-------------------------------------O
----------------------------------------
----O----------------------------O------
--O--O---------------------------O-O----
OO----O--------------------------OO-O---
------O----------------------------OOO-O
-----OO-----------------------------OO--
O-O--O-------------------------------OO-
----OO------OO-------------------------O
------------OO--------------------------
----------------------------------------
----------------------------------------
----------------------------------------
----------------------------------------
------------------------O---------------
-----------------------O----------------
-----------------------OOO--------------
---------------OO-----------------------
---------------O-O-------------------O--

Life - generation  367 

\u001b[H
-O--------------O--------------------OO-
-O-------------------------------------O
O---------------------------------------
----------------------------------O-----
-O---O--------------------------OO-O----
OO---OO--------------------------O---O--
O-----OO--------------------------O---O-
-----OO----------------------------O---O
------------------------------------OOOO
----OO------OO------------------------OO
------------OO--------------------------
----------------------------------------
----------------------------------------
----------------------------------------
----------------------------------------
----------------------------------------
-----------------------O-O--------------
-----------------------OO---------------
---------------OO-------O---------------
---------------O-O-------------------O--

Life - generation  368 

\u001b[H
O---------------O--------------------OO-
-O------------------------------------OO
O---------------------------------------
---------------------------------OO-----
OO---OO-------------------------OO------
OO---O-O------------------------OO-----O
OO-----O--------------------------O---O-
O----OOO---------------------------OO---
O---O-O-----------------------------OO--
------------OO-------------------------O
------------OO--------------------------
----------------------------------------
----------------------------------------
----------------------------------------
----------------------------------------
----------------------------------------
-----------------------O----------------
-----------------------O-O--------------
---------------OO------OO---------------
---------------O-O-------------------OO-

Life - generation  369 

\u001b[H
O---------------O-----------------------
-O-----------------------------------OO-
O--------------------------------------O
OO------------------------------OOO-----
-O---OO--------------------------------O
--O--O-O------------------------O-O-----
-----O-OO------------------------OOO----
O----O-O---------------------------OO---
O-----OO---------------------------OOO-O
------------OO--------------------------
------------OO--------------------------
----------------------------------------
----------------------------------------
----------------------------------------
----------------------------------------
----------------------------------------
------------------------O---------------
----------------------OO----------------
---------------OO------OO---------------
---------------O-O-------------------OOO

Life - generation  370 

\u001b[H
O---------------O-----------------------
-O------------------------------------O-
---------------------------------O----OO
-O-------------------------------O------
-OO--OO-------------------------O-O-----
----OO-OO-------------------------OO----
----OO-OO------------------------O--O---
O----O-------------------------------O-O
O-----OO---------------------------O-O-O
------------OO----------------------O---
------------OO--------------------------
----------------------------------------
----------------------------------------
----------------------------------------
----------------------------------------
----------------------------------------
-----------------------O----------------
----------------------O-----------------
---------------OO-----OOO-------------O-
---------------O-O--------------------OO

Life - generation  371 

\u001b[H
O---------------O---------------------O-
O-------------------------------------O-
O-------------------------------------OO
OOO-----------------------------OOO-----
-OO-OOOO--------------------------OO----
---O----O-------------------------OO----
-------OO-------------------------OOO---
O---OO--O----------------------------O-O
O-----O------------------------------O-O
------------OO----------------------O---
------------OO--------------------------
----------------------------------------
----------------------------------------
----------------------------------------
----------------------------------------
----------------------------------------
----------------------------------------
----------------------O-O---------------
---------------OO-----OO--------------OO
---------------O-O-----O--------------OO

Life - generation  372 

\u001b[H
O---------------O--------------------OO-
OO-----------------------------------OO-
---------------------------------O----O-
--OO-OO--------------------------OOO----
O---OOOO--------------------------------
--OOOO--O------------------------O------
----O--OOO------------------------O-O---
O----OO-O--------------------------O-O-O
O----O------------------------------OO-O
------------OO--------------------------
------------OO--------------------------
----------------------------------------
----------------------------------------
----------------------------------------
----------------------------------------
----------------------------------------
----------------------------------------
----------------------O-----------------
---------------OO-----O-O-------------OO
O--------------O-O----OO-------------O--

Life - generation  373 

\u001b[H
O---------------O-------------------O---
OO--------------------------------------
-OO------------------------------O---OOO
---O---O-------------------------OO-----
-O-----O-------------------------O------
---------O------------------------------
---------O------------------------OOO---
O---OOO-OO-------------------------O-O-O
O----OO-----------------------------OO-O
------------OO--------------------------
------------OO--------------------------
----------------------------------------
----------------------------------------
----------------------------------------
----------------------------------------
----------------------------------------
----------------------------------------
-----------------------O----------------
---------------OO----OO---------------OO
O--------------O-O----OO-------------O--

Life - generation  374 

\u001b[H
O---------------O----------------------O
--O----------------------------------OO-
-OO------------------------------OO---OO
OO------------------------------OOO---O-
--------O------------------------OO-----
--------O-------------------------OO----
-----O---OO-----------------------OOO---
O---O-OOOO------------------------O--O-O
O---O-OO----------------------------OO-O
------------OO--------------------------
------------OO--------------------------
----------------------------------------
----------------------------------------
----------------------------------------
----------------------------------------
----------------------------------------
----------------------------------------
----------------------O-----------------
---------------OO----O----------------OO
O--------------O-O---OOO-------------OO-

Life - generation  375 

\u001b[H
OO--------------O-----O-----------------
--O----------------------------------O--
--O-----------------------------O-O-----
OOO-----------------------------O--O--O-
--------------------------------O-------
--------O---------------------------O---
-----OO---O----------------------O--O---
O---O----OO-----------------------O--O-O
O-----O-----------------------------OO-O
------------OO--------------------------
------------OO--------------------------
----------------------------------------
----------------------------------------
----------------------------------------
----------------------------------------
----------------------------------------
----------------------------------------
----------------------------------------
---------------OO----O-O-------------OOO
O--------------O-O---OO--------------O--

Life - generation  376 

\u001b[H
OO--------------O----OO-----------------
--O-------------------------------------
--OO-----------------------------O------
-OO----------------------------OO-------
-O--------------------------------------
----------------------------------------
-----O----O------------------------OOO--
O-----O--OO------------------------O-O-O
O-----------------------------------OO-O
------------OO--------------------------
------------OO--------------------------
----------------------------------------
----------------------------------------
----------------------------------------
----------------------------------------
----------------------------------------
----------------------------------------
--------------------------------------O-
---------------OO----O---------------OOO
OO-------------O-O---O-O-------------O--

Life - generation  377 

\u001b[H
O-O-------------O----OO-----------------
--OO------------------------------------
---O----------------------------O-------
-O-O----------------------------O-------
-OO-------------------------------------
------------------------------------O---
---------OO------------------------O-OO-
O--------OO------------------------O---O
O-----------------------------------OO-O
------------OO--------------------------
------------OO--------------------------
----------------------------------------
----------------------------------------
----------------------------------------
----------------------------------------
----------------------------------------
----------------------------------------
-------------------------------------OOO
O--------------OO-----O--------------O-O
-O-------------O-O--OO---------------O--

Life - generation  378 

\u001b[H
--OO------------O---OOO-----------------
-OOO------------------------------------
---OO-----------------------------------
-O-O------------------------------------
-OO-------------------------------------
------------------------------------OO--
---------OO------------------------O-OOO
O--------OO------------------------O----
O-----------------------------------O-OO
------------OO--------------------------
------------OO--------------------------
----------------------------------------
----------------------------------------
----------------------------------------
----------------------------------------
----------------------------------------
--------------------------------------O-
O------------------------------------O-O
O--------------OO----O--------------OO-O
-O-------------O-O--O-----------------OO

Life - generation  379 

\u001b[H
O--O------------O---OO------------------
-O-------------------O------------------
-O--O-----------------------------------
-O-OO-----------------------------------
-OO-------------------------------------
------------------------------------OO--
---------OO------------------------O-OOO
O--------OO------------------------O----
O--------------------------------------O
------------OO-------------------------O
------------OO--------------------------
----------------------------------------
----------------------------------------
----------------------------------------
----------------------------------------
----------------------------------------
--------------------------------------OO
O-----------------------------------OO--
-O-------------OO-------------------OO--
-OO------------O-O--O-O--------------OOO

Life - generation  380 

\u001b[H
O---------------O---O-O---------------OO
OOO-----------------OO------------------
OO-OO-----------------------------------
OO-OO-----------------------------------
-OOO------------------------------------
------------------------------------OO--
---------OO------------------------O-OOO
O--------OO-------------------------O---
O--------------------------------------O
O-----------OO-------------------------O
------------OO--------------------------
----------------------------------------
----------------------------------------
----------------------------------------
----------------------------------------
----------------------------------------
-------------------------------------OOO
O-----------------------------------O--O
-OO------------OO----------------------O
-OO------------O-O--O---------------OOOO

Life - generation  381 

\u001b[H
----------------O--OO-------------------
--OO----------------OO------------------
----O----------------------------------O
----------------------------------------
OO-OO-----------------------------------
--O---------------------------------OO--
---------OO------------------------O--OO
O--------OO-------------------------OO--
-O--------------------------------------
O-----------OO-------------------------O
------------OO--------------------------
----------------------------------------
----------------------------------------
----------------------------------------
----------------------------------------
--------------------------------------O-
O------------------------------------OOO
-O-----------------------------------O--
--O------------OO-------------------O---
--O------------O-O---O---------------O--

Life - generation  382 

\u001b[H
--OO------------O--O--------------------
---O---------------OOO------------------
---O------------------------------------
O--OO-----------------------------------
-OOO------------------------------------
OOOO--------------------------------OOOO
---------OO------------------------O--OO
O--------OO-------------------------OOOO
-O-------------------------------------O
O-----------OO--------------------------
------------OO--------------------------
----------------------------------------
----------------------------------------
----------------------------------------
----------------------------------------
-------------------------------------OO-
O------------------------------------O-O
OO----------------------------------OO-O
-OO------------OO-------------------OO--
---------------O-O--O-------------------

Life - generation  383 

\u001b[H
--OO------------O-OO-O------------------
---OO--------------OO-------------------
--OO----------------O-------------------
-O--O-----------------------------------
-------------------------------------OO-
---O--------------------------------OO--
--O------OO------------------------O----
---------OO-------------------------OO--
-O-----------------------------------O--
O-----------OO--------------------------
------------OO--------------------------
----------------------------------------
----------------------------------------
----------------------------------------
----------------------------------------
-------------------------------------OOO
-O--------------------------------------
--O------------------------------------O
-OO------------OO-------------------OOO-
-O-O-----------O-O----------------------

Life - generation  384 

\u001b[H
----------------OOOO--------------------
----O-------------O--O------------------
--O----------------OO-------------------
--OO------------------------------------
------------------------------------OOO-
------------------------------------OOO-
---------OO------------------------O----
---------OO-------------------------OO--
------------------------------------OO--
------------OO--------------------------
------------OO--------------------------
----------------------------------------
----------------------------------------
----------------------------------------
--------------------------------------O-
--------------------------------------O-
O--------------------------------------O
O-O----------------------------------OO-
OO-O-----------OO--------------------OO-
-O-O-----------O-OO------------------O--

Life - generation  385 

\u001b[H
----------------O--O--------------------
----------------------------------------
--O----------------OO-------------------
--OO---------------------------------O--
------------------------------------O-O-
-----------------------------------O--O-
---------OO------------------------O--O-
---------OO------------------------O-O--
------------------------------------OO--
------------OO--------------------------
------------OO--------------------------
----------------------------------------
----------------------------------------
----------------------------------------
----------------------------------------
--------------------------------------O-
OO-----------------------------------O--
--O----------------------------------O--
O--O-----------OOO------------------O---
OO-------------O---O-----------------OO-

Life - generation  386 

\u001b[H
----------------------------------------
-------------------OO-------------------
--OO------------------------------------
--OO---------------------------------O--
------------------------------------O-O-
-----------------------------------OO-OO
---------OO-----------------------OO-OO-
---------OO------------------------O-OO-
------------------------------------OO--
------------OO--------------------------
------------OO--------------------------
----------------------------------------
----------------------------------------
----------------------------------------
----------------------------------------
----------------------------------------
-O-----------------------------------OO-
O-O-------------O-------------------OO--
O-O------------OO-------------------O-OO
OO-------------O-OO------------------O-O

Life - generation  387 

\u001b[H
O-----------------OO--------------------
----------------------------------------
--OO------------------------------------
--OO---------------------------------O--
-----------------------------------OO-OO
----------------------------------O----O
---------OO-----------------------O-----
---------OO-----------------------OO----
------------------------------------OOO-
------------OO--------------------------
------------OO--------------------------
----------------------------------------
----------------------------------------
----------------------------------------
----------------------------------------
----------------------------------------
-O----------------------------------OOO-
O-O------------OO-------------------O---
--O------------O--------------------O---
-O-------------O-O-------------------O--

Life - generation  388 

\u001b[H
------------------O---------------------
----------------------------------------
--OO------------------------------------
--OO--------------------------------OOO-
-----------------------------------OOOOO
----------------------------------O---OO
---------OO----------------------OO-----
---------OO-----------------------OOOO--
-----------------------------------OOO--
------------OO-----------------------O--
------------OO--------------------------
----------------------------------------
----------------------------------------
----------------------------------------
----------------------------------------
-------------------------------------O--
-O----------------------------------OO--
--O------------OO------------------OO---
--O-----------OO--------------------OO--
-O--------------O-O---------------------

Life - generation  389 

\u001b[H
-----------------O----------------------
----------------------------------------
--OO---------------------------------O--
--OO-------------------------------O---O
-----------------------------------O----
---------------------------------OO-O--O
---------OO----------------------O--OOO-
---------OO----------------------O---O--
----------------------------------O---O-
------------OO-----------------------O--
------------OO--------------------------
----------------------------------------
----------------------------------------
----------------------------------------
----------------------------------------
------------------------------------OO--
-----------------------------------O-O--
-OO-----------OOO------------------O----
-OO-----------O--O-----------------OOO--
---------------O-O----------------------

Life - generation  390 

\u001b[H
----------------O-----------------------
----------------------------------------
--OO------------------------------------
--OO--------------------------------O---
-----------------------------------OO---
---------------------------------OO-O-O-
---------OO---------------------OO-OO-O-
---------OO----------------------OO-O---
-------------------------------------OO-
------------OO--------------------------
------------OO--------------------------
----------------------------------------
----------------------------------------
----------------------------------------
----------------------------------------
------------------------------------OO--
---------------O-------------------O-O--
-OO-----------OOO-----------------OO-O--
-OO-----------O--O-----------------OO---
-----------------OO-----------------O---

Life - generation  391 

\u001b[H
-----------------O----------------------
----------------------------------------
--OO------------------------------------
--OO-------------------------------OO---
----------------------------------O-O---
--------------------------------OO------
---------OO---------------------O---O---
---------OO---------------------OOO-O-O-
-------------------------------------O--
------------OO--------------------------
------------OO--------------------------
----------------------------------------
----------------------------------------
----------------------------------------
----------------------------------------
------------------------------------OO--
--------------OOO-----------------OO-OO-
-OO-----------O-O-----------------O--O--
-OO-----------O--OO---------------O--O--
----------------OOO----------------OO---

Life - generation  392 

\u001b[H
----------------OOO---------------------
----------------------------------------
--OO------------------------------------
--OO-------------------------------OO---
---------------------------------OO-O---
--------------------------------OO-O----
---------OO--------------------O--OO-O--
---------OO---------------------OO-OO---
---------------------------------O---O--
------------OO--------------------------
------------OO--------------------------
----------------------------------------
----------------------------------------
----------------------------------------
----------------------------------------
---------------O-------------------OOOO-
--------------O-O-----------------OO--O-
-OO----------OO-O----------------OO--O--
-OO---------------O---------------O--O--
----------------O------------------OO---

Life - generation  393 

\u001b[H
----------------OO----------------------
-----------------O----------------------
--OO------------------------------------
--OO------------------------------OOO---
--------------------------------OO--O---
--------------------------------O-------
---------OO--------------------O--------
---------OO---------------------OO-O-O--
--------------------------------OOO-O---
------------OO--------------------------
------------OO--------------------------
----------------------------------------
----------------------------------------
----------------------------------------
------------------------------------OO--
---------------O------------------OOOOO-
-------------OO-O----------------O----O-
-OO----------OO--O---------------O--OOO-
-OO------------O-O---------------OO--O--
----------------O-O----------------OO---

Life - generation  394 

\u001b[H
----------------O-O---------------------
----------------OO----------------------
--OO-------------------------------O----
--OO-----------------------------OOOO---
--------------------------------OOO-O---
-------------------------------OOO------
---------OO--------------------O-O------
---------OO--------------------O---OO---
--------------------------------O-OOO---
------------OO-------------------O------
------------OO--------------------------
----------------------------------------
----------------------------------------
----------------------------------------
--------------------------------------O-
--------------OO------------------OO--O-
-------------O--O----------------O-----O
-OO----------O---O--------------OO--O-O-
-OO-----------OO-OO--------------OO---O-
---------------O--O---------------OOO---

Life - generation  395 

\u001b[H
---------------OO-O----------------O----
----------------OO----------------------
--OO-------------------------------OO---
--OO----------------------------O---O---
-------------------------------O----O---
-------------------------------O--------
---------OO-------------------OO-OO-----
---------OO--------------------O-O--O---
--------------------------------OOO-O---
------------OO-------------------OOO----
------------OO--------------------------
----------------------------------------
----------------------------------------
----------------------------------------
----------------------------------------
--------------OO------------------O---OO
-------------O-OO---------------OO-O-OOO
OOO----------O-O-OO-------------O----OOO
-OO-----------OO-OO-------------O---O---
--------------OO--OO-------------OOO----

Life - generation  396 

\u001b[H
--------------O---OO---------------O----
---------------OOO-----------------OO---
--OO-------------------------------OO---
--OO--------------------------------OO--
-------------------------------OO-------
-------------------------------O--------
---------OO-------------------OO-OO-----
---------OO-------------------OO--------
------------------------------------O---
------------OO------------------O--O----
------------OO--------------------O-----
----------------------------------------
----------------------------------------
----------------------------------------
----------------------------------------
--------------OOO----------------OO--O-O
-O-----------O---O--------------OOO-O---
--O----------O----O------------OO-------
--O----------O------------------O-OOOOOO
-------------------O-------------OOOO---

Life - generation  397 

\u001b[H
---------------OOOOO--------------------
---------------OOOO---------------O-----
--OO------------O-----------------------
--OO-------------------------------OOO--
-------------------------------OO-------
---------------------------------O------
---------OO-----------------------------
---------OO-------------------OOO-------
-------------------------------O--------
------------OO---------------------O----
------------OO--------------------------
----------------------------------------
----------------------------------------
----------------------------------------
---------------O------------------------
--------------OOO---------------O-OO----
-------------O-OOO-------------O--OO----
-OO---------OOO----------------O------O-
-------------------------------OO----OO-
------------------OO-------------O----O-

Life - generation  398 

\u001b[H
---------------O------------------------
-------------------O--------------------
--OO-----------OO------------------OO---
--OO--------------------------------O---
--------------------------------O---O---
--------------------------------O-------
---------OO--------------------OO-------
---------OO-------------------OOO-------
------------------------------OOO-------
------------OO--------------------------
------------OO--------------------------
----------------------------------------
----------------------------------------
----------------------------------------
--------------OOO-----------------------
-----------------O---------------OOO----
------------O----O-------------OOOOO----
------------OOOOO-------------OO-----OO-
-------------O-----------------OO----OOO
----------------O--O------------O----OO-

Life - generation  399 

\u001b[H
----------------------------------------
---------------OO-----------------------
--OO-------------------------------OO---
--OO--------------------------------OO--
----------------------------------------
--------------------------------OO------
---------OO-------------------O--O------
---------OO----------------------O------
------------------------------O-O-------
------------OO-----------------O--------
------------OO--------------------------
----------------------------------------
----------------------------------------
---------------O------------------------
---------------OO-----------------O-----
---------------O-O-----------------O----
------------O-OO-O------------OO---OO---
------------O-OOO-------------O---O-OO-O
------------OO--O-------------O-O---O--O
-------------------------------OO----O-O

Life - generation  400 

\u001b[H
----------------------------------------
----------------------------------------
--OO-------------------------------OOO--
--OO-------------------------------OOO--
----------------------------------------
--------------------------------OO------
---------OO----------------------OO-----
---------OO--------------------OOO------
-------------------------------OO-------
------------OO-----------------O--------
------------OO--------------------------
----------------------------------------
----------------------------------------
---------------OO-----------------------
--------------OO------------------------
-----------------O----------------OOO---
-----------------O------------OO--O--O--
-----------OO----O-----------OO------OO-
O-----------OOO-O-------------O-OO-OO--O
-------------------------------OO-----O-

Life - generation  401 

\u001b[H
----------------------------------------
------------------------------------O---
--OO-------------------------------O-O--
--OO-------------------------------O-O--
------------------------------------O---
--------------------------------OOO-----
---------OO--------------------O--O-----
---------OO--------------------O--O-----
------------------------------O--O------
------------OO-----------------OO-------
------------OO--------------------------
----------------------------------------
----------------------------------------
--------------OOO-----------------------
--------------OO-------------------O----
----------------O-----------------OOO---
----------------OOO----------OOO--O--OO-
-----------OO---OO-----------O--OOOO-OOO
-----------OOO---------------OO-OO--O--O
-------------O-----------------OOO-----O

Life - generation  402 

\u001b[H
--------------------------------O-------
------------------------------------O---
--OO-------------------------------O-O--
--OO-------------------------------O-O--
---------------------------------OOOO---
--------------------------------OOOO----
---------OO--------------------O--OO----
---------OO-------------------OOOOO-----
------------------------------O--O------
------------OO-----------------OO-------
------------OO--------------------------
----------------------------------------
---------------O------------------------
--------------O-O-----------------------
--------------O-------------------OOO---
----------------O-------------O---O-OO--
---------------O--O----------OOOO------O
-----------O-O--O-O---------O------O---O
O----------O-O---------------OO----OOO-O
-------------O----------------OO-O------

Life - generation  403 

\u001b[H
-------------------------------OO-------
------------------------------------O---
--OO-------------------------------O-O--
--OO---------------------------------O--
--------------------------------O-------
--------------------------------O-------
---------OO-------------------O---------
---------OO-------------------O----O----
------------------------------O---O-----
------------OO-----------------OO-------
------------OO--------------------------
----------------------------------------
---------------O------------------------
--------------O--------------------O----
----------------------------------O-OO--
---------------O-------------OO--OO-OO--
---------------OO------------OOO---OO-O-
--------------O--O----------O------O---O
O------------OO--------------OOO--OOO-OO
------------O----------------OOOO---O---

Life - generation  404 

\u001b[H
--------------------------------O-------
------------------------------------O---
--OO---------------------------------O--
--OO--------------------------------O---
----------------------------------------
-------------------------------O--------
---------OO--------------------O--------
---------OO------------------OOO--------
------------------------------O---------
------------OO-----------------O--------
------------OO--------------------------
----------------------------------------
----------------------------------------
-----------------------------------OO---
---------------------------------OO--O--
---------------OO------------O-O-OO---O-
--------------OOO-----------O--O------O-
O------------OO-O-----------O-----------
O------------OO-------------O---O-O-OOOO
-------------O---------------O---O--OO-O

Life - generation  405 

\u001b[H
------------------------------------OO--
----------------------------------------
--OO--------------------------------OO--
--OO------------------------------------
----------------------------------------
----------------------------------------
---------OO--------------------OO-------
---------OO------------------O-O--------
-----------------------------O----------
------------OO--------------------------
------------OO--------------------------
----------------------------------------
----------------------------------------
----------------------------------OOO---
--------------------------------OO--OO--
--------------O-O-------------O--OO--OO-
-------------O---O----------OOO-O------O
O---------------O----------OOO----------
O-----------O--O------------OO---O-OO---
O------------OO-----------------OO-OO--O

Life - generation  406 

\u001b[H
-----------------------------------OOO--
----------------------------------------
--OO------------------------------------
--OO------------------------------------
----------------------------------------
----------------------------------------
---------OO-------------------OOO-------
---------OO--------------------OO-------
------------------------------O---------
------------OO--------------------------
------------OO--------------------------
----------------------------------------
-----------------------------------O----
---------------------------------OOOOO--
--------------------------------O-----O-
------------------------------O---O-OOO-
---------------OOO---------O--OO-O----OO
O---------------O----------O-----------O
OO-----------OOO-----------O-O--OO-OO---
O------------OO-----------------OO-----O

Life - generation  407 

\u001b[H
------------------------------------O---
------------------------------------O---
--OO------------------------------------
--OO------------------------------------
----------------------------------------
-------------------------------O--------
---------OO-------------------O-O-------
---------OO---------------------O-------
-------------------------------O--------
------------OO--------------------------
------------OO--------------------------
----------------------------------------
-----------------------------------O----
---------------------------------OOOOO--
--------------------------------------O-
----------------O-------------O-OO------
O--------------OOO------------OO--------
-O---------------O--------OO--OO-OO---O-
-O-----------O-O------------O---OOO-----
OO-----------O-O----------------OO---O-O

Life - generation  408 

\u001b[H
O-----------------------------------OO--
----------------------------------------
--OO------------------------------------
--OO------------------------------------
----------------------------------------
-------------------------------O--------
---------OO---------------------O-------
---------OO---------------------O-------
----------------------------------------
------------OO--------------------------
------------OO--------------------------
----------------------------------------
-----------------------------------O----
----------------------------------OOOO--
--------------------------------O--OOO--
---------------OOO------------O-O-------
---------------O-O-----------O----O-----
OO------------OO-O---------O-OO---O-----
-OO-------------O----------O----------OO
OO------------------------------O-O-----

Life - generation  409 

\u001b[H
OO--------------------------------------
----------------------------------------
--OO------------------------------------
--OO------------------------------------
----------------------------------------
----------------------------------------
---------OO--------------------OO-------
---------OO-----------------------------
----------------------------------------
------------OO--------------------------
------------OO--------------------------
----------------------------------------
----------------------------------OO----
----------------------------------O--O--
----------------O--------------O-OO--O--
---------------O-O-------------O-O-OO---
-----------------OO---------OO-O-O------
OOO-----------OO-O-----------OO--------O
--O------------OO-----------O----O-----O
--O----------------------------------OO-

Life - generation  410 

\u001b[H
-O--------------------------------------
-OO-------------------------------------
--OO------------------------------------
--OO------------------------------------
----------------------------------------
----------------------------------------
---------OO-----------------------------
---------OO-----------------------------
----------------------------------------
------------OO--------------------------
------------OO--------------------------
----------------------------------------
----------------------------------OO----
------------------------------------O---
----------------O----------------O---O--
-----------------OO------------O-O-OO---
OO------------OO-OO---------OO-O--O-----
OOO-----------OO-OO-----------O-O------O
--OO----------OOO------------O---------O
O-O-----------------------------------OO

Life - generation  411 

\u001b[H
---------------------------------------O
-O-O------------------------------------
----------------------------------------
--OO------------------------------------
----------------------------------------
----------------------------------------
---------OO-----------------------------
---------OO-----------------------------
----------------------------------------
------------OO--------------------------
------------OO--------------------------
----------------------------------------
-----------------------------------O----
----------------------------------OOO---
-----------------O--------------O-OO-O--
---------------O--O-----------O--O-OO---
--O-----------OO---O---------O-O-OOO---O
---O---------O----O---------O-OO-------O
---O----------O-OO----------------------
O-OO-----------O----------------------OO

Life - generation  412 

\u001b[H
-O-O----------------------------------OO
----------------------------------------
---O------------------------------------
----------------------------------------
----------------------------------------
----------------------------------------
---------OO-----------------------------
---------OO-----------------------------
----------------------------------------
------------OO--------------------------
------------OO--------------------------
----------------------------------------
----------------------------------OOO---
---------------------------------O------
-------------------------------------O--
--------------OOO-O-----------OO--------
--------------OO--OO---------O-O-O-OO---
--OO---------O--OOO----------OOOO-O-----
O--OO---------OOOO--------------------O-
O-OO-----------OO---------------------OO

Life - generation  413 

\u001b[H
-O-O----------------------------------O-
--O-------------------------------------
----------------------------------------
----------------------------------------
----------------------------------------
----------------------------------------
---------OO-----------------------------
---------OO-----------------------------
----------------------------------------
------------OO--------------------------
------------OO--------------------------
-----------------------------------O----
----------------------------------OO----
----------------------------------OOO---
---------------O------------------------
--------------O-OOOO----------OOO---O---
-------------O-----O---------O---OOO----
--OOO--------O-----O---------O-OOOOO----
O---O---------O---O-----------OO------O-
--------------O--O-------------------O--

Life - generation  414 

\u001b[H
--O-------------------------------------
--O-------------------------------------
----------------------------------------
----------------------------------------
----------------------------------------
----------------------------------------
---------OO-----------------------------
---------OO-----------------------------
----------------------------------------
------------OO--------------------------
------------OO--------------------------
----------------------------------OO----
----------------------------------------
----------------------------------O-O---
---------------OOOO------------O----O---
--------------OOOOOO----------OOOOOO----
---O---------OO--O-OO--------O------O---
---OO--------OO---OO---------O-O---O----
----O--------OO---O-----------OO-OO-----
-------------------------------------OOO

Life - generation  415 

\u001b[H
--------------------------------------O-
----------------------------------------
----------------------------------------
----------------------------------------
----------------------------------------
----------------------------------------
---------OO-----------------------------
---------OO-----------------------------
----------------------------------------
------------OO--------------------------
------------OO--------------------------
----------------------------------------
----------------------------------O-----
----------------OO-----------------O----
--------------O----O----------OO----O---
-------------O------O---------OOOOOOO---
---OO---------------O--------O---O--O---
---OO-------O--O-O--O--------O-OO-OO----
---OO--------OO---OO----------OOO-O---O-
--------------------------------------O-

Life - generation  416 

\u001b[H
----------------------------------------
----------------------------------------
----------------------------------------
----------------------------------------
----------------------------------------
----------------------------------------
---------OO-----------------------------
---------OO-----------------------------
----------------------------------------
------------OO--------------------------
------------OO--------------------------
----------------------------------------
----------------------------------------
-----------------------------------O----
------------------------------O--O--O---
-------------------OO--------O---OO-OO--
---OO--------------OOO-------O------O---
--O--O-------OO---O-O--------O----OO----
---OO--------OO---OO----------O-O-OO----
-------------------------------O-----OOO

Life - generation  417 

\u001b[H
--------------------------------------O-
----------------------------------------
----------------------------------------
----------------------------------------
----------------------------------------
----------------------------------------
---------OO-----------------------------
---------OO-----------------------------
----------------------------------------
------------OO--------------------------
------------OO--------------------------
----------------------------------------
----------------------------------------
----------------------------------------
---------------------------------O--OO--
-------------------O-O-------OO--OO-OO--
---OO-------------O--O------OOO--O--OO--
--O--O-------OO---O--O-------OO--OO-O---
---OO--------OO---OO----------OO-OOOO-O-
-------------------------------O------O-

Life - generation  418 

\u001b[H
----------------------------------------
----------------------------------------
----------------------------------------
----------------------------------------
----------------------------------------
----------------------------------------
---------OO-----------------------------
---------OO-----------------------------
----------------------------------------
------------OO--------------------------
------------OO--------------------------
----------------------------------------
----------------------------------------
----------------------------------------
---------------------------------OOOOO--
--------------------O-------O-O-OOO---O-
---OO-------------OO-OO-----O--OO-------
--O--O-------OO--OO-O-------O-----------
---OO--------OO---OO---------O-O-O--O---
------------------------------OOO-OO--OO

Life - generation  419 

\u001b[H
-------------------------------O--------
----------------------------------------
----------------------------------------
----------------------------------------
----------------------------------------
----------------------------------------
---------OO-----------------------------
---------OO-----------------------------
----------------------------------------
------------OO--------------------------
------------OO--------------------------
----------------------------------------
----------------------------------------
----------------------------------OOO---
--------------------------------O--OOO--
-------------------OOO-------O------OO--
---OO------------OO--O-----OO--OO-------
--O--O-------OO--O--OO------OOOO--------
---OO--------OO--OOO---------O-O-OOO----
------------------------------OOOOOO----

Life - generation  420 

\u001b[H
------------------------------OO-OO-----
----------------------------------------
----------------------------------------
----------------------------------------
----------------------------------------
----------------------------------------
---------OO-----------------------------
---------OO-----------------------------
----------------------------------------
------------OO--------------------------
------------OO--------------------------
----------------------------------------
-----------------------------------O----
----------------------------------O--O--
--------------------O-------------O-----
------------------OOOO------O--OO--O-O--
---OO------------OO---O----O---OO-------
--O--O-------OO-O---OO-----O-----OO-----
---OO--------OO--OOOO-------O------O----
------------------O----------------O----

Life - generation  421 

\u001b[H
----------------------------------O-----
----------------------------------------
----------------------------------------
----------------------------------------
----------------------------------------
----------------------------------------
---------OO-----------------------------
---------OO-----------------------------
----------------------------------------
------------OO--------------------------
------------OO--------------------------
----------------------------------------
----------------------------------------
----------------------------------OO----
--------------------OO-----------OOOO---
-----------------OO-OO---------OOO------
---OO------------OO---O----OO--O--O-----
--O--O-------OOOO---OO-----OO---OOO-----
---OO--------OOO-OO-OO-------------O----
-----------------OO----------------O----

Life - generation  422 

\u001b[H
----------------------------------------
----------------------------------------
----------------------------------------
----------------------------------------
----------------------------------------
----------------------------------------
---------OO-----------------------------
---------OO-----------------------------
----------------------------------------
------------OO--------------------------
------------OO--------------------------
----------------------------------------
----------------------------------------
---------------------------------O--O---
-------------------OOO--------------O---
-----------------OO-O-O--------O--------
---OO---------OO--O---O----OO--O--O-----
--O--O-------O------O-O----OO---OOOO----
---OO--------O----O-OO-----------O-O----
--------------O-OOOO--------------OO----

Life - generation  423 

\u001b[H
-----------------OO---------------------
----------------------------------------
----------------------------------------
----------------------------------------
----------------------------------------
----------------------------------------
---------OO-----------------------------
---------OO-----------------------------
----------------------------------------
------------OO--------------------------
------------OO--------------------------
----------------------------------------
----------------------------------------
--------------------O-------------------
------------------OOOO------------------
-----------------OO-O-O-----------------
---OO---------O--OO---OO---OO--O--OO----
--O--O-------O------O-O----OO---O--O----
---OO--------OO---O-OO----------O---O---
-----------------OOOO-------------OO----

Life - generation  424 

\u001b[H
-----------------O----------------------
----------------------------------------
----------------------------------------
----------------------------------------
----------------------------------------
----------------------------------------
---------OO-----------------------------
---------OO-----------------------------
----------------------------------------
------------OO--------------------------
------------OO--------------------------
----------------------------------------
----------------------------------------
--------------------OO------------------
-----------------OO---------------------
--------------------O-OO----------------
---OO------------OO---OO---OO-----OO----
--O--O-------O---OO-O-OO---OO--OOOOOO---
---OO--------OO--OO--------------OO-O---
--------------------OO-------------O----

Life - generation  425 

\u001b[H
----------------------------------------
----------------------------------------
----------------------------------------
----------------------------------------
----------------------------------------
----------------------------------------
---------OO-----------------------------
---------OO-----------------------------
----------------------------------------
------------OO--------------------------
------------OO--------------------------
----------------------------------------
----------------------------------------
----------------------------------------
-------------------OO-O-----------------
-------------------O-OOO----------------
---OO------------OO-----O--OO---O---O---
--O--O-------OO-O----OOO---OO---O---O---
---OO--------OO--OO-O-O-------------O---
-----------------OO---------------OO----

Life - generation  426 

\u001b[H
----------------------------------------
----------------------------------------
----------------------------------------
----------------------------------------
----------------------------------------
----------------------------------------
---------OO-----------------------------
---------OO-----------------------------
----------------------------------------
------------OO--------------------------
------------OO--------------------------
----------------------------------------
----------------------------------------
----------------------------------------
-------------------OO-OO----------------
-------------------O-OOO----------------
---OO------------OO-O---O--OO-----------
--O--O-------OOOO--O-OOO---OO------OOO--
---OO--------OOOO-OO--OO------------O---
-----------------OOO---------------O----

Life - generation  427 

\u001b[H
------------------O---------------------
----------------------------------------
----------------------------------------
----------------------------------------
----------------------------------------
----------------------------------------
---------OO-----------------------------
---------OO-----------------------------
----------------------------------------
------------OO--------------------------
------------OO--------------------------
----------------------------------------
----------------------------------------
----------------------------------------
-------------------OO--O----------------
------------------------O---------------
---OO---------OOOOO-----O--OO-------O---
--O--O-------O-------O--O--OO------OOO--
---OO--------O-------O-O-------------O--
--------------OOOO-O--------------------

Life - generation  428 

\u001b[H
---------------OOOO---------------------
----------------------------------------
----------------------------------------
----------------------------------------
----------------------------------------
----------------------------------------
---------OO-----------------------------
---------OO-----------------------------
----------------------------------------
------------OO--------------------------
------------OO--------------------------
----------------------------------------
----------------------------------------
----------------------------------------
----------------------------------------
---------------OOOOO---OO---------------
---OO---------OOOO-----OOO-OO------OOO--
--O--O-------O-OOO----OOO--OO------O-O--
---OO--------O-OO---O-O--------------O--
--------------OOOOO---------------------

Life - generation  429 

\u001b[H
--------------O---O---------------------
----------------OO----------------------
----------------------------------------
----------------------------------------
----------------------------------------
----------------------------------------
---------OO-----------------------------
---------OO-----------------------------
----------------------------------------
------------OO--------------------------
------------OO--------------------------
----------------------------------------
----------------------------------------
----------------------------------------
----------------OOO---------------------
--------------O---O----O-O----------O---
---OO--------------------OOOO------O-O--
--O--O-------O-------OO--OOOO------O-OO-
---OO--------O----O--OO-------------O---
------------------OO--------------------

Life - generation  430 

\u001b[H
------------------OO--------------------
-----------------O----------------------
----------------------------------------
----------------------------------------
----------------------------------------
----------------------------------------
---------OO-----------------------------
---------OO-----------------------------
----------------------------------------
------------OO--------------------------
------------OO--------------------------
----------------------------------------
----------------------------------------
-----------------O----------------------
-----------------OO---------------------
------------------O-----OO-O--------O---
---OO-----------------O-----O------O-OO-
--O--O---------------OO--O--O------O-OO-
---OO-------------OOOOO---OO--------OO--
-----------------OOO--------------------

Life - generation  431 

\u001b[H
-------------------O--------------------
------------------O---------------------
----------------------------------------
----------------------------------------
----------------------------------------
----------------------------------------
---------OO-----------------------------
---------OO-----------------------------
----------------------------------------
------------OO--------------------------
------------OO--------------------------
----------------------------------------
----------------------------------------
-----------------OO---------------------
-----------------OO---------------------
-----------------OO-----------------OO--
---OO----------------OOOOOOOO------O--O-
--O--O-------------O---O--O-O------O----
---OO------------O----O---OO--------OOO-
-----------------O---O------------------

Life - generation  432 

\u001b[H
------------------O---------------------
----------------------------------------
----------------------------------------
----------------------------------------
----------------------------------------
----------------------------------------
---------OO-----------------------------
---------OO-----------------------------
----------------------------------------
------------OO--------------------------
------------OO--------------------------
----------------------------------------
----------------------------------------
-----------------OO---------------------
----------------O--O--------------------
-----------------OO---OOOOOO--------OO--
---OO-------------O---OOOOO-O------O-O--
--O--O---------------O------O------O--O-
---OO-------------O---O---OO--------OO--
------------------O------------------O--

Life - generation  433 

\u001b[H
----------------------------------------
----------------------------------------
----------------------------------------
----------------------------------------
----------------------------------------
----------------------------------------
---------OO-----------------------------
---------OO-----------------------------
----------------------------------------
------------OO--------------------------
------------OO--------------------------
----------------------------------------
----------------------------------------
-----------------OO---------------------
----------------O--O---OOOO-------------
-----------------OOO--O----O--------OO--
---OO------------OO--O------O------O-OO-
--O--O---------------O--O---O------O--O-
---OO----------------------O--------OOO-
-----------------OOO----------------OO--

Life - generation  434 

\u001b[H
------------------O---------------------
----------------------------------------
----------------------------------------
----------------------------------------
----------------------------------------
----------------------------------------
---------OO-----------------------------
---------OO-----------------------------
----------------------------------------
------------OO--------------------------
------------OO--------------------------
----------------------------------------
----------------------------------------
-----------------OO-----OO--------------
----------------O--O---OOOO-------------
----------------O--OO-OOOOOO--------OOO-
---OO------------O-OOOO----OO------O--O-
--O--O---------------------OO------O---O
---OO-------------O----------------O--O-
------------------O-----------------O-O-

Life - generation  435 

\u001b[H
----------------------------------------
----------------------------------------
----------------------------------------
----------------------------------------
----------------------------------------
----------------------------------------
---------OO-----------------------------
---------OO-----------------------------
----------------------------------------
------------OO--------------------------
------------OO--------------------------
----------------------------------------
----------------------------------------
-----------------OO----O--O-------------
----------------O--OO-O----O---------O--
----------------OO----------O-------OOO-
---OO-------------OO--O-OO---------O--OO
--O--O------------OOOO-----OO-----OOO-OO
---OO------------------------------OOOOO
-----------------OOO-----------------O--

Life - generation  436 

\u001b[H
------------------O---------------------
----------------------------------------
----------------------------------------
----------------------------------------
----------------------------------------
----------------------------------------
---------OO-----------------------------
---------OO-----------------------------
----------------------------------------
------------OO--------------------------
------------OO--------------------------
----------------------------------------
----------------------------------------
-----------------OOO--------------------
----------------O--O-------O--------OOO-
----------------OO--OO-O------------O--O
---OO----------------O-----OO-----O-----
O-O--O------------O-OO------------O-----
---OO------------O----------------O----O
------------------O------------------O--

Life - generation  437 

\u001b[H
----------------------------------------
----------------------------------------
----------------------------------------
----------------------------------------
----------------------------------------
----------------------------------------
---------OO-----------------------------
---------OO-----------------------------
----------------------------------------
------------OO--------------------------
------------OO--------------------------
----------------------------------------
------------------O---------------------
-----------------OOO-----------------O--
----------------O--O----------------OOO-
----------------OO--OOO----OO------OO-O-
---OO------------O-O---------------O----
--O--O--------------OO-----------OOO----
---OO------------OOO--------------------
-----------------OO---------------------

Life - generation  438 

\u001b[H
----------------------------------------
----------------------------------------
----------------------------------------
----------------------------------------
----------------------------------------
----------------------------------------
---------OO-----------------------------
---------OO-----------------------------
----------------------------------------
------------OO--------------------------
------------OO--------------------------
----------------------------------------
-----------------OOO--------------------
-----------------O-O----------------OOO-
----------------O--O-O-------------O--O-
----------------OO-OOO-------------O--O-
---OO-----------OOOO--O-----------------
--O--O-----------O--O-------------OO----
---OO------------O-OO-------------O-----
-----------------O-O--------------------

Life - generation  439 

\u001b[H
----------------------------------------
----------------------------------------
----------------------------------------
----------------------------------------
----------------------------------------
----------------------------------------
---------OO-----------------------------
---------OO-----------------------------
----------------------------------------
------------OO--------------------------
------------OO--------------------------
------------------O---------------------
-----------------O-O-----------------O--
----------------OO-O----------------OOO-
----------------O--O-O-------------O--OO
---------------O-----OO-----------------
---OO-----------------------------OO----
--O--O--------------OO------------OO----
---OO-----------OO-OO-------------OO----
-------------------OO-------------------

Life - generation  440 

\u001b[H
----------------------------------------
----------------------------------------
----------------------------------------
----------------------------------------
----------------------------------------
----------------------------------------
---------OO-----------------------------
---------OO-----------------------------
----------------------------------------
------------OO--------------------------
------------OO--------------------------
------------------O---------------------
----------------OO-O----------------OOO-
----------------OO-O----------------O--O
---------------OOOO--OO-------------O-OO
--------------------OOO-----------OO----
---OO---------------O-O-----------OO----
--O--O-------------OOO-----------O--O---
---OO-------------O---------------OO----
------------------OOO-------------------

Life - generation  441 

\u001b[H
-------------------O--------------------
----------------------------------------
----------------------------------------
----------------------------------------
----------------------------------------
----------------------------------------
---------OO-----------------------------
---------OO-----------------------------
----------------------------------------
------------OO--------------------------
------------OO--------------------------
-----------------OO------------------O--
----------------O--O----------------OOO-
-------------------OO--------------OO--O
---------------O--OO--O-------------OOOO
----------------OO-OO--O----------O-O---
---OO-----------------O----------O--O---
--O--O-------------OOO-----------O--O---
---OO-------------O--O------------OO----
------------------OO--------------------

Life - generation  442 

\u001b[H
------------------OO--------------------
----------------------------------------
----------------------------------------
----------------------------------------
----------------------------------------
----------------------------------------
---------OO-----------------------------
---------OO-----------------------------
----------------------------------------
------------OO--------------------------
------------OO--------------------------
-----------------OO-----------------OOO-
-----------------O-OO--------------O--O-
--------------------O--------------O---O
----------------OO---O----------------OO
----------------OO-OOOOO------------O-O-
---OO-------------O---O----------OO-OO--
--O--O-------------OOOO----------O--O---
---OO-------------O--O------------OO----
------------------OOO-------------------

Life - generation  443 

\u001b[H
------------------O-O-------------------
----------------------------------------
----------------------------------------
----------------------------------------
----------------------------------------
----------------------------------------
---------OO-----------------------------
---------OO-----------------------------
----------------------------------------
------------OO--------------------------
------------OO-----------------------O--
-----------------OOO----------------OOO-
-----------------O-OO--------------O--OO
----------------OOOOOO-----------------O
----------------OOOO-----------------OOO
----------------O--OO--O-----------OO-OO
---OO------------OO--------------OO-O---
--O--O------------OOO-O----------O--OO--
---OO-------------O---O-----------OO----
-----------------O--O-------------------

Life - generation  444 

\u001b[H
-------------------O--------------------
----------------------------------------
----------------------------------------
----------------------------------------
----------------------------------------
----------------------------------------
---------OO-----------------------------
---------OO-----------------------------
----------------------------------------
------------OO--------------------------
------------OO----O-----------------OOO-
-----------------O-OO---------------O--O
---------------------O--------------O--O
O--------------------O---------------O--
O--------------O-----O--------------OO--
----------------O---O-------------OOO--O
---OO------------O---O-----------OO---O-
--O--O---------------O-----------O--OO--
---OO------------OO-O-------------OOO---
-----------------OO--O------------------

Life - generation  445 

\u001b[H
------------------O---------------------
----------------------------------------
----------------------------------------
----------------------------------------
----------------------------------------
----------------------------------------
---------OO-----------------------------
---------OO-----------------------------
----------------------------------------
------------OO-----------------------O--
------------OO----OO----------------OOO-
------------------OOO--------------OO--O
O--------------------O--------------OOOO
O-------------------OOO--------------OOO
O-------------------OO---------------OOO
----------------O---OO-----------OO-O-OO
---OO---------------OO-----------O----O-
--O--O-----------OO-OO-----------O--OO--
---OO------------OOOOO------------OOOO--
-----------------O--O--------------O----

Life - generation  446 

\u001b[H
----------------------------------------
----------------------------------------
----------------------------------------
----------------------------------------
----------------------------------------
----------------------------------------
---------OO-----------------------------
---------OO-----------------------------
----------------------------------------
------------OO----------------------OOO-
------------OO----O-O--------------O--O-
O-----------------O-O--------------O----
----------------------O------------O----
-O--------------------O-----------------
-------------------O----------------O---
O------------------O--O----------OO-----
---OO------------O----O---------OO-OO-OO
--O--O-----------O----O----------O----O-
---OO-----------O-----------------O--O--
-----------------O--OO------------OO----

Life - generation  447 

\u001b[H
----------------------------------------
----------------------------------------
----------------------------------------
----------------------------------------
----------------------------------------
----------------------------------------
---------OO-----------------------------
---------OO-----------------------------
-------------------------------------O--
------------OO----------------------OOO-
------------OO---------------------O--OO
---------------------O------------OOO---
---------------------O------------------
----------------------------------------
----------------------------------------
------------------O-------------OOO-OO-O
---OO-------------O--OOO--------O--O-OOO
--O--O----------OO--------------OO-OO-OO
---OO-----------OO---O-----------OOO----
----------------------------------OO----

Life - generation  448 

\u001b[H
----------------------------------------
----------------------------------------
----------------------------------------
----------------------------------------
----------------------------------------
----------------------------------------
---------OO-----------------------------
---------OO-----------------------------
------------------------------------OOO-
------------OO----------------------O--O
------------OO--------------------O---OO
----------------------------------OOO---
-----------------------------------O----
----------------------------------------
---------------------------------O------
----------------------O---------OOOOOO-O
O--OO-------------O---O--------O--------
--O--O----------O-O--O----------O------O
---OO-----------OO--------------O-------
---------------------------------O-O----

Life - generation  449 

\u001b[H
----------------------------------------
----------------------------------------
----------------------------------------
----------------------------------------
----------------------------------------
----------------------------------------
---------OO-----------------------------
---------OO--------------------------O--
------------------------------------OOO-
------------OO---------------------OO--O
------------OO--------------------O-OOOO
----------------------------------O-O---
----------------------------------OOO---
----------------------------------------
--------------------------------OO-OO---
--------------------------------OOOOO---
O--OO------------O---OO--------O--OOO-OO
--O--O----------O-O------------OO-------
---OO-----------OO--------------OO------
----------------------------------------

Life - generation  450 

\u001b[H
----------------------------------------
----------------------------------------
----------------------------------------
----------------------------------------
----------------------------------------
----------------------------------------
---------OO-----------------------------
---------OO-------------------------OOO-
-----------------------------------O--O-
------------OO-------------------------O
------------OO--------------------O---OO
---------------------------------OO---O-
----------------------------------O-O---
---------------------------------O------
--------------------------------O---O---
-------------------------------O-------O
---OO------------O-------------O----OO-O
--O--O----------O-O------------O--OO---O
---OO-----------OO-------------OOO------
----------------------------------------

Life - generation  451 

\u001b[H
----------------------------------------
----------------------------------------
----------------------------------------
----------------------------------------
----------------------------------------
----------------------------------------
---------OO--------------------------O--
---------OO-------------------------OOO-
------------------------------------O-OO
------------OO-------------------------O
------------OO-------------------OO---OO
---------------------------------OO--OOO
----------------------------------OO----
---------------------------------O-O----
--------------------------------O-------
-------------------------------OO---OOO-
O--OO------------O------------OOO--OO--O
--O--O----------O-O-----------OO-OOOO-O-
---OO-----------OO-------------OOOO-----
--------------------------------O-------

Life - generation  452 

\u001b[H
----------------------------------------
----------------------------------------
----------------------------------------
----------------------------------------
----------------------------------------
----------------------------------------
---------OO-------------------------OOO-
---------OO-------------------------O--O
------------------------------------O--O
O-----------OO-----------------------O--
O-----------OO-------------------OO--O--
-------------------------------------O-O
-----------------------------------OO-O-
---------------------------------O-O----
-------------------------------OOO--OO--
------------------------------O--O-OOOOO
---OO------------O---------------------O
--O--O----------O-O-----------------OO-O
---OO-----------OO------------O---------
-------------------------------OO-------

Life - generation  453 

\u001b[H
----------------------------------------
----------------------------------------
----------------------------------------
----------------------------------------
----------------------------------------
-------------------------------------O--
---------OO-------------------------OOO-
---------OO------------------------OO--O
O-----------------------------------OOOO
O-----------OO----------------------OOOO
O-----------OO----------------------OO-O
----------------------------------OO-O-O
----------------------------------OOOOO-
---------------------------------O-O----
-------------------------------O-O------
-------------------------------O-OOO---O
O--OO------------O-----------------O---O
--O--O----------O-O-------------------O-
---OO-----------OO-------------O--------
-------------------------------O--------

Life - generation  454 

\u001b[H
----------------------------------------
----------------------------------------
----------------------------------------
----------------------------------------
----------------------------------------
------------------------------------OOO-
---------OO------------------------O--O-
O--------OO------------------------O----
----------------------------------------
-O----------OO---------------------O----
------------OO--------------------------
O---------------------------------O----O
---------------------------------O---OO-
--------------------------------OO-O-O--
---------------------------------O-O----
O--------------------------------O-O---O
O--OO------------O-----------------O--OO
--O--O----------O-O--------------------O
---OO-----------OO----------------------
----------------------------------------

Life - generation  455 

\u001b[H
----------------------------------------
----------------------------------------
----------------------------------------
----------------------------------------
-------------------------------------O--
------------------------------------OOO-
---------OO------------------------O--OO
---------OO-----------------------------
----------------------------------------
------------OO--------------------------
O-----------OO--------------------------
--------------------------------------OO
--------------------------------OO--OOOO
--------------------------------OO---OO-
---------------------------------O-O----
O----------------------------------OO-O-
-O-OO------------O----------------O---O-
O-O--O----------O-O-------------------OO
---OO-----------OO----------------------
----------------------------------------

Life - generation  456 

\u001b[H
----------------------------------------
----------------------------------------
----------------------------------------
----------------------------------------
------------------------------------OOO-
------------------------------------O--O
---------OO-------------------------O-OO
---------OO-----------------------------
----------------------------------------
------------OO--------------------------
------------OO-------------------------O
O---------------------------------------
--------------------------------OO--O---
---------------------------------------O
--------------------------------OO-O--OO
-----------------------------------OOO-O
-OOOO------------O-----------------O--O-
OOO--O----------O-O-------------------OO
---OO-----------OO---------------------O
----------------------------------------

Life - generation  457 

\u001b[H
----------------------------------------
----------------------------------------
----------------------------------------
-------------------------------------O--
------------------------------------OOO-
-----------------------------------OO--O
---------OO--------------------------OOO
---------OO-----------------------------
----------------------------------------
------------OO--------------------------
------------OO--------------------------
----------------------------------------
----------------------------------------
----------------------------------O---OO
O---------------------------------OO-O-O
O-OO-------------------------------O-O-O
---OO------------O-----------------O----
-----O----------O-O-------------------O-
-OOOO-----------OO--------------------OO
----------------------------------------

Life - generation  458 

\u001b[H
----------------------------------------
----------------------------------------
----------------------------------------
------------------------------------OOO-
-----------------------------------O--O-
-----------------------------------O---O
---------OO-------------------------OOOO
---------OO---------------------------O-
----------------------------------------
------------OO--------------------------
------------OO--------------------------
----------------------------------------
----------------------------------------
O---------------------------------OO--OO
-O--------------------------------OO-O--
OOOOO------------------------------O---O
--OOO------------O------------------O-OO
-----O----------O-O-------------------OO
--OOO-----------OO--------------------OO
--OO------------------------------------

Life - generation  459 

\u001b[H
----------------------------------------
----------------------------------------
-------------------------------------O--
------------------------------------OOO-
-----------------------------------O--OO
-----------------------------------O---O
---------OO-------------------------OO-O
---------OO---------------------------OO
----------------------------------------
------------OO--------------------------
------------OO--------------------------
----------------------------------------
---------------------------------------O
O---------------------------------OOO-OO
---O------------------------------------
----O-----------------------------OO-O-O
-----O-----------O-------------------O--
O----O----------O-O---------------------
--O-O-----------OO--------------------OO
--O-O-----------------------------------

Life - generation  460 

\u001b[H
----------------------------------------
----------------------------------------
------------------------------------OOO-
------------------------------------O--O
-----------------------------------O---O
O----------------------------------O-O-O
O--------OO-------------------------OO-O
---------OO--------------------------OOO
----------------------------------------
------------OO--------------------------
------------OO--------------------------
----------------------------------------
O----------------------------------O--OO
O----------------------------------O--OO
O------------------------------------O--
----O-------------------------------O-O-
----OO-----------O------------------O-O-
----OO----------O-O-------------------OO
-O--OO----------OO---------------------O
----------------------------------------

Life - generation  461 

\u001b[H
----------------------------------------
-------------------------------------O--
------------------------------------OOO-
-----------------------------------OO--O
-----------------------------------O---O
-----------------------------------O-O--
---------OO-----------------------------
O--------OO-------------------------OO-O
--------------------------------------O-
------------OO--------------------------
------------OO--------------------------
---------------------------------------O
O-------------------------------------O-
-O----------------------------------OO--
O-----------------------------------OO--
----OO------------------------------O-OO
---O-------------O--------------------O-
O--O--O---------O-O------------------OOO
O---OO----------OO--------------------OO
----------------------------------------

Life - generation  462 

\u001b[H
----------------------------------------
------------------------------------OOO-
-----------------------------------O--O-
-----------------------------------O---O
----------------------------------OO--O-
------------------------------------O---
---------OO--------------------------OO-
---------OO--------------------------OOO
-------------------------------------OOO
------------OO--------------------------
------------OO--------------------------
---------------------------------------O
O------------------------------------OOO
OO----------------------------------O-OO
O----------------------------------O---O
----O-------------------------------O-OO
O--O-O-----------O----------------------
O--O-O----------O-O------------------O--
O---OO----------OO-------------------O--
---------------------------------------O

Life - generation  463 

\u001b[H
-------------------------------------OO-
------------------------------------OOO-
-----------------------------------O--OO
-----------------------------------OO-OO
----------------------------------OOO---
-----------------------------------OO-O-
---------OO-------------------------O--O
---------OO-------------------------O---
-------------------------------------O-O
------------OO------------------------O-
------------OO--------------------------
O--------------------------------------O
-O-----------------------------------O--
-O----------------------------------O---
-O---------------------------------OO---
----O---------------------------------O-
O--O-O-----------O-------------------OO-
OO-O-OO---------O-O--------------------O
O---OO----------OO--------------------OO
----------------------------------------

Life - generation  464 

\u001b[H
------------------------------------O-O-
------------------------------------O---
-----------------------------------O----
--------------------------------------OO
----------------------------------O---OO
----------------------------------O-----
---------OO-------------------------O---
---------OO-------------------------OOO-
-------------------------------------OO-
------------OO------------------------O-
------------OO-------------------------O
O---------------------------------------
-O--------------------------------------
OOO--------------------------------OOO--
-----------------------------------OOO--
----O-------------------------------O-OO
OOOO-OO----------O-------------------OO-
-OOO--O---------O-O------------------O--
-O--OOO---------OO--------------------O-
-------------------------------------O--

Life - generation  465 

\u001b[H
------------------------------------O---
-----------------------------------OOO--
----------------------------------------
--------------------------------------OO
--------------------------------------OO
-----------------------------------O----
---------OO------------------------OO---
---------OO-------------------------O-O-
------------------------------------O--O
------------OO-----------------------OOO
------------OO-------------------------O
O---------------------------------------
--O---------------------------------O---
OOO--------------------------------O-O--
OO-------------------------------------O
OOOOOO-----------------------------O---O
O----OO----------O------------------O---
-------O--------O-O------------------O-O
-O-OOOO---------OO-------------------OO-
-----O-------------------------------OO-

Life - generation  466 

\u001b[H
-----------------------------------O--O-
-----------------------------------OOO--
------------------------------------OOO-
--------------------------------------OO
--------------------------------------OO
-----------------------------------OO---
---------OO------------------------OOO--
---------OO-------------------------O---
------------------------------------O--O
O-----------OO-----------------------O-O
O-----------OO-------------------------O
----------------------------------------
O-O---------------------------------O---
--O---------------------------------O--O
----O-------------------------------O-O-
--OOOOO---------------------------------
--OO-OO----------O------------------O-O-
O------O--------O-O-----------------OO-O
----OOO---------OO------------------O--O
-----OO-----------------------------O-O-

Life - generation  467 

\u001b[H
-----------------------------------O--O-
-----------------------------------O----
-----------------------------------O---O
----------------------------------------
-------------------------------------OOO
-----------------------------------O--O-
---------OO--------------------------O--
---------OO-----------------------------
O-----------------------------------OOOO
------------OO--------------------------
O-----------OO------------------------OO
OO-------------------------------------O
-O--------------------------------------
-O-O-------------------------------OO--O
--O-O--------------------------------O--
--O---O---------------------------------
-OO----O---------O------------------O-OO
O--O---O--------O-O----------------OO--O
O---O--O--------OO-----------------OO--O
----O-O----------------------------OO-OO

Life - generation  468 

\u001b[H
----------------------------------OO-OOO
----------------------------------OOO---
----------------------------------------
---------------------------------------O
-------------------------------------OOO
------------------------------------O--O
---------OO-----------------------------
---------OO-------------------------O--O
-------------------------------------OOO
------------OO--------------------------
-O----------OO------------------------O-
-O------------------------------------O-
-O-------------------------------------O
OO-O--------------------------------O---
-OO---------------------------------O---
--O----------------------------------OO-
-OOO--OO---------O-----------------OOOOO
--OO--OOO-------O-O---------------------
---OOOOO--------OO----------------O-----
O----O----------------------------O---O-

Life - generation  469 

\u001b[H
---------------------------------O---OOO
----------------------------------O-OOO-
-----------------------------------O----
---------------------------------------O
O------------------------------------O-O
-------------------------------------O-O
---------OO-----------------------------
---------OO--------------------------O-O
-------------------------------------OOO
------------OO-----------------------O-O
------------OO--------------------------
-OO-----------------------------------OO
-O-------------------------------------O
----------------------------------------
O--O--------------------------------O---
O----------------------------------O---O
-O----O-O--------O------------------O--O
-O------O-------O-O----------------OOOO-
--OO----O-------OO----------------------
-----O---------------------------OO--OO-

Life - generation  470 

\u001b[H
---------------------------------O-O---O
----------------------------------OOO--O
-----------------------------------OOOO-
O-------------------------------------OO
O--------------------------------------O
O--------------------------------------O
---------OO-----------------------------
---------OO--------------------------O-O
O-----------------------------------OO-O
------------OO-----------------------O-O
O-----------OO-------------------------O
-OO-----------------------------------OO
-OO-----------------------------------OO
O---------------------------------------
O--------------------------------------O
-O---------------------------------OO--O
-O-----O---------O---------------------O
OO------OO------O-O----------------OOOO-
--O-------------OO----------------OO----
---------------------------------OO--O-O

Life - generation  471 

\u001b[H
O--------------------------------O-----O
---------------------------------------O
O---------------------------------O-----
O-----------------------------------O---
-O--------------------------------------
O--------------------------------------O
O--------OO---------------------------OO
O--------OO-------------------------OO-O
O-----------------------------------OO-O
------------OO----------------------OO--
-O----------OO--------------------------
--O-------------------------------------
--O-----------------------------------O-
--------------------------------------O-
-O-------------------------------------O
-O------------------------------------OO
-OO-----O--------O---------------------O
OOO-----O-------O-O---------------OOOOOO
OO--------------OO---------------O-----O
---------------------------------O--O-O-

Life - generation  472 

\u001b[H
O-------------------------------------OO
---------------------------------------O
O--------------------------------------O
OO--------------------------------------
-O-------------------------------------O
-O------------------------------------O-
-O-------OO--------------------------O--
-O-------OO-------------------------O---
O----------------------------------O---O
O-----------OO----------------------OOO-
------------OO--------------------------
-OO-------------------------------------
----------------------------------------
--------------------------------------OO
---------------------------------------O
-O------------------------------------OO
-----------------O-----------------OO---
----------------O-O---------------OOOO--
--O-------------OO---------------O------
-O------------------------------OOO---O-

Life - generation  473 

\u001b[H
O--------------------------------O----O-
----------------------------------------
-O-------------------------------------O
-O--------------------------------------
-OO------------------------------------O
-OO-----------------------------------O-
OOO------OO--------------------------O--
-O-------OO-------------------------O---
OO---------------------------------O--OO
O-----------OO----------------------OOO-
-O----------OO-----------------------O--
----------------------------------------
----------------------------------------
--------------------------------------OO
----------------------------------------
O-------------------------------------OO
-----------------O----------------O---O-
----------------O-O---------------O--O--
----------------OO--------------O---OO--
OO------------------------------OOO---O-

Life - generation  474 

\u001b[H
OO------------------------------OOO-----
O--------------------------------------O
O---------------------------------------
-O--------------------------------------
----------------------------------------
---O----------------------------------OO
O--------OO--------------------------O--
---------OO-------------------------OOO-
-O---------------------------------O--O-
------------OO----------------------O---
------------OO----------------------OOO-
----------------------------------------
----------------------------------------
----------------------------------------
O---------------------------------------
--------------------------------------OO
-----------------O-------------------OO-
----------------O-O--------------O-OOOO-
----------------OO--------------O-OOOOO-
OO------------------------------O-O---O-

Life - generation  475 

\u001b[H
--------------------------------O-O-----
---------------------------------O-----O
OO-------------------------------------O
----------------------------------------
----------------------------------------
--------------------------------------OO
---------OO-------------------------O---
---------OO-------------------------O-OO
-----------------------------------O--O-
------------OO---------------------OO-O-
------------OO----------------------OO--
-------------------------------------O--
----------------------------------------
----------------------------------------
---------------------------------------O
-------------------------------------OOO
-----------------O----------------------
----------------O-O--------------O-----O
----------------OO--------------O-------
OO-----------------------------OO---O-O-

Life - generation  476 

\u001b[H
O------------------------------OO------O
---------------------------------O-----O
O--------------------------------------O
O---------------------------------------
----------------------------------------
----------------------------------------
---------OO-----------------------------
---------OO------------------------OO-OO
-----------------------------------O--O-
------------OO---------------------O--O-
------------OO---------------------O--O-
------------------------------------OO--
----------------------------------------
----------------------------------------
---------------------------------------O
--------------------------------------OO
-----------------O---------------------O
----------------O-O---------------------
O---------------OO-------------OOO-----O
-------------------------------OO-------

Life - generation  477 

\u001b[H
O------------------------------O-O-----O
--------------------------------O-----O-
O--------------------------------------O
O--------------------------------------O
----------------------------------------
----------------------------------------
---------OO-----------------------------
---------OO------------------------OOOOO
----------------------------------OO--O-
------------OO--------------------OOOOOO
------------OO---------------------O--O-
------------------------------------OO--
----------------------------------------
----------------------------------------
--------------------------------------OO
O-------------------------------------OO
-----------------O--------------------OO
O---------------O-O-------------O------O
----------------OO-------------O-O------
------------------------------O---------

Life - generation  478 

\u001b[H
-------------------------------OO------O
--------------------------------O-----O-
O-------------------------------------O-
O--------------------------------------O
----------------------------------------
----------------------------------------
---------OO-------------------------OOO-
---------OO-----------------------OOOOOO
----------------------------------------
------------OO-------------------------O
------------OO--------------------O----O
------------------------------------OO--
----------------------------------------
----------------------------------------
O-------------------------------------O-
O------------------------------------O--
-----------------O----------------------
O---------------O-O-------------O-----OO
----------------OO-------------OO-------
------------------------------OO--------

Life - generation  479 

\u001b[H
------------------------------O-O-------
-------------------------------OO-----O-
O-------------------------------------O-
O--------------------------------------O
----------------------------------------
-------------------------------------O--
---------OO----------------------------O
---------OO------------------------O---O
-----------------------------------OOO-O
------------OO--------------------------
------------OO------------------------O-
----------------------------------------
----------------------------------------
----------------------------------------
---------------------------------------O
---------------------------------------O
O----------------O--------------------O-
----------------O-O------------OO------O
----------------OO------------O-O------O
------------------------------O---------

Life - generation  480 

\u001b[H
------------------------------O-O-------
-------------------------------OO------O
O-------------------------------------O-
O--------------------------------------O
----------------------------------------
----------------------------------------
---------OO---------------------------O-
O--------OO------------------------O---O
-----------------------------------OO-O-
------------OO----------------------OOO-
------------OO--------------------------
----------------------------------------
----------------------------------------
----------------------------------------
----------------------------------------
O-------------------------------------OO
O----------------O--------------------O-
O---------------O-O------------OO-----OO
----------------OO------------O-O-------
-----------------------------OO---------

Life - generation  481 

\u001b[H
-----------------------------OO-O-------
-------------------------------OO------O
O-------------------------------------O-
O--------------------------------------O
----------------------------------------
----------------------------------------
---------OO----------------------------O
---------OO------------------------OOOOO
-----------------------------------O--O-
------------OO---------------------OO-O-
------------OO-----------------------O--
----------------------------------------
----------------------------------------
----------------------------------------
---------------------------------------O
O-------------------------------------O-
-O---------------O-------------------O--
O---------------O-O------------OO-----O-
----------------OO-----------OO-O------O
-----------------------------OO---------

Life - generation  482 

\u001b[H
-----------------------------O--O-------
------------------------------OOO------O
O-------------------------------------O-
O--------------------------------------O
----------------------------------------
----------------------------------------
---------OO-------------------------OO-O
---------OO------------------------OOO-O
----------------------------------O-----
------------OO---------------------OO-O-
------------OO----------------------OO--
----------------------------------------
----------------------------------------
----------------------------------------
---------------------------------------O
O-------------------------------------OO
OO---------------O-------------------OO-
O---------------O-O-----------OOO-----OO
----------------OO-----------O--O------O
----------------------------O-----------

Life - generation  483 

\u001b[H
-----------------------------OO-O-------
------------------------------OOO------O
O------------------------------O------O-
O--------------------------------------O
----------------------------------------
----------------------------------------
---------OO------------------------O-O--
---------OO------------------------O-O--
----------------------------------O---O-
------------OO---------------------OO---
------------OO---------------------OOO--
----------------------------------------
----------------------------------------
----------------------------------------
O-------------------------------------OO
-O-----------------------------------O--
-O---------------O-------------O-----O--
-O--------------O-O-----------OOO----O--
O---------------OO-----------OO-O-----OO
----------------------------OO----------

Life - generation  484 

\u001b[H
----------------------------O---O-------
-----------------------------O--O------O
O-----------------------------OOO-----O-
O--------------------------------------O
----------------------------------------
----------------------------------------
---------OO-----------------------------
---------OO-----------------------OO-OO-
----------------------------------O--O--
------------OO--------------------O-----
------------OO---------------------O-O--
------------------------------------O---
----------------------------------------
---------------------------------------O
O-------------------------------------OO
-O-----------------------------------O-O
OOO--------------O------------OOO---OOO-
-O--------------O-O----------O--O----O-O
O---------------OO----------O---O-----OO
----------------------------O----------O

Life - generation  485 

\u001b[H
----------------------------OO----------
-----------------------------OO-OO-----O
O-----------------------------OOO-----O-
O------------------------------O-------O
----------------------------------------
----------------------------------------
---------OO-----------------------------
---------OO-----------------------OOOOO-
---------------------------------OO-OOO-
------------OO--------------------OOO---
------------OO---------------------OO---
------------------------------------O---
----------------------------------------
O-------------------------------------OO
----------------------------------------
--O----------------------------O----O---
--O--------------O------------OOO---O---
--O-------------O-O----------OO-OO--O---
----------------OO----------OO----------
O--------------------------OOO--------OO

Life - generation  486 

\u001b[H
O--------------------------O----------O-
----------------------------O---OO-----O
O----------------------------O---O----O-
O-----------------------------OOO------O
----------------------------------------
----------------------------------------
---------OO------------------------OOO--
---------OO----------------------OO---O-
---------------------------------O----O-
------------OO-------------------O------
------------OO--------------------O--O--
-----------------------------------OO---
---------------------------------------O
---------------------------------------O
---------------------------------------O
------------------------------OOO-------
-OOO-------------O-----------O---O-OOO--
----------------O-O---------O---OO------
----------------OO---------O-----------O
---------------------------O--O--------O

Life - generation  487 

\u001b[H
O--------------------------OO---------O-
O---------------------------O---OO----O-
O----------------------------OO--O----O-
O-----------------------------OOO------O
-------------------------------O--------
------------------------------------O---
---------OO-----------------------OOOO--
---------OO----------------------OOOO-O-
--------------------------------OO------
------------OO-------------------OO-----
------------OO--------------------OOO---
-----------------------------------OO---
----------------------------------------
O-------------------------------------OO
-------------------------------O--------
--O---------------------------OOO---O---
--O--------------O-----------OO--OO-O---
--O-------------O-O---------O---OOO-O---
----------------OO---------OO-----------
O-------------------------OOO---------OO

Life - generation  488 

\u001b[H
OO------------------------O--O-------OO-
OO-------------------------OO---OO---OO-
OO---------------------------OO--O----O-
O----------------------------O--O------O
------------------------------OOO-------
------------------------------------OO--
---------OO----------------------O------
---------OO---------------------O-------
--------------------------------O-------
------------OO------------------O-------
------------OO-------------------O--O---
----------------------------------O-O---
---------------------------------------O
---------------------------------------O
------------------------------OOO------O
-----------------------------O--OO-O----
-OOO-------------O-----------OO---O-OO--
----------------O-O--------OO---O-O-----
----------------OO--------O--O---O-----O
O-------------------------O--O--------O-

Life - generation  489 

\u001b[H
--------------------------O--O----------
--O------------------------OO-O-OO------
-----------------------------OOO-O---OO-
OO---------------------------O--OO-----O
------------------------------OOO-------
-------------------------------OO-------
---------OO-----------------------------
---------OO---------------------OO------
-------------------------------OOO------
------------OO------------------OO------
------------OO-------------------O-O----
-----------------------------------O----
----------------------------------------
O------------------------------O------OO
------------------------------OOOO------
--O--------------------------O--OOOOO---
--O--------------O-----------OOOO-O-O---
--O-------------O-O--------OO-O---OO----
----------------OO--------O--O---O-----O
OO-----------------------OOOOOO------OO-

Life - generation  490 

\u001b[H
-O-----------------------O-----O--------
---------------------------OO---OO------
OO--------------------------------O---OO
O----------------------------O---O----OO
O-----------------------------O---------
------------------------------O-O-------
---------OO--------------------O-O------
---------OO--------------------O-O------
-------------------------------O--O-----
------------OO-----------------O--------
------------OO------------------OO------
----------------------------------O-----
---------------------------------------O
------------------------------OO-------O
------------------------------O----O---O
-----------------------------O------O---
-OOO-------------O--------------O---O---
----------------O-O--------OO---O-OO----
OO--------------OO-------O--------O---OO
O------------------------O----O-------OO

Life - generation  491 

\u001b[H
O-------------------------O----OO------O
-O------------------------------OO-----O
-O--------------------------O---O-O---O-
--------------------------------------O-
O----------------------------OOO--------
------------------------------O-O-------
---------OO-------------------OO-O------
---------OO-------------------OO-OO-----
------------------------------OO--------
------------OO-----------------O-O------
------------OO------------------OO------
---------------------------------O------
----------------------------------------
O-----------------------------OO------OO
-----------------------------OOO--------
--O--------------------------------OO---
--O--------------O----------O----O--O---
----------------O-O---------------OO---O
-O--------------OO--------O------OOO--O-
------------------------OOO-----------O-

Life - generation  492 

\u001b[H
O-------------------------O----OOO----OO
-O------------------------------------OO
O-------------------------------O-----OO
-----------------------------OOO-------O
-----------------------------OOO--------
--------------------------------O-------
---------OO------------------O---OO-----
---------OO------------------O---OO-----
---------------------------------OO-----
------------OO----------------OO-O------
------------OO-------------------OO-----
--------------------------------OO------
---------------------------------------O
-----------------------------O-O-------O
-----------------------------O-O-------O
-----------------------------OO----OO---
-----------------O------------------O---
----------------O-O-----------------O---
----------------OO--------O------O-O--OO
O-------------------------OO----OOO---O-

Life - generation  493 

\u001b[H
-O------------------------OO---O--O--O--
-O-----------------------------O-O---O--
------------------------------OO--------
O----------------------------O--O-----OO
-----------------------------O--O-------
-----------------------------O-OOO------
---------OO---------------------O-O-----
---------OO---------------------O--O----
------------------------------O---------
------------OO--------------------------
------------OO-----------------O--O-----
--------------------------------OOO-----
--------------------------------O-------
O-------------------------------------OO
----------------------------OO-O--------
-----------------------------OO----OO---
-----------------O------------------OO--
----------------O-O----------------OOO--
----------------OO--------OO----OO-O-OOO
O------------------------OOO---O-----O--

Life - generation  494 

\u001b[H
OO-----------------------O-O--OO----OOO-
-------------------------------O--------
O-----------------------------OO------OO
-----------------------------O--O------O
----------------------------OO---------O
------------------------------OO--------
---------OO-----------------------O-----
---------OO--------------------O-O------
----------------------------------------
------------OO--------------------------
------------OO------------------O-O-----
-------------------------------OO-O-----
--------------------------------O------O
---------------------------------------O
----------------------------OO---------O
----------------------------OOO----OOO--
-----------------O----------------------
----------------O-O---------------OO----
----------------OO-------O-O----O-OO---O
O------------------------O--O--O-OO--O-O

Life - generation  495 

\u001b[H
OO------------------------O---OO----OOO-
-O------------------------------O-------
O-----------------------------OOO-----OO
----------------------------OO-O--------
----------------------------OO-O--------
-----------------------------OO---------
---------OO-------------------OOO-------
---------OO-----------------------------
----------------------------------------
------------OO--------------------------
------------OO-----------------OO-------
-------------------------------OO-------
-------------------------------OOO------
O-------------------------------------OO
----------------------------O-O-----O-O-
----------------------------O-O-----O---
-----------------O-----------O----O-----
----------------O-O--------------OOO----
O---------------OO--------O-----O---O-OO
-O----------------------OO-OO-OO-OO--O--

Life - generation  496 

\u001b[H
OOO----------------------OOO-OO--O--OOO-
-O------------------------------O-------
O----------------------------OO-O------O
----------------------------O----------O
-------------------------------O--------
----------------------------O---O-------
---------OO------------------OOO--------
---------OO--------------------O--------
----------------------------------------
------------OO--------------------------
------------OO-----------------OO-------
------------------------------O---------
-------------------------------O-O-----O
-------------------------------OO----OOO
--------------------------------------O-
----------------------------O-O----O-O--
-----------------O-----------O---OO-----
----------------O-O--------------OOO---O
O---------------OO-------OOO---OO---OOOO
-O-----------------------O-O-OO--O-O----

Life - generation  497 

\u001b[H
O-O----------------------O-O-OOOOOO-OO--
--O-----------------------O-O---OO---OO-
O----------------------------O-O-------O
O----------------------------OOO-------O
----------------------------------------
-----------------------------O--O-------
---------OO------------------OOOO-------
---------OO--------------------O--------
----------------------------------------
------------OO--------------------------
------------OO-----------------O--------
------------------------------O---------
------------------------------OO-------O
-------------------------------OO----O-O
-------------------------------O----O--O
-----------------------------O----O-----
-----------------O-----------O---O--O---
O---------------O-O-------O--------OOO-O
O---------------OO-------O-OO-OOO---OOOO
--O---------------------O----O---OOO----

Life - generation  498 

\u001b[H
--OO---------------------OOO-OOO----OOO-
O-------------------------OOO-----O-OOO-
OO--------------------------OO-O--------
O----------------------------O-O-------O
-----------------------------O-O--------
-----------------------------O--O-------
---------OO------------------O--O-------
---------OO--------------------OO-------
----------------------------------------
------------OO--------------------------
------------OO--------------------------
------------------------------O---------
------------------------------O-O-----O-
O-------------------------------O------O
------------------------------OOO-----O-
------------------------------O----O----
-----------------O----------------O-OO--
O---------------O-O-------OOOOOOO--O----
OO--------------OO-------OOOOOOOOO------
O-----------------------OO-O------------

Life - generation  499 

\u001b[H
-O----------------------O----OO----OO-O-
O-O----------------------O-----O---OO-O-
-O---------------------------O-------OO-
OO---------------------------O-OO------O
----------------------------OO-OO-------
----------------------------OO-OO-------
---------OO-------------------O-OO------
---------OO--------------------OO-------
----------------------------------------
------------OO--------------------------
------------OO--------------------------
-------------------------------O--------
---------------------------------------O
------------------------------O-OO----OO
------------------------------O-O------O
------------------------------O----OOO--
-----------------O---------OO-----O-O---
OO--------------O-O------O--------OOO---
OO--------------OO------O--------O-----O
O-O---------------------O------------O-O

Life - generation  500 

\u001b[H
--O---------------------OO----O----O--O-
O-O--------------------------O-----O--O-
--O----------------------------OO---OOO-
OO---------------------------O-OO-----OO
O--------------------------------O------
----------------------------O-----------
---------OO------------------OO--O------
---------OO--------------------OOO------
----------------------------------------
------------OO--------------------------
------------OO--------------------------
----------------------------------------
-------------------------------OO-----OO
O-------------------------------OO----OO
-----------------------------OO-OO--OO-O
-----------------------------O-O---OOO--
-----------------O----------------O-----
-O--------------O-O--------------OO-O--O
--O-------------OO------OO--------OOO-O-
--O--------------------OOO----------OO--

Life - generation  501 

\u001b[H
--OO-------------------O-O---------O--OO
--OO--------------------------OO---O--O-
--O----------------------------OO---O---
OO----------------------------OO-O----O-
OO------------------------------O-------
-----------------------------O----------
---------OO------------------OOO-O------
---------OO-------------------OOOO------
--------------------------------O-------
------------OO--------------------------
------------OO--------------------------
----------------------------------------
O------------------------------OOO----O-
O-----------------------------O---------
O----------------------------OO--OOO---O
-----------------------------O-OOOOO-OO-
-----------------O---------------OO--O--
----------------O-O--------------O--OO--
-OO-------------OO-----O-O-------OO---O-
-OOO-------------------O--O-------O---O-

Life - generation  502 

\u001b[H
----O-------------------O---------OO-OOO
-O----------------------------OOO--OOOOO
--OO---------------------------------O-O
O-O---------------------------O--O-----O
OO----------------------------OOO------O
-----------------------------O-OO-------
---------OO------------------O---O------
---------OO------------------O---O------
--------------------------------OO------
------------OO--------------------------
------------OO--------------------------
--------------------------------O-------
-------------------------------OO------O
OO---------------------------OO---------
O----------------------------O-----OO-OO
-----------------------------O-O-----OOO
-----------------O----------------------
----------------O-O-------------O--OOOO-
-O-O------------OO------O--------OOO--O-
O---------------------OO-OO------OOO-OO-

Life - generation  503 

\u001b[H
-----------------------OOO-----OO-------
--OO---------------------------O--OO----
--OO--------------------------O-O----O--
--OO--------------------------O-O-------
-O---------------------------O---O-----O
O----------------------------O---O------
---------OO-----------------OO---O------
---------OO----------------------OO-----
--------------------------------OO------
------------OO--------------------------
------------OO--------------------------
-------------------------------OO-------
O-----------------------------OOO-------
-O---------------------------OOO------O-
-O--------------------------OO------O---
O-----------------------------O-----OO--
-----------------O---------------------O
----------------O-O--------------O-OOOO-
----------------OO-----OOO------O-------
O----------------------O-O--------------

Life - generation  504 

\u001b[H
-----------------------O-O-----OO-------
--OO--------------------O-----O--O------
-O--O-------------------------O-OO------
-O-O-------------------------OO-OO------
OOO--------------------------OO-OO------
O----------------------------OO-OOO-----
---------OO-----------------OO--OO------
---------OO-----------------------O-----
--------------------------------OOO-----
------------OO--------------------------
------------OO--------------------------
------------------------------O-O-------
-----------------------------O----------
OO--------------------------O---O-------
OO--------------------------O--O----O---
O----------------------------O------OO--
-----------------O-----------------O---O
----------------O-O-----O-----------OOO-
----------------OO-----O-O----------OO--
----------------------O---O----OO-------

Life - generation  505 

\u001b[H
-----------------------OOO----O--O------
--OO--------------------O-----O--O------
-O--O-------------------------O---O-----
---O------------------------------O-----
O-O-------------------------O-----------
O---------------------------------O-----
---------OO-----------------OOOOO-------
---------OO-----------------------O-----
---------------------------------OO-----
------------OO-------------------O------
------------OO--------------------------
----------------------------------------
-----------------------------O-O--------
OO--------------------------OO----------
----------------------------OO------OO-O
OO---------------------------------OOO-O
-----------------O-----------------O---O
----------------O-O-----O----------O--O-
----------------OO-----OOO----------O-O-
----------------------OO-OO----OO-------

Life - generation  506 

\u001b[H
----------------------O---O---O--O------
--OO-------------------OOO---OOO-OO-----
----O----------------------------OO-----
-OOO------------------------------------
-O--------------------------------------
-O--------------------------O-OO--------
---------OO------------------OOO-O------
---------OO------------------OOOO-O-----
---------------------------------OO-----
------------OO-------------------OO-----
------------OO--------------------------
----------------------------------------
----------------------------OOO---------
O---------------------------------------
----------------------------OO-----O-O-O
-----------------------------------O-O-O
-----------------O----------------OO-O-O
----------------O-O----OOO---------OOOOO
----------------OO----O---O----------O--
----------------------O---O----OO-------

Life - generation  507 

\u001b[H
----------------------O-O-O--O---OO-----
---O-------------------OOO---OOO--------
-O--O-------------------O-----O-OOO-----
-OOO------------------------------------
OO--------------------------------------
-------------------------------OO-------
---------OO-----------------O----O------
---------OO------------------O----O-----
------------------------------OO---O----
------------OO-------------------OO-----
------------OO--------------------------
-----------------------------O----------
-----------------------------O----------
------------------------------O---------
O--------------------------------------O
O----------------------------------O-O-O
O----------------O------O---------O----O
----------------O-O----OOO--------OO---O
----------------OO----O-O-O----------O--
---------------------OOO-OOO---OO-------

Life - generation  508 

\u001b[H
---------------------O-----OOO---O------
-----------------------------O-O--------
-O--O------------------OOO---OO-OO------
---O-----------------------------O------
OO--------------------------------------
--------------------------------O-------
---------OO---------------------OO------
---------OO------------------OO---O-----
------------------------------O--O-O----
------------OO--------------------O-----
------------OO--------------------------
----------------------------------------
-----------------------------OO---------
----------------------------------------
O-------------------------------------OO
-O--------------------------------------
-----------------O-----OOO--------O-O---
O---------------O-O---------------OO--OO
----------------OO---O-----O------------
---------------------O-----O----OO------

Life - generation  509 

\u001b[H
---------------------------O-OO--O------
------------------------O------O-O------
------------------------O----OOOOO------
OOO---------------------O-------OO------
----------------------------------------
--------------------------------OO------
---------OO--------------------OOO------
---------OO------------------OOOO-O-----
-----------------------------OO--O-O----
------------OO--------------------O-----
------------OO--------------------------
----------------------------------------
----------------------------------------
---------------------------------------O
O--------------------------------------O
O-----------------------O--------------O
O----------------O------O---------O----O
----------------O-O-----O---------OO---O
----------------OO---------------OO----O
--------------------OOO---OO----OO------

Life - generation  510 

\u001b[H
---------------------O----OOO-OO-OO-----
----------------------------O----OO-----
-O---------------------OOO----O---O-----
-O----------------------------O--O------
-O--------------------------------------
-------------------------------O-O------
---------OO-----------------------O-----
---------OO------------------O----O-----
-----------------------------O--OO-O----
------------OO--------------------O-----
------------OO--------------------------
----------------------------------------
----------------------------------------
O--------------------------------------O
--------------------------------------O-
-O------------------------------------O-
-----------------O-----OOO--------OO--O-
----------------O-O----------------O--OO
----------------OO---O----------O--O----
---------------------O----OOO---O-------

Life - generation  511 

\u001b[H
--------------------------O----O--O-----
------------------------OOO-O-OOO--O----
------------------------O----O----O-----
OOO---------------------O---------------
--------------------------------O-------
----------------------------------------
---------OO----------------------OO-----
---------OO-----------------------OO----
---------------------------------O-O----
------------OO-------------------OO-----
------------OO--------------------------
----------------------------------------
----------------------------------------
---------------------------------------O
O-------------------------------------O-
------------------------O------------OOO
-----------------O------O---------OO-OO-
----------------O-O-----O----------OO-OO
----------------OO---------O------------
--------------------OOO---O-OO--O-O-----

Life - generation  512 

\u001b[H
---------------------O----O-O-----OO----
------------------------O-OO-OOOOOOO----
-O---------------------OO----OOO--------
-O--------------------------------------
-O--------------------------------------
---------------------------------O------
---------OO----------------------OOO----
---------OO------------------------O----
---------------------------------O-O----
------------OO-------------------OO-----
------------OO--------------------------
----------------------------------------
----------------------------------------
---------------------------------------O
O------------------------------------O--
------------------------------------O---
-----------------O-----OOO--------OO----
----------------O-O---------------OOO-OO
----------------OO---O-----OO------O----
---------------------O----O-O----O------

Life - generation  513 

\u001b[H
--------------------------O-O-OO---O----
-----------------------OO-OO----OO-O----
-----------------------OOO--OO---OO-----
OOO---------------------------O---------
----------------------------------------
---------------------------------O------
---------OO----------------------O-O----
---------OO----------------------O-OO---
---------------------------------O-O----
------------OO-------------------OO-----
------------OO--------------------------
----------------------------------------
----------------------------------------
----------------------------------------
----------------------------------------
------------------------O----------OO---
-----------------O------O---------O--O--
----------------O-O-----O-----------O---
----------------OO---------OO------OO---
--------------------OOO---O-OO-----O----

Life - generation  514 

\u001b[H
---------------------OOO--O-O-OOO--OO---
-----------------------O--O---OOOO-O----
-O---------------------O-OOOOO--OOO-----
-O----------------------O----O----------
-O--------------------------------------
----------------------------------O-----
---------OO---------------------OO-OO---
---------OO---------------------OO-OO---
--------------------------------OO-OO---
------------OO-------------------OO-----
------------OO--------------------------
----------------------------------------
----------------------------------------
----------------------------------------
----------------------------------------
-----------------------------------OO---
-----------------O-----OOO-----------O--
----------------O-O-----------------OO--
----------------OO---O-----OOO-----OO---
---------------------O----O---O---OO----

Life - generation  515 

\u001b[H
---------------------O-O-OO---------O---
-----------------------O-----------OO---
-----------------------O-OOOOO----O-----
OOO---------------------OOOO-O---O------
----------------------------------------
---------------------------------OOO----
---------OO---------------------O---O---
---------OO--------------------O-----O--
------------------------------------O---
------------OO------------------OOOO----
------------OO--------------------------
----------------------------------------
----------------------------------------
----------------------------------------
----------------------------------------
------------------------O-----------O---
-----------------O------O----------O-O--
----------------O-O-----O---O------O-O--
----------------OO---------OOO----O--O--
--------------------OO----O---O---O-----

Life - generation  516 

\u001b[H
--------------------OO--OOO---------O---
-----------------------O----O------OO---
-O---------------------O-----O----OO----
-O----------------------O----O----------
-O-----------------------OO------O------
---------------------------------OOO----
---------OO---------------------OOOOO---
---------OO-------------------------OO--
--------------------------------OOOOO---
------------OO-------------------OOO----
------------OO-------------------OO-----
----------------------------------------
----------------------------------------
----------------------------------------
----------------------------------------
------------------------------------O---
-----------------O-----OOO---------O-O--
----------------O-O--------OOO----OO-OO-
----------------OO---------OOO----OOO---
--------------------OOO--OO-OO-----O----

Life - generation  517 

\u001b[H
--------------------O--OO-O-OO------O---
----------------------OO-O--------O-O---
-----------------------OO---OO----OOO---
OOO---------------------OO--------O-----
-------------------------O-------O------
------------------------------------O---
---------OO---------------------O----O--
---------OO--------------------------O--
--------------------------------O----O--
------------OO----------------------O---
------------OO-------------------O-O----
----------------------------------------
----------------------------------------
----------------------------------------
----------------------------------------
------------------------O-----------O---
-----------------O------O---O-----OO-OO-
----------------O-O-----O-OO-O-------OO-
----------------OO---O--------O------O--
--------------------O-O-O----O----O-----

Life - generation  518 

\u001b[H
----------------------------OO----------
----------------------O--O-O------O-OO--
-O--------------------O----------OO-O---
-O---------------------O-O-------OO-----
-O----------------------OO--------------
----------------------------------------
---------OO-------------------------OO--
---------OO-------------------------OOO-
------------------------------------OO--
------------OO----------------------O---
------------OO--------------------------
----------------------------------------
----------------------------------------
----------------------------------------
----------------------------------------
-----------------------------------OOO--
-----------------O-----OO--OO------O--O-
----------------O-O------O-OOO----------
----------------OO---O-O-O--OOO------OO-
--------------------O-O-OO--OOO---------

Life - generation  519 

\u001b[H
---------------------O-OOOOO--O---------
----------------------------O----OO-OO--
----------------------OOO-O---------OO--
OOO--------------------O-O-------OOO----
------------------------OO--------------
----------------------------------------
---------OO-------------------------O-O-
---------OO------------------------O--O-
-----------------------------------O--O-
------------OO----------------------OO--
------------OO--------------------------
----------------------------------------
----------------------------------------
----------------------------------------
------------------------------------O---
-----------------------------------OOO--
-----------------O------O-OO-O-----O-O--
----------------O-O---OO-O----O------OO-
----------------OO---OOO-O--------------
---------------------OOOOO-O------------

Life - generation  520 

\u001b[H
---------------------O-----OO-----------
-----------------------------------OOO--
-O--------------------OOOO-----------O--
-O--------------------O---O-------OOO---
-O----------------------OO--------O-----
----------------------------------------
---------OO--------------------------O--
---------OO------------------------OO-OO
-----------------------------------O--O-
------------OO----------------------OO--
------------OO--------------------------
----------------------------------------
----------------------------------------
----------------------------------------
-----------------------------------OOO--
-----------------------------------O-O--
-----------------O-----OOOO--------O----
----------------O-O--O---O----------OOO-
----------------OO-------O--------------
--------------------O------O------------

Life - generation  521 

\u001b[H
---------------------------OO-------O---
----------------------OOO-----------OO--
----------------------OOOO--------O--O--
OOO-------------------O---O-------OOO---
-------------------------O--------O-----
----------------------------------------
---------OO-------------------------OOO-
---------OO------------------------OO-OO
-----------------------------------O--OO
------------OO----------------------OO--
------------OO--------------------------
----------------------------------------
----------------------------------------
------------------------------------O---
-----------------------------------O-O--
------------------------OO--------OO-O--
-----------------O------OOO--------O--O-
----------------O-O-----------------OO--
----------------OO--------O----------O--
--------------------------OOO-----------

Life - generation  522 

\u001b[H
-----------------------O--O-O-------OO--
----------------------O--O---------OOO--
-O-------------------O---O--------O--O--
-O--------------------O---O------OO-O---
-O--------------------------------O-----
-------------------------------------O--
---------OO------------------------OO-OO
---------OO------------------------O----
-----------------------------------O---O
------------OO----------------------OOO-
------------OO--------------------------
----------------------------------------
----------------------------------------
------------------------------------O---
----------------------------------OO-O--
------------------------O-O-------OO-OO-
-----------------O------O-O-------OO--O-
----------------O-O-------O---------OOO-
----------------OO--------O---------OO--
--------------------------O-O-----------

Life - generation  523 

\u001b[H
-------------------------OO--------O-O--
----------------------O-OOO--------O--O-
---------------------OO--OO------OO--O--
OOO------------------------------OO-----
---------------------------------OOO----
-----------------------------------OOOO-
---------OO------------------------OOOO-
---------OO-----------------------OO--OO
-----------------------------------O-OO-
------------OO----------------------OOO-
------------OO-----------------------O--
----------------------------------------
----------------------------------------
-----------------------------------OO---
----------------------------------O--OO-
---------------------------------O---OO-
-----------------O--------OO------O----O
----------------O-O-------OO----------O-
----------------OO-------OO---------O-O-
-------------------------OO-------------

Life - generation  524 

\u001b[H
---------------------------O--------O---
---------------------OOOO--O-------O-OO-
-O-------------------OOOO-O------O-O----
-O------------------------------O-------
-O-------------------------------O---O--
--------------------------------------O-
---------OO-----------------------------
---------OO-----------------------O----O
----------------------------------OO----
------------OO--------------------------
------------OO----------------------OOO-
----------------------------------------
----------------------------------------
-----------------------------------OOO--
----------------------------------OO--O-
---------------------------------OO--O-O
-----------------O--------OO---------O-O
----------------O-O------------------OOO
----------------OO-------------------O--
------------------------O--O--------OO--

Life - generation  525 

\u001b[H
----------------------O-O-OOO------O--O-
---------------------O--OOOO------OO-O--
---------------------O--OO--------O-O---
OOO-------------------OO--------OOO-----
----------------------------------------
----------------------------------------
---------OO-----------------------------
---------OO-----------------------OO----
----------------------------------OO----
------------OO---------------------OOO--
------------OO-----------------------O--
-------------------------------------O--
------------------------------------O---
----------------------------------OOOO--
---------------------------------O----O-
---------------------------------OOOOO-O
O----------------O------------------OO-O
----------------O-O-----------------OO-O
----------------OO----------------------
------------------------------------OO--

Life - generation  526 

\u001b[H
-----------------------OO---O-----OO--O-
---------------------OO-----O-----O--O--
-O-------------------O--------------O---
-O--------------------OOO--------OOO----
-O-------------------------------O------
----------------------------------------
---------OO-----------------------------
---------OO-----------------------OO----
----------------------------------------
------------OO--------------------OO-O--
------------OO-----------------------OO-
------------------------------------OO--
----------------------------------------
----------------------------------OOOO--
---------------------------------O----O-
O--------------------------------OOO---O
O----------------O----------------O----O
O---------------O-O-----------------OO-O
----------------OO--------------------O-
---------------------------O--------OO--

Life - generation  527 

\u001b[H
----------------------OO---OO-----OO--O-
---------------------OOO----------O-OO--
---------------------O-----------O--O---
OOO-------------------OO---------OOO----
-----------------------O---------O------
----------------------------------------
---------OO-----------------------------
---------OO-----------------------------
------------------------------------O---
------------OO----------------------OOO-
------------OO---------------------O--O-
------------------------------------OOO-
----------------------------------------
----------------------------------OOOO--
---------------------------------O---OOO
O--------------------------------O-O--O-
-O---------------O---------------OO-O---
O---------------O-O------------------O--
----------------OO--------------------OO
-----------------------------------OOOO-

Life - generation  528 

\u001b[H
---------------------O-O----------O---O-
---------------------O-O---------OO-OO--
-O-------------------O-----------O--OO--
-O--------------------OO--------OO-O----
-O--------------------OO---------O------
----------------------------------------
---------OO-----------------------------
---------OO-----------------------------
------------------------------------O---
------------OO---------------------OO-O-
------------OO---------------------O---O
------------------------------------OOO-
--------------------------------------O-
----------------------------------OOOO--
---------------------------------O-----O
O-------------------------------OO-OO-O-
OO---------------O---------------OOOOO-O
O---------------O-O------------------OOO
----------------OO---------------------O
----------------------------------OOO---

Life - generation  529 

\u001b[H
----------------------------------------
--------------------OO-----------OO-O-O-
---------------------O-O-------------O--
OOO------------------O-O--------OO--O---
----------------------OO--------OOO-----
----------------------------------------
---------OO-----------------------------
---------OO-----------------------------
-----------------------------------OOO--
------------OO---------------------OOO--
------------OO---------------------O---O
------------------------------------OOOO
--------------------------------------O-
----------------------------------OOOOO-
--------------------------------OO----OO
-O------------------------------O-----O-
-O---------------O--------------OO------
-O--------------O-O---------------OO-O--
O---------------OO-----------------OOO-O
----------------------------------OO----

Life - generation  530 

\u001b[H
---------------------------------O------
--------------------OOO--------------O--
-O-------------------O----------O-OOOO--
-O-------------------O-OO-------O-O-----
-O--------------------OO--------O-O-----
---------------------------------O------
---------OO-----------------------------
---------OO-------------------------O---
-----------------------------------O-O--
------------OO--------------------O--OO-
------------OO---------------------O---O
------------------------------------OO-O
----------------------------------------
---------------------------------OOOO---
--------------------------------OOOOO--O
O------------------------------O------OO
OOO--------------O--------------OOO-----
-O--------------O-O--------------OOO-OO-
O---------------OO-------------------OO-
----------------------------------OO----

Life - generation  531 

\u001b[H
---------------------O------------O-----
--------------------OOO----------OOO-O--
-----------------------O----------OOOO--
OOO------------------O-OO------OO-O-O---
----------------------OOO-------O-O-----
---------------------------------O------
---------OO-----------------------------
---------OO-------------------------O---
-----------------------------------O-OO-
------------OO--------------------OO-OO-
------------OO---------------------O---O
------------------------------------O-O-
----------------------------------O--O--
--------------------------------O---O---
O-------------------------------O---OOOO
-------------------------------O------O-
--O--------------O--------------O--O-O--
--O-------------O-O-------------O--OOOO-
----------------OO---------------O---OOO
----------------------------------O-----

Life - generation  532 

\u001b[H
--------------------OOO-----------------
--------------------OOO----------O---O--
-O------------------O--OO-------O----O--
-O-----------------------------OO-O-OO--
-O--------------------O-O------OO-OO----
-----------------------O---------O------
---------OO-----------------------------
---------OO-------------------------OO--
----------------------------------OO--O-
------------OO--------------------OO-O-O
------------OO--------------------OO---O
-----------------------------------OOOO-
-----------------------------------OOO--
---------------------------------O-OO--O
-------------------------------OO---O-OO
-------------------------------OO-------
-----------------O-------------OO--O----
----------------O-O-------------OOOO---O
----------------OO---------------OOO---O
---------------------------------OO---O-

Life - generation  533 

\u001b[H
--------------------O-O----------OO-----
-------------------O--------------------
--------------------O-OO-------OO----OO-
OOO---------------------O---------O-OO--
-----------------------O-------O--OOO---
-----------------------O--------OOO-----
---------OO-----------------------------
---------OO------------------------OOO--
----------------------------------O---O-
------------OO-------------------O-----O
------------OO-------------------------O
--------------------------------------O-
----------------------------------------
--------------------------------O-O----O
-------------------------------O-O-OOOOO
------------------------------O--O------
-----------------O-----------------O----
----------------O-O------------O----O---
----------------OO--------------------OO
---------------------O-----------O-O----

Life - generation  534 

\u001b[H
--------------------OO-----------OO-----
-------------------OO-OO--------OO------
-O---------------------O------------OOO-
-O--------------------O-O------OOOO---O-
-O---------------------OO-------O---OO--
--------------------------------OOO-----
---------OO----------------------OOOO---
---------OO------------------------OOO--
----------------------------------OOOOO-
------------OO------------------------OO
------------OO------------------------OO
----------------------------------------
----------------------------------------
--------------------------------OOOOOO-O
-------------------------------O-O-OOOOO
--------------------------------O--O-OO-
-----------------O----------------------
----------------O-O---------------------
----------------OO----------------------
---------------------O-----------O------

Life - generation  535 

\u001b[H
-------------------O--------------O-----
-------------------OO-OO--------OOO--O--
---------------------O--O------O--O--OO-
OOO-------------------O-O------OOO-O--O-
-----------------------OO----------O-O--
--------------------------------O----O--
---------OO---------------------O----O--
---------OO----------------------O----O-
----------------------------------O----O
------------OO---------------------OO---
------------OO------------------------OO
----------------------------------------
---------------------------------OOOO---
--------------------------------OO-----O
-------------------------------O-------O
--------------------------------O-OO---O
-----------------O----------------------
----------------O-O---------------------
----------------OO----------------------
--------------------OO-----------OO-----

Life - generation  536 

\u001b[H
-------------------O--O---------O--O----
-------------------OOOOO--------O-OO-OO-
-O------------------OO--O------O---OOOOO
-O--------------------O-OO-----OOO-O--OO
-O---------------------OO------O-OO--OO-
-------------------------------------OO-
---------OO---------------------OO---OO-
---------OO----------------------O----O-
----------------------------------OO----
------------OO---------------------O--OO
------------OO--------------------------
----------------------------------OO----
--------------------------------OOOO----
--------------------------------OO-O----
O------------------------------O--O---OO
----------------------------------------
-----------------O----------------------
----------------O-O---------------------
----------------OO----------------------
--------------------O------------OO-----

Life - generation  537 

\u001b[H
-------------------O--OO--------O--OO---
-------------------O---O-------OOOO----O
-------------------O----OO-----O--------
-OO------------------OO--O----OO-O-O----
O----------------------OOO-----O-OO-O---
----------------------------------O-O--O
---------OO---------------------OO-----O
---------OO---------------------OO---OO-
----------------------------------OO--OO
------------OO--------------------OO----
------------OO--------------------OO----
-----------------------------------O----
--------------------------------O---O---
-------------------------------O---O---O
--------------------------------OOO----O
---------------------------------------O
-----------------O----------------------
----------------O-O---------------------
----------------OO----------------------
---------------------------------OO-----

Life - generation  538 

\u001b[H
----------------------OO-------O---O----
------------------OOO-OO-------O-OOO----
--------------------O-OOOO--------------
-O--------------------O---O---OO-O-O----
OO--------------------OOOO----OO-O--O---
O-----------------------O---------O----O
---------OO---------------------O-O--O-O
---------OO---------------------O----O--
-----------------------------------OOOOO
------------OO-------------------O--O---
------------OO----------------------O---
----------------------------------OOO---
-----------------------------------OO---
-------------------------------O--OO----
O-------------------------------OOO---OO
---------------------------------O------
-----------------O----------------------
----------------O-O---------------------
----------------OO----------------------
---------------------------------OOO----

Life - generation  539 

\u001b[H
-------------------O-OOO------------O---
-------------------OO-----------O-OO----
--------------------O---OO----OO-O-O----
OO------------------------O---OO--O-----
-O--------------------O-OO----OO-O-O---O
-O----------------------OO-----OO-OO--OO
O--------OO----------------------------O
---------OO----------------------O-O---O
-----------------------------------O--O-
------------OO------------------------O-
------------OO--------------------O-OO--
----------------------------------O--O--
----------------------------------------
--------------------------------O---O--O
--------------------------------O--O---O
--------------------------------OOO----O
-----------------O----------------------
----------------O-O---------------------
----------------OO----------------O-----
----------------------------------OO----

Life - generation  540 

\u001b[H
-------------------O-OO----------O--O---
-------------------O--OOO------OOOOOO---
-------------------OO----O----O--O-O----
OO---------------------O--O--O---O-O----
-OO--------------------OO-O------O-O--OO
-O---------------------OOO----OOOOOO--O-
---------OO---------------------OO-O----
O--------OO-----------------------O---OO
----------------------------------O---OO
------------OO---------------------OO-O-
------------OO---------------------OOOO-
-----------------------------------OOO--
----------------------------------------
----------------------------------------
O------------------------------OO-OO--OO
--------------------------------OOO-----
-----------------O---------------O------
----------------O-O---------------------
----------------OO----------------OO----
----------------------O-----------OO----

Life - generation  541 

\u001b[H
--------------------OO--------------O---
------------------OO--OOO------O----O---
-------------------OO-O--O----OO--------
OOO--------------------O--O-----OO-OO--O
--O-------------------O---O---OO---OO-OO
OOO--------------------O-O-----O---OO-OO
O--------OO-------------O----------O--O-
O--------OO-----------------------OO--O-
O---------------------------------O-----
------------OO--------------------O-----
------------OO--------------------O---O-
-----------------------------------O--O-
------------------------------------O---
---------------------------------------O
-------------------------------OO-OO---O
-------------------------------O---O---O
-----------------O--------------OOO-----
----------------O-O---------------O-----
----------------OO----------------OO----
---------------------OO----------O--O---

Life - generation  542 

\u001b[H
-------------------OO--------------OOO--
------------------O---OOO-----OO--------
OO----------------OOOOO--O----OO---OO---
OOO------------------OOO-OO-----O-OOOOOO
---O------------------OOOOO---OO--------
--O--------------------OOO----OO--O-----
---------OO-------------O-------------O-
OO-------OO-----------------------OO----
---------------------------------OO----O
------------OO-------------------OOO----
------------OO--------------------OO----
-----------------------------------O-O--
----------------------------------------
-----------------------------------O----
O------------------------------OO-OO--OO
-------------------------------O---O----
-----------------O--------------OOOO----
----------------O-O---------------------
----------------OO---------------OOO----
--------------------OOO-----------O-O---

Life - generation  543 

\u001b[H
-------------------OO--------------OOO--
------------------O---OOO-----OO-----O--
--O---------------OOO----OO---O-O-O---O-
--O----------------O------------O-O--OOO
O--O-----------------O--------O-OOO-OOOO
----------------------O---O---OO--------
-O-------OO------------OOO--------OO----
O--------OO----------------------OOO---O
O---------------------------------------
------------OO--------------------------
------------OO-------------------O------
----------------------------------OOO---
------------------------------------O---
----------------------------------OO---O
-------------------------------OO-OOO--O
-------------------------------O----O--O
-----------------O--------------OOOO----
----------------O-O-------------O-------
----------------OO---O-----------OOO----
-------------------OOO-----------O---O--

Life - generation  544 

\u001b[H
------------------O---OO-------------OO-
------------------O--O-OOO----OO---O-OO-
------------------O-O--OOO----O-O------O
OOOO--------------OO------------O-O-O---
O-----------------------------O-O-OOO---
O---------------------OOOO----OOO---OOOO
O--------OO------------OOO-------O-O----
OO-------OO-------------O--------O-O---O
O---------------------------------O----O
------------OO--------------------------
------------OO--------------------OO----
----------------------------------OOO---
------------------------------------O---
---------------------------------OO-----
O------------------------------OOOO-O-OO
-------------------------------O----O---
-----------------O-------------OOOOO----
----------------O-O-------------O-------
----------------OOOO-O----------OOO-----
------------------OO-O-----------O---O--

Life - generation  545 

\u001b[H
-----------------OO-OO-O----------------
-----------------OO--O---O----OO----OO-O
OOO--------------OO-O-OO-O----O-OO-OOOOO
OOO---------------OO----O-------O-O-O--O
--O--------------------OO-----O-O-O---O-
OO--------------------O--O----O-O----OO-
---------OO-----------O--------O-O-O-O--
-O-------OO------------OOO-------O-O----
-O--------------------------------O----O
------------OO--------------------OO----
------------OO--------------------O-O---
----------------------------------O-O---
---------------------------------O--O---
----------------------------------O--O-O
-------------------------------O--O--O-O
------------------------------O-----OO-O
-----------------O-------------O-OOO----
----------------O--O---------------O----
----------------O---------------O-O-----
---------------------O----------OOO--OO-

Life - generation  546 

\u001b[H
-----------------OOOOO---------OOO--O---
-O--------------O------O------OOO--O---O
--O-----------------OOOO-O----O-OOO-----
---O-------------OOO--O--O------O-O-O---
--O--------------------OOO------O--O--O-
-O--------------------O-O-----O-O-O-OOOO
OO-------OO-----------O--O-----O-O---OO-
O--------OO------------OO-------OO-OO---
O-----------------------O--------O------
------------OO-------------------OO-----
------------OO-------------------OO-O---
---------------------------------OO-OO--
---------------------------------OO-OO--
---------------------------------OOOOO--
O----------------------------------O-O-O
------------------------------OOOO--OO--
----------------------------------OO----
----------------OO--------------O--O----
--------------------------------O-OO----
-----------------O--OOO---------O-O-----

Life - generation  547 

\u001b[H
----------------OOOO----------O---OO----
-----------------OO----OO-----O----O----
--O--------------OOOOO-O------O---O-----
--OO--------------OOO----OO-----O-O-----
--O---------------O---O--O------O-O---OO
-OO-------------------O---------O-OOO---
-O-------OO-----------O--O-----O--------
O--------OO------------OOO-------O--OO--
-----------------------OO----------O----
------------OO------------------O--O----
------------OO------------------O---OO--
--------------------------------O-------
--------------------------------O-----O-
---------------------------------O------
-------------------------------O--------
-------------------------------OOO---OO-
----------------------------------OO----
------------------------------------O---
----------------OO---O---------OO-OO----
-----------------O----O-----------O-----

Life - generation  548 

\u001b[H
----------------O--O---O----------OO----
----------------------OOO----OOO---O----
--OO-----------------OOO-O-----O-OOO----
-OOO------------------O-OOO----O--OO----
------------------O--O---OO----OO-O-----
OOO------------------OOO-------OO-OO----
OOO------OO-----------O--O------OOO--O--
---------OO-----------O--O----------O---
-----------------------O-O--------OO----
------------OO---------------------O----
------------OO-----------------OOO--O---
-------------------------------OOO---O--
--------------------------------OO------
--------------------------------O-------
-------------------------------O-O------
-------------------------------OOOO-----
--------------------------------OOOOOO--
---------------------------------O--O---
----------------OO---------------OOO----
-------------------------------O--------

Life - generation  549 

\u001b[H
----------------------OOO------O--OO----
---------------------O--------OOOO--O---
-O-O-----------------O----O----O-O--O---
-O-O--------------------------OO--------
O--O-----------------O----O---O---------
O-O------------------O-OOOO--------O----
O-O------OO-------------O------OO-O-O---
-O-------OO-----------OO-OO---------O---
------------------------O---------OOO---
------------OO------------------OO-OO---
------------OO-----------------O-OO-O---
----------------------------------O-----
----------------------------------------
-------------------------------O--------
-------------------------------O--O-----
-------------------------------O----O---
-------------------------------O----OO--
-------------------------------------O--
--------------------------------OOOO----
----------------OO---------------O------

Life - generation  550 

\u001b[H
----------------------OO------OO--OO----
---------------------O-O------O--O--O---
---------------------------------O------
OO-OO-------------------------OOO-------
O--O------------------O-O-O---OO--------
O-OO------------------OOO-O----O---O---O
O-O------OO-------------------------O---
-O-------OO------------O-O-------OO-OO--
-----------------------OOO-------OO--O--
------------OO------------------O----O--
------------OO----------------------O---
---------------------------------OOO----
----------------------------------------
----------------------------------------
------------------------------OOO-------
------------------------------OOO--OOO--
------------------------------------OO--
--------------------------------OOOO-O--
--------------------------------OOO-----
-----------------------O----------------

Life - generation  551 

\u001b[H
-----------------------OO-----OO--OO----
-----------------------O------OOOO-O----
------------------------------O--O------
OOOOO-------------------------O-O-------
----------------------O-O---------------
O-OO------------------O-O-----OO-------O
O-OO-----OO-----------O--O--------O-OO-O
-O-------OO------------O-O-------OO-OO--
-----------------------O-O------O-OO-OO-
------------OO----------O--------O--OO--
------------OO-------------------OOOO---
----------------------------------OO----
----------------------------------O-----
-------------------------------O--------
------------------------------O-O---O---
------------------------------O-O--O-O--
--------------------------------------O-
--------------------------------O--O-O--
--------------------------------O--O----
----------------------OO-------OO--O----

Life - generation  552 

\u001b[H
------------------------O----------OO---
-----------------------OO----O---O-O----
-OOO-------------------------OO--OO-----
-OOO---------------------------O--------
----O-------------------------O--------O
O-OO-----------------OO-OO------------OO
---O-----OO-----------O--O-------OO-OO-O
OOO------OO-----------OO-OO------------O
-----------------------O-O------O-----O-
------------OO----------O-------O-----O-
------------OO-------------------O---O--
------------------------------------O---
----------------------------------OO----
-------------------------------O--------
------------------------------O-O---O---
------------------------------------OO--
-------------------------------O-----OO-
------------------------------------O---
--------------------------------OOOO----
----------------------OOO-----O-OO-OO---

Life - generation  553 

\u001b[H
----------------------O--O------OO------
--O--------------------OO----OO--O-OO---
-O-O-------------------------OO-OOO-----
OO--O------------------------O-O--------
----O---------------------------------OO
O-OOO----------------OOOOO-----------O--
---O-----OO--------------------------O--
OOO------OO-----------OO-OO------O---O-O
OO--------------------OO-OO-----------O-
------------OO----------O-------OO---OO-
------------OO-----------------------O--
----------------------------------OOO---
-----------------------------------O----
-------------------------------O---O----
-------------------------------O----OO--
-------------------------------O----O-O-
--------------------------------------O-
--------------------------------OOOOOO--
-----------------------O-------OO-------
-----------------------OO------OO-------

Life - generation  554 

\u001b[H
----------------------O--O----O--OO-----
--O--------------------OO----OO----O----
OO-O------------------------O---OOOO----
OOOOO------------------------O-OOO-----O
--O-OO----------------OOO-------------OO
--O-O-----------------OOO------------O-O
----O----OO----------O----O---------OO-O
--O------OO-----------OO-OO----------O-O
--O-------------------O---O-----OO------
------------OO---------OOO-----------OOO
------------OO-------------------OOO-OO-
----------------------------------OOO---
----------------------------------------
-----------------------------------O----
------------------------------OOO--OOO--
------------------------------------O-O-
--------------------------------OOO---O-
-------------------------------OOOOOOO--
-----------------------OO---------OOO---
----------------------OOO---------------

Life - generation  555 

\u001b[H
----------------------O--O---OO---O-----
-OO--------------------OO----OOOO--O----
----O-----------------------O------O---O
-----O-----------------O-------O------O-
-----O----------------O-O-------O-------
O---O----------------O--OO----------OO-O
O--------OO----------O----O---------OO-O
---O-----OO----------OOO-OOO--------OO--
----------------------O---O----------O-O
------------OO---------OOO------O---OO-O
------------OO----------O--------O-----O
---------------------------------O--OO--
----------------------------------O-O---
-------------------------------O---O----
-------------------------------O---O-O--
----------------------------------O-O-O-
-------------------------------O------O-
-------------------------------O-----O--
----------------------O-O-------O----O--
----------------------O--O-------O------

Life - generation  556 

\u001b[H
----------------------O--O---O--OOO-----
-----------------------OO---O--O--OO----
-----------------------OO----O--O-------
----OO-----------------O----------------
----OO----------------O-OO-----------OOO
O--------------------OOOOO----------OO-O
O--------OO---------OO-O---O-------O---O
O--------OO----------O-O-O-O-----------O
---------------------O-----O------------
O-----------OO---------OOO----------OO-O
------------OO---------OOO------OO------
---------------------------------OOOOO--
----------------------------------O-OO--
----------------------------------OO----
----------------------------------OO-O--
-----------------------------------OO-O-
--------------------------------------O-
-------------------------------OO----OO-
-----------------------O--------O-------
---------------------OO-OO-------O------

Life - generation  557 

\u001b[H
---------------------OO--O------O--O----
----------------------O--O--OOOO--OO----
----------------------O-----------------
----OO----------------O--O------------O-
O---OO---------------O---O----------OO-O
--------------------O----OO---------OO--
-O-------OO---------O----O----------O---
O--------OO----------O--O--OO----------O
-----------------------O-O------------O-
------------OO--------OO-OO-------------
------------OO---------O-O------OO----O-
------------------------O-------O----O--
-------------------------------------O--
---------------------------------O---O--
-------------------------------------O--
----------------------------------OOO-O-
------------------------------------O-OO
-------------------------------OO----OO-
----------------------OOO------OOO------
---------------------OO-OO--------O-----

Life - generation  558 

\u001b[H
-------------------------OO--OOO-O-O----
----------------------OO-----OOO--OO----
---------------------OOO-----OO---------
----OO---------------OO--------------OOO
----OO---------------O--OO----------O--O
O-------------------OO--OOO--------O--O-
O--------OO---------OO--OO-O--------OO--
O--------OO-------------OOO------------O
-----------------------O-O-O-----------O
------------OO--------OO-OO-------------
------------OO--------OO-OO-----OO------
------------------------O-------OO---OO-
------------------------------------OOO-
------------------------------------OOO-
----------------------------------OO-OO-
-----------------------------------OO-OO
------------------------------------O--O
-----------------------O-------O-O---OOO
---------------------OO-OO-----O-O------
-------------------------O-----O--O-----

Life - generation  559 

\u001b[H
------------------------OOO--O---O-O----
---------------------O-OO---O---O-OO----
-----------------------------O-O------O-
----OO--------------O---O------------OOO
O---OO-----------------OO-O---------O---
O---------------------OO-----------O--O-
OO-------OO---------OO-O---O--------OOO-
O--------OO------------O---O----------OO
O---------------------OO---O-----------O
------------OO-------------O------------
------------OO--------O---O-----OO------
-----------------------OOO------OO--O-O-
---------------------------------------O
---------------------------------------O
----------------------------------O-----
----------------------------------O----O
O----------------------------------OO---
----------------------OOO------------OOO
----------------------OOOO----OO-OO---O-
-------------------------------O-OO-----

Life - generation  560 

\u001b[H
-----------------------OOO---------O----
-----------------------OO---OOO-OOOO----
-----------------------OO------------OOO
----OO-----------------OOO-----------OOO
O---OO----------------O-OO----------O---
O--------------------O-------------O--O-
-O-------OO----------O-OO-----------O---
---------OO----------O-OO-OOO-----------
O---------------------OO--OOO---------O-
------------OO--------OO--OO------------
------------OO---------OOOO-----OO------
-----------------------OOO------OO------
------------------------O-------------OO
----------------------------------------
----------------------------------------
----------------------------------O-----
O----------------------O-----------OOO--
----------------------O--O--------OOOOOO
----------------------O--O----OO-OO--OOO
--------------------------O----O---O----

Life - generation  561 

\u001b[H
-----------------------O-O---OOOOO-OO---
----------------------O------O---OOOO-O-
----------------------O------O---OO-OO-O
O---OO----------------O-------------O---
O---OO----------------O--O----------O---
OO-------------------O---O---------OOO-O
---------OO---------OO-OOO-O------------
---------OO----------O----O-O-----------
---------------------O------------------
------------OO--------------O-----------
------------OO-------------O----OO------
--------------------------O-----OO------
-----------------------OOO--------------
----------------------------------------
----------------------------------------
-----------------------------------OO---
---------------------------------------O
O---------------------OOO--------O------
-------------------------OO---OOOO-----O
-----------------------O--O---OOO--OO-O-

Life - generation  562 

\u001b[H
----------------------OOO----O----------
----------------------OO----OO-O------O-
---------------------OOO---------O----OO
O---OO---------------OOO------------O--O
----OO---------------OO-----------------
OO------------------OO-O-O---------OOO-O
O--------OO---------OO--OO-O--------O---
---------OO----------O--OOOO------------
---------------------------O------------
------------OO--------------------------
------------OO-------------O----OO------
------------------------OOO-----OO------
------------------------OO--------------
------------------------O---------------
----------------------------------------
----------------------------------------
-----------------------O----------------
O----------------------OOO-----O-O-----O
----------------------O--OO---O--OO----O
--------------------------O--------OOO--

Life - generation  563 

\u001b[H
----------------------O-O---OOO-----OO--
----------------------------OOO-------OO
O-----------------------O------------OO-
O---OO--------------O-----------------OO
-O--OO------------------O----------O-OO-
OO---------------------O-OO--------OOO-O
OO-------OO------------O---O-------OOO-O
---------OO---------OO--O--OO-----------
-------------------------O-O------------
------------OO--------------------------
------------OO-----------OO-----OO------
------------------------O-O-----OO------
-----------------------O--O-------------
------------------------OO--------------
----------------------------------------
----------------------------------------
-----------------------O----------------
O---------------------OO-OO-----OOO----O
O----------------------O--O-----OOOOO-OO
----------------------O-O-O-------OOO---

Life - generation  564 

\u001b[H
-------------------------O-OO-O-----OOO-
-----------------------O----O-O-----O--O
O----------------------------O-------O--
OO--OO------------------------------O---
-O--OO------------------OO---------O----
--O--------------------O-OO-------O-----
-O-------OO-----------OO-O-OO------O-O-O
O--------OO-------------O--OO-------O---
--------------------------OOO-----------
------------OO-----------O--------------
------------OO-----------OO-----OO------
------------------------O-OO----OO------
-----------------------O--O-------------
------------------------OO--------------
----------------------------------------
----------------------------------------
----------------------OOO--------O------
O---------------------OO-OO-----O-----O-
O-------------------------OO----O---OOO-
----------------------O-O--O-O--------OO

Life - generation  565 

\u001b[H
-----------------------OO-OO--O-----O---
---------------------------OO-O-----O--O
OO---------------------------O------OO-O
OO--OO------------------------------O---
OOOOOO------------------OOO--------O----
OOO-------------------OO---O------OOO---
OO-------OO-----------OO-O--O------OO---
O--------OO------------OOO---O------O---
-------------------------OO-O-----------
------------OO-----------O--------------
------------OO----------O--O----OO------
------------------------O--O----OO------
-----------------------O--OO------------
------------------------OO--------------
----------------------------------------
-----------------------O----------------
----------------------O-OO--------------
----------------------O--OOO----OO----O-
O---------------------O-O--OO-----------
-------------------------O---O----------

Life - generation  566 

\u001b[H
------------------------OOOO--O---------
--------------------------OOO-O----OO-OO
-O--------------------------OO-----OOOOO
-----O-------------------O---------OOO--
-----O-----------------OOOO-------O----O
----O-----------------O----O------O----O
--O------OO--------------OO-O-----O--O-O
OO-------OO-----------OO---OOO-----OO---
--------------------------O-------------
------------OO----------OO-O------------
------------OO----------OOO-----OO------
-----------------------OOO-OO---OO------
-----------------------O--OO------------
------------------------OOO-------------
------------------------O---------------
-----------------------OO---------------
----------------------O-OO--------------
---------------------OO----OO-----------
-----------------------OO--OO-----------
-------------------------O---O----------

Life - generation  567 

\u001b[H
------------------------O-----O---------
O-----------------------------O----O---O
O-------------------------O-OO----O----O
O------------------------OO-------O----O
----OO-----------------OOOO-------O-O-O-
O----------------------O---O-----OOO---O
-O-------OO-----------OO--O--O----O-O-OO
OO-------OO--------------O--OO-----OO---
-----------------------OOOO-------------
------------OO----------O--O------------
------------OO--------------O---OO------
-----------------------O----O---OO------
-----------------------O----O-----------
-----------------------OO-OO------------
----------------------------------------
----------------------------------------
---------------------OO-OO--------------
---------------------OO--OOOO-----------
----------------------OOO-OO-O----------
-----------------------O-----O----------

Life - generation  568 

\u001b[H
-----------------------------OO---------
O-----------------------------O--------O
-O-----------------------OOO-O----OO--O-
O--------------------------------OO---O-
-----------------------O---O----------O-
O--------------------------O-----O--O---
-O-------OO-----------OOO-OO-O---O--OOO-
OO-------OO-----------O----OOO-----OOO-O
-----------------------O--OOO-----------
------------OO---------OO-OO------------
------------OO-------------OO---OO------
---------------------------OOO--OO------
----------------------OO----O-----------
-----------------------OO--O------------
----------------------------------------
----------------------------------------
---------------------OOOOO-O------------
----------------------------O-----------
---------------------O--O----O----------
----------------------O--O--OOO---------

Life - generation  569 

\u001b[H
----------------------------O--O--------
O-------------------------O-O-O--------O
-O------------------------O------OOO--O-
---------------------------OO----OOO-OO-
---------------------------------OO--O--
----------------------O-O--O--------O-OO
-O-------OO-----------OO--O--O----O---O-
OO-------OO-----------O-OO---O-----O---O
O---------------------OOOO---O------O---
------------OO---------OOO--------------
------------OO---------------O--OO------
-----------------------------O--OO------
----------------------OOO----O----------
----------------------OOO---------------
----------------------------------------
----------------------OOO---------------
----------------------OOO---------------
---------------------O---O--O-----------
------------------------------O---------
----------------------------O-----------

Life - generation  570 

\u001b[H
----------------------------O-----------
O----------------------------O----O----O
O-------------------------O-OO---O-OOOO-
---------------------------O----O----OO-
---------------------------OO----O-----O
----------------------O----------OOO--OO
-O-------OO----------OO---O-O------O-OO-
-O-------OO----------O----O-OOO----O---O
OO--------------------O---O------------O
------------OO--------O--O--------------
------------OO----------O-------OO------
-----------------------O----OOO-OO------
----------------------O-O---------------
----------------------O-O---------------
----------------------------------------
----------------------O-O---------------
---------------------O---O--------------
----------------------OOO---------------
-----------------------------O----------
-----------------------------O----------

Life - generation  571 

\u001b[H
----------------------------OO----------
O--------------------------O-O----OOOOOO
O--------------------------OOO---OOOO---
--------------------------O--O--OOO-----
---------------------------OO---OO---O-O
O--------------------OO-----O----O-OOO-O
---------OO----------OO-----O------O-O--
-OO------OO----------O---OO-OO------O--O
-O-------------------OO--OOO-O---------O
O-----------OO---------O-O--------------
------------OO---------OO----O-OOO------
-----------------------OO----O-OOO------
----------------------O-O----O----------
----------------------------------------
----------------------------------------
----------------------------------------
---------------------O---O--------------
----------------------OOO---------------
-----------------------O----------------
----------------------------OO----------

Life - generation  572 

\u001b[H
---------------------------O--O----OOOOO
O--------------------------O--O--O---OOO
O-------------------------OO-OO-O-----O-
--------------------------O--O------O---
O--------------------------OOO-----O-O-O
O--------------------OO-----OO--OO-O-O-O
-O-------OO---------O-------O-----OO-O-O
-OO------OO---------O----O---O------O-O-
-OO------------------OO----O-O---------O
O-----------OO---------O-O--O-O-O-------
------------OO--------O--O-----O-O------
----------------------O--O--OO-O-O------
------------------------O-----O-O-------
----------------------------------------
----------------------------------------
----------------------------------------
----------------------OOO---------------
----------------------OOO---------------
----------------------OOO---------------
----------------------------OO----------

Life - generation  573 

\u001b[H
O--------------------------O--O-----O---
O--------------------------O--O---------
O-------------------------OO-OOO------O-
O-------------------------O---------OOO-
O--------------------------O--O---OO-O-O
-O-------------------O-----------O-O-O--
-OO------OO---------O-------O----OOO-O-O
---------OO---------O--------O-----OOOOO
--O------------------OO-O-O--OO--------O
OO----------OO-------O-OO-O-OOOOO-------
------------OO--------OO-OO-O--O-O------
-----------------------OOO---O-O-O------
-----------------------------OOOO-------
----------------------------------------
----------------------------------------
-----------------------O----------------
----------------------O-O---------------
---------------------O---O--------------
----------------------O-O---------------
-----------------------O----OO------OOO-

Life - generation  574 

\u001b[H
---------------------------O--O-----O--O
OO-------------------------O------------
OO------------------------OOOOOO------O-
OO------------------------O-OO-O---OO---
OO--------------------------------OO---O
-OO------------------------------O---O-O
-OO------OO---------OO-----------O-----O
-OO------OO---------O-------OOO----O-O-O
-O------------------OOO-O--O--------OO-O
OO----------OO-------O----O-O---O-------
------------OO------------O-O----O------
----------------------OO-OO-OO---O------
------------------------O----O-OO-------
------------------------------OO--------
----------------------------------------
-----------------------O----------------
----------------------OOO---------------
---------------------OO-OO--------------
----------------------OOO------------O--
-----------------------O----OO------OO--

Life - generation  575 

\u001b[H
O--------------------------O-O------OO--
-O-----------------------------O--------
--O-----------------------O----O--------
--O-----------------------O----O--OOO---
----------------------------------OO--OO
---------------------------------O-----O
---O-----OO---------OO-------O----O-O--O
---------OO--------O--O-----OO-------O-O
--------------------O-O----O--------OO-O
OO----------OO------OOO--OO-O-----------
------------OO--------O---O-O---OO------
-----------------------OOOO-OOO--O------
-----------------------OOO--OO-OO-------
------------------------------OOO-------
----------------------------------------
----------------------OOO---------------
---------------------O---O--------------
---------------------O---O--------------
---------------------O---O----------OO--
----------------------OOO---OO------OOO-

Life - generation  576 

\u001b[H
-----------------------O-----OO-----O-O-
-O----------------------------O---------
-OO---------------------------OOO--O----
----------------------------------O-O---
---------------------------------O--O-OO
O--------------------------------O-----O
O--------OO---------OO------OO---------O
O--------OO--------O--O-----OO-----O-O-O
-------------------OO-OO--OO-O------OO-O
O-----------OO------O-OO-OO-O-----------
------------OO--------O-----O---OO------
----------------------O---O---O--O------
-----------------------O--OOO----O------
------------------------O----OO-O-------
-----------------------O-------O--------
----------------------OOO---------------
---------------------O-O-O--------------
--------------------OOO-OOO-------------
---------------------O-O-O----------O-O-
----------------------OOO---OO-----O--O-

Life - generation  577 

\u001b[H
----------------------OOO---O-O------O--
-OO-------------------------------------
-OO---------------------------OO---O----
-------------------------------OOOO-OO--
O--------------------------------OOO-OOO
----------------------------------------
-O-------OO---------OO------OO----------
---------OO--------O--OO------O------O--
-------------------OO---OOO--O------OO-O
------------OO-----OO---OOO-OO----------
------------OO--------O--OO--O--OO------
----------------------OO--O-OO---OO-----
-----------------------O-OOOO-OOOO------
-----------------------OO--OOOOOO-------
----------------------O-------OO--------
----------------------------------------
--------------------O-----O-------------
--------------------O-----O-------------
--------------------O-----O----------O--
----------------------------OOO----OO-OO

Life - generation  578 

\u001b[H
-----------------------O----O-O-----OOO-
-OO--------------------O-----OOO--------
-OO---------------------------OO-OOOO---
OO----------------------------OO-----O-O
-----------------------------------O-OOO
O---------------------------------O---OO
---------OO---------OOO------O----------
---------OO--------O--OOOO--O-O-----OOO-
------------------O--O----OOOOO-----OOO-
------------OO-----OOO-O----OOO---------
------------OO-------OO-------O-OOO-----
----------------------OO----------O-----
-------------------------O--------O-----
----------------------OOOO-------O------
-----------------------O----O---O-------
----------------------------------------
----------------------------------------
-------------------OOO---OOO------------
---------------------------O-O------OOO-
-----------------------O---OO-O-----O-O-

Life - generation  579 

\u001b[H
----------------------OOO--OO-------O-O-
-OO-----------------------------O-O-----
----------------------------------OOO---
-OO---------------------------OOO----O-O
-O----------------------------------OO--
O--------------------O---------------O--
---------OO---------OOO-O----O----------
---------OO--------O---OOOO---O-----O-O-
------------------O--O---OO----O----O-O-
------------OO-----O-------------O---O--
------------OO----------------OO-OO-----
---------------------OOO----------OO----
-------------------------O-------OO-----
----------------------OO-O-------O------
----------------------OO----------------
----------------------------------------
--------------------O-----O-------------
--------------------O-----OOO--------O--
--------------------O--------O------O-O-
---------------------------O--O----O---O

Life - generation  580 

\u001b[H
-----------------------O---OO------O----
-----------------------O---------OO-OO--
O-------------------------------O-OOO---
OOO----------------------------O-----OO-
-OO----------------------------O----OO--
--------------------OOO-------------OO--
---------OO---------OOO-O------------O--
---------OO--------O---O--O---O---------
------------------OOO-----O---------O-O-
------------OO----------------OO-OO--O--
------------OO--------O---------OO-O----
----------------------O---------O--O----
---------------------O-----------O-O----
----------------------OO---------OO-----
----------------------OOO---------------
----------------------------------------
--------------------------O-------------
-------------------OOO----OOO--------O--
--------------------------O--O------OOO-
-----------------------O---O-O-----OO-OO

Life - generation  581 

\u001b[H
----------------------OOO--OO---------O-
---------------------------------O---O--
O-------------------------------O-O---OO
O-O----------------------------OO-----OO
O-O------------------O------------------
--------------------O-OO--------------O-
---------OO--------O----------------OO--
---------OO-------O---OO-O-----------O--
------------------OOO---------OO-----O--
------------OO-----O-----------O-OOOOO--
------------OO---------------------OO---
---------------------OO---------O--OO---
---------------------O-O--------OO-O----
---------------------O--O--------OO-----
----------------------O-O---------------
-----------------------O----------------
--------------------O-----O-------------
--------------------O----OO-O-------OOO-
--------------------O-----O--O-----O---O
--------------------------OO-O-----O--OO

Life - generation  582 

\u001b[H
-----------------------O--OOO--------OOO
-----------------------O---------O---O--
OO-----------------------------OO----O--
-------------------------------OOO----O-
O--------------------OO---------------O-
--------------------OOO--------------O--
---------OO--------O-O--O-----------OOO-
---------OO-------O-O----------------OO-
------------------O-O---------OOO-OO-OO-
------------OO----OOO---------OOO-O--O--
------------OO------------------OO------
---------------------OO---------OO------
--------------------OO-O--------O--OO---
---------------------O--O-------OOO-----
----------------------O-O---------------
-----------------------O----------------
-------------------------OOO---------O--
-------------------OOO---OO---------OOO-
-----------------------------O-----O---O
-----------------------O-OO--O--------OO

Life - generation  583 

\u001b[H
----------------------OO-OOOO--------O-O
O--------------------------O----O---OO-O
-------------------------------O-----OO-
OO-----------------------------O-O---OO-
--------------------O-O---------O----OOO
-----------------------O------------O--O
---------OO--------O--O-------------O---
---------OO-------O-OO---------O---O---O
-----------------OO-OO--------O-O-OO----
------------OO----O-O---------O---OOOOO-
------------OO-----OOO------------O-----
--------------------OOO--------O--O-----
--------------------O--O-------O---O----
--------------------OO--O-------OOOO----
----------------------O-O--------O------
-----------------------OOOO-------------
--------------------O---OO-O--------OOO-
--------------------O----O-O--------OOO-
--------------------O---O-----------O--O
O-----------------------OOO--O-------O--

Life - generation  584 

\u001b[H
-----------------------O----O--------O-O
O--------------------------OO-------O--O
-O-----------------------------O--------
O------------------------------O----O---
--------------------------------O---O---
---------------------OOO------------O--O
---------OO--------OOOO------------OO---
---------OO------OO---O--------O--OOO---
-----------------OO-----------O--O---OO-
------------OO---OO------------O----OO--
------------OO--------O----------OO-OO--
----------------------O-----------OO----
-------------------O---O-------O---O----
--------------------OOO-O-------OO-O----
---------------------OO---------OO------
--------------------------O----------O--
-----------------------O---O--------O-O-
-------------------OOO---O---------O---O
------------------------O-----------O--O
O---------------------------O-------OO-O

Life - generation  585 

\u001b[H
----------------------------OO-------O--
O--------------------------OO---------OO
-O-------------------------------------O
-------------------------------OO-------
----------------------O------------OOO--
-----------------------O------------OO--
---------OO-------OOO-------------O--O--
---------OO------O--O-O-----------O-----
----------------O--O----------OOO-O---O-
------------OO---OO-------------OOOO----
------------OO-------------------OO--O--
----------------------OO---------O------
--------------------O--O--------OO-OO---
--------------------O----------O-O------
--------------------O-OO--------OOO-----
----------------------O--------------O--
--------------------O-----O---------OOO-
--------------------O---O----------OOOOO
--------------------O--------------OOO-O
O-----------------------------------OO-O

Life - generation  586 

\u001b[H
---------------------------OOO------OO--
O--------------------------OOO--------OO
--------------------------------------OO
------------------------------------O---
-----------------------------------O-O--
-------------------O------------------O-
---------OO-------OOOO-------------OOO--
---------OO------O--OO---------O--OO----
----------------O--O-----------OO-------
------------OO---OO----------------O----
------------OO---------------------O----
----------------------OO-----------OO---
---------------------OOO---------O------
-------------------OO-OO-------O---O----
----------------------OO--------OOO-----
----------------------OO---------O--OOO-
---------------------O-------------O---O
-------------------OOO-----------------O
----------------------------------------
O----------------------------------O---O

Life - generation  587 

\u001b[H
---------------------------O-O------OO--
O--------------------------O-O----------
O---------------------------O--------OO-
------------------------------------OOO-
------------------------------------OO--
------------------OO---------------O--O-
---------OO-------O--O------------OOOO--
---------OO------O---O---------OO-OO----
----------------O--OO----------OO-OO----
------------OO---OO---------------------
------------OO--------------------OO----
---------------------O-O----------OOO---
--------------------O---O---------OOO---
--------------------O---O---------------
------------------------O-------OOOOOO--
---------------------O-O--------OO-OOOO-
---------------------O--------------OO-O
--------------------OO------------------
O-------------------O------------------O
----------------------------O-------O---

Life - generation  588 

\u001b[H
---------------------------O-O------OO--
---------------------------O-O------O-OO
----------------------------O-------O-O-
---------------------------------------O
-----------------------------------O----
------------------OO--------------O---O-
---------OO------OOOO------------O---O--
---------OO------OOO-O---------OO-------
----------------O--OO----------OO-OO----
------------OO---OOO-------------O------
------------OO--------------------O-O---
---------------------------------O------
--------------------OO-OO---------O-O---
-----------------------OOO-----------O--
-----------------------OO-------O-----O-
----------------------O---------O-------
---------------------O-------------O----
O-------------------OO----------------OO
--------------------OO------------------
----------------------------O-------OO--

Life - generation  589 

\u001b[H
---------------------------O-O-----O----
---------------------------O-O-----OO-OO
----------------------------O---------O-
----------------------------------------
----------------------------------------
-----------------O--O-------------O-----
---------OO---------------------OO------
---------OO-----O----O---------O--O-----
----------------O--------------O--O-----
------------OO---OOOO-----------OO------
------------OO----O--------------OO-----
---------------------------------OO-----
----------------------OO-O--------------
-------------------------O-----------O--
----------------------O--O--------------
----------------------OO----------------
--------------------OOO----------------O
----------------------O----------------O
--------------------OO---------------OOO
----------------------------O-------OO--

Life - generation  590 

\u001b[H
---------------------------O-O-----O--O-
---------------------------O-O-----OOOOO
----------------------------O--------OOO
----------------------------------------
----------------------------------------
---------------------------------O------
---------OO---------------------OOO-----
---------OO--------------------O--O-----
----------------O-OOO----------O--O-----
------------OO---OOO------------O-------
------------OO---OO---------------------
---------------------------------OO-----
------------------------O---------------
----------------------OO-OO-------------
----------------------OOO---------------
-----------------------O----------------
----------------------------------------
O---------------------O----------------O
---------------------O--------------OO-O
----------------------------O-------OO--

Life - generation  591 

\u001b[H
---------------------------O-O-----O---O
---------------------------O-O-----O----
----------------------------O----------O
--------------------------------------O-
----------------------------------------
--------------------------------OOO-----
---------OO---------------------O-O-----
---------OO--------O-----------O--OO----
--------------------O----------OOO------
------------OO--O---O-------------------
------------OO---O-O-------------O------
----------------------------------------
-----------------------OOO--------------
----------------------O--O--------------
-------------------------O--------------
----------------------OOO---------------
----------------------------------------
O-------------------------------------OO
O-----------------------------------OO-O
----------------------------O------O----

Life - generation  592 

\u001b[H
---------------------------O-O----OOO---
---------------------------O-O----------
----------------------------O-----------
----------------------------------------
---------------------------------O------
--------------------------------O-O-----
---------OO--------------------OO-------
---------OO--------------------O--OO----
-------------------OO----------OOOO-----
------------OO-----OO------------O------
------------OO--------------------------
------------------------O---------------
-----------------------OOO--------------
-----------------------O-OO-------------
----------------------O--O--------------
-----------------------OO---------------
-----------------------O---------------O
O------------------------------------OO-
O-----------------------------------OO--
O---------------------------O------O--OO

Life - generation  593 

\u001b[H
---------------------------O-O----OOO--O
---------------------------O-O-----O----
----------------------------O-----------
----------------------------------------
---------------------------------O------
-------------------------------OO-------
---------OO--------------------OO-OO----
---------OO-------------------O---OO----
-------------------OO----------O---O----
------------OO-----OO------------OO-----
------------OO--------------------------
-----------------------OOO--------------
-----------------------O--O-------------
----------------------OO--O-------------
----------------------O--OO-------------
----------------------OOO---------------
-----------------------OO-------------OO
O-----------------------------------OOO-
OO----------------------------------O---
O---------------------------O-----O---OO

Life - generation  594 

\u001b[H
O--------------------------O-O----O-O-OO
---------------------------O-O----OOO---
----------------------------O-----------
----------------------------------------
--------------------------------O-------
-------------------------------O--O-----
---------OO-------------------O-O-OO----
---------OO-------------------O-OO--O---
-------------------OO------------O-O----
------------OO-----OO-------------O-----
------------OO----------O---------------
-----------------------OOO--------------
--------------------------O-------------
----------------------OOO-OO------------
---------------------O---OO-------------
----------------------O-----------------
----------------------O-O-------------OO
OO----------------------------------O-O-
-O---------------------------------OO---
-O--------------------------O-----O-OOO-

Life - generation  595 

\u001b[H
O--------------------------O-O---OO---OO
---------------------------O-O----O-OO-O
----------------------------O------O----
----------------------------------------
----------------------------------------
-------------------------------OO-OO----
---------OO-------------------O-O-OO----
---------OO---------------------O---O---
-------------------OO-----------OO-O----
------------OO-----OO-------------O-----
------------OO---------OOO--------------
-----------------------OOO--------------
----------------------O---OO------------
----------------------OOO--O------------
---------------------O--OOOO------------
---------------------OOO-O--------------
O----------------------O-------------OOO
OO---------------------------------OO-O-
-OO-----------------------------------OO
-O--------------------------O-----O---O-

Life - generation  596 

\u001b[H
O--------------------------O-O---OO-----
O--------------------------O-O---OO-OO-O
----------------------------O------OO---
----------------------------------------
----------------------------------------
-------------------------------OO-OO----
---------OO---------------------O-O-O---
---------OO---------------------O---O---
-------------------OO-----------OOOO----
------------OO-----OO---O--------OO-----
------------OO---------O-O--------------
----------------------O-----------------
----------------------O---OO------------
---------------------OO-O---O-----------
---------------------O-----O------------
---------------------O-O-O------------OO
OO---------------------OO-----------OOO-
--O---------------------------------O---
--O--------------------------------O--O-
-OO-------------------------O----OO--O--

Life - generation  597 

\u001b[H
O--------------------------O-O--O---OOOO
O--------------------------O-O---O--OO-O
----------------------------O-----OOOO--
----------------------------------------
----------------------------------------
-------------------------------OO-OO----
---------OO---------------------O-O-O---
---------OO--------------------OO---O---
-------------------OO-----------O--O----
------------OO-----OO---O-------O--O----
------------OO---------OO---------------
----------------------OO--O-------------
----------------------O----O------------
---------------------OOO--O-O-----------
--------------------OO-OO---------------
O----------------------O--------------OO
OO--------------------OOO-----------O-O-
--O--------------------------------OO-OO
--OO------------------------------OOOO--
-OO-------------------------O----O-O----

Life - generation  598 

\u001b[H
---------------------------O-O--OOOO----
O--------------------------O-O---OO-----
----------------------------O-----OO-OO-
-----------------------------------OO---
----------------------------------------
-------------------------------OO-OO----
---------OO-----------------------O-O---
---------OO--------------------OO---O---
-------------------OO-----------OO-OO---
------------OO-----OO--OO---------------
------------OO--------O-OO--------------
----------------------O-O---------------
--------------------------OO------------
--------------------O---O--O------------
--------------------OO--O--------------O
OO-------------------O---------------OO-
-O--------------------OOO----------OO---
O-OO-------------------O----------O---OO
---O---------------------------------OO-
OOOO------------------------O----O-----O

Life - generation  599 

\u001b[H
--O------------------------O-O--O--O---O
---------------------------O-O--O---O---
----------------------------O----O---O--
----------------------------------OOOO--
----------------------------------O-O---
---------------------------------OOO----
---------OO-----------------------O-O---
---------OO--------------------OO-O-OO--
-------------------OO----------OOO-OO---
------------OO-----OOO-OOO--------------
------------OO-------OO--O--------------
------------------------O-O-------------
-----------------------O-OOO------------
--------------------OO---OOO------------
O-------------------OO----------------OO
OO------------------OO--O-----------OOOO
----------------------OOO----------OO---
OOOO------------------OOO----------OO-OO
----O--------------------------------O--
OOOO------------------------O---OO----OO

Life - generation  600 

\u001b[H
--OO-----------------------O-O-OO-----OO
---------------------------O-O--OO--O---
----------------------------O----OO--O--
---------------------------------OO--O--
-------------------------------------O--
---------------------------------O--O---
---------OO---------------------O---OO--
---------OO--------------------O--O--O--
-------------------O-O--O------O-OOOOO--
------------OO-----O---OOO------O-------
------------OO-------OO---O-------------
----------------------OOO--O------------
----------------------------------------
--------------------OOO-OO-O-----------O
-O-----------------O--O--OO-------------
-O------------------O---O----------OO---
-------------------------O--------------
OOOO------------------O-O----------O--OO
----O------------------O------------OO--
OOOO------------------------O---OO----OO

Life - generation  601 

\u001b[H
---O-----------------------O-OOO-----OO-
---------------------------O-OOO--O--OO-
----------------------------O------OOO--
---------------------------------OO-OOO-
---------------------------------OO-OO--
------------------------------------O---
---------OO---------------------OO-OOO--
---------OO--------------------O--O---O-
--------------------O--OOO-----O-OOOOO--
------------OO-------O-OOO------OOOOO---
------------OO-------O----O-------------
---------------------OOO----------------
-------------------------OO-------------
--------------------OOOOOO--------------
O------------------O--O---O-------------
------------------------O-O-------------
-----------------------OOO---------OO--O
OOOO-------------------OO-----------OOOO
----O------------------O------------OO--
OO--O-----------------------O--OOO------

Life - generation  602 

\u001b[H
---------------------------O-----O---OOO
---------------------------O---O---O----
----------------------------OOO--O------
---------------------------------O----O-
---------------------------------OO---O-
--------------------------------O-------
---------OO---------------------OOOOOO--
---------OO-------------O------O------O-
----------------------OO-O-----O-----O--
------------OO------OO-O--O-----O----O--
------------OO------OO---O-------OOO----
---------------------OO--OO-------------
--------------------O----OO-------------
--------------------OOOOO---------------
--------------------O-O---O-------------
------------------------O-O-------------
-OO--------------------------------OO--O
OOOO------------------O--O-------------O
----O------------------OO-------O---O---
---OO-----------------------OO-OO---O-O-

Life - generation  603 

\u001b[H
---------------------------O--OO----OOOO
---------------------------O-OO-O-O---O-
----------------------------OOO-O-O-----
-----------------------------O--OO------
--------------------------------OOO-----
--------------------------------O---OO--
---------OO--------------------OOOOOOO--
---------OO------------OO------O-OOO--O-
---------------------OOO-O-----OO----OO-
------------OO------O--O-OO-----OOO-O---
------------OO----------OO-------OO-----
----------------------O-O---------O-----
--------------------O-----O-------------
-------------------OO-OOO-O-------------
--------------------O-O-O---------------
-------------------------O--------------
---O---------------------O-------------O
---O-------------------OO----------OO--O
OO--O------------------OO------OO----O-O
---OO-----------------------O--OOO--O-OO

Life - generation  604 

\u001b[H
---------------------------O-------OO---
---------------------------O----O--O--OO
--------------------------------O-O-----
----------------------------OOO---------
-------------------------------O--O-----
-------------------------------------O--
---------OO--------------------O------O-
---------OO------------OO-----O-------O-
---------------------O---OO----O----OOO-
------------OO-------O-O--O----O--OO-O--
------------OO------------O-----O-------
-----------------------OO--------OO-----
-------------------OO-O-O---------------
-------------------OO-O-O---------------
-------------------OO-O-O---------------
------------------------OO--------------
-------------------------O--------------
--OOO------------------O-O----------O--O
--O-O------------------OO------O-O-O-O--
---OO----------------------------O--O---

Life - generation  605 

\u001b[H
----------------------------------OOOO--
---------------------------------OOOO---
----------------------------OO-O-O------
-----------------------------OOO-O------
-----------------------------OO---------
----------------------------------------
---------OO--------------------------OO-
---------OO-------------OO----OO------OO
-----------------------O-OO---OO---OO-O-
------------OO--------O---OO---OO--O-OO-
------------OO--------OOOO------O--O----
-----------------------OOO-------O------
-------------------OO-O-OO--------------
------------------O---O-OO--------------
-------------------OO---O---------------
-----------------------OOO--------------
---O---------------------OO-------------
--O-O------------------O-O----------O---
--O--O-----------------OO-------O-OO-O--
---OO---------------------------O----O--

Life - generation  606 

\u001b[H
-------------------------------------O--
--------------------------------OO---O--
----------------------------OO-O-O-O----
-------------------------------O--------
-----------------------------O-O--------
----------------------------------------
---------OO--------------------------OOO
---------OO-------------OOO---OO----O--O
-----------------------O---O-------OO---
------------OO--------O----O--O-O-OO-OO-
------------OO--------O--------OOOO-O---
---------------------O----O-------------
-------------------O-OO---O-------------
------------------O---------------------
-------------------O--------------------
-----------------------O--O-------------
---O-------------------O--O-------------
--O-O------------------O-OO--------OO---
--O--O-----------------OO--------O-O-O--
---OO--------------------------------OO-

Life - generation  607 

\u001b[H
------------------------------------OO--
--------------------------------OOO-O---
------------------------------OO-OO-----
----------------------------OO-O--------
------------------------------O---------
--------------------------------------O-
---------OO--------------O-----------OOO
---------OO-------------OOO--------OO--O
-----------------------OOO-O--O---O---O-
------------OO--------OO--------O----O--
------------OO-------OO--------OO-O-OO--
--------------------OO----------OO------
--------------------OOO-----------------
------------------OOO-------------------
----------------------------------------
----------------------------------------
---O------------------OO--OO------------
--O-O-----------------OO-OO-------OOO---
--O--O-----------------OOO--------OO-OO-
---OO--------------------------------OO-

Life - generation  608 

\u001b[H
---------------------------------O-OO-O-
-------------------------------OO-O-OO--
-----------------------------OOO--OO----
-----------------------------O-OO-------
-----------------------------OO---------
-------------------------------------OOO
---------OO-------------OOO---------OO-O
---------OO------------O-----------OO--O
----------------------O------------OOOO-
------------OO-------O----------O--OOOO-
------------OO------O--O-------O----OO--
-------------------------------OOO------
----------------------O-----------------
-------------------OO-------------------
-------------------O--------------------
----------------------------------------
---O------------------OOOOOO-------O----
--O-O----------------------O------O-OO--
--O--O----------------OO-OO-------O---O-
---OO-------------------O----------O----

Life - generation  609 

\u001b[H
--------------------------------OO------
-------------------------------OO----O--
-----------------------------O----OOO---
----------------------------O---O-------
-----------------------------OOO------O-
-------------------------O----------OO-O
O--------OO-------------OO---------O---O
---------OO------------OOO-------------O
----------------------O-----------O----O
------------OO-------OO-----------------
------------OO-----------------O-O-O--O-
-------------------------------OO-------
--------------------------------O-------
-------------------OO-------------------
-------------------OO-------------------
-----------------------OOOO-------------
---O-------------------OOOOO-------OO---
--O-O----------------------O------O-OO--
--O--O-----------------OOOO-------O-OO--
---OO------------------OOO---------OOO--

Life - generation  610 

\u001b[H
------------------------O------OOO---O--
-------------------------------OO-OOO---
-------------------------------OOO-OO---
----------------------------O--O---O----
-----------------------------OOO-----OO-
O-----------------------OO----O-----OO-O
O--------OO------------O--O---------O--O
---------OO------------O-O------------OO
---------------------OO-O---------------
------------OO-------OO-----------O-----
------------OO-----------------O--------
-------------------------------O-O------
-------------------------------OO-------
-------------------OO-------------------
-------------------OO---OO--------------
-----------------------O---O------------
---O-------------------O---O-------OOO--
--O-O----------------------O------O-----
--O--O-----------------O--O-------O---O-
---OO------------------O--O------OOO-O--

Life - generation  611 

\u001b[H
-------------------------------O-----O--
------------------------------O------O--
------------------------------O--O------
-----------------------------O----OO-O--
-----------------------------O-O-----OOO
O-----------------------OO---OOO----O---
---------OO------------O--O---------O---
O--------OO------------O-O------------OO
---------------------O--O---------------
------------OO-------OOO----------------
------------OO------------------O-------
------------------------------OO--------
-------------------------------OO-------
-------------------OO-------------------
-------------------OO---O---------------
-----------------------O--O---------O---
---O----------------------OOO------OO---
--O-O---------------------OO------O-OO--
--O--O--------------------OO------------
---OO------------------OOO---------OOOO-

Life - generation  612 

\u001b[H
------------------------O---------------
------------------------------OO--------
-----------------------------OO---O-O---
-----------------------------O----O-OO--
----------------------------OO-O---O-OOO
------------------------OO---O-O----O-OO
O--------OO------------O--O---O------O--
---------OO-----------OO-O-------------O
---------------------O--O--------------O
------------OO-------OOO----------------
------------OO--------O--------O--------
------------------------------O---------
------------------------------OOO-------
-------------------OO-------------------
-------------------OO-------------------
-------------------------OO--------OO---
---O---------------------O--O-----------
--O-O--------------------O----------OO--
--O--O------------------O--O----------O-
---OO-------------------OOO---------OOO-

Life - generation  613 

\u001b[H
------------------------O------------O--
-----------------------------OOO--------
-----------------------------O-O----OO--
----------------------------------O-----
----------------------------OO-----O---O
O-----------------------OO--OO-O----O---
O--------OO-----------OO--O---O------O--
O--------OO-----------OO-O------------OO
---------------------O--O---------------
------------OO-------O-O----------------
------------OO-------OOO----------------
------------------------------O-O-------
------------------------------OO--------
-------------------OO----------O--------
-------------------OO-------------------
-------------------------OO-------------
---O--------------------OO---------O-O--
--O-O-------------------OOO----------O--
--O--O------------------O-------------O-
---OO------------------OO-O----------OO-

Life - generation  614 

\u001b[H
-----------------------OOO----O------OO-
-----------------------------O-O----OO--
-----------------------------O-O--------
----------------------------OOO----OO---
----------------------------OOO----O----
O----------------------OOO-OO-------O--O
OO-------OO-----------O---O--OO------OO-
O--------OO----------O---O------------OO
---------------------O--O--------------O
------------OO------OO-OO---------------
------------OO-------O-O----------------
----------------------O-------O---------
------------------------------O-O-------
-------------------OO---------OO--------
-------------------OO-------------------
------------------------OOO-------------
---O--------------------------------O---
--O-O------------------O--O---------OOO-
--O--O--------------------O-----------O-
---OO------------------OO------------OO-

Life - generation  615 

\u001b[H
-----------------------O-O----O---------
------------------------O----O-O----OOO-
-------------------------------O---O-O--
-------------------------------O---OO---
------------------------O-----O----O----
OO---------------------OOOOO--------OOOO
-O-------OO-----------OO--OOOO-------O--
-O-------OO----------OO--O-----------O--
O--------------------O-OOO------------OO
------------OO------OO-OO---------------
------------OO------OO-OO---------------
----------------------O--------O--------
-----------------------------OO---------
-------------------OO---------OO--------
-------------------OO----O--------------
-------------------------O--------------
---O--------------------O-O---------O---
--O-O-------------------------------O-O-
--O--O-----------------OOO----------O--O
---OO------------------O---------------O

Life - generation  616 

\u001b[H
-----------------------O------O------OO-
------------------------O------O----OOO-
-------------------------------OO--O--O-
------------------------------OO--OO----
O----------------------OO-O--------O--OO
OO--------------------O------O------OOOO
-OO------OO----------O------O----------O
-O-------OO----------O---O-OO--------O-O
O------------------------O------------OO
------------OO-------------------------O
------------OO------O---O---------------
---------------------OOO------O---------
-----------------------------O----------
-------------------OO--------OOO--------
-------------------OO-------------------
------------------------OOO-------------
---O---------------------O-----------O--
--O-O------------------O-----------OO---
--O--O-----------------OO------------OOO
---OO-----------------OO-O--------------

Life - generation  617 

\u001b[H
----------------------OO------------O-O-
------------------------------OOO---O--O
--------------------------------O-OO--O-
------------------------------OOO-OOO-O-
-O---------------------O------O---OO----
--O-------------------OO------------OO--
--O------OO----------OO----OOO------O---
-OO------OO---------------OOO-----------
--------------------------O-------------
O-----------OO------------------------OO
------------OO-------OOO----------------
---------------------OOO----------------
--------------------OOO------O-O--------
-------------------OO--------OO---------
-------------------OO----O----O---------
------------------------OOO-------------
---O---------------------OO---------O---
--O-O------------------O------------O---
--O--O------------------------------OOO-
---OO-----------------O----------------O

Life - generation  618 

\u001b[H
----------------------OO-------O-----OOO
-------------------------------OOO--O-OO
----------------------------------O---OO
------------------------------O-O---OO--
----------------------OO------O--OO-----
-OO------------------O-O----OO------OO--
--OO-----OO----------OOO--O--O------OO--
-OO------OO---------------O--O----------
OO------------------------O------------O
------------OO--------O----------------O
------------OO-------O-O---------------O
----------------------------------------
-------------------O---O-----O----------
-----------------------------O-O--------
-------------------OO---OOO--OO---------
------------------------O---------------
---O----------------------O-------------
--O-O------------------------------OO---
--O--O------------------------------OOO-
---OO-----------------OO------------O--O

Life - generation  619 

\u001b[H
O---------------------OO-------O----O---
O------------------------------OOO------
-----------------------------------OO--O
-------------------------------O--OO-OO-
----------------------OO------OO-O-O----
-OOO-----------------O--O---OOO----OOO--
---O-----OO----------O-O---O-OO-----OO--
---O-----OO-----------O--OOO------------
-OO------------------------------------O
------------OO--------O---------------OO
------------OO--------O-----------------
----------------------O-----------------
------------------------------O---------
-------------------OO---OO--OO----------
------------------------OO---OO---------
------------------------O-O-------------
---O------------------------------------
--O-O------------------------------OO---
--O--O--------------------------------O-
---OO-----------------OO------------O--O

Life - generation  620 

\u001b[H
O---------------------OO-------O-------O
O------------------------------OO--OO--O
-------------------------------O-O-OOOOO
------------------------------OOO----OO-
--O-------------------OO-------OO-----O-
--OO-----------------O--O---O-----OO-O--
---OO----OO----------O-OOO-O--O----O-O--
---O-----OO-----------O---OOO-----------
O-O-----------------------O-----------OO
O-----------OO------------------------OO
------------OO-------OOO----------------
----------------------------------------
-----------------------------O----------
------------------------OO--O-----------
-----------------------O--O-OOO---------
------------------------O---------------
---O------------------------------------
--O-O-----------------------------------
--O--O-----------------------------OOO--
---OO-----------------OO-------------O-O

Life - generation  621 

\u001b[H
----------------------OO-------OO---O---
------------------------------OO--OO----
O--------------------------------OOO----
------------------------------O--O------
--OO------------------OO------O-OO--O-O-
--O-O----------------O---O-----O--OO-OO-
----O----OO----------O-OOO---O----OO----
--OOO----OO-----------OOO---O---------OO
OO------------------------O-----------O-
OO----------OO--------O---------------O-
------------OO--------O----------------O
----------------------O-----------------
----------------------------------------
------------------------OO-OO-O---------
-----------------------O---OOO----------
-----------------------------O----------
---O------------------------------------
--O-O-------------------------------O---
--O--O------------------------------OOO-
O--OO-----------------OO-------------O-O

Life - generation  622 

\u001b[H
----------------------OO------OOO--OO---
------------------------------OO----O---
------------------------------OOOO-O----
-------------------------------O---O----
--OO------------------O-------O-OO-OO-O-
--O-O----------------O---O----OOO----OO-
--O-OO---OO----------O---O--------OOOO-O
OOOOO----OO-----------O---------------OO
---O------------------O--------------OO-
-O----------OO------------------------O-
O-----------OO-------OOO---------------O
----------------------------------------
----------------------------------------
------------------------O-OO------------
------------------------O-OO--O---------
-----------------------------O----------
---O------------------------------------
--O-O-------------------------------O---
-OO--O------------------------------O-OO
---OO-----------------OO---------------O

Life - generation  623 

\u001b[H
----------------------OO------O-O--OO---
-----------------------------O---OO-O---
----------------------------------OOO---
-----------------------------------O----
--OO--------------------------O--OOOO-O-
-OO-OO---------------OO-------O-O------O
-----O---OO----------OO--------O---OO---
OO---O---OO----------OO------------O----
---OO--------------------------------O--
O-----------OO-------O-O-------------OO-
O-----------OO--------O----------------O
----------------------O-----------------
----------------------------------------
--------------------------OO------------
--------------------------OOO-----------
----------------------------------------
---O------------------------------------
-OO-O--------------------------------O--
OOO--O-------------------------------OOO
O-OOO-----------------OO-------O---OOOOO

Life - generation  624 

\u001b[H
---O------------------OO------OOOO----OO
---------------------------------O---O--
---------------------------------O--O---
---------------------------------O---O--
-OOOO--------------------------O-OOOO---
-OO-OO---------------OO-------O-OO---O--
--O--OO--OO---------O--O-------O---OO---
-----O---OO----------OO------------O----
OO--O----------------O--------------OOOO
O-----------OO--------O--------------OO-
O-----------OO-------OOO--------------OO
----------------------------------------
----------------------------------------
--------------------------O-O-----------
--------------------------O-O-----------
---------------------------O------------
--OO------------------------------------
----O--------------------------------O-O
-----O----------------------------------
--OOO-----------------OO-------O---O----

Life - generation  625 

\u001b[H
--OOO-----------------OO------OO-OO---O-
-------------------------------O-OO--OO-
--------------------------------OOO-OO--
--OO-----------------------------O---O--
-O--OO-------------------------O---OOO--
------O--------------OO-------O--O---O--
-OOO--O--OO---------O--O-------OO-OOO---
OO--OOO--OO---------OOO------------O--OO
OO-------------------O--------------O---
------------OO---------O------------O---
O-----------OO-------OOO-------------OO-
----------------------O----------------O
----------------------------------------
----------------------------------------
--------------------------O-O-----------
---------------------------O------------
---O------------------------------------
---OO-----------------------------------
-----O----------------------------------
--OOO-----------------OO------OO--------

Life - generation  626 

\u001b[H
--O-O-----------------OO---------OO--OO-
---O--------------------------OO----O-O-
-----------------------------------OO---
--OOO----------------------------O----O-
--OOOO--------------------------O-O--OO-
-O-OO-O--------------OO-------O--O---O--
-OOOO-OO-OO---------O--O-------OOOOOOOOO
---OOOO--OO---------O-O-----------O--O-O
-O---O--------------OO-------------OOO--
OO----------OO-------O-O------------O--O
------------OO-------O-O-------------OOO
---------------------OOO--------------OO
----------------------------------------
----------------------------------------
---------------------------O------------
---------------------------O------------
---OO-----------------------------------
---OO-----------------------------------
--O--O----------------------------------
--O--O----------------OO------OOO-------

Life - generation  627 

\u001b[H
--O-O-----------------OO---------O---OO-
---O------------------------------O-O-O-
--O-O------------------------------OO---
--O--O---------------------------OOOO-O-
-O------------------------------O-O--OO-
OO----OO-------------OO----------------O
-O-----OOOO---------O--O-------OO--O---O
-O-----OOOO--------OO-O---------O------O
-OO--OO-------------O--------------O-O-O
-O----------OO-------O-------------O---O
------------OO------OO-OO------------O--
---------------------O-O-------------O-O
----------------------O-----------------
----------------------------------------
----------------------------------------
----------------------------------------
---OO-----------------------------------
--O--O----------------------------------
--O--O-------------------------O--------
-OO-OO----------------OO-------OOO------

Life - generation  628 

\u001b[H
-OO-OO----------------OO---------OO--OO-
--O-O-----------------------------O-O-O-
--O-O----------------------------O------
-OOO-----------------------------O----O-
-OO---O---------------------------O-OOO-
-OO---OO-O-----------OO--------OOO-----O
-OO-------O--------OO--O-------OO-----OO
-O--------O--------OO----------OO---O--O
-OO---OOOO---------OO---------------O--O
-OO---------OO-------OO-----------------
O-----------OO------OO-OO-----------O---
--------------------OO-OO-------------O-
----------------------O-----------------
----------------------------------------
----------------------------------------
----------------------------------------
---OO-----------------------------------
--O--O----------------------------------
--O--OO------------------------O--------
-OO-OO----------------OO-------O-O------

Life - generation  629 

\u001b[H
----------------------OO--------OOOO-OO-
--O-O-----------------------------OO--O-
----O----------------------------OO--O--
---------------------------------OO---O-
------OO--------------------------O--OOO
---O--OO------------OOO--------O-O-----O
---------OO--------O--O-------O-------OO
-------OO-O-------O--O---------OO----O-O
-------OOO---------O--------------------
--O----OO---OO-----O--OO----------------
-O----------OO----------O---------------
--------------------O---O---------------
---------------------OOO----------------
----------------------------------------
----------------------------------------
----------------------------------------
---OO-----------------------------------
--O--OO---------------------------------
--O---O-------------------------O-------
----------------------OO---------OO-----

Life - generation  630 

\u001b[H
----------------------OO--------O---OOO-
---O----------------------------O-----O-
---O---------------------------------OO-
-----------------------------------O---O
------OO-------------O----------O-O--O-O
O-----OOO-----------OOO--------------O--
O-----O--OO--------O--O-------O--------O
-------O--O-------OOO----------O-------O
------O-----------OOO-O-----------------
-------O-O--OO---------O----------------
------------OO----------O---------------
---------------------OO-O---------------
---------------------OOO----------------
----------------------O-----------------
----------------------------------------
----------------------------------------
---OOO----------------------------------
--O-OOO---------------------------------
-----OO--------------------------O------
----------------------OO-----------O----

Life - generation  631 

\u001b[H
----------------------OO------------OOO-
------------------------------------O--O
-------------------------------------OOO
------------------------------------OO-O
O-----O-O-----------OOO-------------O--O
O----O--OO----------O-O-----------------
O-----O--OO-------O---O---------------OO
O-----OO-OO----------------------------O
------OOO---------O-OO------------------
------------OO-----O---O----------------
------------OO--------O-O---------------
---------------------O--O---------------
----------------------------------------
---------------------OOO----------------
----------------------------------------
----O-----------------------------------
---O--O---------------------------------
----------------------------------------
----O-O---------------------------------
----------------------OO------------OO--

Life - generation  632 

\u001b[H
----------------------OO-----------O--O-
------------------------------------O--O
O--------------------------------------O
---------------------O--------------O---
O------OOO----------O-O-------------OOOO
-O---OO-O-O--------OO-OO--------------O-
-O---OO--------------O----------------O-
O----O----O--------O-O----------------O-
------O-OO---------OO-------------------
-------O----OO-----OOOOO----------------
------------OO--------O-O---------------
-----------------------O----------------
---------------------O-O----------------
----------------------O-----------------
----------------------O-----------------
----------------------------------------
----------------------------------------
-----O----------------------------------
----------------------------------------
----------------------OO------------O-O-

Life - generation  633 

\u001b[H
----------------------OO-----------OO-OO
O-------------------------------------OO
O--------------------------------------O
--------O------------O--------------O---
O-----OOOO---------OO-OO------------O-OO
-O---O--O----------OO-OO----------------
OO--O--O-O---------O-O---------------OO-
-----O-O-O---------O-O-----------------O
------OOOO--------O---------------------
-------OO---OO-----O--OO----------------
------------OO------O---O---------------
-----------------------OO---------------
-----------------------O----------------
---------------------OOO----------------
----------------------------------------
----------------------------------------
----------------------------------------
----------------------------------------
----------------------------------------
----------------------OO-------------O--

Life - generation  634 

\u001b[H
O---------------------OO------------O---
-------------------------------------O--
O-------------------------------------O-
--------OO----------OOO--------------OO-
O-----O--O---------O---O-------------O-O
-O---O------------O----O----------------
OO--OO-O-O--------OO-O----------------OO
O----O---OO-------OO------------------OO
---------O--------OOO-O-----------------
------O--O--OO-----O---O----------------
------------OO--------O-O---------------
-----------------------OO---------------
----------------------------------------
----------------------OO----------------
----------------------O-----------------
----------------------------------------
----------------------------------------
----------------------------------------
----------------------------------------
----------------------OO------------OOO-

Life - generation  635 

\u001b[H
----------------------OO------------O-O-
-------------------------------------O-O
---------------------O----------------OO
O-------OO----------OOO--------------O--
O-------OO---------OOO-O-------------O-O
-O--OO--O---------O-O-O-----------------
-O--OO--OOO------O--O-----------------O-
-O--OOO--OO------O---O----------------O-
--------OO----------O------------------O
------------OO----OOOOOO----------------
------------OO--------O-O---------------
-----------------------OO---------------
----------------------O-O---------------
----------------------OO----------------
----------------------OO----------------
----------------------------------------
----------------------------------------
----------------------------------------
-------------------------------------O--
----------------------OO------------OO--

Life - generation  636 

\u001b[H
----------------------OO------------O-O-
----------------------O--------------O-O
O-------------------OOO--------------O-O
O-------OO---------O-----------------O--
OO-----O---------------O--------------OO
-O--OO-O--O-------O---O---------------OO
OOOO---OO-O------OOOO-------------------
O---O-OO------------OO----------------OO
-----O--OOO-------O---------------------
------------OO-----OO-OO----------------
------------OO-----OO---O---------------
----------------------O-OO--------------
----------------------O-O---------------
---------------------O--O---------------
----------------------OO----------------
----------------------------------------
----------------------------------------
----------------------------------------
------------------------------------OO--
----------------------OO------------O-O-

Life - generation  637 

\u001b[H
---------------------O--------------O-OO
O-----------------------------------OO-O
O-------------------OOO-------------OO-O
--------O-----------OOO--------------O--
-O----OO-O---------------------------O--
---OO--O-O-------OO-------------------O-
--OO----OO-------OO-O-------------------
O-OOOOO---O------O--OO-----------------O
-----OOOOO------------O----------------O
---------O-OOO----O-OO-O----------------
------------OO-----OO-O-OO--------------
---------------------O--OO--------------
---------------------OO-O---------------
---------------------O--O---------------
----------------------OO----------------
----------------------------------------
----------------------------------------
----------------------------------------
------------------------------------OO--
----------------------OO-----------OO-O-

Life - generation  638 

\u001b[H
O---------------------O-----------------
--------------------O-O------------O----
O-------------------O-O----------------O
O------OO-----------O-O--------------O--
------OO-O-----------O---------------OO-
---OO-OO-OO------OOO--------------------
-O----OOOOO-----O---OO-----------------O
OOO-------O------OOOOO-----------------O
O--O---OOO-OO------O--O----------------O
------OO-OOO-O------O--OO---------------
-----------O-O-----O--O--O--------------
----------------------------------------
--------------------OOO-O---------------
---------------------O--O---------------
----------------------OO----------------
----------------------------------------
----------------------------------------
----------------------------------------
-----------------------------------OOO--
----------------------O------------O--OO

Life - generation  639 

\u001b[H
----------------------OO---------------O
O---------------------OO---------------O
O------------------OO-OO---------------O
O-----OOO-----------O-O--------------O--
-----O---OO-------OOOO---------------OO-
-----------------OOO-O----------------O-
-O-O-OO----O----O----O-----------------O
--O---O----------OO---O---------------O-
--O---OO----O---------OO---------------O
------OO-O---O-----OOOOOO---------------
-----------O-----------OO---------------
--------------------O-OO----------------
--------------------OOOO----------------
--------------------O---O---------------
----------------------OO----------------
----------------------------------------
----------------------------------------
------------------------------------O---
-----------------------------------OOOO-
-----------------------------------O-OOO

Life - generation  640 

\u001b[H
----------------------OO----------------
------------------------O-------------O-
-O-----O-----------OO-----------------O-
O-----OOOO--------O---OO-------------O--
------OOOO-------O----O--------------OOO
----OOO---O------O---OO--------------OOO
--O--OO---------O--OOOO---------------OO
OOOO-------------O---OOO--------------OO
-----O--O---------OOO---O---------------
------OOO---O-------OO------------------
-------------------O--------------------
--------------------O-------------------
-------------------OO---O---------------
--------------------O---O---------------
-----------------------O----------------
----------------------------------------
----------------------------------------
-----------------------------------OO---
-----------------------------------O---O
-----------------------------------O---O

Life - generation  641 

\u001b[H
-----------------------O----------------
-----------------------O----------------
------OO-----------O---O-------------OOO
O--------O--------OO-OOO-------------O--
O---------O------OO-----------------O---
O---O---OO------OOO----O----------------
--O---O---------OOO---------------------
OOOOOOO----------O-----O--------------O-
OOO---O-O---------OO---O---------------O
------OOO---------O--O------------------
-------O-----------O-O------------------
--------------------O-------------------
-------------------OOO------------------
-------------------OO--OO---------------
----------------------------------------
----------------------------------------
----------------------------------------
-----------------------------------OO---
----------------------------------OO----
----------------------------------------

Life - generation  642 

\u001b[H
----------------------------------------
----------------------OOO-------------O-
------------------OOO--OO------------OOO
O----------------O-OO-OO------------OO--
OO------O-O-----O------O---------------O
-O-------O---------O--------------------
O-O---OO-------------------------------O
----O-O---------O--O--------------------
----O---O--------OOO--O----------------O
OO----O-O---------O---O-----------------
------OOO----------O-O------------------
----------------------------------------
---------------------O------------------
-------------------O-O------------------
----------------------------------------
----------------------------------------
----------------------------------------
----------------------------------OOO---
----------------------------------OOO---
----------------------------------------

Life - generation  643 

\u001b[H
-----------------------O----------------
-------------------O--O-O------------OOO
------------------O-O---------------O--O
-O---------------O--OOO-------------OO--
-O-------O--------OOO-OO---------------O
--O----OOO------------------------------
OO---OOO--------------------------------
O--O--O----------O-O-------------------O
O----------------O-O--------------------
O----OO-OO-------O--OOO-----------------
------O-O-------------------------------
-------O------------O-------------------
--------------------O-------------------
--------------------O-------------------
----------------------------------------
----------------------------------------
-----------------------------------O----
----------------------------------O-O---
----------------------------------O-O---
-----------------------------------O----

Life - generation  644 

\u001b[H
-----------------------O--------------O-
-------------------O---O-------------OOO
O-----------------O-O-OO------------O--O
-----------------O----OO------------OOO-
OOO------O--------OOO-OO----------------
--O----O-O---------O--------------------
OOO--O---------------------------------O
-----OOO-------------------------------O
OO---OOO--------OO-O-O------------------
-----OO-OO--------O-OO------------------
-----OO-OO----------O-------------------
-------O--------------------------------
-------------------OOO------------------
----------------------------------------
----------------------------------------
----------------------------------------
-----------------------------------O----
----------------------------------O-O---
----------------------------------O-O---
-----------------------------------O----

Life - generation  645 

\u001b[H
-------------------------------------OOO
O------------------O---OO------------O--
O-----------------OO-O--O-----------O---
-----------------O--O---O-----------OOO-
-OO-----O---------OOOOOO-------------O--
---O----O---------OOO------------------O
OOO--O-OO------------------------------O
--O-O--O-------------------------------O
O---O------------OOO-O------------------
----O----O-------OO--O------------------
-----O---O---------OOO------------------
------OOO----------O-O------------------
--------------------O-------------------
--------------------O-------------------
----------------------------------------
----------------------------------------
-----------------------------------O----
----------------------------------O-O---
----------------------------------O-O---
-----------------------------------O----

Life - generation  646 

\u001b[H
------------------------------------OOOO
O-----------------OOO--OO-----------OO--
------------------OO----OO----------O-OO
-O---------------O------O-----------O-O-
--O--------------O----OO------------OO--
---O----OO--------O---O---------------OO
-OO-O-OOO----------O------------------OO
--O-OOOOO---------O--------------------O
----OO-----------O-OO-------------------
----OO-----------O---OO-----------------
-----OOO-O---------O-OO-----------------
------OOO----------O-O------------------
-------O-----------OOO------------------
----------------------------------------
----------------------------------------
----------------------------------------
-----------------------------------O----
----------------------------------O-O---
----------------------------------O-O---
-----------------------------------OOOO-

Life - generation  647 

\u001b[H
-------------------O-------------------O
O-----------------O-O--OOO---------O----
O----------------O--O----O---------OO-OO
-----------------O------OO---------OO-OO
--O--------------OO---OO------------O--O
OO-O----OO--------O---OO---------------O
-OO-O-------------OO--------------------
OOO-----O---------O-O-----------------OO
-------O---------O-OOO------------------
-------------------O--O-----------------
----O-------------O---------------------
-----O------------OO--------------------
------OOO----------O-O------------------
--------------------O-------------------
----------------------------------------
----------------------------------------
-----------------------------------O----
----------------------------------O-O---
----------------------------------O-----
---------------------------------------O

Life - generation  648 

\u001b[H
O------------------O----O--------------O
O-----------------O-O---OO---------OO-O-
O----------------OOO---O--O-------O---O-
----------------OO-----OOO--------------
-OO--------------OO---O------------OOO--
---O------------------OO---------------O
--------OO-------OO-------------------O-
O-OO-------------O---O-----------------O
OO-------------------O-----------------O
-------------------O-O------------------
------------------O---------------------
-----OOO----------OOO-------------------
------OO----------OO--------------------
-------O------------O-------------------
----------------------------------------
----------------------------------------
-----------------------------------O----
----------------------------------O-----
-----------------------------------O----
----------------------------------------

Life - generation  649 

\u001b[H
O------------------O----OO-------------O
OO---------------O--O--OOO---------O-OO-
----------------O--O---O--O--------O-O--
-O--------------O--O--OOOO---------OOO--
--O-------------OOO---O-------------O---
--O-------------------OO------------OOO-
O-OO-------------OO---O---------------O-
--O--------------OO-------------------O-
-OO------------------OO----------------O
O-------------------O-------------------
------O-----------O---------------------
-----O-O---------O--O-------------------
-----O--O---------O---------------------
------OO-----------O--------------------
----------------------------------------
----------------------------------------
----------------------------------------
----------------------------------OO----
----------------------------------------
----------------------------------------

Life - generation  650 

\u001b[H
OO---------------------O-O------------OO
OO----------------OOO--O--O----------OO-
OO--------------OOOOO-----O-------OO----
---------------OO--O--O-OO---------O-O--
-OO-------------OOO--O----------------O-
--O-------------O----OOO------------O-OO
--OO-------------OO---OO--------------O-
O----------------OO--OO---------------O-
OOO------------------O-----------------O
OO-------------------O------------------
------O------------O--------------------
-----O-O---------OOO--------------------
-----O--O---------OO--------------------
------OO--------------------------------
----------------------------------------
----------------------------------------
----------------------------------------
----------------------------------------
----------------------------------------
----------------------------------------

Life - generation  651 

\u001b[H
-O-----------------O----O------------OO-
--O-----------------O---OOO----------OO-
OO-------------OO----O-OO-O-------OO-OOO
O-O------------O-----O---O--------OOO---
-OO---------------O-OO--O-----------O-OO
----------------O----O-O--------------OO
-OOO------------O-O-------------------O-
O--O-------------OO--O-O--------------O-
--O-----------------OO------------------
--O-----------------O------------------O
------O------------OO-------------------
-----O-O---------O--O-------------------
-----O--O--------O-O--------------------
------OO--------------------------------
----------------------------------------
----------------------------------------
----------------------------------------
----------------------------------------
----------------------------------------
O--------------------------------------O

Life - generation  652 

\u001b[H
OO----------------------O------------O--
--O-----------------O-----O-------------
O-O------------OO---OOOO--O-------O-----
--O------------OO----O-O-O--------O-----
-OO-----------------OO--O-----------O-O-
---O---------------OOOO-----------------
OOOO------------O-O------------------OO-
---O-------------OOOOOO----------------O
-OOO---------------OOOO----------------O
----------------------------------------
------O------------OOO------------------
-----O-O------------O-------------------
-----O--O---------O---------------------
------OO--------------------------------
----------------------------------------
----------------------------------------
----------------------------------------
----------------------------------------
----------------------------------------
O-------------------------------------OO

Life - generation  653 

\u001b[H
OO------------------------------------O-
O-O-----------------O-OO-O--------------
--OO-----------OO---O--OOOO-------------
--OO-----------OO------O-O---------O----
-OOO---------------O---OO---------------
O--O---------------O--O---------------OO
OO-OO---------------------------------OO
----O------------O----O----------------O
O-OO------------------O-----------------
--O-------------------O-----------------
------O------------OOO------------------
-----O-O------------OO------------------
-----O--O-------------------------------
------OO--------------------------------
----------------------------------------
----------------------------------------
----------------------------------------
----------------------------------------
---------------------------------------O
OO------------------------------------OO

Life - generation  654 

\u001b[H
--O-----------------------------------O-
O-OO-----------------OOO-OO------------O
---------------OO----O----O-------------
----O----------OO-----O---O-------------
OO--O-----------------OOO--------------O
-----------------------O--------------O-
-OOOO-----------------------------------
----O---------------------------------O-
-OOO-----------------OOO----------------
-OOO----------------O-O-----------------
------O------------O--O-----------------
-----O-O-----------O-O------------------
-----O--O-------------------------------
------OO--------------------------------
----------------------------------------
----------------------------------------
----------------------------------------
----------------------------------------
--------------------------------------OO
-O------------------------------------O-

Life - generation  655 

\u001b[H
O-OO------------------O---------------O-
-OOO-----------------OO--OO------------O
---O-----------OO----O-O--OO------------
O--------------OO----OO--O--------------
O---------------------O-O--------------O
----O-----------------OOO--------------O
--OOO-----------------------------------
----O-----------------O-----------------
-O--O----------------OOO----------------
-O-O----------------O-------------------
--O---O------------O--O-----------------
-----O-O------------O-------------------
-----O--O-------------------------------
------OO--------------------------------
----------------------------------------
----------------------------------------
----------------------------------------
----------------------------------------
--------------------------------------OO
-------------------------------------OO-

Life - generation  656 

\u001b[H
O--O-----------------OO--------------OO-
OO--O----------------O-O-OOO-----------O
OO-O-----------OO---O--OO--O------------
O--------------OO----O--OOO------------O
O-----------------------OO-------------O
O---O-----------------O-O--------------O
----OO----------------O-----------------
--O-OO---------------OOO----------------
--OOO----------------OOO----------------
-O-O----------------O--O----------------
--O---O------------OOO------------------
-----O-O--------------------------------
-----O--O-------------------------------
------OO--------------------------------
----------------------------------------
----------------------------------------
----------------------------------------
----------------------------------------
-------------------------------------OOO
-------------------------------------O--

Life - generation  657 

\u001b[H
OO-------------------OO---O----------OO-
---OO---------------OO-O-OOO----------O-
--O------------OO---OO-O---O------------
---------------OO---------O-------------
-O------------------------O-----------O-
O---OO------------------OO-------------O
----------------------------------------
--O-------------------------------------
-O---O--------------O---O---------------
-O--O--------------O---O----------------
--O---O------------OOO------------------
-----O-O------------O-------------------
-----O--O-------------------------------
------OO--------------------------------
----------------------------------------
----------------------------------------
----------------------------------------
--------------------------------------O-
-------------------------------------OO-
------------------------------------O---

Life - generation  658 

\u001b[H
--------------------OOO--OOO---------OOO
-OOO-------------------OOO-O---------OOO
---O-----------OO---OO--OO-O------------
---------------OO---------OO------------
O-------------------------O------------O
O------------------------O-------------O
----------------------------------------
----------------------------------------
-OO-------------------------------------
-OO--O-------------O-O------------------
-----OO------------O-O------------------
-----O-O-----------OOO------------------
-----O--O-------------------------------
------OO--------------------------------
----------------------------------------
----------------------------------------
----------------------------------------
-------------------------------------OO-
-------------------------------------OO-
------------------------------------O--O

Life - generation  659 

\u001b[H
--O------------------OOO-O-O--------O---
O-OO-------------------O---OO--------O-O
---O-----------OO------O---OO---------O-
---------------OO----------O------------
O------------------------OOO-----------O
O--------------------------------------O
----------------------------------------
----------------------------------------
-OO-------------------------------------
-OO--OO---------------------------------
----OO------------OO-OO-----------------
----OO-O-----------O-O------------------
-----O--O-----------O-------------------
------OO--------------------------------
----------------------------------------
----------------------------------------
----------------------------------------
-------------------------------------OO-
------------------------------------O--O
---------------------O----O---------O--O

Life - generation  660 

\u001b[H
OOOO-----------------O-OO--OO-------OOOO
-OOO-------------------O-------------OOO
--OO-----------OO---------O-----------OO
---------------OO----------------------O
O-------------------------OO-----------O
O-------------------------O------------O
----------------------------------------
----------------------------------------
-OO-------------------------------------
-OOOOOO---------------------------------
---O--------------OO-OO-----------------
------------------OO-OO-----------------
----OO--O-----------O-------------------
------OO--------------------------------
----------------------------------------
----------------------------------------
----------------------------------------
-------------------------------------OO-
------------------------------------O--O
---------------------O----O--------OOO--

Life - generation  661 

\u001b[H
---O-------------------OO--O-------O----
----O-----------------OOO--O--------O---
-O-O-----------OO--------------------O--
---------------OO---------OO------------
--------------------------OO----------O-
O-------------------------OO-----------O
----------------------------------------
----------------------------------------
-O--OO----------------------------------
-O--OO----------------------------------
---O-O------------OO-OO-----------------
----O-------------O---O-----------------
-----OOO-----------OOO------------------
-----OOO--------------------------------
----------------------------------------
----------------------------------------
----------------------------------------
-------------------------------------OO-
-----------------------------------O----
-OO-------------------O----O-------O----

Life - generation  662 

\u001b[H
--OO--------------------O-OOO------OO---
--OOO-----------------O-O-----------O---
---------------OO------O--OO------------
---------------OO---------OO------------
-------------------------O--O----------O
--------------------------OO-----------O
----------------------------------------
----------------------------------------
----OO----------------------------------
--OO--O---------------------------------
---O-O------------OO-OO-----------------
----O-------------O---O-----------------
----O--O-----------OOO------------------
-----O-O------------O-------------------
------O---------------------------------
----------------------------------------
----------------------------------------
----------------------------------------
------------------------------------O---
--O--------------------O----------OOO---

Life - generation  663 

\u001b[H
-O--O-------------------OO-O------O--O--
--O-O-------------------O---O------OO---
---O-----------OO------O-OOO------------
---------------OO--------O--O-----------
-------------------------O--O-----------
--------------------------OO------------
----------------------------------------
----------------------------------------
---OOO----------------------------------
--OO--O---------------------------------
--OO-O------------OO-OO-----------------
---OOO------------O---O-----------------
----OOO------------OOO------------------
-----O-O-----------OOO------------------
------O---------------------------------
----------------------------------------
----------------------------------------
----------------------------------------
------------------------------------O---
--OO-----------------------O------O--O--

Life - generation  664 

\u001b[H
-O--O-------------------OOOOO-----O--O--
--O-O------------------O----O------OO---
---O-----------OO--------OOOO-----------
---------------OO--------O--O-----------
-------------------------O--O-----------
--------------------------OO------------
----------------------------------------
----O-----------------------------------
--OOOO----------------------------------
------O---------------------------------
-----OO-----------OO-OO-----------------
--O---------------O---O-----------------
---O--------------O---O-----------------
----O--O-----------O-O------------------
------O-------------O-------------------
----------------------------------------
----------------------------------------
----------------------------------------
----------------------------------------
--OO----------------------O--------OOO--

Life - generation  665 

\u001b[H
-O--O-------------------OOO-O-----O--O--
--O-O------------------------O-----OO---
---O-----------OO-------OOO-OO----------
---------------OO-------OO--OO----------
-------------------------O--O-----------
--------------------------OO------------
----------------------------------------
----OO----------------------------------
---OOO----------------------------------
---O--O---------------------------------
-----OO-----------OO-OO-----------------
-----------------OO---OO----------------
---O--------------OO-OO-----------------
-------------------OOO------------------
--------------------O-------------------
----------------------------------------
----------------------------------------
----------------------------------------
------------------------------------O---
--OO----------------------O--------OOO--

Life - generation  666 

\u001b[H
-O--O--------------------OOO------O--O--
--O-O------------------------O-----OO---
---O-----------OO-------O-OO--O---------
---------------OO-----------------------
------------------------OO--OO----------
--------------------------OO------------
----------------------------------------
---O-O----------------------------------
---O--O---------------------------------
---O--O---------------------------------
-----OO----------OOO-OOO----------------
-----------------O-----O----------------
-----------------O-----O----------------
------------------O---O-----------------
-------------------OOO------------------
----------------------------------------
----------------------------------------
----------------------------------------
-----------------------------------OOO--
--OO----------------------OO-------O-O--

Life - generation  667 

\u001b[H
-O--O--------------------O-OO-----O--O--
--O-O-----------------------O------OO---
---O-----------OO-----------------------
---------------OO-------O-OOOO----------
-------------------------OOOO-----------
-------------------------OOOO-----------
----------------------------------------
----O-----------------------------------
--OO-OO---------------------------------
----O-OO----------O---O-----------------
-----OO----------OO---OO----------------
----------------OO-----OO---------------
-----------------OO---OO----------------
------------------OOOOO-----------------
-------------------OOO------------------
--------------------O-------------------
----------------------------------------
------------------------------------O---
-----------------------------------O-O--
--OO---------------------O-O------OO-OO-

Life - generation  668 

\u001b[H
-O--O----------------------OO-----O--OO-
--O-O----------------------OO------OO---
---O-----------OO------------O----------
---------------OO------------O----------
------------------------O---------------
-------------------------O--O-----------
--------------------------OO------------
---OOO----------------------------------
---O--OO--------------------------------
---OO--O---------OO---OO----------------
-----OOO--------O-O---O-O---------------
----------------O-------O---------------
----------------O---O---O---------------
-----------------O-----O----------------
------------------O---O-----------------
-------------------OOO------------------
----------------------------------------
------------------------------------O---
----------------------------------OO-OO-
--OO-----------------------OO-----OO-OO-

Life - generation  669 

\u001b[H
-O--O---------------------O--O----O---O-
--O-O----------------------O-O-----OOO--
---O-----------OO------------O----------
---------------OO-----------------------
----------------------------------------
-------------------------OOO------------
----O---------------------OO------------
---OOOO---------------------------------
--O---OO--------------------------------
---OO---O--------OO---OO----------------
----OOOO--------O-O---O-O---------------
------O--------OO-------OO--------------
----------------OO-----OO---------------
-----------------O-----O----------------
------------------OOOOO-----------------
-------------------OOO------------------
--------------------O-------------------
-----------------------------------OOO--
----------------------------------O---O-
--OO-----------------------OO----O-----O

Life - generation  670 

\u001b[H
-O--O---------------------O--O----OOOOO-
--O-O------------------------OO----OOO--
---O-----------OO-----------O-------O---
---------------OO-----------------------
--------------------------O-------------
-------------------------O-O------------
---OO--------------------O-O------------
---OO-OO--------------------------------
--O---OO--------------------------------
---OO---O--------OO---OO----------------
---OO-OO-------OO-O---O-OO--------------
------OO-------O---------O--------------
---------------O-O-----O-O--------------
----------------OO-OOO-OO---------------
------------------O---O-----------------
------------------O---O-----------------
-------------------OOO--------------O---
-----------------------------------OOO--
----------------------------------OOOOO-
--OO-----------------------OO----OO---OO

Life - generation  671 

\u001b[H
-O--O----------------------O-OO--O-----O
--O-O-----------------------OOO---O---O-
---O-----------OO------------O-----OOO--
---------------OO-----------------------
--------------------------O-------------
-------------------------O-O------------
---OOO----------------------------------
--O-O-OO--------------------------------
--O---O-O-------------------------------
--O-O---O-------OOO---OOO---------------
---OO-O-O------OO-O---O-OO--------------
-----OOO------OO-O-----O-OO-------------
---------------O-OO-O-OO-O--------------
----------------OO-OOO-OO---------------
------------------O-O-O-----------------
------------------O-O-O-----------------
-------------------OOO-------------OOO--
--------------------O-------------O---O-
---------------------------------O-----O
--OO-----------------------OO----O-----O

Life - generation  672 

\u001b[H
OO--O----------------------O--O--OO---OO
--O-O-----------------------------OOOOO-
---O-----------OO-----------OOO----OOO--
---------------OO-------------------O---
--------------------------O-------------
----O---------------------O-------------
---OOOO---------------------------------
--O-O-OO--------------------------------
-OO---O-O--------O-----O----------------
--O-O---OO-----OO-O---O-OO--------------
---OO-O-O-----O---O---O---O-------------
----OOOO------O----O-O----O-------------
------O-------OO----O----OO-------------
----------------O-------O---------------
------------------O---O-----------------
------------------O---O-------------O---
-----------------------------------OOO--
-------------------OOO------------OOOOO-
---------------------------------OO---OO
--OO-----------------------OOO--OOO---OO

Life - generation  673 

\u001b[H
OO--O----------------------O-O--O---O---
OOO-O-----------------------O-O--O------
---O-----------OO------------O----O---O-
---------------OO------------O-----OOO--
----------------------------------------
---OO-----------------------------------
------OO--------------------------------
-OO-O-----------------------------------
-OO---O-OO------OO-----OO---------------
-OO-O---OO-----OO-O---O-OO--------------
------O-OO----O--OOO-OOO--O-------------
---OO--------OO----OOO----OO------------
------OO------OO----O----OO-------------
---------------O---------O--------------
-----------------O-----O----------------
-----------------------------------OOO--
-------------------OOO------------O---O-
--------------------O------------O-----O
--------------------O-------O---O---O---
-OOO-----------------------OOO--O--O-O--

Life - generation  674 

\u001b[H
----O----------------------O--OOOO--O---
O-O-O-----------------------O-O--O-----O
-OOO-----------OO-----------OOO---OOOO--
---------------OO------------------OOO--
------------------------------------O---
----------------------------------------
--O-OO----------------------------------
-OOO-OO-O-------------------------------
O----O-OOO-----OOO-----OOO--------------
-OOO-O----O----O---O-O---O--------------
--O-OO-OOO---OO-OO-----OO-OO------------
-----OO-O----O-------------O------------
-------------O-O---OOO---O-O------------
--------------OOO-------OOO-------------
------------------------------------O---
--------------------O--------------OOO--
-------------------OOO------------OOOOO-
---------------------------------O------
--O------------------------OOO--OO--O---
OOOO-----------------------O-O-OOO-O-O--

Life - generation  675 

\u001b[H
----O----------------------O--------O--O
O-O-O----------------------OO----O---O--
OOOO-----------OO-----------O-O---O--OO-
--O------------OO------------O----O-----
-----------------------------------OOO--
----------------------------------------
-OO-OOO---------------------------------
-OOO----OO------O-------O---------------
O----O-OOO-----OO-------OO--------------
-OOO-O----O-------O---O-----------------
-OO----OOO---OOOO-------OOOO------------
----OOO-OO--OO-OO---O---OO-OO-----------
-------------O-OO---O---OO-O------------
--------------OOO---O---OOO-------------
---------------O---------O---------OOO--
-------------------OOO------------O---O-
-------------------OOO------------O---O-
--------------------O-------O---OO------
--OO-----------------------O-OOO----O---
-OOO----------------------OO-O-----O-O--

Life - generation  676 

\u001b[H
O---O-------------------------------OOO-
O-O-O----------------------OOO------OO--
O--------------OO----------OO----OO--OOO
--OO-----------OO------------O----O---O-
-----------------------------------OO---
-----O------------------------------O---
-O--OO----------------------------------
O--O-----O-----OO-------OO--------------
O-----OO--O----OOO-----OOO--------------
O--OO-----O------O-----O----------------
-O-----O--O-OO--OO-----OO--OO-----------
-----OO--O--O----O-----O----O-----------
-----O------OO---O-OOO-O---OO-----------
------------------------------------O---
--------------OOO--O-O--OOO--------OOO--
-------------------O-O------------O-O-O-
----------------------------------O-----
-------------------OOO------OOOOOO------
-O-O----------------------OO-OOOO---O---
-O--O---------------------OO-O-----O-O--

Life - generation  677 

\u001b[H
O---OO--------------------O--O-----O--OO
O--O-----------------------O-O-----O----
O-O------------OO----------O-----OOOO---
---------------OO-----------O----OO-O-O-
-----------------------------------OOO--
----OO-----------------------------OO---
----OO----------------------------------
OO--OOO--------O-O-----O-O--------------
OO-OO----OO----O-O-----O-O-------------O
OO----OO-OO----O--O---O--O--------------
----OOO--OO-OO--OOO---OOO--OO-----------
-----OO----------O--O--O-----O----------
-----OO-----OO----O-O-O----OO-----------
-------------OOOO-OO-OO-OOOO-------OOO--
---------------O---------O--------------
---------------O---------O--------O-O---
-------------------O-O-------OOOO-OO----
--------------------O------OO----O------
--O-----------------O-----O------O--O---
OOOOO---------------------OO-O-O---O--O-

Life - generation  678 

\u001b[H
-----O--------------------O--O----OOO-O-
O--OO---------------------OO------------
-O-------------OO----------O-----O--OO-O
---------------OO----------------O------
----------------------------------------
----OO-----------------------------O-O--
---O------------------------------------
-OO---O--------------------------------O
---OO--OOOO---OO-OO---OO-OO------------O
-OOO--OO------OO--O---O--OO------------O
----O---OOOO----O-OO-OO-O---O-----------
-------O---O----O-------O----O----------
-----OO-----OO-OO-O-O-O-OO-OO-------O---
------------OO-OOOOOOOOOOO-OO-------O---
-------------------------------------O--
------------------------------OO-OO-----
--------------------O-------OOOOO-OO----
-------------------OOO-----OOOOO-O-O----
--O-----------------------O-----O-O-----
O-O-OO-------------------OOOO-O---OOOOO-

Life - generation  679 

\u001b[H
-O---O-----------------------O----O---O-
O---O---------------------OOO-----O---OO
O--------------OO---------OO------------
---------------OO-----------------------
----------------------------------------
----O-----------------------------------
--OOOO----------------------------------
O-O-O--OOO------------------------------
----OO--OO----OOOOO---OOOOO-----------OO
O-O--OO----O--O-----------OO------------
--OO--O-OOOO----O-OO-OO-O---------------
-----OOOOO-O----O-O-O-O-O--O-O----------
------O----O-O----O-O-O----O-O----------
------------OO-O--O-O-O--O-OO-------OO--
----------------OOOOOOOOO---------------
---------------------------------OOO----
-------------------OOO-----O-------O----
-------------------OOO-----O-------O----
-O-O----------------O----O------O----O--
-O-OOO-------------------O--OO--------OO

Life - generation  680 

\u001b[H
-OOO-O--------------------O--O-------O--
OO------------------------O-O---------O-
O--------------OO---------O-O-----------
---------------OO-----------------------
----------------------------------------
----OO----------------------------------
-OO--O--O-------------------------------
-OO---OO-O-----OOO-----OOO-------------O
O---O----OO---OOOO-----OOOOO-----------O
-OO---O----O--O----O-O----OO-----------O
-OOOO------OO--O--OOOOO--OOOO-----------
-----O-----O------O-O-O-----------------
-----OO-O-OO-OO---O-O-O----O-O----------
------------OOO-O-------O-OOO-----------
----------------OOO-O-OOO---------OOO---
-----------------O-----O----------OO----
-------------------O-O-------------OO---
--------------------------O---------O---
O--O---------------OOO----O-O---------O-
-O-O-O----------------------OO-------OOO

Life - generation  681 

\u001b[H
---O-------------------------O-------O--
O------------------------OO-OO---------O
OO-------------OO----------------------O
---------------OO-----------------------
----------------------------------------
----OO----------------------------------
OOOOOO-OO-------O-------O---------------
--OO-OOO-OO---O--O-----O---------------O
---O-OOOOOO---O--OO---OO---O----------OO
----OO-----OOOO--O-O-O-O---------------O
OO-OOO----OOO-----O---O--O--O-----------
--OO-OO------OO--OO---OO----------------
-----OO---OO--OO-O-----O--OO------------
-----------OO-O-O-O---O-OOOOO------O----
-------------O-OO-O---O-OO-O------O-O---
----------------OO-OOO-OO---------------
----------------------------------O-O---
-------------------O-O-----O-------OOO--
O-O-O---------------O-------OO--------O-
-O-O----------------O-------OO-------O-O

Life - generation  682 

\u001b[H
--O------------------------O--O--------O
-O--------------------------OO--------OO
-O-------------OO----------------------O
O--------------OO-----------------------
----------------------------------------
-OO--OO---------------------------------
OO-----OOO------------------------------
----------O----OOOO---OOO-------------OO
O-OO--------O-OOOO-----OO-------------OO
--O----OO-----O--O-O-O-OO-------------OO
OO--------O--------O-O--O---------------
-OOO---------OOOOOO---OOO-OO------------
----OOO---OO----------------O-----------
----------OOO-----O---O-----O------O----
------------OOO---O-O-O----OO------O----
---------------OOOOOOOOOOO--------------
------------------OO-OO-------------OO--
--------------------O-------O------OOO--
OOOO---------------OOO-----O-O--------OO
OO-OO-------------------------O------O-O

Life - generation  683 

\u001b[H
--OO------------------------O-O---------
-OO-------------------------OO--------OO
-O-------------OO---------------------OO
O--------------OO-----------------------
-O--------------------------------------
OOO---OOO-------------------------------
OOO---OOOO------OO-----O---------------O
--O-----OO----O---O---O-O-------------O-
OOOO---------OO----------O-----------O--
--OO---------OO--O-------O------------O-
O--O---------O-----O-O-----------------O
OOOOOO----OO--OOOOO---OOOO-O------------
--OOOO----O--OOOO-O---O-----O-----------
-----O----O--------O-O------OO----------
------------OOOOO---O---O--OO-----------
-------------OOOO-------O-----------O---
----------------O-------O----------O-O--
OOO---------------O---O-----O------O---O
---OO--------------OOO------OO----------
----O---------------O-------OOO---------

Life - generation  684 

\u001b[H
-OOO-----------------------O--O---------
-O-O------------------------OO--------OO
-OO------------OO---------------------O-
OO-------------OO----------------------O
--O----O--------------------------------
------O--O-----------------------------O
---O--O----------O-----O---------------O
---------O---OOO-O-----OO-------------O-
---------------O--------OO-----------OOO
----O-------O-------------------------O-
O-----------OO--------OO-OO------------O
O----O----OOO-----OO-OOOO--------------O
------O--OO--O----OO-OO-O--OOO----------
---O-O-----OO----O-OOO-------O----------
------------O---O---O------OOO----------
------------O----O-----OOO----------O---
OO------------O-OO-----O-----------O----
OOOO---------------OOO------OO------O---
OOOOO--------------OOO-----O--O---------
--O-O--------------OOO-----O--O---------

Life - generation  685 

\u001b[H
OO--O---------------O------O--O---------
---O------------------------OO--------OO
---------------OO---------------------O-
O--------------OO----------------------O
-O-------------------------------------O
------OO--------------------------------
--------------O-O------OO-------------OO
--------------OO-------O-O-----------O--
-------------O-OO------OOO-----------O-O
O-----------OO---------O--O----------O--
O------------O-------O---O------------O-
O--------OO-------OO------OOO----------O
----OOO--O---O---O------O---OO----------
----------OOOO---O----O-------O---------
------------OO--OOOOOO--O---OO----------
-------------O-O-O-----OO---O-----------
O---------------OOO-O-OO-----------OO---
----O-------------OO-OO-----OO---------O
O---O-------------O---O----O--O---------
O---O--------------O-O----OOOOOO--------

Life - generation  686 

\u001b[H
OO-OO---------------O-----O----O--------
O---------------------------OO--------OO
O--------------OO---------------------O-
O--------------OO---------------------OO
---------------------------------------O
O-------------------------------------OO
--------------O--------OO-------------O-
-------------O--------O--O-----------O-O
------------OO-OO-----OO-OO---------OO--
O-----------OO--------OO--O----------O--
OO----------OO-----------O------------O-
O----O---OO-------O------OOOOO---------O
-----O---O---O---O----------OO----------
-----O----OO--O----OOO-O------O---------
-------------------OOOO-O---OO----------
------------OOOO--------O---OO----------
----------------O---O---O---OO----------
O-------------------O-------OO---------O
O--OOO------------O---O---O----O-------O
O--OOO-------------OOO----O----O-------O

Life - generation  687 

\u001b[H
-OOO-O-------------OOO-----O--O-------O-
--------------------------------------O-
-O-------------OO--------------------O--
O--------------OO---------------------O-
----------------------------------------
O-------------------------------------O-
O----------------------OO------------O--
------------OO-O------O--OO---------OO--
---------------------O---OO---------OO--
OO---------O----------OO--O---------OOOO
-O---------OOO----------OO--O---------O-
OO-------OO-OO-----------OOO-O---------O
----OOO--O-O------OOO-----O---O---------
----------O-------OO---O------O---------
-----------OO--O---O--O-O---O-O---------
-------------OOO---O----OO-O--O---------
-------------OOO-----------O--O---------
O---O--------------O-O-----OOOO--------O
-O-O-O---------------------O--O-------O-
-------------------OOO---OOO--OOO-------

Life - generation  688 

\u001b[H
--O----------------O-O-----O--O---------
-O------------------O----------------OO-
---------------OO--------------------OOO
---------------OO-----------------------
----------------------------------------
---------------------------------------O
-----------------------OOO----------OOOO
----------------------OO--O-----------O-
O-----------O--------O-OO--O-------O---O
OO---------O----------OO--OO--------O--O
--O----------O---------OO---O-----------
OO---O---O---O-----O----O--OOO---------O
O----O---O-OO-----O-O----OOO-OO---------
-----O----O-O----------O------OO--------
-----------OOO-O---OO---OO----OO--------
----------------O------OOOOOO-OO--------
-------------O-O----O------O--OO--------
O---O---------O-----------OO--OO-------O
O---O--------------O-O-----------------O
-O-O---------------O-O-----OOOO---------

Life - generation  689 

\u001b[H
-OO----------------O-O-----O--O---------
--------------------O----------------O-O
---------------OO--------------------O-O
---------------OO---------------------O-
----------------------------------------
------------------------O------------O-O
----------------------OOOO-----------O-O
O-------------------------O---------O---
-O-------------------O--OO-O----------O-
-O----------O------------OOOO----------O
--O---------O---------O-OOO--O----------
OO--------O--O-----O---OO-----O--------O
OO--OOO--O-OOO-----O----OOOO---O-------O
----------O---------O-------------------
-----------OOO-------------O----O-------
-------------O-OO--OO--O---OO---O-------
--------------OO--------O-------O-------
O-------------O-----O-----OO--OO-------O
-O-OO---------------------O----O-------O
OOOO--------------OO-OO----OOOO---------

Life - generation  690 

\u001b[H
---O--------------OO-OO----O--O---------
O-------------------O-------------------
---------------OO--------------------O-O
---------------OO---------------------O-
--------------------------------------O-
------------------------OO--------------
O----------------------OOO----------OO-O
O---------------------O---O----------OOO
-O----------------------O---O----------O
OOO--------------------O----O-----------
--O--------OOO--------------OO---------O
--O--O----O--O-------------O--O--------O
-O---O---O-OOO-----OO--OOOO------------O
O----O----O--------------O-O------------
-----------OOOO----OO------OO-----------
-------------O-OO----------OO--OOO------
-------------O--O--OO-----O-O---O-------
O-------------OO---------OOO--OOO------O
---OO--------------OOO----O----O-------O
----O-------------OO-OO---OOOOOO--------

Life - generation  691 

\u001b[H
------------------O---O---OO--OO--------
-------------------OOO------------------
---------------OO---------------------OO
---------------OO--------------------OOO
----------------------------------------
-----------------------O-O-----------OOO
O----------------------O--O---------OO--
-O----------------------------------OO--
--O--------------------O---O------------
--O---------O--------------OO----------O
--OO-------OOO-------------OOO---------O
-OO-------O---O---------OOOOOO--------OO
-O--OOO--O-OOO----------OO-O-----------O
O---------O---O----------O-OO-----------
-----------OOOOO----------------O-------
---------------OO---------O--O-OOO------
-------------O--O--------O--OOO---------
O-------------OO-----O---O----O-O------O
O--OO-------------OO-OO----------------O
----O---------------------O-OO-O--------

Life - generation  692 

\u001b[H
-------------------OOO----OOOOOO--------
-------------------OOO------------------
---------------OO---O----------------O-O
---------------OO--------------------O-O
----------------------------------------
------------------------O-----------OOOO
O-----------------------O--------------O
-O----------------------------------OO--
-OO------------------------OO-----------
-OO--------OOO------------O--O----------
---O-------OOO-----------O-------------O
-O--OO----O---O---------O----O--------OO
-OO--O---O-OOOO--------------O--------OO
O----O----O----O--------OO-OO-----------
-----------OOO--O---------OOO--OOO------
----------------O-----------OO-OOO------
----------------O--------OO-O----O------
O-------------OO----OOO-------OO-------O
O--OO---------------OOO------OOO-------O
---OO-------------OO-OO---O-OO-O--------

Life - generation  693 

\u001b[H
--------------------------O----O--------
---------------------------OOOO---------
---------------OO--OOO------------------
---------------OO-----------------------
------------------------------------O--O
O------------------------------------OOO
O--------------------------------------O
-OO-------------------------------------
O-----------O--------------OO-----------
OO-O-------O-O------------OOO-----------
-O-OO-----O---O----------O------------OO
-O-OOO----O---O-------------------------
-OO--OO--O-OOOOO--------OO---O--------O-
OO--------O----O---------O---O--O------O
-----------OO--OO--------OO---OO-O------
------------O--OOO-------O---OOO--O-----
----------------O----O-----OO----O------
O--------------O----O-O--------OO------O
O--OO------------------O----O---O------O
---OO-------------O-------O-----O-------

Life - generation  694 

\u001b[H
--------------------------O-OOOO--------
--------------------O------OOOO---------
---------------OO---O-------OO----------
---------------OO---O-------------------
O------------------------------------O-O
-------------------------------------O--
----------------------------------------
-O-------------------------------------O
O-----------O-------------O-O-----------
-O-OO------OOO------------O-O-----------
-O---O----OO-OO-----------OO-----------O
-O----O--OO-O-----------OO------------OO
---O-OO--O-OOO-O--------OO-------------O
OOO-------O------------------O-OO------O
O----------OO-O--O------OOO------O------
-----------OO----O-------O-OOO-O-OO-----
-----------------O---O------OO---O------
O--------------------OO----OO--OOO-----O
O--OO---------------------------OO-----O
---OO----------------------O---OO-------

Life - generation  695 

\u001b[H
--------------------------O-----O-------
-------------------------------O--------
---------------OO--OOO-----O--O---------
---------------OO-----------------------
--------------------------------------O-
--------------------------------------O-
----------------------------------------
O---------------------------------------
OOO--------OOO--------------------------
-OO-O-----O---O----------OO-O-----------
-O--OO---O----O-----------OO----------OO
--O-O-O--O--------------O-------------OO
-----OO--O--OO----------OO--------------
-OO-------O---O-----------O-----O------O
O---------O-OO----------OOOO-O-O-OO----O
-----------OOO--OOO-----OO-O-OO--OO-----
---------------------OO---O----O--------
O--------------------OO----OOO-O--O----O
O--OO----------------------OO----------O
---OO----------------------OOO---O------

Life - generation  696 

\u001b[H
---------------------------OO---O-------
--------------------O----------O--------
---------------OO---O-------------------
---------------OO---O-------------------
----------------------------------------
----------------------------------------
----------------------------------------
O-----------O---------------------------
O-OO-------OOO--------------------------
----OO----OOO-O----------OO------------O
-O--O----OO---------------OO----------OO
O--OO-O-OOO--O----------O-O-----------OO
OOOO-OO--OO--O----------OO------------OO
-O-------OO---O------------O----OO-----O
OO--------O---O--O------O--O-O-O--O----O
-----------O-O---O-----OO--O-O-O-OO-----
------------O----O---OOO-OO----OOOO-----
O--------------------OO---O--OO--------O
O--OO---------------------O---O--------O
---OO---------------------O--O----------

Life - generation  697 

\u001b[H
---------------------------OO-----------
----------------------------------------
---------------OO--OOO------------------
---------------OO-----------------------
----------------------------------------
----------------------------------------
----------------------------------------
-O---------OOO--------------------------
OO-OO-----O----------------------------O
-OO-OO---O---------------OOO----------OO
--------O---OO-------------O------------
------OOO--O------------O-OO---------O--
---O-OOO---O-OO---------OOO-------------
-----------O-OO---------OOO-O---OO------
-O-------OOO-OO--------OO-OO---O--O----O
O----------OOO--OOO--------O---O---O----
------------O--------O---OOOOO-O--O-----
O--------------------O-O--OO-OO-OO-----O
O--OO--------------------OOO--O--------O
---OO---------------------O-OO----------

Life - generation  698 

\u001b[H
---------------------------OOO----------
--------------------O-------------------
---------------OO---O-------------------
---------------OO---O-------------------
----------------------------------------
----------------------------------------
------------O---------------------------
-OO--------OO---------------------------
---OOO----OOO-------------O-----------OO
-OO-OO---O----------------OO----------OO
-----OO-OO--O---------------O---------O-
-----O--O--O--O---------O--O------------
-----O--O-OO-OO--------O----------------
------O----O---O----------------OO------
O--------------O-O-----OO---O--O-OO-----
O-------------O--O------O------OO-OO----
O----------OOO---O----O--O---O-O-OO----O
O---------------------O-O-------OO-----O
O--OO--------------------O----OO-------O
---OO--------------------O---O----------

Life - generation  699 

\u001b[H
----------------------------OO----------
----------------------------O-----------
---------------OO--OOO------------------
---------------OO-----------------------
----------------------------------------
----------------------------------------
-----------OO---------------------------
--OOO-----O--O--------------------------
-----O----O-O-------------OO----------OO
O-O-----OO--O-------------OO---------O--
------OOOOO---------------O-O---------OO
----OO--O--O--O-------------------------
-----OOO-OOO-OOO------------------------
----------OOO--OO------OO-------OOO-----
--------------OO-------OO------O---O----
OO----------OOO--OO-----OO-----O---O----
-O----------OO----------OO----OO---O----
-O----------O----------OOO-------OO---O-
O--OO-------------------OO----OOO------O
---OO---------------------O--O----------

Life - generation  700 

\u001b[H
---------------------------OOO----------
--------------------O-------OO----------
---------------OO---O-------------------
---------------OO---O-------------------
----------------------------------------
----------------------------------------
---O-------OO---------------------------
---OO-----O--O--------------------------
-OO-O-----O-OO------------OO----------OO
O-----O------------------O--O--------O--
-----OO---OO--------------O-----------OO
----O------OOOOO------------------------
----OOOOOO---O--O----------------O------
------O--O--O---O------OO-------OOO-----
-----------------O-------------O-O-O----
OO----------O--O---------------OO-OOO---
-OO--------O--O-----------O---OOO--O----
-OO---------OO---------O--O------OO----O
O-OOO------------------O--O---OOOO-----O
---OO--------------------O--OO-O--------

Life - generation  701 

\u001b[H
---------------------------O------------
---------------------------O-O----------
---------------OO--OOO------------------
---------------OO-----------------------
----------------------------------------
----------------------------------------
---OO------OO---------------------------
----O-----O--O--------------------------
OOO-OO-----OOO------------OO----------OO
OO----O---O-O------------O-----------O--
-----OO---OO-OO-----------------------OO
----O---OO-O-OOO------------------------
----O-OOOOOO----O---------------OOO-----
------O--O------OO----------------------
----------------O--------------O----O---
OOO---------------------------------O---
-----------O--O---------------O-----O---
------------OO-----------OOO------O----O
O---O-------------------OOOO-OOO-OO----O
--O-O---------------------O----O--------

Life - generation  702 

\u001b[H
--------------------------OOO-----------
--------------------O-------O-----------
---------------OO---O-------------------
---------------OO---O-------------------
----------------------------------------
----------------------------------------
---OO------OO---------------------------
OOO-------O--O-------------------------O
--OOOO----O--O------------O-----------OO
--O-O-O---O---O-----------O----------O--
O----OOO-------O----------------------OO
----O--------O-O-----------------O------
------O----OO-O-OO---------------O------
-----OO--O-----OOO--------------OO------
-O--------------OO----------------------
-O---------------------------------OOO--
OO----------OO------------O--------O----
O-----------OO----------O--OOO-O-OOO---O
O--O--------------------O---O-OOOOO----O
---O------------------------O--OO-------

Life - generation  703 

\u001b[H
----------------------------OO----------
----------------------------O-----------
---------------OO--OOO------------------
---------------OO-----------------------
----------------------------------------
----------------------------------------
OOOO-------OO---------------------------
OO---O----O--O------------------------OO
----OO---OOO-OO-----------------------OO
OOO----O------O----------------------O--
---OO-OO-------O----------------------OO
-------O----OO-O-----------------------O
------O-----OOO--O---------------OO-----
-----OO-----------O-------------OO------
---------------O-O------------------O---
-OO--------------------------------OO---
-O----------OO-------------OO----------O
------------OO-----------O-OOO-O---O----
O----------------------------------O---O
----------------------------O-O---------

Life - generation  704 

\u001b[H
---------------------------OO-----------
--------------------O-------OO----------
---------------OO---O-------------------
---------------OO---O-------------------
----------------------------------------
-OO-------------------------------------
--O--------OO---------------------------
---O-O---O---OO-----------------------O-
--O-OOO--OOOOOO----------------------O--
OOO----OO-O--OOO---------------------O--
-OOO--OOO----O-O----------------------OO
-----O-O----O--OO---------------------OO
-----OOO----O-O-----------------OOO-----
-----OO------OO-OOO-------------OOO-----
-----------------------------------OO---
OOO--------------------------------OO---
OOO---------OO------------OO-O-----OO---
------------OO------------OO-O---------O
---------------------------O--O---------
----------------------------O-----------

Life - generation  705 

\u001b[H
---------------------------O------------
---------------------------OOO----------
---------------OO--OOO------------------
---------------OO-----------------------
----------------------------------------
-OO-------------------------------------
-OOO--------OO--------------------------
--OO-OO--O----O-------------------------
--O-OOOO---O-------------------------OO-
O---O-----O----O---------------------O-O
---O-----O--OO-----------------------O--
O-O-OO------O--OO----------------O----OO
----O--O----O-O-----------------O-O-----
-----O-O-----OOO-O--------------O-------
-O---------------O---------------O--O---
O-O-------------------------------O--O--
--O---------OO------------OO-------OO--O
OO----------OO---------------OO---------
--------------------------OO-O----------
----------------------------OO----------

Life - generation  706 

\u001b[H
---------------------------O------------
--------------------O------OO-----------
---------------OO---O-------O-----------
---------------OO---O-------------------
----------------------------------------
-O-O------------------------------------
----O--------O--------------------------
-------O----OO--------------------------
-OO----O--O--------------------------OOO
----O-O---OOO-----------------------OO-O
-O-O-O-----OOOOOO--------------------O--
----OO-----OO-OO-----------------O----OO
---OO-------O-------------------O------O
------O------OOOO---------------O-------
-O------------O-O----------------O------
O-O-------------------------------O--O--
--O---------OO---------------------OO--O
OO----------OO---------------OO---------
---------------------------O------------
--------------------------O--O----------

Life - generation  707 

\u001b[H
--------------------------OO------------
---------------------------OO-----------
---------------OO--OOO-----OO-----------
---------------OO-----------------------
----------------------------------------
----------------------------------------
------------OO--------------------------
------------OO------------------------O-
O-----OO--O--O----------------------OO-O
-O-OOOO---O---OO--------------------O--O
O--O--O---------O-------------------OO-O
O-O--O----------O---------------------OO
---OO------OO---O---------------OO----OO
-------------OO-O---------------OO------
-O-----------OO-O----------------O------
O-O----------O--------------------OOO---
--O---------OO---------------------OO--O
OO----------OO--------------------------
----------------------------OOO---------
--------------------------OOO-----------

Life - generation  708 

\u001b[H
----------------------------------------
--------------------O-------------------
---------------OO---O------OO-----------
---------------OO---O-------------------
----------------------------------------
----------------------------------------
------------OO--------------------------
-----------O--O----------------------OOO
O---O-OO---OOO----------------------OO-O
-OOOO---------OO-------------------O----
---O--O---------O-------------------OO--
-OO--O---------OOO----------------------
O--OO-------OO--OO--------------OO----O-
--------------O-OO----------------O-----
-O----------O-------------------OO-O----
O-O-------------------------------O-O---
--O-----------O-------------------O-O--O
OO----------OO---------------O----------
----------------------------OO----------
--------------------------O-------------

Life - generation  709 

\u001b[H
----------------------------------------
----------------------------------------
---------------OO--OOO------------------
---------------OO-----------------------
----------------------------------------
----------------------------------------
------------OO------------------------O-
O----------O--O---------------------OO-O
OOO-OO-----OOO-O--------------------OO-O
OOO-O-OO----OOOO-------------------O--O-
-----O--------O--O------------------O---
-OO--O---------O---------------------O--
-OOOO--------OO---O--------------O------
------------O--OOO----------------O-----
-O-------------------------------O-O----
O-O-------------------------------O-O---
--O----------O-------------------------O
OO-----------O--------------OO----------
----------------------------OO----------
----------------------------------------

Life - generation  710 

\u001b[H
----------------------------------------
--------------------O-------------------
---------------OO---O-------------------
---------------OO---O-------------------
----------------------------------------
----------------------------------------
------------OO-----------------------OOO
-----------O--O---------------------O---
--O-OOO----O---O-------------------O----
--O-O-O----O---OO------------------O--O-
O--OOO----------O-------------------OO--
-O---O-------O-O------------------------
-O-OO--------OO--O----------------------
-O-O---------OOOOO---------------OO-----
-O--------------O----------------O-O----
O-O-------------------------------OO----
--O------------------------------------O
OO--------------------------OO----------
----------------------------OO----------
----------------------------------------

Life - generation  711 

\u001b[H
----------------------------------------
----------------------------------------
---------------OO--OOO------------------
---------------OO-----------------------
----------------------------------------
--------------------------------------O-
------------OO-----------------------OO-
-----O-----O-OO---------------------OOO-
----O-O---OOO-OOO------------------OO---
-OO---O--------OO------------------O-O--
-OOO--O-------O-O-------------------OO--
OO---O-------O-OO-----------------------
OO-OO-------O----O----------------------
OO-OO--------O---O---------------OO-----
OO------------O-OO---------------O-O----
O-O-------------------------------OO----
--O------------------------------------O
OO--------------------------OO----------
----------------------------OO----------
----------------------------------------

Life - generation  712 

\u001b[H
----------------------------------------
--------------------O-------------------
---------------OO---O-------------------
---------------OO---O-------------------
----------------------------------------
-------------------------------------OO-
------------OOO---------------------O--O
-----O----O------------------------O--O-
------O---OOO---O------------------O--O-
-O----OO---O-O---O-----------------O-O--
---O-OO-------O--O------------------OO--
-----O-------OOOOO----------------------
---O-O------OOO--O---------------------O
---OO--------O---OO--------------OO----O
---O------------OO---------------O-O---O
O-O-------------------------------OO---O
--O------------------------------------O
OO--------------------------OO----------
----------------------------OO----------
----------------------------------------

Life - generation  713 

\u001b[H
----------------------------------------
----------------------------------------
---------------OO--OOO------------------
---------------OO-----------------------
----------------------------------------
-------------O-----------------------OO-
-------------O----------------------O--O
----------O------------------------OOOOO
-----OOO--O-O---------------------OO-OO-
-------O--OO-O--OO-----------------O-OO-
----OO-O----O----OO-----------------OO--
-----O------O----OO---------------------
---O-O------O---------------------------
O-OO--------OOO---O--------------OO---OO
--OOO-----------OOO--------------O-O--OO
OOOO------------------------------OO--OO
--O------------------------------------O
OO--------------------------OO----------
----------------------------OO----------
----------------------------------------

Life - generation  714 

\u001b[H
----------------------------------------
--------------------O-------------------
---------------OO---O-------------------
---------------OO---O-------------------
----------------------------------------
-------------------------------------OO-
-----------------------------------O---O
------O----O----------------------O----O
------OO-OO-O---------------------O-----
----O--OO-O--O--OOO---------------OO----
----OO------OO----------------------OOO-
-----O-----OOO---OO---------------------
--OO-------OO----OO--------------------O
OO----------OO----O--------------OO---O-
----O--------O---OO--------------O-O-O--
----O------------O----------------OO----
---O----------------------------------O-
OO--------------------------OO----------
----------------------------OO----------
----------------------------------------

Life - generation  715 

\u001b[H
----------------------------------------
----------------------------------------
---------------OO--OOO------------------
---------------OO-----------------------
----------------------------------------
--------------------------------------O-
---------------------------------------O
------OO--OO----------------------OO----
-----OO--OO-O----O---------------OO-----
----O--OO-O--O---O----------------OOOO--
----OOO-------O-O------------------OOO--
---O-O-----------OO------------------OO-
OOO----------------O-------------------O
OOOO-------O-O-----O-------------OO---OO
------------OO---OO--------------O-OO---
---OO------------OO---------------OOO---
----------------------------------------
----------------------------OO----------
----------------------------OO----------
----------------------------------------

Life - generation  716 

\u001b[H
----------------------------------------
--------------------O-------------------
---------------OO---O-------------------
---------------OO---O-------------------
----------------------------------------
----------------------------------------
----------------------------------------
-----OOO-OOO---------------------OOO----
-----O------O--------------------O------
----O--OO-OO-O--OO---------------O---O--
---O--OO--------O-O---------------O-----
OOOO-OO----------OO------------------OOO
----O--------------O-----------------O--
---O---------O-----O-------------OOO--O-
OO--O-------OO---O-O-------------O--OO-O
-----------------OO---------------O-O---
-----------------------------------O----
----------------------------OO----------
----------------------------OO----------
----------------------------------------

Life - generation  717 

\u001b[H
----------------------------------------
----------------------------------------
---------------OO--OOO------------------
---------------OO-----------------------
----------------------------------------
----------------------------------------
------O---O-----------------------O-----
-----OO---OO---------------------OO-----
----OO------O-------------------OO------
----OO-OO--OO---OO---------------OO-----
OO-O----O-------O-O------------------O-O
OOOO-OOO---------OOO-----------------OOO
OO--OO-------------O--------------O-OO--
O--OO-------OO-----OO------------OOO--OO
O-----------OO---O-O-------------O--OOOO
O----------------OO---------------O-OO--
-----------------------------------O----
----------------------------OO----------
----------------------------OO----------
----------------------------------------

Life - generation  718 

\u001b[H
----------------------------------------
--------------------O-------------------
---------------OO---O-------------------
---------------OO---O-------------------
----------------------------------------
----------------------------------------
-----OO---OO---------------------OO-----
----O-O---OO--------------------O-O-----
-------O--O-O-------------------O-------
O--O-OOOO--OO---OO--------------OOO-----
---O----O-------O--O-----------------O--
---O-OOO---------O-O--------------------
---------------------------------OO-O---
---OOO------OO-----OO------------O------
-O----------OO---O-OO------------O------
O----------------OO---------------O-----
-----------------------------------OO---
----------------------------OO----------
----------------------------OO----------
----------------------------------------

Life - generation  719 

\u001b[H
----------------------------------------
----------------------------------------
---------------OO--OOO------------------
---------------OO-----------------------
----------------------------------------
----------------------------------------
-----OO---OO---------------------OO-----
------OO-O--O-------------------O-O-----
----O---OOO-O------------------OO-O-----
----O-O-OO-OO---OO--------------OO------
--OO----O-------O----------------O------
----O-OO----------O---------------------
---O--------------OOO------------OO-----
----O-------OO----OOO-----------OO------
----O-------OO---O--O------------OO-----
-----------------OOO--------------OO----
-----------------------------------O----
----------------------------OO----------
----------------------------OO----------
----------------------------------------

Life - generation  720 

\u001b[H
----------------------------------------
--------------------O-------------------
---------------OO---O-------------------
---------------OO---O-------------------
----------------------------------------
----------------------------------------
-----OOO--OO---------------------OO-----
------OO----O------------------OO-OO----
------O-----OO-----------------O--O-----
----OO-----OO---OO-------------O--O-----
---OO-O-OO------O---------------OO------
--O-O--O---------OO--------------OO-----
---OOO-----------O--O-----------OOO-----
---OO-------OO---O---O----------O-------
------------OO---O--O-----------O--O----
-----------------OOO-------------O-O----
------------------O---------------OO----
----------------------------OO----------
----------------------------OO----------
----------------------------------------

Life - generation  721 

\u001b[H
----------------------------------------
----------------------------------------
---------------OO--OOO------------------
---------------OO-----------------------
----------------------------------------
------O---------------------------------
-----O-O---O--------------------OOOO----
------------OO-----------------OO--O----
------OO-----O----------------OO--O-----
---OO-OO---OOO--OO-------------O--O-----
------OOO-------O-O-------------O-------
--O---OOO-------OOO---------------------
--O--O----------OO--------------O-O-----
---O-O------OO--OOO-OO---------OO-O-----
------------OO--OO-OO-----------OOO-----
-----------------O-O-------------O-OO---
-----------------OOO--------------OO----
----------------------------OO----------
----------------------------OO----------
----------------------------------------

Life - generation  722 

\u001b[H
----------------------------------------
--------------------O-------------------
---------------OO---O-------------------
---------------OO---O-------------------
----------------------------------------
------O--------------------------OO-----
------O-----O------------------OOOOO----
-------O----OO----------------O----O----
-----OOO---O--O---------------O--OOO----
------------OO--OO------------OOOO------
---O--------O--O--O---------------------
-----O--O------O--O--------------O------
--OOOO-O-------O---O-----------OO-------
----O-------OO-O----OO---------O--OO----
------------OO-------O---------O--------
--------------------------------O---O---
-----------------O-O--------------OOO---
------------------O---------OO----------
----------------------------OO----------
----------------------------------------

Life - generation  723 

\u001b[H
----------------------------------------
----------------------------------------
---------------OO--OOO------------------
---------------OO-----------------------
----------------------------------------
-----------------------------------O----
------OO----OO-----------------OO--O----
-----O-O---OOO----------------O-----O---
------OO---O--O--------------OO--O-O----
------O----OOOOOOO------------OOOO------
------------OOOO--O------------O-O------
--O--OO-------OOO-OO------------O-------
---O-OO--------OO--OO----------OOOO-----
----OO------OO------OO--------OO--------
------------OOO-----OO---------OO--O----
------------------------------------O---
------------------O----------------OO---
------------------O---------OO-----O----
----------------------------OO----------
----------------------------------------

Life - generation  724 

\u001b[H
----------------------------------------
--------------------O-------------------
---------------OO---O-------------------
---------------OO---O-------------------
----------------------------------------
----------------------------------------
------OO---O-O-----------------O---OO---
-----O--O--O--O--------------OO-O-OOO---
-----O-O--O-----O------------O---OO-----
------OO---O----OO-----------O---O------
-----OO----O------OO----------O--O------
----OOO-----------O-O-------------O-----
---O---------O--OOO--O--------O--O------
----OOO-----O--O--------------O---O-----
------------O-O-----OO--------OOO-------
-------------O----------------------O---
-----------------------------------OO---
----------------------------OO-----OO---
----------------------------OO----------
----------------------------------------

Life - generation  725 

\u001b[H
----------------------------------------
----------------------------------------
---------------OO--OOO------------------
---------------OO-----------------------
----------------------------------------
----------------------------------------
------OO----O-----------------OO--O-O---
-----O--O-OOO----------------OOOO---O---
-----O-OO-OO---OOO----------OO--O-------
-------O--OO----OOO----------OO-OO------
----O-------------OO-------------OO-----
----O-O-------------O------------OO-----
---O------------OOOO-------------OO-----
----OO------O-OOOO--OO-------OO-OO------
-----O------O-O---------------OO--------
-------------O-----------------O---OO---
-------------------------------------O--
----------------------------OO-----OO---
----------------------------OO----------
----------------------------------------

Life - generation  726 

\u001b[H
----------------------------------------
--------------------O-------------------
---------------OO---O-------------------
---------------OO---O-------------------
----------------------------------------
----------------------------------------
------OO----O----------------O--O--O----
-----O--O-O-O---O-----------O---OO-O----
-------OO------O--O---------O-----------
------OOOOOO---O---O--------OOOOO-O-----
-----O------------OO--------------------
---OOO--------------O-----------O--O----
---O--------------OO-O------------------
----OO--------O----OO--------OO-OOO-----
----OO------O-O-O------------O----------
-------------O----------------OO----O---
-------------------------------------O--
----------------------------OO------O---
----------------------------OO----------
----------------------------------------

Life - generation  727 

\u001b[H
----------------------------------------
----------------------------------------
---------------OO--OOO------------------
---------------OO-----------------------
----------------------------------------
----------------------------------------
------OO---O--------------------OOO-----
--------OO-O----------------OO--OOO-----
---------------OO----------OO-O---O-----
------O--OO--------O--------OOOO--------
-----O-OOOO-------OOO--------OO-OO------
---O-O--------------O-------------------
---O--------------O--O---------OO-O-----
---O-O-------O-O--OOO--------OO--O------
----OO--------OO-------------O--OO------
-------------O----------------O---------
-----------------------------OO-----OO--
----------------------------OO----------
----------------------------OO----------
----------------------------------------

Life - generation  728 

\u001b[H
----------------------------------------
--------------------O-------------------
---------------OO---O-------------------
---------------OO---O-------------------
----------------------------------------
---------------------------------O------
-------OO-O---------------------O-O-----
-------OO-O----------------OOO-OO--O----
--------O------------------O----O-O-----
------OO--O-------OOO------O----OO------
----OO-OO-O-------O-O-------O---O-------
------O-OO--------O-OO--------O---------
--OO--------------O--O--------OOOO------
---O-O---------O--OOO--------OO---O-----
----OO-------O-O---O---------O-OOO------
--------------O---------------OO--------
----------------------------O-O---------
----------------------------------------
----------------------------OO----------
----------------------------------------

Life - generation  729 

\u001b[H
----------------------------------------
----------------------------------------
---------------OO--OOO------------------
---------------OO-----------------------
----------------------------------------
---------------------------------O------
-------OO-------------------O--OO-O-----
---------------------------OO--OO-OO----
------O-O----------O------OO------O-----
-----OO-----------O-O------OO--OO-------
-----O----O------OO------------OOO------
---OOOO-OO-------OO-OO-------OO--O------
--OOO------------OO--O----------OO------
--OO-O--------O---O-O--------O----O-----
----OO---------O--OOO--------O--OO------
--------------O-------------------------
-----------------------------OOO--------
----------------------------O-----------
----------------------------------------
----------------------------------------

Life - generation  730 

\u001b[H
----------------------------------------
--------------------O-------------------
---------------OO---O-------------------
---------------OO---O-------------------
----------------------------------------
--------------------------------OO------
---------------------------OO--O--OO----
--------O-----------------O-O--OO-OO----
-----OOO-----------O------O-------OO----
-----OOO---------OO-------OOO--O--------
-------O-O----------OO------OO---O------
--O---O--O------O---OO--------O---O-----
------O--------------O-------OO-OOO-----
--O--O--------------OO------------O-----
---OOO--------OO--O-O------------O------
-------------------O---------O-OO-------
-----------------------------OO---------
-----------------------------OO---------
----------------------------------------
----------------------------------------

Life - generation  731 

\u001b[H
----------------------------------------
----------------------------------------
---------------OO--OOO------------------
---------------OO-----------------------
----------------------------------------
--------------------------------OOO-----
---------------------------OO--O---O----
------OO------------------O-O--OO---O---
-----O--O---------O------OO-O--OOOOO----
-----O------------OOO-----O-OO----O-----
-----O-O---------O-OOO------OOO---------
------OOO-------------O-----O-OOO-O-----
-----OO---------------O------OOO--OO----
---O-OO------------OOO----------O-O-----
---OOO--------------OO----------OO------
----O--------------O---------O-OO-------
----------------------------O-----------
-----------------------------OO---------
----------------------------------------
----------------------------------------

Life - generation  732 

\u001b[H
----------------------------------------
--------------------O-------------------
---------------OO---O-------------------
---------------OO---O-------------------
---------------------------------O------
--------------------------------OOO-----
---------------------------OO--O--OO----
------OO-----------------OO-OOO-----O---
-----O-O----------O------OO-O-OO--OO----
----OO-----------O---O---OO----OO-OO----
-----O-OO------------O-----------O------
--------O-----------O-O-----O---OOOO----
----O---------------O-O------O----OO----
---O---------------O--O-------O-O-OO----
---O--O--------------O------------------
---OOO--------------O----------OOO------
----------------------------O--O--------
-----------------------------O----------
----------------------------------------
----------------------------------------

Life - generation  733 

\u001b[H
----------------------------------------
----------------------------------------
---------------OO--OOO------------------
---------------OO-----------------------
--------------------------------OOO-----
--------------------------------O--O----
--------------------------OOO-OOO-OO----
------OO-----------------O----------O---
----OO-O----------------O---O---OOO-O---
----OO-OO----------------OOO--OOO--O----
----OOOOO-----------OOO--------O--------
-------OO-----------O-O---------O--O----
-------------------OO-OO-----O-OO---O---
---OO---------------O-O----------OOO----
--OO-O--------------OO------------O-----
---OOO-------------------------OO-------
----O-------------------------OO--------
----------------------------------------
----------------------------------------
----------------------------------------

Life - generation  734 

\u001b[H
----------------------------------------
--------------------O-------------------
---------------OO---O-------------------
---------------OO---O------------O------
--------------------------------OOO-----
---------------------------O-------O----
--------------------------OO---OOOOOO---
-----OOO-----------------OO-OO------O---
----O-------------------O--O----OOO-O---
---O-----------------O---OOO--O---OO----
----O----O----------O-O---O---O---------
-----O--O---------------------O-O-------
-------------------OO-OO-------OO---O---
--OOO-----------------OO--------OOOO----
--O--O--------------OO----------O-OO----
--O--O------------------------OOO-------
---OOO------------------------OOO-------
----------------------------------------
----------------------------------------
----------------------------------------

Life - generation  735 

\u001b[H
----------------------------------------
----------------------------------------
---------------OO--OOO------------------
---------------OO---------------OOO-----
--------------------------------OOO-----
--------------------------OO---O----O---
------O------------------O------OOO-O---
-----OO------------------O--O--O----OO--
----OOO-----------------O----O---OO-O---
---OO----------------O---O-O---O--OO----
----O----------------O---OOO-OO---------
-------------------OO-OO------O-O-------
---OO----------------OOO----------OO----
--OOO--------------O---O------------O---
-OO--O---------------OO------------O----
--O--OO-----------------------O---------
---OOO------------------------O-O-------
----O--------------------------O--------
----------------------------------------
----------------------------------------

Life - generation  736 

\u001b[H
----------------------------------------
--------------------O-------------------
---------------OO---O------------O------
---------------OO---O-----------O-O-----
-------------------------------O--OO----
--------------------------O----O--------
-----OO------------------O-O---OOO--O---
----O--O----------------OO----------OO--
---O--O-----------------OOO-O-O-OOO-OO--
---O--------------------OO-O-O---OOO----
---OO----------------O--OO-OOOO---------
---OO---------------O--OO-O--OOO--------
--O-O--------------O-O--O----------O----
-O---O--------------O--O----------O-O---
-O---OO---------------O-----------------
-OO---O------------------------O--------
---O--O-----------------------O---------
---OOO-------------------------O--------
----------------------------------------
----------------------------------------

Life - generation  737 

\u001b[H
----------------------------------------
----------------------------------------
---------------OO--OOO-----------O------
---------------OO---------------O-OO----
-------------------------------OOOOO----
--------------------------O---OO-OOO----
-----OO-----------------OO-----OO---OO--
----O--O-------------------O------O-----
---OO------------------O---OOO--O----O--
--OO-------------------O-------OO--OO---
--O------------------------O---O--O-----
--O--O--------------OOOO--OO---O--------
--O-OO-------------O-OO-OO----O----O----
-OO-OOO-------------OOOO-----------O----
OO---OO---------------------------------
-OO---OO--------------------------------
---O--O-----------------------OO--------
---OOO----------------------------------
----O-----------------------------------
----------------------------------------

Life - generation  738 

\u001b[H
----------------------------------------
--------------------O-------------------
---------------OO---O------------OO-----
---------------OO---O----------O---O----
------------------------------O-----O---
-------------------------O----O---------
-----OO------------------OO---OOO---O---
---OO-O-----------------O-OO---OOO--OO--
--O-O----------------------OO--OOO-OO---
--O-O----------------------O--OOOO-OO---
-OO------------------O-O--OO--OO---O----
-OO-OO--------------O--OOOOO--OO--------
--O----------------O----OOO-------------
O-O-----------------O--OO---------------
O--OO----------------OO-----------------
OOO----O--------------------------------
---O--OO--------------------------------
---O-O----------------------------------
---OOO----------------------------------
----------------------------------------

Life - generation  739 

\u001b[H
----------------------------------------
----------------------------------------
---------------OO--OOO------------O-----
---------------OO-----------------OO----
------------------------------OO--------
-------------------------OO--OO---------
----OOO-----------------O--O--O--O--OO--
---OO-O---------------------O-----O--O--
--O-O-----------------------O-----------
--O--------------------------O---O------
----OO----------------OO----OO----OOO---
--------------------O-OO------OO--------
--O----------------OO------O------------
--O-----------------OOOOO---------------
O--O-----------------OOO---------------O
OOO-O-OO--------------------------------
-O-OO-OO--------------------------------
--OO-O----------------------------------
---O-O----------------------------------
----O-----------------------------------

Life - generation  740 

\u001b[H
----------------------------------------
--------------------O-------------------
---------------OO---O-------------OO----
---------------OO---O-------------OO----
-----------------------------OOO--------
-----O-------------------OO--O----------
---OO-O------------------OOOO-O-----OO--
------O--------------------OOO------OO--
--O-OO----------------------OO----------
----OO-----------------------O----OO----
---------------------OOO----OO----OO----
-------------------OO-OO----OOO----O----
-------------------O----O---------------
-OOO---------------O----O---------------
O--O----------------O---O--------------O
----O-OO--------------O----------------O
O------O--------------------------------
-----O----------------------------------
--OO-O----------------------------------
----O-----------------------------------

Life - generation  741 

\u001b[H
----------------------------------------
----------------------------------------
---------------OO--OOO------------OO----
---------------OO-------------O---OO----
-----------------------------OO---------
----OO-------------------O-----O--------
----O-O------------------O----O-----OO--
------O-----------------------O-----OO--
---OO-O--------------------O--O----OO---
---OOO----------------O-------O---OO----
--------------------OO-O------------O---
-------------------OO---O---O-O---OO----
--O---------------OO----O----O----------
OOOO---------------OO--OOO--------------
OO-OO------------------O---------------O
------OO-------------------------------O
-----O-O--------------------------------
----O-O---------------------------------
---O-O----------------------------------
---OO-----------------------------------

Life - generation  742 

\u001b[H
----------------------------------------
--------------------O-------------------
---------------OO---O-------------OO----
---------------OO---O--------OO---OO----
-----------------------------OOO--------
----OO-----------------------O-O--------
----O-O-----------------------OO----OO--
---OO-OO---------------------OOO--------
---O--O----------------------OOO--O--O--
---O-O---------------OO-----------O-----
----O--------------OOOOO-----O------O---
------------------O--O-OO----O-----O----
--OO--------------O----------O----------
----O-------------OOO--O-O-------------O
---OO------------------O---------------O
----OOOO-------------------------------O
-----O-O--------------------------------
----O-O---------------------------------
---O-O----------------------------------
---OO-----------------------------------

Life - generation  743 

\u001b[H
----------------------------------------
----------------------------------------
---------------OO--OOO------------OO----
---------------OO------------O-O--OO----
----------------------------O--O--------
----OO-----------------------O--O-------
------OO------------------------O-------
---OO-OO------------------------O---OO--
--OO--OO---------------------O-O--------
---O-O-----------------O-----O-----O----
----O--------------O----O----------O----
---O--------------O--O-OO---OOO---------
---O-------------OO-O-OO----------------
--O-O-------------OO----O---------------
O--O--O------------O----O-------------OO
---O---O--------------------------------
-------O--------------------------------
----O-O---------------------------------
---O-O----------------------------------
---OO-----------------------------------

Life - generation  744 

\u001b[H
----------------------------------------
--------------------O-------------------
---------------OO---O-------------OO----
---------------OO---O---------O---OO----
----------------------------OO-OO-------
-----OO------------------------OO-------
---O---O-----------------------OOO------
--OOO---O----------------------OO-------
--O----O----------------------O-----O---
--OO-OO-----------------------O---------
---OO-----------------O-O---O-O---------
---OO------------OO-OO--O----O----------
--OOO------------O--OOO------O----------
--O-O------------O--O---O--------------O
--OOO-------------OO-------------------O
------OO-------------------------------O
------OO--------------------------------
----OOO---------------------------------
---O-O----------------------------------
---OO-----------------------------------

Life - generation  745 

\u001b[H
----------------------------------------
----------------------------------------
---------------OO--OOO------------OO----
---------------OO------------OOO-OOO----
-----------------------------O--OO------
------O---------------------------------
--OO-OOO----------------------O--O------
--O-O--OO---------------------O--O------
-O---OOO----------------------O---------
--O--OO-----------------------OO--------
---------------------O-O------O---------
-----O-----------OOOO-------OOO---------
--O--O----------OO----OO----------------
-O---O-----------O--O-------------------
O-O-OO------------OO------------------OO
---O-OOO--------------------------------
----------------------------------------
----O--O--------------------------------
---O--O---------------------------------
---OO-----------------------------------

Life - generation  746 

\u001b[H
----------------------------------------
--------------------O-------------------
---------------OO---O---------O--O-O----
---------------OO---O--------OOO---O----
-----------------------------O-OOO------
-----OOO------------------------OO------
--OOOO--O-------------------------------
-OO-O---O--------------------OOO--------
-OOOO---O--------------------OO---------
-----O-O---------------------OOO--------
-----OO-----------OOO-------------------
----------------OOOOOO-O-----OO---------
----OOO---------O---OO-------O----------
OOOO-OO---------OO-O-------------------O
OOOO--------------OO-------------------O
---O-OO--------------------------------O
----OO-O--------------------------------
----------------------------------------
---O-O----------------------------------
---OO-----------------------------------

Life - generation  747 

\u001b[H
----------------------------------------
----------------------------------------
---------------OO--OOO-------OOO--O-----
---------------OO------------O---O------
------O----------------------O---OO-----
---O-OOO-----------------------O-O------
-OO-----O---------------------OOO-------
-------OOO-------------------O-O--------
-O--OO-OO-------------------O-----------
--OO-O-O-----------O---------O-O--------
-----OO--------------O---------O--------
----O-----------O-----O------OO---------
OOOOO-O--------O-----OO------OO---------
------O---------OO-O-------------------O
-----------------OOO------------------O-
-O-O-OO--------------------------------O
----OO----------------------------------
-----OO---------------------------------
---O------------------------------------
---OO-----------------------------------

Life - generation  748 

\u001b[H
----------------------------------------
--------------------O---------O---------
---------------OO---O--------OO---------
---------------OO---O-------OO--OO------
-----OOO----------------------O--OO-----
--O--OOO-----------------------O-OO-----
--O------O------------------------------
-OO---O--O-------------------O-OO-------
--OOOO---O------------------OO----------
--OO---OO---------------------O---------
---O-OO----------------------O-O--------
-OO-O-O---------------O------O-O--------
OOOOO----------O-O---OO------OO---------
OOOO-O----------OO-OO------------------O
O----OO---------OO-O------------------OO
-----OO-----------O---------------------
----------------------------------------
-----OO---------------------------------
---O-O----------------------------------
---OO-----------------------------------

Life - generation  749 

\u001b[H
----------------------------------------
-----------------------------OO---------
---------------OO--OOO------O-OO--------
------O--------OO-----------O--OOOO-----
-----O-O---------------------OOO--------
-----O-OO-----------------------OOO-----
--OO-O-OO---------------------OO-O------
-O--OO--OOO-----------------OOO---------
----OOOO-O------------------OO-O--------
-------OO-------------------O-O---------
-O---OO----------------------O-O--------
O-----O--------------OO-----OO-O--------
-----------------OO-OOO------OO--------O
-----OO--------O---OOO----------------O-
--O-------------O--OO-----------------O-
-----OO----------OO--------------------O
----------------------------------------
----OOO---------------------------------
---O-OO---------------------------------
---OO-----------------------------------

Life - generation  750 

\u001b[H
----------------------------------------
--------------------O--------OOO--------
---------------OO---O-------O----O------
------O--------OO---O-------O----O------
-----O-OO--------------------OO---------
-----O-----------------------O---OO-----
--OO-O------------------------OO-OO-----
--O-------O-----------------O---O-------
----O-----O----------------O---O--------
----O---O-------------------O--O--------
-----OO------------------------O--------
O----OO-------------O-O-----O--O--------
-----OO-----------O---------OOO--------O
----------------OO----O---------------OO
----------------OO---O----------------OO
-----------------OOO--------------------
----O-----------------------------------
----O-O---------------------------------
---O--O---------------------------------
---OOO----------------------------------

Life - generation  751 

\u001b[H
----O-------------------------O---------
-----------------------------OO---------
---------------OO--OOO------O-O-O-------
------OO-------OO-----------O-----------
-----O-O--------------------OOO--OO-----
-----O-----------------------O-OOOO-----
--OOO------------------------OOO--O-----
--O-O-------------------------O-OO------
---O-----O-----------------OO--OO-------
----O-------------------------OOO-------
----O-OO----------------------OOO-------
----O--O--------------------O--O--------
O----OO----------O---O------OOO-------OO
O---------------O-O----------O----------
--------------------------------------OO
----------------OOO---------------------
-----O------------O---------------------
---OO-----------------------------------
---O--O---------------------------------
---OOO----------------------------------

Life - generation  752 

\u001b[H
---OOO-----------------------OO---------
--------------------O---------O---------
---------------OO---O-------O-OO--------
------OO-------OO---O------OO-OO-O------
-----O-O--------------------O-OO--O-----
---O-OO----------------------------O----
--O-OO-----------------------O----O-----
--O-O-----------------------O----O------
---OO------------------------O----------
---OOO-----------------------O---O------
---OO-OO---------------------O----------
----O--O--------------------O---O------O
O----OO----------O----------O-O--------O
O----------------O----------OOO---------
----------------O-O--------------------O
-----------------OO---------------------
----O-------------O---------------------
---OOO----------------------------------
--O-------------------------------------
---O-O----------------------------------

Life - generation  753 

\u001b[H
---O-O-----------------------OO---------
----O-----------------------------------
---------------OO--OOO-----OO---O-------
------OO-------OO----------OO-----------
----OO-O-------------------OO-OOO-O-----
---O-------------------------OO---OO----
--O---O---------------------------O-----
--O-------------------------OO----------
--O-------------------------OO----------
--O---O---------------------OOO---------
------OO--------------------OO----------
O--OO--O--------------------O----------O
O----OO--------------------OO-OO-------O
O---------------OOO---------O-O---------
----------------O-O----------O----------
------------------OO--------------------
---OOO-----------OO---------------------
---OOO----------------------------------
--O--O----------------------------------
--OO-O----------------------------------

Life - generation  754 

\u001b[H
--OO-O----------------------------------
----O---------------O-------OO----------
---------------OO---O------OO-----------
-----OOO-------OO---O-----O-----OO------
----OO-O-------------------O--OO-OOO----
---OOOO---------------------OOO---OO----
--OO------------------------O-O---OO----
-OOO------------------------OO----------
-OOO-----------------------O------------
------OO-------------------O--O---------
---O-OOO-------------------O--O---------
O---O--O----------------------O--------O
-O--OOO----------O---------OO-OO--------
O---------------O-O--------OO-OO-------O
----------------O------------O----------
----O--------------O--------------------
---O-O-----------OOO--------------------
--O---O---------------------------------
--O--OO---------------------------------
--OO-OO---------------------------------

Life - generation  755 

\u001b[H
--O--OO---------------------------------
---OO----------------------OOO----------
-----OO--------OO--OOO-----OOO----------
----OO-O-------OO---------O-O--OOO------
---O---O-------------------OO-OO---O----
--O---O--------------------OO-------O---
-O---O---------------------O--O---OO----
----O----------------------OOO----------
-O-O-----------------------O-O----------
---OOO-O------------------OOO-----------
----OO--O--------------------OOO--------
O--O---O-------------------OO-O---------
-O--OOO----------O---------OO-----------
O----O----------O----------O---O--------
-----------------O----------OOO---------
----O------------O-O--------------------
---OOO------------OO--------------------
--OOO-O-----------O---------------------
-OO-O--O--------------------------------
-O--------------------------------------

Life - generation  756 

\u001b[H
--OOOO----------------------O-----------
---OO---------------O------O-O----------
---O--O--------OO---O-----O---O-O-------
----OO-O-------OO---O-----O----OO-------
---OOO-O------------------O---OO--------
--O---O-------------------O---OO--O-O---
-----O--------------------O--------O----
--O-O---------------------OO-OO---------
--OO-O-----------------------O----------
--OO-OO-------------------OO------------
-----O-OO-----------------O---OO--------
---O---O-------------------O--OO--------
OO--OOO-------------------O--O----------
----OOO---------OO---------O--O---------
----------------OOO---------OOO---------
---OOO-----------O-O---------O----------
--O--------------O-O--------------------
-O----O-----------OO--------------------
-O--OO----------------------------------
-O-O-OO---------------------------------

Life - generation  757 

\u001b[H
------O---------------------O-----------
---------------------------OOO----------
---O--O--------OO--OOO----OO--O-O-------
-------O-------OO--------OOO----O-------
---O---O-----------------OOO------------
---O--O------------------OOO--OO---O----
---O-O-------------------OO--O-O---O----
--O-OO--------------------OOOOO---------
-O---OO----------------------OO---------
--OO-O-O------------------OO--O---------
--OO-O-OO-----------------O---OO--------
-------OO-----------------OO-O-O--------
---O---O------------------OOOO-O--------
----O-O---------O-O--------O--O---------
---O--O---------------------O-O---------
---OO--------------O--------OOO---------
--OOOO-----------O-OO-------------------
-OO--O------------OO--------------------
OO--O-----------------------------------
-O----O---------------------------------

Life - generation  758 

\u001b[H
---------------------------OOO----------
--------------------O-----O--O----------
---------------OO---O----O---O-O--------
------OO-------OO---O-------O--O--------
------OO----------------O---O--O--------
--OO--O-----------------O---O-OO--------
--OO-OO------------------------O--------
--OO---------------------OOO---O--------
-O-----------------------------O--------
-O-O-O-OO-----------------OO------------
--OO---------------------O--OO-O--------
--OOO--------------------O---O-OO-------
------OOO--------------------O-O--------
---OOOOO------------------O---OO--------
---O-----------------------OO-OO--------
------------------OOO-------O-O---------
-O---O--------------O--------O----------
O----O------------OOO-------------------
O----O----------------------------------
OO---O----------------------------------

Life - generation  759 

\u001b[H
---------------------------OOO----------
--------------------------OO-O----------
---------------OO--OOO------OO----------
------OO-------OO-----------OO-OO-------
-----O---------------------OO--OO-------
--OOO------------------------OOOO-------
-O---OO------------------OOO---OO-------
-O-OO---------------------O---OOO-------
-O-OO--------------------O--------------
-O-OO---------------------OOO-O---------
-O-----------------------O-OOO-OO-------
--O-O--O---------------------O-OO-------
--O-----O--------------------O----------
---OOO--O------------------OO---O-------
---O-OO------------O-------OO-----------
-------------------OO------OO-OO--------
---------------------O-------O----------
OO--OOO------------OO-------------------
O---OOO------------O-------------------O
OO--------------------------O-----------

Life - generation  760 

\u001b[H
--------------------------O--O----------
--------------------O-----O---O---------
---------------OO---O-------------------
------O--------OO---O----------OO-------
---OOOO--------------------O-----O------
--OOO-O----------------------O---O------
-O---O-------------------OOO-O---O------
OO-O-----------------------O--O-O-------
OO---O-------------------O---OO---------
OO-OO--------------------O----OO--------
-O--O---------------------------O-------
-OOO-------------------------O-OO-------
--O--O-OO--------------------OOOO-------
--OO-OOO-------------------O-O----------
---O-OO------------OO-----O----O--------
-------------------OO------O--O---------
-----O---------------O------OOO---------
OO--O-O------------OO------------------O
----O-O------------OO------------------O
OO---O---------------------OOO---------O

Life - generation  761 

\u001b[H
O-------------------------O--OO---------
----------------------------------------
---------------OO--OOO---------O--------
----O-O--------OO---------------O-------
--O---OO-------------------------O------
--O---O--------------------O----OOO-----
OO---O--------------------OO-OO-OO------
----O--------------------O-O--OO--------
---O----------------------O--O---------O
---OOO-----------------------OOO--------
----O---------------------------O-------
-O-OO------------------------O---O------
-----O-OO--------------------O--O-------
--OO----O-------------------OO--O-------
--OO-O-O-----------OO-----OOO-O---------
----OOO------------O-O-----OO-OO--------
O----O---------------O------OOO---------
O---O-O------------O-O-------O---------O
----O-O------------OO-------O---------O-
O----O---------------------OOO---------O

Life - generation  762 

\u001b[H
O--------------------------O-OO--------O
--------------------O---------O---------
---------------OO---O-------------------
-----OOO-------OO---O-----------O-------
---O--OO--------------------------O-----
--O--OOO------------------OOO--O--O-----
-O---O---------------------O-OO---O-----
O---O--------------------O-O---OO-------
---O-O--------------------O-OO----------
---O-O-----------------------OOO--------
--O--------------------------O-OO-------
---OOO--------------------------OO------
-------OO--------------------OO-OO------
--OO----O---------------------OO--------
--O--O-O-----------OO-----O---O---------
---O---------------O-O----O----O--------
O--------------------OO----O---O-------O
O---O-O------------O-O--------O--------O
----O-O------------OO------O----------O-
O----O---------------------O--O--------O

Life - generation  763 

\u001b[H
O---------------------------OOOO-------O
-----------------------------OO---------
------O--------OO--OOO------------------
-----O-O-------OO-----------------------
----O---O------------------O-----O------
--O-OO-O------------------OOOOO--OOO----
-O--OO-----------------------OO-OO------
----OO---------------------O---O--------
---O-O--------------------OOOO--O-------
--OO---------------------------OO-------
--O--O-----------------------O---O------
---OO------------------------O----------
--O----OO--------------------OO--O------
--OO--O-O-----------------------O-------
--O-O--------------OO---------O---------
-------------------O-OO---OO--OO--------
O--------------------OO-------OO-------O
O------------------O-OO---------------O-
----O-O------------OO-----------------O-
O----O--------------------OO-OO-------O-

Life - generation  764 

\u001b[H
O--------------------------O---O-------O
--------------------O-------O--O--------
------O--------OO---O-------------------
-----OOO-------OO---O-------------------
---OO--OO-----------------OO-O---O------
------O-------------------OO--OO--------
--------------------------O-----OO------
---O--O-------------------OO---O-O------
--OO-O--------------------OOO-O-O-------
--OO-----------------------O-OOOOO------
--O---------------------------O-O-------
--OOO-----------------------OO----------
--O-O--OO--------------------OO---------
-OO-----O--------------------OOO--------
--O----------------OOO--------O---------
-------------------O--O------O----------
O----------------------O------OO-------O
O------------------O--O---------------O-
-----O-------------OOO---------------OO-
O----O---------------------O---O------O-

Life - generation  765 

\u001b[H
O--------------------------OO-OOO------O
----------------------------------------
-----OOO-------OO--OOO------------------
----OO--O------OO-----------------------
----O---O-----------------OOO-O---------
-------O-----------------O--O-OO-O------
-------------------------O----O--O------
--OOO--------------------O--O--O-O------
----------------------------------------
-O--O---------------------OO-----O------
-O--O---------------------------OO------
-OO-O-----------------------O--O--------
----O--OO----------------------O--------
-OO----OO-----------O----------O--------
-OO----------------OOO---------O--------
-------------------O-OO------O-O--------
O---------------------OO------O--------O
O------------------O-OO--------------OO-
-------------------OOO---------------OO-
O-------------------O----------------OO-

Life - generation  766 

\u001b[H
O------------------------------O------OO
------O-------------O----------O--------
----OOOO-------OO---O-------------------
----O---O------OO---O------O------------
----OO-OO-----------------OOO-OO--------
-------------------------O--O-OOO-------
---O--------------------OOO---O--OO-----
---O----------------------------O-------
--O-O---------------------OO----O-------
--------------------------------OO------
OO--OO---------------------O----OO------
-OO-OO-------------------------O--------
-------OO---------------------OOO-------
-OOO---OO----------OOO--------OOO-------
-OO----------------O--O--------OO-------
OO-----------------O---O-------O--------
O----------------------O------O-------OO
O------------------O---O-------------O--
-------------------O--O-------------O---
O------------------OOO---------O-----O--

Life - generation  767 

\u001b[H
O------------------O-O--------OOO-----OO
------OO-------------------------------O
----O-OO-------OO--OOO------------------
---O----O------OO---------OOO-----------
----OO-OO-----------------O-O-O-O-------
----O-------------------O---O---OO------
------------------------OOO--OO--O------
--OOO----------------------O---OO-------
---O---------------------------OO-------
-O-OOO--------------------OO---O--------
OOOOOO-------------------------O-O------
OOOOOOO-----------------------O--O------
----O-OOO-----------O-------------------
-O-O---OO----------OOO-----------O------
---O--------------OO-OO-----------------
--O-------------------OO------OOO-------
----------------------OOO-------------O-
O---------------------OO-------------OO-
------------------OO-OO-------------OO--
O------------------OOO---------------OO-

Life - generation  768 

\u001b[H
O------------------O-O---------O-----O--
O----OOO-----------O-O---------O------OO
-----OO-O------OO---O------O------------
---O----O------OO---O-----O-OO----------
---OOO-OO----------------OO-O--OOO------
----OO------------------O-O-O-O-OO------
----O-------------------OOOOOOO--O------
--OOO--------------------OO------O------
-----O--------------------OO--O---------
OO---O------------------------OO--------
------------------------------OO--------
O-------------------------------O-------
O-------O----------OOO------------------
--OOO-O-O---------O---O-----------------
---O--------------OO---O-------OO-------
------------------------O------O--------
---------------------O--O------O-----OOO
------------------------O-----------O-OO
------------------OO---O------------O---
O------------------------------O----O---

Life - generation  769 

\u001b[H
OO----O-----------------------OOO----OO-
O----O-O-----------O-O----------------OO
----OO--O------OO--OOO-----OO----------O
---O----OO-----OO--------OO-OO--O-------
---O-OOOO-----------------O-O-OO-O------
------O-----------------O-----O---O-----
------------------------O---O-OO-OO-----
---OOO------------------O-----O---------
-OOO-O-------------------OOO--OO--------
-----------------------------O----------
OO----------------------------O-O-------
--------------------O----------O--------
-O-O---O-----------OOO------------------
--OOO--O----------O--OO-----------------
--OOO-------------OO---O-------OO-------
-----------------------OO-----OO------O-
-----------------------OOO-----------O-O
-----------------------OO-----------O--O
-----------------------------------OO--O
------------------OOO---------------OO--

Life - generation  770 

\u001b[H
OO----O-----------O------------O----O---
-O--OO-O-----------O-O---------O-----O--
O---OOOOOO-----OO--O-O----OOOO--------OO
---O-----O-----OO---O----OO---OOO-------
----OOO-OO----------------O-O-OOOO------
-----OO------------------O-O------O-----
----OO-----------------OOO----OO-OO-----
---O-O------------------O-OO----O-------
--OO-O-------------------OO--OOO--------
O-------------------------O--O----------
------------------------------OO--------
OOO----------------OOO---------O--------
---OO--------------O--O-----------------
-O----------------O--OO-----------------
--O-O-------------OO---OO-----OOO-------
---O------------------O--O----OOO-----O-
----------------------O--O-----------O-O
O----------------------O-O---------OOO-O
-------------------O---------------O--O-
O------------------O-----------O---O---O

Life - generation  771 

\u001b[H
-O---OO-----------OOO---------OOO---O--O
-O--O-------------OO-------OO-O------OO-
O--O---O-O-----OO--O-O---OOOOO--O-----OO
---O------O----OO---O----O-------O-----O
----O-OOOO-------------------OO--O------
-------O-----------------O-O-O----O-----
-----------------------O---O---OOOO-----
--OO-OO----------------O---O-O--OO------
--OO------------------------OOOO--------
-------------------------OO--O----------
O-------------------O---------OO--------
-OOO---------------OOO--------OO--------
O--O--------------OO--O-----------------
--O-O-------------O-OOO--------O--------
--OO--------------OO-O-OO-----O-O-------
---O------------------O--O----O-O-----O-
O---------------------OO-OO----O-----O-O
O-----------------------O----------O-O-O
----------------------------------OO-OO-
OO----------------OO---------------OO--O

Life - generation  772 

\u001b[H
-OO--O-----------O--O--------OOO---OO--O
-OO-OOO----------O------------O-O----O--
O-OOO----------OOOOO-----O---O-------O--
O--OO-O---O----OO---O----O-O--O-OO----OO
------OOOO----------------O-OOO--OO-----
------OO------------------O--O-O--O-----
------O-----------------O--O--OO--O-----
--OOO----------------------O-O----O-----
--OOO---------------------OO---OO-------
----------------------------O-----------
-OO----------------OOO-------O-O--------
OOOO--------------O--O--------OO--------
----O-------------O---O-------OO--------
-OO-O------------O-------------O--------
--O-O-------------OO---OO-----O-O-------
--OO-----------------O---OO---O-O-----OO
O---------------------OO-OO----O----OO--
O----------------------OOO--------OO-O--
-O--------------------------------O--O--
-O----------------O-O----------O--O----O

Life - generation  773 

\u001b[H
---OOOO----------OOO---------O--O--OO-O-
------O------------O-----------------OO-
O-----O--------O--OO------O--OO-OO---O--
OOO-O-O-OO-----O--OO-----O-O--OOOOO---OO
--------OO---------------OO-O-----O----O
-----O-------------------OO----OO-OO----
---O-OOO------------------OO-O-O-OOO----
--O-OO---------------------O----OO------
--O-O---------------------OO------------
-O------------------O------OO-OOO-------
O--O---------------OOO-------O-O--------
O--O--------------O--OO------O--O-------
O---O------------OO-------------O-------
-OO-OO-----------O-O---O--------O-------
----O-------------O-----OO----O-O-------
-OOO----------------------O---O-O----OOO
OO--------------------OO-------O---OOO--
OO--------------------OO-OO-------OO-OO-
-O----------------------O--------OO-O-O-
-O-----------------O-----------O--O-O-O-

Life - generation  774 

\u001b[H
----OOO------------OO--------------OO-OO
----O-OO---------O--O--------OOOOO----OO
O-----O-------------O-----O--OO---O--O--
-O---O--OO--------OO-----O-OO-O---O---O-
-O---O-OOO--------------O-----O-------OO
----OO-OO-------------------O-OOO-------
---O---------------------O-OO-OO---O----
--O-----------------------------OO------
-OO-OO--------------------O------O------
-OOO---------------OOO----OOOOOOO-------
OOO----------------O--O------O----------
OO-OO------------OO--OO-------OOO------O
O-O-OO-----------O-O--O--------OOO------
-O--OO-----------O-O----O-------OO------
O---OO------------O-----OO------OO----O-
-OOO-------------------OOO----O-O----OOO
----------------------OOOOO----O--OO----
--O-------------------O--O-------O----O-
-OO--------------------OOO-------O--O-O-
--O-OO-------------O------------O-O-O-OO

Life - generation  775 

\u001b[H
O------O----------OOO---------O---OOO---
O---O--O------------OO-------O-OOOOOO---
O-----O-O---------O-O-----OO----O-O--O--
-O---O---O---------O-----OOOO-OO-----OO-
O----O---------------------OO-O-------OO
----OO-O-O-----------------OO---O-------
---OO----------------------OO-O--O------
-OO-O---------------------OO---OOOO-----
----O---------------O-----O-OOO--O------
----O--------------OOO----OOOOOOO-------
----O--------------O--O----O-----------O
----OO-----------O-OOOOO------O--O-----O
--O-------------OO-OOOOO------O--------O
OO----O----------O-O---OOO--------O----O
O----O------------O------------------OO-
OOOOO-----------------O---------O-O--OOO
-O-O------------------O---O----OOOO--O-O
-OO-------------------O---------OO-O-O--
-OO--------------------OOO------OOOO--O-
OOO-O-O------------OO---O--------OO-O---

Life - generation  776 

\u001b[H
O--O-OOO----------O-----------OO-----O-O
OO----OOO---------O--O--------OOO----O-O
OO---OOOO-----------OO---O---O----O--OOO
-O---OO------------O-----O----OO-----O--
O----O--O---------------------O------OOO
---O-OO-------------------O----O-------O
--O--------------------------O----O-----
--O-OO--------------------O----O--O-----
----OO-------------OOO---O--------O-----
---OOO-------------O-O----O----OO-------
---OO------------------O--OO----O-------
O--OOO----------OO--------------------OO
-O---O----------OO--------------------OO
-O--------------OO-O-O-OO---------------
---OOO------------O----OO--------O---O--
---OO--------------------------OO-O-O---
----O----------------OOO-------O---O-O-O
---O------------------O-OO---------O-O--
-----------------------OOO-----------O--
O-OO--------------O-O--OOO------O---OO-O

Life - generation  777 

\u001b[H
---OOO--O--------OO-----O-----O------O--
--O-O--------------OOO-------O--O---OO--
--O-----O----------OOO-------O--O---OO--
-O--O---O-----------O--------OOO----O---
O------O----------------------O------O-O
O---OOO-----------------------O--------O
--O---O-----------------------O---------
----OO--------------O------------OOO----
------O------------O-O---OO----OOO------
-------------------O-OO--OOO---OOO------
--O-----------------------OO---OO------O
O-OO-O----------OO--------------------O-
-OO--O---------O----------------------O-
O-O--O----------O-----OOO-------------O-
--OO-O-----------OO---OOO-------OO------
------------------------O------OOOOOOOO-
----O----------------OOOO------OO-OO-OO-
---------------------O---O-----------O--
--OO------------------O---O----------O--
OOOOO-O------------O---O-O-----O----OO-O

Life - generation  778 

\u001b[H
O-----------------O-----O-----OO--------
--O-OO---------------O-------OOO------O-
-OO-------------------------OO--O--O----
OO-----OO----------OOO-------O-O----O-O-
-O--O-OO------------------------------OO
OO---OOO---------------------OOO------OO
---O--O---------------------------O-----
-----OO-------------O----------O-OO-----
-----O-------------O-OO--O-O---O--------
---------------------OO-------O---------
-OOO---------------------O-O---O-O-----O
O--OO-----------O---------------------O-
O----OO--------O-O-----O-------------OO-
-----OO---------OO----O-O--------------O
-OOOO------------O----O--O-----O---OO-OO
---OO----------------O---O------------O-
---------------------OOOOO-----O--------
---O-----------------O--OO-----------O--
O---O-----------------O-OOO----------O--
OO----------------O----OOO----------OO--

Life - generation  779 

\u001b[H
O----------------------OOO---O-O-----O-O
--OO------------------------O---O-------
O-OO-----------------O------O---O----O-O
------OOO-----------O-------OOO------OO-
--O-----------------O--------O-O--------
-OO-O-------------------------O-------O-
O---O--------------------------OOOO----O
----OOO-------------OO----------OOO-----
-----OO---------------O-------OOO-------
--O-----------------OOO-------OOO-------
OOOOO----------------------------------O
O--OOO----------O--------------------OO-
O-----O--------O-O-----O-------------OO-
-OOO--O----------OO---O-O-----------O---
O-O-------------OO---OOOOO-----------OOO
----O----------------O---OO----------OOO
---OO---------------OO-O--O-------------
---------------------O------------------
OO--------------------O---O----------OO-
OO------------------------O---------OO-O

Life - generation  780 

\u001b[H
--O---------------------OO----------OO-O
--OO--------------------O---OO-OO-------
-OOO---O-------------------OO--O-----O-O
-OOO---O------------OO------O-OO-----OOO
-OOO---O--------------------O--O-----OO-
OOO---------------------------O--O-----O
OO--O--------------------------O--O----O
----O-O--------------O--------O---O-----
----O-O---------------O-------O---------
O-O-OO---------------OO-------O-O-------
O----O---------------O---------O------OO
-----O----------O--------------------O--
O-----O----------OO----O------------O-O-
--OO--------------O--O---O----------O---
O-O-------------OOO--O----O---------O---
O---O---------------------O----------O--
---OO---------------OO---OO-----------O-
--------------------OO------------------
-O----------------------------------OOO-
-----------------------OO-O---------O---

Life - generation  781 

\u001b[H
--OO--------------------------------OO--
O-----------------------OO-OOOOOO---OO--
----O----------------------O---------O-O
----O-OOO-------------------O-OOO---O--O
-------------------------------OO----O--
------------------------------OOO-------
--OO-O------------------------OO-OO----O
O--OO-------------------------OO--------
----O-O---------------O------OO---------
OO-OO-O--------------OO-------O---------
OO---OO--------------OO--------O------OO
O----OO----------O-------------------O--
-----------------OO-----------------O---
--OO------------O--O--O------------OO--O
--O--------------OO------OO---------OO--
-O--O------------O--OO----OO---------O-O
---OO---------------OO---OO-------------
--------------------OO----------------O-
------------------------------------OO--
-----------------------OO----------O----

Life - generation  782 

\u001b[H
-----------------------O-O--OOOO---O-O--
---O----------------------OOOOOO--------
O----O-O------------------OO---------O-O
-----O-O----------------------O-O---OO--
-------O---------------------O---O------
----------------------------------------
--OO-------------------------O---O------
--O-----------------------------O-------
OOO------------------OO------O----------
-OOOO-OO---------------O-----OOO--------
--O----O-------------OO---------------O-
OO---OO----------OO------------------OO-
----------------OOO----------------OOO--
--OO------------O--O---------------O----
OOO-------------OOOOOO---OOO-------O-O--
--O-O------------OOOOO-----O--------OOO-
---OO--------------O--O--OOO----------O-
--------------------OO---------------O--
------------------------------------OO--
-----------------------------------O----

Life - generation  783 

\u001b[H
--------------------------O----O----O---
-------------------------O-----O----O-O-
----O---------------------O---------OOO-
-------OO---------------------------OOO-
------O---------------------------------
----------------------------------------
--OO------------------------------------
----------------------------------------
O---------------------O------O-O--------
O-----OO---------------O-----OO---------
O---O--O--------------O-------O------OOO
-O----O---------O-O-------------------OO
-OO-------------O--O---------------O-OO-
--OO-----------O----------O-------OO-O--
----------------O----O----OO-------O-OO-
--O-O-----------O-----O-----O-------O-OO
---OO-----------------O---OO--------O-O-
--------------------OO----O---------OOO-
------------------------------------OO--
-----------------------------OO----O-O--

Life - generation  784 

\u001b[H
-------------------------------O---OO---
-------------------------OO--------OO-O-
-----------------------------------O---O
-------O----------------------------O-O-
-------O-----------------------------O--
----------------------------------------
----------------------------------------
----------------------------------------
-----------------------------O----------
OO----OO--------------OO-----O-O------O-
-O---O-O---------------------OO------O--
-OO--------------O------------------O---
OO-O-----------OOO----------------OO-O-O
-OOO-----------OO---------OO------OO----
--O------------OO---------OO------OO---O
----O----------------OO-----O------OO--O
---OO-----------------O---OO-------OO---
---------------------O----OO-------O--O-
-----------------------------------O----
------------------------------O----O-O--

Life - generation  785 

\u001b[H
----------------------------------O-----
----------------------------------O--O--
-----------------------------------O--OO
------------------------------------OOO-
-------------------------------------O--
----------------------------------------
----------------------------------------
----------------------------------------
------------------------------O---------
OO----OO--------------------OO----------
-------O---------------------OO------O--
-----------------O-----------------OOOO-
---O-----------O-O----------------O-----
---O----------O-----------OO-----O----OO
OOO------------OO---------O-O-----------
----O----------------OO-----O-----------
---OO-----------------O---O-O-----O--O--
--------------------------OO------OO----
----------------------------------OO----
----------------------------------OO----

Life - generation  786 

\u001b[H
---------------------------------OO-----
----------------------------------OO--O-
-----------------------------------O---O
------------------------------------O--O
------------------------------------OOO-
----------------------------------------
----------------------------------------
----------------------------------------
-----------------------------O----------
------OO--------------------O-----------
------OO--------------------OOO------OO-
----------------O------------------OOOO-
----------------O-----------------OOO--O
OO-O----------O-----------OO-----------O
OOOO-----------O----------O-O----------O
-OO-O----------------OO-----OO----------
---OO----------------OO---O-O-----OO----
--------------------------OO-----O--O---
---------------------------------O--O---
---------------------------------O------

Life - generation  787 

\u001b[H
---------------------------------O-O----
---------------------------------O-O----
----------------------------------OOO-OO
-----------------------------------OO--O
------------------------------------OOO-
-------------------------------------O--
----------------------------------------
----------------------------------------
----------------------------------------
------OO--------------------O-O---------
------OO--------------------OO--------O-
-----------------------------O----O----O
---------------O------------------O----O
---O-----------O----------OO-------O--O-
----O---------------------O-OO---------O
----O----------------OO-----OO----------
--OOO----------------OO---O-OO----OO----
--------------------------OO-----O--O---
--------------------------------OOO-----
--------------------------------OO------

Life - generation  788 

\u001b[H
---------------------------------O------
---------------------------------O------
-------------------------------------OOO
----------------------------------O----O
-----------------------------------O--O-
------------------------------------OOO-
----------------------------------------
----------------------------------------
----------------------------------------
------OO--------------------O-----------
------OO--------------------O-O---------
----------------------------OO--------OO
----------------------------------OO--OO
--------------------------OOO---------OO
---OO---------------------O--O----------
----OO---------------OO-------O---------
---OO----------------OO---O--O----OO----
---O----------------------OOO---O-------
----------------------------------O-----
----------------------------------------

Life - generation  789 

\u001b[H
----------------------------------------
--------------------------------------O-
--------------------------------------OO
-------------------------------------O-O
-----------------------------------OO-OO
------------------------------------OOO-
-------------------------------------O--
----------------------------------------
----------------------------------------
------OO---------------------O----------
------OO-------------------OO-----------
----------------------------OO--------OO
O----------------------------O-------O--
--------------------------OOO---------OO
---OOO--------------------O-OO----------
-----O---------------OO------OO---------
---O-O---------------OO---O-OO----------
---OO---------------------OOO----OOO----
---------------------------O------------
----------------------------------------

Life - generation  790 

\u001b[H
----------------------------------------
--------------------------------------OO
-------------------------------------O-O
O-----------------------------------OO--
-----------------------------------O---O
-----------------------------------O---O
------------------------------------OOO-
----------------------------------------
----------------------------------------
------OO--------------------O-----------
------OO-------------------O------------
---------------------------O-O--------OO
O----------------------------O-------O--
----O---------------------O-----------OO
----OO--------------------O---O---------
---O-OO--------------OO-------O---------
---O-O---------------OO---O---O---O-----
---OO---------------------O--O----O-----
--------------------------OOO-----O-----
----------------------------------------

Life - generation  791 

\u001b[H
----------------------------------------
--------------------------------------OO
O-----------------------------------OO-O
O-----------------------------------OO-O
O----------------------------------O--OO
-----------------------------------O-O-O
------------------------------------OOO-
-------------------------------------O--
----------------------------------------
------OO--------------------------------
------OO-------------------O------------
--------------------------------------OO
O---------------------------O--------O--
----OO--------------------------------OO
---O--O---------------------------------
---O--O--------------OO------OOO--------
--OO-OO--------------OO------OO---------
---OO--------------------OO-OO---OOO----
--------------------------OOO-----------
---------------------------O------------

Life - generation  792 

\u001b[H
----------------------------------------
O------------------------------------OOO
------------------------------------O---
-O---------------------------------O----
-----------------------------------O----
O----------------------------------O----
----------------------------------------
------------------------------------OOO-
----------------------------------------
------OO--------------------------------
------OO--------------------------------
--------------------------------------OO
O------------------------------------O--
----OO--------------------------------OO
---O--O-----------------------O---------
---O--OO-------------OO------O-O--------
--O--OO--------------OO--------O--O-----
--OOOO-------------------OO---O---O-----
-------------------------O---O----O-----
--------------------------OOO-----------

Life - generation  793 

\u001b[H
---------------------------O----------OO
-------------------------------------OOO
O-----------------------------------OOOO
-----------------------------------OO---
----------------------------------OOO---
----------------------------------------
------------------------------------OO--
-------------------------------------O--
-------------------------------------O--
------OO--------------------------------
------OO--------------------------------
--------------------------------------OO
O------------------------------------O--
----OO--------------------------------OO
---O--OO----------------------O---------
--OOO--O-------------OO--------O--------
--O----O-------------OO--------O--------
--OOOOO------------------OO---O--OOO----
---OO--------------------O--OO----------
--------------------------OOO-----------

Life - generation  794 

\u001b[H
--------------------------OOO--------O-O
------------------------------------O---
O----------------------------------O----
----------------------------------O---OO
----------------------------------O-O---
-------------------------------------O--
------------------------------------OO--
-------------------------------------OO-
----------------------------------------
------OO--------------------------------
------OO--------------------------------
--------------------------------------OO
O------------------------------------O--
----OOO-------------------------------OO
--O---OO--------------------------------
--O-O--OO------------OO-------OO--------
-O-----O-------------OO-------OOO-O-----
--O--OO------------------OO--OO---O-----
--O----------------------O--OO----O-----
--------------------------O--O----------

Life - generation  795 

\u001b[H
--------------------------OOO-----------
---------------------------O--------O---
-----------------------------------O---O
----------------------------------O----O
-----------------------------------O-OO-
-----------------------------------O-O--
------------------------------------O---
------------------------------------OOO-
----------------------------------------
------OO--------------------------------
------OO--------------------------------
--------------------------------------OO
O----O-------------------------------O--
-----OOO------------------------------OO
----O---O-------------------------------
-OOO----O------------OO-------O-O-------
-OOO-O-OO------------OO---------OO------
-OO---O------------------OO-O-----OO----
-------------------------O-OO-----------
-------------------------OO--O----------

Life - generation  796 

\u001b[H
-------------------------O--O-----------
--------------------------OOO-----------
-----------------------------------O----
----------------------------------OOO--O
----------------------------------OO-OO-
-----------------------------------O-OO-
-----------------------------------O--O-
------------------------------------OO--
-------------------------------------O--
------OO--------------------------------
------OO--------------------------------
------O-------------------------------OO
O----O-------------------------------O--
----OOOO------------------------------OO
--OOOOO-O-------------------------------
-O------OO-----------OO--------OOO------
O---O-OOO------------OO--------OOOO-----
-O-O--OO-----------------OO-O----OO-----
------------------------O---OO----------
-------------------------O---O----------

Life - generation  797 

\u001b[H
-------------------------O--OO----------
--------------------------OOO-----------
---------------------------O------OOO---
-------------------------------------OO-
---------------------------------------O
-----------------------------------O---O
-----------------------------------O--O-
------------------------------------OOO-
------------------------------------OO--
------OO--------------------------------
-----O----------------------------------
-----OOO------------------------------OO
O---O--O-----------------------------O--
-------O------------------------------OO
--OO----OO----------------------O-------
-OO------O-----------OO--------O--O-----
OOO--OO--O-----------OO--------O--------
-----OO-O----------------O-OOO----O-----
------------------------O-OOOO----------
------------------------OO---O----------

Life - generation  798 

\u001b[H
------------------------OO---O----------
--------------------------O--O-----O----
--------------------------OOO------OOO--
-----------------------------------OOOO-
---------------------------------------O
--------------------------------------OO
-----------------------------------O--OO
-----------------------------------O--O-
------------------------------------O-O-
------O---------------------------------
-----O----------------------------------
----OO-O------------------------------OO
O----O-OO----------------------------O--
---O---O------------------------------OO
-OOO----OO------------------------------
O--------OO----------OO--------OO-------
O-O--OOOOO-----------OO-----O-O---------
-O---OOO-----------------O---OO---------
------------------------O-----O---------
------------------------O-----O---------

Life - generation  799 

\u001b[H
------------------------OO---OO---------
--------------------------O--O-----O----
--------------------------OOO-----O---O-
---------------------------O-------O--O-
------------------------------------O--O
O---------------------------------------
-------------------------------------O--
-----------------------------------OO-O-
-------------------------------------O--
----------------------------------------
----OO----------------------------------
----OO-OO-----------------------------OO
O----O-OO----------------------------O--
OO-OO-OO-O----------------------------OO
OOOO----OOO----------------------------O
O--O--O---O----------OO--------O--------
O----O---OO----------OO-------O---------
-O---O------------------------OO--------
------O-----------------OO----OO--------
-----------------------OO----OO---------

Life - generation  800 

\u001b[H
-----------------------OOO--O-----------
--------------------------O--OO---------
--------------------------O-O-----OO----
--------------------------OOO------O-OOO
---------------------------------------O
----------------------------------------
------------------------------------OO--
------------------------------------O-O-
------------------------------------OO--
----------------------------------------
----OOO---------------------------------
-------OO-----------------------------OO
-O-O-----O---------------------------O--
---OOOO---O---------------------------O-
-----OO-O-O---------------------------O-
---OO---O--O---------OO-----------------
OO--OOO--OO----------OO-------O---------
-----OO----------------------O----------
-----------------------OOO--------------
-----------------------O----------------

Life - generation  801 

\u001b[H
-----------------------OOO---O----------
------------------------O-O-OO----------
-------------------------OO-O-----OOO-O-
--------------------------O-O-----OOO-OO
---------------------------O-----------O
----------------------------------------
------------------------------------OO--
-----------------------------------O--O-
------------------------------------OO--
-----O----------------------------------
-----OOO--------------------------------
----OOOOO-----------------------------O-
--OO-OOOOO---------------------------O-O
--OO--OO--O--------------------------OO-
------O---OO----------------------------
---O----O--O---------OO-----------------
---O--OO-OO----------OO-----------------
----O-O---------------OOO---------------
-----------------------OO---------------
----------------------O-----------------

Life - generation  802 

\u001b[H
-----------------------OOO--OO----------
-----------------------O--O-OO-----O----
--------------------------O-O-----O-O-OO
-------------------------OO-O-----O-O-OO
---------------------------O-------O--OO
----------------------------------------
------------------------------------OO--
-----------------------------------O--O-
------------------------------------OO--
-----O----------------------------------
--------O-------------------------------
---O-----O----------------------------O-
--O------O---------------------------O-O
--OOO-----OO-------------------------OO-
--OO--O--OOO----------------------------
------O-O--O---------OO-----------------
---OOOOOOOO-----------------------------
-----OOO-------------O--O---------------
------------------------O---------------
----------------------O--O--------------

Life - generation  803 

\u001b[H
----------------------OO-OOOOO----------
-----------------------O--O--------O----
--------------------------O-O-----O-O-OO
O------------------------OO-O-----O-O---
--------------------------OO-------O-OOO
------------------------------------OOO-
------------------------------------OO--
-----------------------------------O--O-
------------------------------------OO--
----------------------------------------
----------------------------------------
--------OO----------------------------O-
--O-O----O---------------------------O-O
-O--O------O-------------------------OO-
--O-OO-O-O--O---------------------------
--O--------O----------------------------
----O----OO----------OO-----------------
---------O------------------------------
------O----------------OOO--------------
-------------------------O--------------

Life - generation  804 

\u001b[H
----------------------OO-O-OO-----------
----------------------OOO----O-----O----
--------------------------O-------O-OO-O
O------------------------O--O-----O-O---
-------------------------OOO-------O---O
-----------------------------------O---O
-----------------------------------O----
-----------------------------------O--O-
------------------------------------OO--
----------------------------------------
----------------------------------------
--------OO----------------------------O-
---O----OOO--------------------------O-O
-OO-O---O-O--------------------------OO-
-OO-OO----OOO---------------------------
----OO--OO-O----------------------------
---------OO-----------------------------
---------OO-----------OOO---------------
------------------------OO--------------
----------------------O----OO-----------

Life - generation  805 

\u001b[H
---------------------O----OO-O----------
----------------------O-OOOOO------OO---
-----------------------OOO--------O-OO--
O------------------------O--------O-OOOO
O------------------------OOO------OOO--O
--------------------------O-------OOO---
----------------------------------OOO---
-----------------------------------O-O--
------------------------------------OO--
----------------------------------------
----------------------------------------
--------O-O---------------------------O-
--OO---O--O--------------------------O-O
OO--OO--O----------------------------OO-
-OO-----O---O---------------------------
---OOO--O---O---------------------------
-----------O-----------O----------------
---------OO------------OOO--------------
----------------------O-OO--------------
----------------------O--O-OO-----------

Life - generation  806 

\u001b[H
---------------------OOOO----O----------
----------------------O-----O------OOO--
-----------------------O---O------O----O
O--------------------------------OO-----
O------------------------O-O-----O------
-------------------------OOO-----O---O--
-------------------------------------O--
----------------------------------O--O--
------------------------------------OO--
----------------------------------------
----------------------------------------
---------O----------------------------O-
OOOOO--OO----------------------------O-O
O---O--OOO---------------------------OOO
OOO----OOO------------------------------
--OOO------OO---------------------------
----O----OOO-----------O----------------
----------O-----------O--O--------------
----------------------O-----------------
---------------------OOOOO-OO-----------

Life - generation  807 

\u001b[H
-------------------------O-O-O------O---
---------------------O--O---O------OO---
---------------------------------OO-O---
O-------------------------O------OO----O
-------------------------O-O----OO------
-------------------------O-O------------
--------------------------O---------OOO-
-------------------------------------OO-
------------------------------------OO--
----------------------------------------
----------------------------------------
OOOO----O-----------------------------OO
-OOOO--O-----------------------------O--
----O-O------------------------------O--
O-O-O--O-OO---------------------------O-
--O-O------OO---------------------------
----O----O--O---------------------------
---------OOO----------OO----------------
-------------------------OO-------------
-------------------------O--O-----------

Life - generation  808 

\u001b[H
------------------------OOOO-O-----OO---
----------------------------O-----O-OO--
---------------------------------O--O---
--------------------------O--------O----
-------------------------O-O----OOO-----
-------------------------O-O---------O--
--------------------------O---------O-O-
----------------------------------------
------------------------------------OOO-
----------------------------------------
OOO------------------------------------O
O---O---------------------------------OO
----OO-O-----------------------------O-O
----O-OOO----------------------------OO-
-O--O-----OO----------------------------
-O--OO--OO-OO---------------------------
---O-----O--O---------------------------
---------OOO----------------------------
----------O-------------OOO-------------
------------------------OO-OO-----------

Life - generation  809 

\u001b[H
------------------------O----O-----OOO--
-------------------------OOOO-----O--O--
----------------------------------O-OO--
--------------------------O-----O--O----
-------------------------O-O-----OO-----
-------------------------O-O-----O---O--
--------------------------O----------O--
------------------------------------O-O-
-------------------------------------O--
OO-----------------------------------OOO
-O------------------------------------O-
---OOO----------------------------------
O--OO--OO----------------------------O--
---OO-OOO----------------------------OO-
---OO-O---OOO---------------------------
--OOOO--OO--O---------------------------
----O-------O---------------------------
---------O-O-------------O--------------
---------OOO------------O-OO------------
-----------------------O----O-----------

Life - generation  810 

\u001b[H
------------------------OOO--O-----OOO--
-------------------------OOOO-----O---O-
-------------------------O-------OO-OO--
--------------------------O--------OO---
-------------------------O-O----OOO-----
-------------------------O-O-----OO-----
--------------------------O---------OOO-
------------------------------------O-O-
O-----------------------------------O---
OO-----------------------------------O-O
-OO-O--------------------------------OO-
--OO-O----------------------------------
--O-----O----------------------------OO-
--O---O-OO-O-------------------------OO-
------O---OOO---------------------------
--O------OO-OO--------------------------
----OO--OOOOO---------------------------
---------O-OO------------OO-------------
---------O-O------------OOOO------------
----------O------------OOO-OO-------O---

Life - generation  811 

\u001b[H
-----------------------O-----O-----OOO--
---------------------------OO----OO---O-
-------------------------O-------OO-OO--
-------------------------OO-----O---OO--
-------------------------O-O----O-------
-------------------------O-O----O-OO-O--
--------------------------O--------OO-O-
-----------------------------------OO-OO
OO----------------------------------O-O-
--O---------------------------------OO-O
----O--------------------------------OOO
----O-----------------------------------
-OO----OOO---------------------------OO-
--------OO-OO------------------------OO-
-------OO----O--------------------------
-----O--O----O--------------------------
--------O-------------------------------
------------------------O--O------------
---------O-OO----------O----O-----------
----------O------------O----O------OOO--

Life - generation  812 

\u001b[H
---------------------------O-O--------O-
----------------------------O----O----O-
-------------------------O-O----O-O-O-O-
------------------------OO------O--OOO--
------------------------OO-O---OO--O-O--
-------------------------O-O-----OOO-O--
--------------------------O-----------OO
O-------------------------------------O-
OO--------------------------------------
-O----------------------------------O---
---O--------------------------------OO-O
---O----O------------------------------O
-------O-OO--------------------------OO-
----------O-O------------------------OO-
-------O-----O--------------------------
--------OO------------------------------
----------------------------------------
----------------------------------------
----------OO-----------OO--OO-------O---
----------OO----------OOO---OO-----O-O--

Life - generation  813 

\u001b[H
-----------------------O---O-O-------OO-
--------------------------OOO----O----OO
------------------------OOO-----O-O-O-O-
--------------------------------O-O---O-
-------------------------------OO----OO-
------------------------OO-O----OOOO-O--
--------------------------O-------O--OOO
OO------------------------------------O-
OO-------------------------------------O
-OO---------------------------------OO--
O-O---------------------------------OOO-
--------OO--------------------------O--O
--------OOOO-------------------------O-O
--------OOOO-------------------------OO-
--------OO------------------------------
--------O-------------------------------
----------------------------------------
----------------------------------------
----------OO----------O-O--OOO------O---
----------OO----------O-O----O------OO--

Life - generation  814 

\u001b[H
-----------------------O--OO-O------O--O
------------------------O---O----O-----O
-------------------------OO-----O-OO--O-
-------------------------O------O--O--OO
-------------------------------O---OOOO-
-------------------------OO----OO-OO---O
O------------------------OO-------OOOO-O
-O-----------------------------------O--
-------------------------------------OOO
--O---------------------------------O---
O-O--------------------------------O--OO
O-------O---------------------------O--O
-------O---O------------------------OO-O
-------O---O-------------------------OO-
-------O--------------------------------
--------OO------------------------------
----------------------------------------
----------------------------O-----------
----------OO----------------OO------OO--
----------OO----------O-O--O-OO-----O-O-

Life - generation  815 

\u001b[H
-----------------------OOOOO-OO------OOO
------------------------O---O----OOO--OO
------------------------OOO-----O-OO--O-
-------------------------OO----OOO-----O
-------------------------OO----O-O---O--
O------------------------OO----OOO-----O
O------------------------OO------OO--O-O
-----------------------------------O----
------------------------------------OOO-
OO----------------------------------O---
O----------------------------------OOOO-
-O---------------------------------OO---
O------OO---------------------------O--O
------OOO---------------------------OOO-
-------O--------------------------------
--------O-------------------------------
----------------------------------------
----------------------------OO----------
----------OO---------------O--O-----OO--
----------OO-----------O--OO--O----OO-O-

Life - generation  816 

\u001b[H
-----------------------O-----OO---------
----------------------------OO---O-OO---
------------------------O-OO---O---O--O-
---------------------------O---O------O-
O-----------------------O--O--O---O---OO
O-----------------------O--O---O-------O
O------------------------OO------OO---OO
----------------------------------OO---O
-----------------------------------OOO--
OO--------------------------------------
O--------------------------------------O
-O------------------------------------O-
O-----O-O-----------------------------OO
------O-----------------------------OOOO
------O------------------------------O--
----------------------------------------
----------------------------------------
----------------------------OO----------
----------OO--------------OO--O----OOO--
----------OO-----------O------OO---O---O

Life - generation  817 

\u001b[H
----------------------------O--O--OOO---
---------------------------OOO----OOO---
--------------------------OO--O-O-OOOO--
-------------------------O-OO-OO-----OO-
O-------------------------OOO-OO------O-
-O----------------------O--O-----OO-----
-------------------------OO------OOO--O-
O--------------------------------O---O-O
O---------------------------------OOO---
OO----------------------------------O--O
---------------------------------------O
-O------------------------------------O-
O------O--------------------------------
O----OO-----------------------------O---
------------------------------------OO--
----------------------------------------
----------------------------------------
---------------------------OOO------O---
----------OO---------------OO-OO---OO---
----------OO-------------------O---O----

Life - generation  818 

\u001b[H
---------------------------OOOO---------
--------------------------O--OOO--------
------------------------------O--OO---O-
-------------------------O------O--O--OO
-------------------------O----OOO----OOO
----------------------------O---OO-O---O
O------------------------OO-----O--O--OO
O--------------------------------O---OOO
----------------------------------OOOOO-
-O----------------------------------O--O
-O------------------------------------OO
O--------------------------------------O
OO----O--------------------------------O
------O-----------------------------OO--
------------------------------------OO--
----------------------------------------
----------------------------O-----------
---------------------------O-OO----OO---
----------OO---------------O--OO---OO---
----------OO---------------OOO-OO-------

Life - generation  819 

\u001b[H
--------------------------O-----O-------
---------------------------O---O--------
-----------------------------OO-OOO---OO
------------------------------O-O-O-----
O---------------------------------O-OO--
-------------------------OO------OO-OO--
--------------------------------O---OO--
O--------------------------------O------
----------------------------------OO----
------------------------------------O--O
-O------------------------------------O-
----------------------------------------
-O------------------------------------OO
O-----------------------------------OOO-
------------------------------------OO--
----------------------------------------
----------------------------OO----------
---------------------------O-OOO---OO---
----------OO--------------OO----O--OO---
----------OO--------------O-----O-------

Life - generation  820 

\u001b[H
--------------------------OO---OO-------
------------------------------OO--------
-----------------------------OO-O-O-----
-----------------------------OO-O-O--OOO
----------------------------------O-OO--
---------------------------------OO---O-
--------------------------------O-OOOO--
---------------------------------OOOO---
----------------------------------OO----
-----------------------------------O----
----------------------------------------
O-------------------------------------OO
O-------------------------------------OO
O-----------------------------------O---
------------------------------------O-O-
----------------------------------------
----------------------------OO----------
--------------------------OO-OOO---OO---
----------OO--------------OOO-O-O--OO---
----------OO-------------OO----OOO------

Life - generation  821 

\u001b[H
-------------------------OOO-----O------
-----------------------------O---O------
--------------------------------O-----O-
-----------------------------OO---O-OOO-
----------------------------------O-O--O
--------------------------------------O-
--------------------------------O----O--
-------------------------------------O--
---------------------------------O------
----------------------------------OO----
---------------------------------------O
O-------------------------------------O-
-O-----------------------------------OO-
O-------------------------------------O-
-------------------------------------O--
----------------------------------------
---------------------------OOO----------
--------------------------O----O---OO---
----------OO----------------O----OOOO---
----------OO-------------O--O-O--O------

Life - generation  822 

\u001b[H
-------------------------OOOOO--OOO-----
--------------------------O-----OO------
-----------------------------OO--O----O-
---------------------------------O--O-OO
------------------------------------O--O
-------------------------------------OO-
-------------------------------------OO-
----------------------------------------
----------------------------------O-----
----------------------------------O-----
---------------------------------------O
O------------------------------------OO-
OO-----------------------------------OO-
--------------------------------------OO
----------------------------------------
----------------------------O-----------
---------------------------OO-----------
-----------------------------O------O---
----------OO---------------O-O--OO--O---
----------OO-------------O--OO--OO-O----

Life - generation  823 

\u001b[H
-------------------------O---O-O--------
-------------------------OO---OO--------
---------------------------------OO--OOO
--------------------------------------OO
------------------------------------O--O
------------------------------------O--O
-------------------------------------OO-
----------------------------------------
----------------------------------------
----------------------------------------
--------------------------------------OO
OO-----------------------------------O--
OO--------------------------------------
O------------------------------------OOO
----------------------------------------
---------------------------OO-----------
---------------------------OOO----------
---------------------------O-O----------
----------OO-----------------OO-OOOOO---
----------OO-------------O----OO---O----

Life - generation  824 

\u001b[H
------------------------OO---O--O-------
-------------------------OO---OOO-----O-
-------------------------------------O-O
O---------------------------------------
O------------------------------------O-O
------------------------------------O--O
-------------------------------------OO-
----------------------------------------
----------------------------------------
----------------------------------------
O-------------------------------------OO
-O------------------------------------O-
-------------------------------------O--
OO------------------------------------OO
--------------------------------------OO
---------------------------O-O----------
--------------------------O--O----------
---------------------------O-----OOO----
----------OO----------------OO--OOOOO---
----------OO---------------------O-OO---

Life - generation  825 

\u001b[H
------------------------OOO---O-OO------
------------------------OOO---OOO-----O-
-------------------------------O------OO
O---------------------------------------
O-------------------------------------OO
O-----------------------------------O--O
-------------------------------------OO-
----------------------------------------
----------------------------------------
---------------------------------------O
O-------------------------------------OO
O------------------------------------OO-
-O-----------------------------------O--
O------------------------------------O--
--------------------------------------O-
----------------------------O-----------
--------------------------OO------O-----
---------------------------O-O--O---O---
----------OO----------------O---O-------
----------OO----------------OO------O---

Life - generation  826 

\u001b[H
------------------------O-OO--O-OO------
------------------------O-O---O--O----OO
-------------------------O----OOO-----OO
O---------------------------------------
-O------------------------------------O-
O---------------------------------------
-------------------------------------OOO
----------------------------------------
----------------------------------------
O-------------------------------------OO
O------------------------------------O--
OO-----------------------------------O--
OO----------------------------------OO-O
-------------------------------------OO-
----------------------------------------
---------------------------O------------
--------------------------OO------------
--------------------------OO-----O------
----------OO---------------O------------
----------OO-------------O-OOO-OOO------

Life - generation  827 

\u001b[H
------------------------O-----O---O-----
------------------------O-OO-OO--O----OO
O------------------------O----OOO-----O-
O------------------------------O------O-
OO-------------------------------------O
O------------------------------------O--
--------------------------------------OO
--------------------------------------O-
---------------------------------------O
O-------------------------------------OO
-------------------------------------O--
-------------------------------------O--
-O----------------------------------O--O
O-----------------------------------OOOO
----------------------------------------
--------------------------OO------------
----------------------------O-----------
----------------------------O-----------
----------OO---------------------O------
----------OO-------------O---OOO-O------

Life - generation  828 

\u001b[H
------------------------O-O-O---OOO-----
------------------------O-O--O--OO----OO
O------------------------OO--O--O----OO-
------------------------------OOO-----O-
-O------------------------------------O-
-O--------------------------------------
-------------------------------------OOO
--------------------------------------O-
O---------------------------------------
O-------------------------------------OO
-------------------------------------O-O
------------------------------------OOO-
------------------------------------O--O
O-----------------------------------OOOO
-------------------------------------OOO
---------------------------O------------
----------------------------O-----------
----------------------------------------
----------OO-----------------OO-O-------
----------OO-----------------OOOOOO-----

Life - generation  829 

\u001b[H
---------------------------OO-----------
------------------------O-O-OO-O--O--OOO
-------------------------OO--O-------O--
------------------------------OOO-----O-
-------------------------------O--------
O------------------------------------O-O
-------------------------------------OOO
-------------------------------------OO-
O-------------------------------------O-
O-------------------------------------O-
O-----------------------------------O---
------------------------------------O--O
O----------------------------------O----
O-----------------------------------O---
O-----------------------------------O---
--------------------------------------O-
----------------------------------------
-----------------------------O----------
----------OO-----------------O--O-------
----------OO----------------O-----O-----

Life - generation  830 

\u001b[H
--------------------------------------O-
--------------------------O--OO------OO-
-------------------------OOOOO--O----O-O
------------------------------OOO-------
------------------------------OOO-----OO
O------------------------------------O-O
O-----------------------------------O---
----------------------------------------
--------------------------------------O-
OO-----------------------------------O--
O------------------------------------O--
O----------------------------------OO--O
O----------------------------------OO--O
OO---------------------------------OO--O
-------------------------------------O-O
----------------------------------------
----------------------------------------
----------------------------------------
----------OO----------------OO----------
----------OO---------------OOO----------

Life - generation  831 

\u001b[H
---------------------------O--O------OO-
-------------------------OO--OO------O-O
-------------------------OOOO---O----O--
--------------------------OOO----O-----O
O-----------------------------O-O-----OO
O------------------------------O-----O--
O--------------------------------------O
----------------------------------------
----------------------------------------
OO-----------------------------------OOO
-------------------------------------OO-
-O---------------------------------O-OO-
----------------------------------O--OO-
-O---------------------------------O-O--
------------------------------------O-OO
----------------------------------------
----------------------------------------
----------------------------------------
----------OO---------------O-O----------
----------OO---------------O-O----------

Life - generation  832 

\u001b[H
---------------------------O--O------OO-
-------------------------O---OOO----OO--
----------------------------------------
O------------------------O--OO-OOO-----O
O--------------------------O---OO-----O-
-O-----------------------------O--------
O--------------------------------------O
----------------------------------------
O-------------------------------------OO
O------------------------------------O-O
-O--------------------------------------
---------------------------------------O
----------------------------------OO----
-----------------------------------O---O
------------------------------------OOO-
----------------------------------------
----------------------------------------
----------------------------------------
----------OO----------------------------
----------OO--------------OO-OO---------

Life - generation  833 

\u001b[H
---------------------------O--------OOO-
-----------------------------OOO----OOO-
----------------------------O-----------
O---------------------------O-OO-O-----O
OO--------------------------O----O------
-O-----------------------------OO-------
O---------------------------------------
--------------------------------------O-
O-------------------------------------O-
-O--------------------------------------
--------------------------------------OO
----------------------------------------
----------------------------------OO----
----------------------------------OO-OO-
------------------------------------OOO-
-------------------------------------O--
----------------------------------------
----------------------------------------
----------OO----------------------------
----------OO--------------OOOOO---------

Life - generation  834 

\u001b[H
--------------------------OO---O----O-O-
----------------------------OOO-----O-O-
----------------------------O---O----OOO
OO-------------------------OO---O------O
-O---------------------------OO--O-----O
-O------------------------------O-------
----------------------------------------
----------------------------------------
---------------------------------------O
O-------------------------------------O-
----------------------------------------
----------------------------------------
----------------------------------OOO---
----------------------------------O---O-
-----------------------------------O----
------------------------------------OOO-
----------------------------------------
----------------------------------------
----------OO---------------OOO----------
----------OO--------------OOOO-------O--

Life - generation  835 

\u001b[H
--------------------------O---------O-O-
----------------------------OOOO----O---
-------------------------------O-----O--
-O-------------------------OO--OOO------
-OO-------------------------OO-OOO-----O
O---------------------------------------
----------------------------------------
----------------------------------------
---------------------------------------O
---------------------------------------O
----------------------------------------
-----------------------------------O----
----------------------------------OO----
----------------------------------O-O---
-----------------------------------OO-O-
------------------------------------OO--
-------------------------------------O--
----------------------------O-----------
----------OO--------------O--O----------
----------OO-----------------OO------O--

Life - generation  836 

\u001b[H
----------------------------O--O----O---
-----------------------------OOO----O---
---------------------------O------------
OOO------------------------OOO---O------
-OO------------------------OOOOO-O------
OO------------------------------O-------
----------------------------------------
----------------------------------------
----------------------------------------
----------------------------------------
----------------------------------------
----------------------------------OO----
----------------------------------O-O---
----------------------------------O-OO--
----------------------------------------
-----------------------------------O--O-
------------------------------------OO--
----------------------------------------
----------OO----------------OOO---------
----------OO-----------------OO------O--

Life - generation  837 

\u001b[H
----------------------------O--O----OO--
----------------------------OOOO--------
-O-------------------------O------------
O-O-----------------------O-----O-------
---------------------------O--OO-O------
OOO-------------------------OOOOO-------
----------------------------------------
----------------------------------------
----------------------------------------
----------------------------------------
----------------------------------------
----------------------------------OO----
---------------------------------OO-OO--
------------------------------------OO--
-----------------------------------OOO--
------------------------------------OO--
------------------------------------OO--
-----------------------------O----------
----------OO----------------O-O---------
----------OO-------------------O--------

Life - generation  838 

\u001b[H
----------------------------O--OO-------
---------------------------OOOOO--------
-O-------------------------OOOOO--------
-O------------------------OO---OO-------
O-O------------------------OO----O------
-O--------------------------OO--O-------
-O---------------------------OOO--------
----------------------------------------
----------------------------------------
----------------------------------------
----------------------------------------
---------------------------------OOOO---
---------------------------------OO--O--
----------------------------------O---O-
-----------------------------------O--O-
--------------------------------------O-
------------------------------------OO--
-----------------------------O----------
----------OO-----------------OO---------
----------OO-----------------OOO--------

Life - generation  839 

\u001b[H
---------------------------O----O-------
----------------------------------------
----------------------------------------
OOO-----------------------O----OO-------
O-O-----------------------O--O-O-O------
OOO------------------------O---OO-------
----------------------------OOOO--------
------------------------------O---------
----------------------------------------
----------------------------------------
----------------------------------OO----
---------------------------------O-OO---
------------------------------------OO--
---------------------------------OOO-OO-
-------------------------------------OOO
------------------------------------O-O-
-------------------------------------O--
-----------------------------OO---------
----------OO----------------O--O--------
----------OO----------------O---O-------

Life - generation  840 

\u001b[H
----------------------------------------
----------------------------------------
-O--------------------------------------
O-O---------------------------OOO-------
---O----------------------OO-----O-----O
O-O------------------------O------------
-O--------------------------OO--O-------
------------------------------OO--------
----------------------------------------
----------------------------------------
----------------------------------OOO---
-------------------------------------O--
---------------------------------O----O-
----------------------------------OO---O
----------------------------------OO---O
------------------------------------O--O
-------------------------------------O--
-----------------------------OO---------
----------OO----------------O-OO--------
----------OO---------------OO--OO-------

Life - generation  841 

\u001b[H
----------------------------------------
----------------------------------------
-O-----------------------------O--------
OOO----------------------------OO-------
O-OO----------------------OO---OO------O
OOO-----------------------OO------------
-O--------------------------OOOO--------
-----------------------------OOO--------
----------------------------------------
-----------------------------------O----
-----------------------------------OO---
----------------------------------OOOO--
----------------------------------O---O-
---------------------------------O-O--OO
O---------------------------------O-O-OO
-----------------------------------OO-O-
----------------------------------------
-----------------------------OOO--------
----------OO---------------OO---O-------
----------OO---------------OOOOOO-------

Life - generation  842 

\u001b[H
----------------------------OOOO--------
----------------------------------------
OOO----------------------------OO-------
---O--------------------------O--------O
---O----------------------OO---OO------O
---O----------------------O--O--O------O
OOO------------------------OO--O--------
----------------------------O--O--------
------------------------------O---------
-----------------------------------OO---
-------------------------------------O--
----------------------------------O--O--
---------------------------------O----OO
O--------------------------------O-O----
O---------------------------------O-O---
-----------------------------------OO-O-
------------------------------O---------
----------------------------OOOO--------
----------OO---------------O----O-------
----------OO---------------O-OOOO-------

Life - generation  843 

\u001b[H
----------------------------O---O-------
-O---------------------------O--O-------
OOO----------------------------O--------
-O-O--------------------------O--------O
O-OOO---------------------OO--OOO-----OO
-O-O----------------------O---O-O------O
OOO------------------------OOOOOO-------
-O-------------------------OOOOO--------
----------------------------------------
------------------------------------O---
-----------------------------------O-O--
-------------------------------------O--
---------------------------------O----OO
O--------------------------------O-O----
----------------------------------O-OO-O
-----------------------------------OOO--
------------------------------OO--------
----------------------------OOOO--------
----------OO---------------O----O-------
----------OO---------------O----O-------

Life - generation  844 

\u001b[H
----------------------------O--OOO------
OOO----------------------------OO-------
------------------------------OO--------
----O-------------------------O-O-----O-
----O---------------------OO-OO-O-----O-
----O---------------------O------O----O-
--------------------------O-----O-------
OOO------------------------O----O-------
----------------------------OOO---------
------------------------------------O---
-------------------------------------O--
------------------------------------OO--
----------------------------------O---OO
O--------------------------------O-OOO--
----------------------------------O--OO-
-----------------------------------O-OO-
-------------------------------O----O---
----------------------------OO--O-------
----------OO---------------O-OO-O-------
----------OO---------------OO--OOO------

Life - generation  845 

\u001b[H
-O-------------------------OO-O---------
-O-------------------------------O------
-O----------------------------O---------
--------------------------------O-------
---OOO--------------------OO-OO-OO---OOO
-------------------------OO----OOO------
-O------------------------OO----OO------
-O-------------------------OOO-O--------
-O--------------------------OO----------
-----------------------------O----------
-------------------------------------O--
------------------------------------OO--
----------------------------------O---OO
---------------------------------O-OO---
----------------------------------O----O
-----------------------------------O--O-
------------------------------------OO--
----------------------------OO--O-------
----------OO---------------O--O---------
----------OO---------------O------------

Life - generation  846 

\u001b[H
---------------------------OO-----------
OOO--------------------------O----------
----------------------------------------
----O------------------------OO-OO----O-
----O--------------------OOO--O-------O-
----O--------------------O--O-O---O---O-
-------------------------O----O--O------
OOO-----------------------O--OO-O-------
---------------------------O------------
----------------------------OO----------
------------------------------------OO--
------------------------------------OO--
----------------------------------O---O-
---------------------------------O-O--OO
----------------------------------O-O---
-----------------------------------OOOO-
------------------------------------OO--
----------------------------OO----------
----------OO---------------O-O----------
----------OO--------------OO-O----------

Life - generation  847 

\u001b[H
-O------------------------OO-O----------
-O--------------------------O-----------
-O---------------------------OO---------
--------------------------O--OOO--------
---OOO-------------------OOOO-O--O---OOO
------------------------OO-O--OO--------
-O-----------------------OO---O--O------
-O------------------------O--OOO--------
-O-------------------------O--O---------
----------------------------O-----------
------------------------------------OO--
-----------------------------------OO-O-
----------------------------------OOO-OO
---------------------------------O-O-OOO
----------------------------------O----O
--------------------------------------O-
-----------------------------------O--O-
----------------------------OO----------
----------OO--------------OO-OO---------
----------OO--------------O--O----------

Life - generation  848 

\u001b[H
--------------------------OO-O----------
OOO------------------------OO-O---------
----------------------------O--O--------
----O--------------------OO----O------O-
----O-------------------O---O---O-----O-
----O-------------------O---O-OOO-----O-
------------------------O--O----O-------
OOO----------------------OOO-O-O--------
---------------------------OO-OO--------
----------------------------------------
-----------------------------------OOO--
----------------------------------O---OO
----------------------------------------
O--------------------------------O---O--
----------------------------------O--O-O
--------------------------------------OO
----------------------------------------
---------------------------OOOO---------
----------OO--------------OO--O---------
----------OO-------------O---O----------

Life - generation  849 

\u001b[H
-O------------------------OO-OO---------
-O------------------------O---O---------
-O------------------------O-OOOO--------
-------------------------O-O---OO-------
---OOO------------------O--O-OO-O----OOO
-----------------------OOO-OOO--OO------
-O----------------------O--O-O--O-------
-O-----------------------O---O-OO-------
-O-------------------------OOOOO--------
------------------------------------O---
-----------------------------------OOOO-
-----------------------------------OOOO-
--------------------------------------OO
--------------------------------------O-
O------------------------------------O-O
--------------------------------------OO
----------------------------OO----------
--------------------------OOOOO---------
----------OO--------------OO--O---------
----------OO-------------O---OO---------

Life - generation  850 

\u001b[H
-------------------------OOOO--O--------
OOO----------------------OO-------------
-------------------------OO-OO--O-------
----O--------------------O-O----O-----O-
----O------------------O---O-OO-------O-
----O------------------O-O-O----OO----O-
-----------------------O---O-O----------
OOO-----------------------OO----O-------
----------------------------OO-OO-------
----------------------------OOO----OO---
--------------------------------------O-
-----------------------------------O----
------------------------------------O--O
O------------------------------------O--
O------------------------------------O--
O-------------------------------------OO
------------------------------O---------
--------------------------O---O---------
----------OO-------------O-----O--------
----------OO-------------O-----O--------

Life - generation  851 

\u001b[H
-O----------------------O--O------------
-O----------------------O----O----------
-O----------------------O---O-----------
------------------------OO-O--OO--------
---OOO---------------------O---OOO---OOO
----------------------OO---O-OO---------
-O----------------------O--O----OO------
-O------------------------OO-OOOO-------
-O-----------------------------OO-------
----------------------------O-OO--------
-----------------------------O-----OO---
----------------------------------------
------------------------------------O---
O-----------------------------------OOOO
OO-----------------------------------O--
O-------------------------------------OO
---------------------------------------O
------------------------------OO--------
----------OO-------------OO---OO--------
----------OO------------OO-O--OOO-------

Life - generation  852 

\u001b[H
-----------------------OO-O-O-OO--------
OOO--------------------OOO--O-----------
-----------------------OO---OOO---------
----O-------------------OOOOO-OO------O-
----O------------------OO--O-O--O-----O-
----O------------------O--OO--O-------O-
-----------------------O---O----OO------
OOO-----------------------OOO-O---------
---------------------------OO-----------
-----------------------------OOOO-------
-----------------------------OO---------
-----------------------------------OO---
------------------------------------O-OO
OO----------------------------------O-OO
-O----------------------------------O---
-O------------------------------------O-
O-------------------------------------OO
------------------------------OO--------
----------OO------------OOO--O----------
----------OO------------O--O--O-O-------

Life - generation  853 

\u001b[H
-O------------------------O-O-OO--------
-O--------------------O-----O--O--------
-O----------------------------OO--------
--------------------------O----O--------
---OOO-----------------O-----O-------OOO
----------------------OO--OO---OOO------
-O---------------------------O-O--------
-O------------------------O--O----------
-O------------------------O-------------
-------------------------------O--------
-----------------------------O----------
-----------------------------------OOO--
------------------------------------O-O-
-O---------------------------------OO-O-
-OO-----------------------------------O-
-O-----------------------------------OO-
O-------------------------------------OO
-------------------------O----O--------O
----------OO------------OOO--O----------
----------OO---------------OO-O---------

Life - generation  854 

\u001b[H
----------------------------O-OO--------
OOO------------------------O----O-------
------------------------------OOO-------
----O--------------------------O------O-
----O-----------------OO--OO--OO------O-
----O-----------------OO----O--OO-----O-
--------------------------OOO--O--------
OOO---------------------------O---------
----------------------------------------
----------------------------------------
------------------------------------O---
-----------------------------------OOO--
--------------------------------------O-
-OO--------------------------------OO-OO
OOO---------------------------------O-OO
-OO----------------------------------O--
O------------------------------------O--
O-----------------------OOO-----------OO
----------OO------------OOOOOOO---------
----------OO----------------O-OO--------

Life - generation  855 

\u001b[H
-O-------------------------OO-O-O-------
-O---------------------------O--O-------
-O----------------------------O-O-------
----------------------------------------
---OOO----------------OO---O--O------OOO
----------------------OO----OO--O-------
-O-------------------------OOOOOO-------
-O-------------------------O------------
-O--------------------------------------
----------------------------------------
-----------------------------------OOO--
-----------------------------------OOO--
--------------------------------------OO
--O--------------------------------OO---
---O-------------------------------OO---
--O---------------------------------OO--
O------------------------O-----------O--
O-----------------------O---OO--------OO
----------OO------------O---O-OO-------O
----------OO-------------OO-------------

Life - generation  856 

\u001b[H
--------------------------OOOO-O--------
OOO-------------------------OOO-OO------
-------------------------------O--------
----O--------------------------O------O-
----O-----------------OO----OO--------O-
----O-----------------OO--------O-----O-
---------------------------O--OOO-------
OOO------------------------O-OOO--------
----------------------------------------
------------------------------------O---
-----------------------------------O-O--
-----------------------------------O----
--------------------------------------O-
-----------------------------------OOO--
--OO------------------------------------
-----------------------------------O-O--
OO----------------------------------OO--
O-----------------------OO--OOO-------O-
O---------OO------------O--OO-O-------OO
----------OO-------------OO-O-O---------

Life - generation  857 

\u001b[H
-O-----------------------OO----OO-------
-O------------------------------O-------
-O---------------------------O-O--------
------------------------------O---------
---OOO----------------OO-------------OOO
----------------------OO----OOO-O-------
-O--------------------------OO--O-------
-O--------------------------OO--O-------
-O----------------------------O---------
------------------------------------O---
-----------------------------------O----
------------------------------------O---
-----------------------------------O-O--
------------------------------------OO--
-----------------------------------O-O--
-OO----------------------------------O--
OO---------------------------O------OOOO
------------------------OO-OO-O-------O-
O---------OO------------O-----OO------O-
----------OO-------------O----OO-------O

Life - generation  858 

\u001b[H
O------------------------OO---O-O-------
OOO---------------------------O-O-------
------------------------------OO--------
----O-------------------------O-------O-
----O-----------------OO------OO------O-
----O-----------------OO----O-OO------O-
---------------------------O----OO------
OOO-------------------------O-OO--------
-----------------------------O----------
----------------------------------------
-----------------------------------OO---
-----------------------------------OO---
-----------------------------------O-O--
-----------------------------------O-OO-
-------------------------------------OO-
-OO------------------------------------O
OOO-------------------------OO------O--O
-O----------------------OO--O-OO--------
----------OO------------O-O-----------O-
O---------OO------------OOO------------O

Life - generation  859 

\u001b[H
------------------------O-O-------------
OO---------------------------OO-O-------
-O---------------------------OO---------
-----------------------------O----------
---OOO----------------OO-------------OOO
----------------------OO-----OO---------
-O-------------------------OO---O-------
-O--------------------------OOOOO-------
-O---------------------------OO---------
----------------------------------------
-----------------------------------OO---
----------------------------------O--O--
----------------------------------OO-OO-
----------------------------------------
------------------------------------OO-O
--O----------------------------------O-O
----------------------------OOO--------O
-OO---------------------OO-OO-O--------O
O---------OO-----------O--OO-----------O
O---------OO------------O--O-----------O

Life - generation  860 

\u001b[H
-O-----------------------O-------------O
OO---------------------------OOO--------
OO--------------------------O--O--------
----O------------------------OO-------O-
----O-----------------OO-----OO-------O-
----O-----------------OO----OO--------O-
---------------------------O----O-------
OOO------------------------O----O-------
----------------------------O-----------
----------------------------------------
-----------------------------------OO---
----------------------------------O--OO-
----------------------------------OOOOO-
-----------------------------------O----
------------------------------------OO--
O----------------------------O------OO-O
-OO------------------------OO-O--------O
-O----------------------OO----O-------OO
----------OO-----------O--------------O-
O---------OO-----------OO--O-----------O

Life - generation  861 

\u001b[H
-O----------------------O-----O--------O
--O--------------------------OOO-------O
OO--------------------------O--O-------O
----------------------------O--O-------O
---OOO----------------OO-------------OOO
----------------------OO----OOO---------
-O-------------------------O------------
-O-------------------------OO-----------
-O--------------------------------------
----------------------------------------
-----------------------------------OOO--
----------------------------------O---O-
----------------------------------O---O-
----------------------------------O---O-
-----------------------------------O-OO-
OO--------------------------OO------OO-O
-OO-------------------------O-O------O--
-OO---------------------O----O--------OO
----------OO-----------O-O------------O-
O---------OO-----------OO-------------OO

Life - generation  862 

\u001b[H
-O---------------------OO----OOO--------
--O--------------------------O-O------OO
-O--------------------------O--OO-----OO
----O-----------------------------------
----O-----------------OO----O-O-------OO
----O-----------------OO----OO--------O-
---------------------------O------------
OOO------------------------OO-----------
----------------------------------------
------------------------------------O---
-----------------------------------OOO--
----------------------------------O-O-O-
---------------------------------OOO-OOO
----------------------------------OO--OO
O----------------------------------O----
OOO-------------------------OO---------O
----------------------------O-O-----OO--
OOO---------------------O----O-------OOO
-O--------OO-----------O-O-----------O--
O---------OO-----------O-O------------O-

Life - generation  863 

\u001b[H
OO---------------------OO----O-O------O-
-OO-------------------------OO--------OO
O-----------------------------OOO-----OO
O----------------------------O-O--------
---OOO----------------OO----O---------OO
----------------------OO---OOO--------OO
-O-------------------------O-O----------
-O-------------------------OO-----------
-O--------------------------------------
-----------------------------------OOO--
----------------------------------------
---------------------------------O-----O
---------------------------------O------
O--------------------------------O---O--
----------------------------------OO--O-
OO--------------------------OO------O--O
----------------------------O-O-----OO--
OOO---------------------O----O---------O
--O-------OO-----------O-O-----------O--
OO--------OO----------OO-O----O---------

Life - generation  864 

\u001b[H
----------------------OOO---OO--------O-
--O-------------------------OO--O----O--
----------------------------O--OO-----O-
O---O------------------------O-OO-------
O---O-----------------OO---O--O-------O-
O---O-----------------OO---O-O--------OO
O-------------------------O--O----------
OOO------------------------OO-----------
------------------------------------O---
------------------------------------O---
------------------------------------O---
----------------------------------------
--------------------------------OOO-----
---------------------------------O------
-O--------------------------------OOOOO-
O---------------------------OO------O-OO
--O-------------------------O-O-----OOO-
OOO---------------------O----O------OOO-
--O-------OO----------OO-O-------------O
O-O-------OO----------O--O----O--------O

Life - generation  865 

\u001b[H
-O--------------------OOO---O-O-------OO
-----------------------O---O--OOO----OO-
----------------------------O----O------
----------------------------OO--O-------
OO-OOO----------------OO-----OOO------O-
OO--------------------OO--OO-OO-------O-
--------------------------O--O----------
OO-------------------------OO-----------
-O--------------------------------------
-----------------------------------OOO--
----------------------------------------
---------------------------------O------
--------------------------------OOO-----
--------------------------------O---OO--
O---------------------------------OOO-O-
OO--------------------------OO----------
--O-------------------------O-O----O----
O-OO-------------------OO----O------O---
--OO------OO----------OO-O-----------O--
OO--------OO---------O---O---O--------OO

Life - generation  866 

\u001b[H
-O--------------------OOO---O-O---------
----------------------OOO--OO-OOO----OOO
---------------------------OO-O--O------
----O-----------------------O--OO-------
OOO-O-----------------OO---O---O--------
OOO-O-----------------OO--OO---O--------
--------------------------O--OO--------O
OO-------------------------OO-----------
OO----------------------------------O---
------------------------------------O---
------------------------------------O---
--------------------------------OOO-----
--------------------------------O-O-----
--------------------------------O---OO--
OO---------------------------------OO--O
OO--------------------------OO----O-O--O
O-OO------------------------O-O---------
----------------------OOO----O------O---
---O------OO----------OO-O-----------OO-
-O--------OO---------O---O---O-------O--

Life - generation  867 

\u001b[H
O--------------------O---O-OO-O------O--
----------------------O-O-----O-O-----O-
-----------------------O------O--O----O-
-O-O------------------------OOOOO-------
O-O-OO----------------OO--OOO-OO--------
--O-------------------OO--OOO--O-------O
--O-----------------------O--OO--------O
-O-------------------------OOO---------O
OO--------------------------------------
-----------------------------------OOO--
---------------------------------O-O----
--------------------------------O-OO----
-------------------------------OO-OO----
O--------------------------------O--OO--
-O------------------------------------OO
----------------------------OO------O---
O-O--------------------O----O-O----O---O
--OO------------------O-O----O-------O--
----------OO---------O---O----------OOO-
--O-------OO---------O---O---O-------OO-

Life - generation  868 

\u001b[H
---------------------OO-OOO-O-OO-----O-O
----------------------OOO-----O------OOO
-----------------------O---------O------
-OOOO-----------------OO----O---O-------
O-O-O-----------------OO--O-------------
O-O-------------------OO-O-----O-------O
-OO-----------------------O---O-------OO
-OO------------------------OOOO--------O
OO--------------------------O-------O---
----------------------------------OOO---
---------------------------------O------
-------------------------------OO---O---
-------------------------------OO-------
O-------------------------------OOOOOOOO
O-----------------------------------O-OO
-O--------------------------OO--------O-
-OOO-------------------O----O-O-----O---
-OOO------------------OOO----O-------O-O
--OO------OO---------OO-OO----------O---
----------OO--------OOO-OO--OO---------O

Life - generation  869 

\u001b[H
O-------------------O-----OOO-OO-----O-O
---------------------O-------OOO-----O-O
--OO----------------------------------O-
-OO-O-------------------O---------------
O---O----------------O-----------------O
--O-------------------OOOOO-----------O-
---O----------------------OOO-OO------O-
---------------------------OO-O-------OO
OOO------------------------OO-------O---
----------------------------------OOO---
--------------------------------OOO-O---
-------------------------------O-O------
----------------------------------O---OO
O------------------------------OOOOOO---
-O-------------------------------OO-O---
-O--------------------------OO--------O-
---O------------------OOO---O-O------OO-
O---O----------------O---O---O------OO--
OO-O------OO--------O-------OO--------O-
----------OO--------O------OOOO-------O-

Life - generation  870 

\u001b[H
O-------------------OO----O----------O-O
O--------------------------OOO-O-----O-O
-OOO--------------------------O-------O-
OOO-O----------------------------------O
O-O-------------------O----------------O
---O------------------OOOOO-----------O-
-----------------------OO---O-OO-----OO-
OOO---------------------------OO-----OOO
OO-------------------------OOO------OO-O
-O--------------------------------O-OO--
--------------------------------O---O---
-----------------------------------O----
-------------------------------O-------O
O-------------------------------O---OO-O
OO----------------------------------OO--
--O--------------------O----OO--------O-
----------------------OOO---O-O-----O-OO
OOOOO----------------OOOO-----O-----O---
OO--------OO--------OO-----O----------O-
-O--------OO-------OOO----O----O-----OO-

Life - generation  871 

\u001b[H
-O-----------------O-O----O-O-O-----OO--
--O------------------------OOOO------O--
---O------------------------OOO-------O-
--------------------------------------O-
--O-------------------O-OO------------O-
----------------------O--O-----------OO-
OOO-------------------O------OOO--------
--O------------------------O---O--------
----------------------------OOO----O----
-O--------------------------O---------O-
------------------------------------OO--
----------------------------------------
O-----------------------------------O-OO
-O----------------------------------OO-O
OO----------------------------------O---
OO--------------------OOO---OO------O-O-
O--------------------O------O-O-------OO
--OO----------------O---O----O--------O-
---O------OO-------O---O--------------O-
-O--------OO-------O--O---OO---------O--

Life - generation  872 

\u001b[H
-OO-----------------O-----O---O-----OOO-
--O----------------------------O----OOO-
---------------------------O--O------OO-
-----------------------------O-------OOO
-----------------------OOO------------OO
--O------------------OO-OO----O------OOO
-OO---------------------------OO--------
--O----------------------------O--------
---------------------------OOOO---------
----------------------------O-------OO--
-------------------------------------O--
------------------------------------O-OO
O-----------------------------------O-OO
-O---------------------------------OO---
--O--------------------O-----------OO-O-
----------------------OO----OO--------O-
O-O------------------OO-O---O-O-------O-
--OO----------------O--------O-------OO-
---O------OO-------OO--O-------------OO-
--O-------OO------OO--O---OO--------OOO-

Life - generation  873 

\u001b[H
-OOO---------------O------OO-------O---O
-OO---------------------------OO-------O
------------------------------O---------
------------------------O---------------
O---------------------OO-O--------------
OOO-------------------O--O----OO-----O-O
-OOO--------------------------OO------O-
-OO-------------------------O--O--------
---------------------------OOOO---------
---------------------------OO-------OO--
----------------------------------------
O-----------------------------------O---
O-----------------------------------O-O-
OO------------------------------------O-
----------------------OO-----------OO---
-O-------------------O--O---OO--------O-
-OOO-----------------OO-----O-O-------O-
-OOO---------------OO-OO-----O----------
---O------OO------O-OO-----------------O
-OOO------OO------O--O----OO-----------O

Life - generation  874 

\u001b[H
--------------------------OO----------OO
-O-O--------------------------OO--------
------------------------------OO--------
-----------------------OO---------------
O---------------------OO-O-------------O
---O------------------OOO-----OO------OO
---O-------------------------O--O-----OO
-O-O-----------------------OO--O--------
------------------------------O---------
---------------------------O------------
------------------------------------OO--
-------------------------------------O-O
O---------------------------------------
OO---------------------------------OO---
OO--------------------OO-------------O-O
-O-------------------O------OO-------O--
O--O------------------------O-O---------
OO--O--------------O---O-----O----------
----O-----OO------O---------------------
-O--O-----OO------O--O----OO----------OO

Life - generation  875 

\u001b[H
--O-----------------------OO----------OO
------------------------------OO--------
------------------------------OO--------
----------------------OOO---------------
O------------------------O------------OO
----------------------O-O-----OO--------
O--OO------------------O----OO--O-----OO
--O-------------------------OOOO--------
---------------------------OO-----------
----------------------------------------
------------------------------------OOO-
------------------------------------OOO-
OO----------------------------------O--O
------------------------------------O---
--O-------------------O--------------OOO
-OO-------------------O-----OO--------OO
O-O-------------------------O-O---------
OO-OO------------------------O----------
-O-OOO----OO------OO-------------------O
O---------OO--------------OO----------OO

Life - generation  876 

\u001b[H
O-------------------------OO----------O-
------------------------------OO--------
-----------------------O------OO--------
-----------------------OO--------------O
----------------------O--O-------------O
-----------------------OO----OOO--------
---O-------------------O----O---O------O
---O--------------------------OO-------O
---------------------------OO-O---------
-------------------------------------O--
------------------------------------O-O-
O----------------------------------O----
O----------------------------------OO-OO
-O----------------------------------O---
OOO----------------------------------O-O
--OO------------------------OO-------O--
----------------------------O-O---------
-----O-----------------------O---------O
-O-O-O----OO--------------------------O-
-OOOO-----OO--------------OO------------

Life - generation  877 

\u001b[H
-OOO----------------------OO------------
------------------------------OO--------
-----------------------OO-----OO--------
----------------------OOO---------------
----------------------O--O----O---------
----------------------OOO----OOO--------
-----------------------OO-------O-------
---------------------------OO-OO--------
-----------------------------OOO--------
-------------------------------------O--
------------------------------------OO--
O----------------------------------O--O-
OO---------------------------------OOO-O
--O--------------------------------OO---
O--O--------------------------------OOO-
O-OO------------------------OO--------O-
----------------------------O-O---------
----O------------------------O----------
OO-O-O----OO----------------------------
OO-OO-----OO--------------OO-----------O

Life - generation  878 

\u001b[H
-O-OO---------------------OO------------
--O---------------------------OO--------
----------------------O-O-----OO--------
----------------------O--O----OO--------
---------------------O---O---OOO--------
----------------------O--O---OOO--------
----------------------O-O---O---O-------
----------------------------O---O-------
----------------------------OO-O--------
------------------------------O-----OO--
------------------------------------OOO-
OO---------------------------------O--O-
OO--------------------------------O--OOO
--O-------------------------------------
---O-------------------------------OO-O-
-OOO------------------------OO--------O-
---O------------------------O-O---------
----O------------------------O----------
-O-O-O----OO---------------------------O
----------OO--------------OO-----------O

Life - generation  879 

\u001b[H
--OO----------------------OO------------
--OO--------------------------OO--------
-----------------------O-----O--O-------
---------------------OOOOO------O-------
---------------------OO-OOO-----O-------
---------------------OOOOO--O---O-------
-----------------------O----O-O-O-------
---------------------------OO--OO-------
----------------------------OOOO--------
-----------------------------OO-----O-O-
-----------------------------------O--OO
-O---------------------------------O----
--O----------------------------------OO-
OOO--------------------------------OO---
-O-O---------------------------------O--
---OO-----------------------OO-------O--
---OO-----------------------O-O---------
--OOO------------------------O----------
O---O-----OO----------------------------
---O------OO--------------OO------------

Life - generation  880 

\u001b[H
----O---------------------OO------------
--OO--------------------------OO--------
-----------------------O------O-O-------
---------------------O----O----OOO------
--------------------O-----O----OOO------
---------------------O----OO-O--OO------
-----------------------O----O---OO------
---------------------------O----O-------
---------------------------O----O-------
----------------------------O--O-----OOO
-----------------------------------OOOOO
------------------------------------OO-O
O-O--------------------------------O-O--
O--O--------------------------------O-O-
OO-OO--------------------------------O--
----------------------------OO----------
-----O----------------------O-O---------
--O--O-----------------------O----------
--O-O-----OO----------------------------
--OOO-----OO--------------OO------------

Life - generation  881 

\u001b[H
----O---------------------OO------------
---O--------------------------OO--------
------------------------------O--O------
------------------------------O---------
--------------------OO---OO---O---O-----
--------------------------OOO-----O-----
--------------------------O-O--O--------
---------------------------OO--OO-------
---------------------------OO--OO-----O-
---------------------------------------O
O----------------------------------O----
O--------------------------------------O
OO---------------------------------O----
O--OO-------------------------------O-O-
OOOOO--------------------------------O-O
----O-----------------------OO----------
----------------------------O-O---------
---OOO-----------------------O----------
-OO-OO----OO----------------------------
--O-OO----OO--------------OO------------

Life - generation  882 

\u001b[H
----OO--------------------OO------------
------------------------------OO--------
-----------------------------OO---------
-----------------------------OOO--------
-------------------------OO--O----------
----------------------------OO----------
--------------------------O--O-OO-------
--------------------------O--OO---------
---------------------------OO--OO-------
---------------------------------------O
O---------------------------------------
---------------------------------------O
-O--------------------------------------
----O-------------------------------OOO-
OOO--O-------------------------------OOO
OOO-O-----------------------OO----------
---O-O----------------------O-O---------
--OO-O-----------------------O----------
-OO---O---OO----------------------------
-OO-------OO--------------OO------------

Life - generation  883 

\u001b[H
--------------------------OO------------
-----------------------------OOO--------
----------------------------------------
----------------------------O--O--------
----------------------------------------
-------------------------OOOOO----------
---------------------------O---O--------
--------------------------O--O----------
---------------------------OOOOO--------
----------------------------------------
O--------------------------------------O
O---------------------------------------
-------------------------------------OO-
--O---------------------------------O---
--O-OO------------------------------O---
----OO----------------------OO--------O-
-----O----------------------O-O---------
-O-O-OO----------------------O----------
----------OO----------------------------
-OOO-O----OO--------------OO------------

Life - generation  884 

\u001b[H
--O-----------------------OOO-O---------
------------------------------O---------
-----------------------------O-O--------
----------------------------------------
--------------------------O--O----------
--------------------------OOO-----------
-------------------------O---OO---------
--------------------------O--O-O--------
---------------------------OOOO---------
----------------------------OOO---------
O--------------------------------------O
O-------------------------------------O-
-------------------------------------O--
---O--------------------------------O---
----OO-------------------------------O--
---O--O---------------------OO----------
----------------------------O-O---------
----OOO----------------------O----------
-O-O-OO---OO----------------------------
--O-------OO--------------OO------------

Life - generation  885 

\u001b[H
--------------------------O-OO----------
---------------------------OO-OO--------
------------------------------O---------
------------------------------O---------
--------------------------O-O-----------
-------------------------OOOO-O---------
-------------------------O---OO---------
--------------------------OO---O--------
---------------------------O---O--------
---------------------------O--O---------
O----------------------------O---------O
O-------------------------------------O-
-------------------------------------O--
----O-------------------------------OO--
---OOO----------------------------------
----OO----------------------OO----------
----O-O---------------------O-O---------
----O-O----------------------O----------
--OO--O---OO----------------------------
-OOO------OO--------------O-O-----------

Life - generation  886 

\u001b[H
--O-----------------------O---O---------
---------------------------OO-OO--------
------------------------------O---------
-----------------------------O----------
-------------------------OO-O-----------
-------------------------O--O-O---------
-------------------------O---OOO--------
--------------------------OOO--O--------
---------------------------OO-OO--------
----------------------------O-O---------
O--------------------------------------O
O-------------------------------------O-
------------------------------------OOO-
---OOO------------------------------OO--
---O------------------------------------
------O---------------------OO----------
---OO-O---------------------O-O---------
----O-OO---------------------O----------
-O--OO----OO----------------------------
-O-O------OO----------------OO----------

Life - generation  887 

\u001b[H
--O---------------------------OO--------
---------------------------O--OO--------
----------------------------O-OO--------
-----------------------------O----------
-------------------------OOOO-----------
------------------------OO-OO-OO--------
-------------------------O-----O--------
--------------------------O-----O-------
--------------------------O---OO--------
---------------------------OO-OO--------
O--------------------------------------O
O-------------------------------------O-
----O-------------------------------O-OO
---OO-------------------------------O-O-
---O-O----------------------------------
---OOO----------------------OO----------
---OO-O---------------------O-O---------
------OO---------------------O----------
--OOOOO---OO----------------OO----------
-O-OO-----OO-----------------O----------

Life - generation  888 

\u001b[H
--OO-------------------------O-O--------
--------------------------------O-------
----------------------------O--O--------
--------------------------O--OO---------
------------------------OO----O---------
------------------------O---OOOO--------
------------------------OO-O--OOO-------
-------------------------OO---O-O-------
--------------------------O--OO-O-------
---------------------------O-OOO--------
O--------------------------------------O
O------------------------------------OO-
---OO---------------------------------O-
---O-O--------------------------------OO
--O--O----------------------------------
--O---O---------------------OO----------
---O--OO--------------------O-O---------
--O----O----------------------O---------
--O---OO--OO----------------OOO---------
-O--------OO----------------OO----------

Life - generation  889 

\u001b[H
--O-------------------------OOO---------
------------------------------OOO-------
-----------------------------OOO--------
-------------------------O---OOO--------
------------------------OO--O-----------
-----------------------O--O-O---O-------
------------------------O--OO---O-------
------------------------O--O----OO------
-------------------------OOOO---O-------
----------------------------OO-O--------
O-----------------------------O-------OO
O------------------------------------OO-
---OO-----------------------------------
--OO-O--------------------------------OO
--OOOOO---------------------------------
--OO-OOO--------------------OO----------
--OO--OO--------------------O-O---------
--OO----O-------------------O-OO--------
-OO---OO--OO----------------O-O---------
-O-O------OO----------------------------

Life - generation  890 

\u001b[H
--O--------------------------OO---------
----------------------------O---O-------
----------------------------------------
------------------------OO--O--O--------
------------------------OOOOO-OO--------
-----------------------O--O-OO----------
-----------------------OOOO-O--OO-------
------------------------O------OOO------
-------------------------OO--O-OOO------
--------------------------O-OOOO-------O
O----------------------------OO------OO-
O------------------------------------OO-
--OOO--------------------------------O--
------O---------------------------------
-O-----O--------------------------------
-O--------------------------OO----------
-O---O--O------------------OO-OO--------
--------O------------------OO-OO--------
-O-----O-OOO------------------OO--------
-O-O------OO----------------O-O---------

Life - generation  891 

\u001b[H
--O-------------------------O-OO--------
-----------------------------O----------
----------------------------------------
------------------------O---OOOO--------
-----------------------O------OO--------
-----------------------O--------O-------
-----------------------O--O-OOOO-O------
-----------------------O---O------------
-------------------------OOOOO---O------
-------------------------OOOO---------OO
O---------------------------O--O-----O--
-O-O--------------------------------O---
---O---------------------------------OO-
--OO------------------------------------
----------------------------------------
OOO------------------------OOOO---------
-------------------------------O--------
-------OO-O----------------OO---O-------
--O-----OO-O---------------OO-----------
-O-------O-O----------------------------

Life - generation  892 

\u001b[H
-----------------------------OO---------
-----------------------------OO---------
----------------------------O-----------
-----------------------------O-O--------
-----------------------OO-------O-------
----------------------OOO-------O-------
----------------------OOO--OOOOOO-------
------------------------OO------O-------
------------------------OO---O----------
-------------------------O------------OO
O-------------------------O-O--------OOO
--O---------------------------------O-O-
---OO--------------------------------O--
--OO------------------------------------
---O------------------------OO----------
-O--------------------------OOO---------
-O----------------------------OO--------
-------OO-O----------------OO-----------
-------O---O---------------OO-----------
-OO-----OO-----------------OOO----------

Life - generation  893 

\u001b[H
----------------------------------------
----------------------------O-O---------
----------------------------O-----------
----------------------------------------
----------------------O-O------OO-------
-------------------------O--OOO-OO------
----------------------O-----OOO-OO------
--------------------------O-----O-------
--------------------------O-------------
O-----------------------OOO----------O--
O---------------------------------------
---O--------------------------------O---
----O--------------------------------O--
--O-------------------------------------
---O------------------------O-O---------
--O-------------------------O--O--------
---------------------------O--OO--------
-------OO------------------OOO----------
-------O--O---------------O-------------
--------O------------------O--O---------

Life - generation  894 

\u001b[H
-----------------------------O----------
-----------------------------O----------
-----------------------------O----------
----------------------------------------
-----------------------------OOOOO------
-----------------------O----O-----------
---------------------------OO-O---------
---------------------------O-O-OOO------
--------------------------OO------------
-------------------------OO-------------
-------------------------O--------------
----------------------------------------
---O------------------------------------
---O------------------------------------
--OO-------------------------O----------
---------------------------OO--O--------
---------------------------O--OO--------
-------OO-----------------OOOOO---------
-------O-O----------------O--O----------
----------------------------------------

Life - generation  895 

\u001b[H
----------------------------------------
----------------------------OOO---------
----------------------------------------
-----------------------------O-OO-------
-----------------------------OOOO-------
---------------------------OO---O-------
---------------------------O--OOO-------
-----------------------------OOOO-------
-------------------------O-OO---O-------
-------------------------O-O------------
-------------------------OO-------------
----------------------------------------
----------------------------------------
---OO-----------------------------------
--OO------------------------O-----------
---------------------------OOO-O--------
-------------------------------O--------
-------OO-----------------O----O--------
-------O------------------O--OO---------
----------------------------------------

Life - generation  896 

\u001b[H
-----------------------------O----------
-----------------------------O----------
----------------------------O--O--------
-----------------------------O--O-------
-----------------------------O---O------
---------------------------OO----O------
---------------------------O-----O------
--------------------------OO-O---O------
---------------------------OOOO-O-------
------------------------OO-OO-----------
-------------------------OO-------------
----------------------------------------
----------------------------------------
--OOO-----------------------------------
--OOO----------------------OOO----------
---------------------------OOOO---------
---------------------------OO--OO-------
-------OO----------------------O--------
-------OO---------------------O---------
----------------------------------------

Life - generation  897 

\u001b[H
----------------------------------------
----------------------------OOO---------
----------------------------OOO---------
----------------------------OOO-O-------
-----------------------------O--OO------
---------------------------OO---OOO-----
--------------------------------OOO-----
--------------------------O--OO-OO------
-------------------------O----O---------
------------------------OO--------------
------------------------OOOO------------
----------------------------------------
---O------------------------------------
--O-O-----------------------O-----------
--O-O----------------------O--O---------
---O----------------------O---OO--------
---------------------------O---OO-------
-------OO---------------------OOO-------
-------OO-------------------------------
----------------------------------------

Life - generation  898 

\u001b[H
-----------------------------O----------
----------------------------O-O---------
---------------------------O------------
--------------------------------OO------
---------------------------O--O---O-----
----------------------------O--O--------
---------------------------OOO----------
-----------------------------OO-O-O-----
------------------------OOO--OOO--------
----------------------------------------
------------------------O-O-------------
-------------------------OO-------------
---O------------------------------------
--O-O-----------------------------------
--O-O----------------------O-OOO--------
---O----------------------OO--O-O-------
----------------------------------------
-------OO---------------------O-O-------
-------OO----------------------O--------
----------------------------------------

Life - generation  899 

\u001b[H
-----------------------------O----------
----------------------------OO----------
----------------------------------------
---------------------------------O------
-------------------------------OOO------
------------------------------O---------
---------------------------O---O--------
-------------------------OOO------------
-------------------------O---O-O--------
------------------------O-O---O---------
--------------------------O-------------
-------------------------OO-------------
---O------------------------------------
--O-O-------------------------O---------
--O-O---------------------OOOOOO--------
---O----------------------OOOOO---------
----------------------------------------
-------OO----------------------O--------
-------OO----------------------O--------
----------------------------------------

Life - generation  900 

\u001b[H
----------------------------OO----------
----------------------------OO----------
----------------------------------------
---------------------------------O------
-------------------------------OOO------
------------------------------O---------
---------------------------O------------
-------------------------O-OO-O---------
------------------------O--O--O---------
--------------------------O---O---------
--------------------------OO------------
-------------------------OO-------------
---O------------------------------------
--O-O----------------------OO-OO--------
--O-O---------------------O----O--------
---O----------------------O----O--------
---------------------------OOOO---------
-------OO-------------------------------
-------OO-------------------------------
----------------------------------------

Life - generation  901 

\u001b[H
----------------------------OO----------
----------------------------OO----------
----------------------------------------
---------------------------------O------
-------------------------------OOO------
-------------------------------OO-------
--------------------------OOOO----------
---------------------------OOO----------
-------------------------O-OO-OO--------
-------------------------OO-------------
---------------------------O------------
-------------------------OOO------------
---O----------------------OO------------
--O-O----------------------O--OO--------
--O-O---------------------O----OO-------
---O----------------------O-OO-O--------
---------------------------OOOO---------
-------OO-------------------OO----------
-------OO-------------------------------
----------------------------------------

Life - generation  902 

\u001b[H
----------------------------OO----------
----------------------------OO----------
----------------------------------------
---------------------------------O------
-------------------------------O-O------
---------------------------OO-OO-O------
--------------------------O--OO---------
----------------------------------------
-------------------------O----O---------
-------------------------O--O-----------
---------------------------O------------
-------------------------O--O-----------
---O---------------------O--O-----------
--O-O----------------------O--OOO-------
--O-O---------------------O-OO--O-------
---O----------------------O----OO-------
----------------------------------------
-------OO------------------O--O---------
-------OO-------------------------------
----------------------------------------

Life - generation  903 

\u001b[H
----------------------------OO----------
----------------------------OO----------
----------------------------------------
--------------------------------O-------
------------------------------OO-OO-----
---------------------------OO--O--------
---------------------------OOOOO--------
-----------------------------OO---------
----------------------------------------
--------------------------O-------------
--------------------------OOO-----------
--------------------------OOO-----------
---O----------------------OOOO-O--------
--O-O---------------------OO--OOO-------
--O-O---------------------O-OO---O------
---O-----------------------O---OO-------
-------------------------------O--------
-------OO-------------------------------
-------OO-------------------------------
----------------------------------------

Life - generation  904 

\u001b[H
----------------------------OO----------
----------------------------OO----------
----------------------------------------
-------------------------------OOO------
------------------------------OO-O------
---------------------------O------------
---------------------------O---O--------
-------------------------------O--------
----------------------------------------
--------------------------O-------------
-------------------------O--O-----------
-------------------------O--------------
---O---------------------O---O-OO-------
--O-O--------------------O-----OO-------
--O-O---------------------O-OO---O------
---O-----------------------OO-OOO-------
-------------------------------OO-------
-------OO-------------------------------
-------OO-------------------------------
----------------------------------------

Life - generation  905 

\u001b[H
----------------------------OO----------
----------------------------OO----------
--------------------------------O-------
------------------------------OO-O------
------------------------------OO-O------
------------------------------OOO-------
----------------------------------------
----------------------------------------
----------------------------------------
----------------------------------------
-------------------------OO-------------
------------------------OOO-------------
---O--------------------OOO---OOO-------
--O-O--------------------OO-OO-O-O------
--O-O---------------------O-OO---O------
---O-----------------------OO-O--O------
------------------------------O-O-------
-------OO-------------------------------
-------OO-------------------------------
----------------------------------------

Life - generation  906 

\u001b[H
----------------------------OO----------
----------------------------OO----------
-----------------------------OOOO-------
------------------------------O--O------
-----------------------------O---O------
------------------------------O-O-------
-------------------------------O--------
----------------------------------------
----------------------------------------
----------------------------------------
------------------------O-O-------------
---------------------------O---O--------
---O-------------------------OOOO-------
--O-O-------------------O---O--O-O------
--O-O--------------------OO------OO-----
---O-----------------------OO-OOOO------
-----------------------------O-O--------
-------OO-------------------------------
-------OO-------------------------------
----------------------------------------

Life - generation  907 

\u001b[H
----------------------------OO----------
-------------------------------O--------
----------------------------O--OO-------
---------------------------------O------
-----------------------------OOOOO------
------------------------------OOO-------
-------------------------------O--------
----------------------------------------
----------------------------------------
----------------------------------------
----------------------------------------
-------------------------------OO-------
---O------------------------OO----------
--O-O--------------------O---O-O-OO-----
--O-O--------------------OO-OOO---O-----
---O----------------------OOOOOO-OO-----
----------------------------OO-O--------
-------OO-------------------------------
-------OO-------------------------------
----------------------------------------

Life - generation  908 

\u001b[H
----------------------------------------
----------------------------OOOOO-------
-------------------------------OO-------
-----------------------------O---O------
-----------------------------O---O------
-----------------------------O---O------
------------------------------OOO-------
----------------------------------------
----------------------------------------
----------------------------------------
----------------------------------------
----------------------------------------
---O------------------------OO-O-O------
--O-O--------------------OOO-----OO-----
--O-O--------------------O---------O----
---O---------------------OO----OOOO-----
-------------------------------OO-------
-------OO-------------------------------
-------OO-------------------------------
----------------------------------------

Life - generation  909 

\u001b[H
-----------------------------OOO--------
-----------------------------OO-O-------
----------------------------O----O------
------------------------------O--O------
----------------------------OOO-OOO-----
-----------------------------O-O-O------
------------------------------OOO-------
-------------------------------O--------
----------------------------------------
----------------------------------------
----------------------------------------
----------------------------------------
---O----------------------OOO---OOO-----
--O-O--------------------OOOO---OOO-----
--O-O-------------------O--O-------O----
---O---------------------OO----O-OO-----
-------------------------------O--------
-------OO-------------------------------
-------OO-------------------------------
----------------------------------------

Life - generation  910 

\u001b[H
-----------------------------O-O--------
----------------------------O---O-------
------------------------------OOOO------
----------------------------O-OO--------
----------------------------O-----O-----
----------------------------O-----O-----
----------------------------------------
------------------------------OOO-------
----------------------------------------
----------------------------------------
----------------------------------------
---------------------------O-----O------
---O---------------------O--O---O-O-----
--O-O--------------------O------O--O----
--O-O-------------------O---O------O----
---O---------------------OO-----O-O-----
--------------------------------O-------
-------OO-------------------------------
-------OO-------------------------------
------------------------------O---------

Life - generation  911 

\u001b[H
-----------------------------OOO--------
-----------------------------O---O------
------------------------------O--O------
------------------------------O--O------
---------------------------OO-----------
----------------------------------------
-------------------------------O--------
-------------------------------O--------
-------------------------------O--------
----------------------------------------
----------------------------------------
---------------------------------O------
---O----------------------O-----O-O-----
--O-O-------------------OO-------OOO----
--O-O-------------------O-O------OOO----
---O---------------------O-------O------
---------------------------------O------
-------OO-------------------------------
-------OO-------------------------------
------------------------------O---------

Life - generation  912 

\u001b[H
-----------------------------O-O--------
-----------------------------O-OO-------
-----------------------------OO-OOO-----
-----------------------------O----------
----------------------------------------
----------------------------------------
----------------------------------------
------------------------------OOO-------
----------------------------------------
----------------------------------------
----------------------------------------
---------------------------------O------
---O---------------------O------O--O----
--O-O-------------------O-O-----O-------
--O-O-------------------O-O-----O--O----
---O---------------------O------OO------
----------------------------------------
-------OO-------------------------------
-------OO-------------------------------
-----------------------------OOO--------

Life - generation  913 

\u001b[H
----------------------------OO----------
----------------------------OO----------
----------------------------OO--OO------
-----------------------------OO--O------
----------------------------------------
----------------------------------------
-------------------------------O--------
-------------------------------O--------
-------------------------------O--------
----------------------------------------
----------------------------------------
----------------------------------------
---O---------------------O------OO------
--O-O-------------------O-O----OOO------
--O-O-------------------O-O----OO-------
---O---------------------O------OO------
----------------------------------------
-------OO-------------------------------
-------OO---------------------O---------
-----------------------------O-O--------

Life - generation  914 

\u001b[H
----------------------------------------
---------------------------O--O---------
--------------------------------OO------
----------------------------OOO-OO------
----------------------------------------
----------------------------------------
----------------------------------------
------------------------------OOO-------
----------------------------------------
----------------------------------------
----------------------------------------
----------------------------------------
---O---------------------O-----O-O------
--O-O-------------------O-O-------------
--O-O-------------------O-O-------------
---O---------------------O-----OOO------
----------------------------------------
-------OO-------------------------------
-------OO---------------------O---------
----------------------------OO----------

Life - generation  915 

\u001b[H
----------------------------OO----------
----------------------------------------
----------------------------O-O-OO------
-----------------------------O-OOO------
-----------------------------O----------
----------------------------------------
-------------------------------O--------
-------------------------------O--------
-------------------------------O--------
----------------------------------------
----------------------------------------
----------------------------------------
---O---------------------O--------------
--O-O-------------------O-O-------------
--O-O-------------------O-O-----O-------
---O---------------------O------O-------
--------------------------------O-------
-------OO-------------------------------
-------OO--------------------O----------
-----------------------------O----------

Life - generation  916 

\u001b[H
----------------------------OO----------
----------------------------O-----------
-----------------------------OO--O------
----------------------------OO-O-O------
------------------------------O-O-------
----------------------------------------
----------------------------------------
------------------------------OOO-------
----------------------------------------
----------------------------------------
----------------------------------------
----------------------------------------
---O---------------------O--------------
--O-O-------------------O-O-------------
--O-O-------------------O-O-------------
---O---------------------O-----OOO------
----------------------------------------
-------OO-------------------------------
-------OO-------------------------------
-----------------------------OO---------

Life - generation  917 

\u001b[H
----------------------------O-O---------
----------------------------O-O---------
------------------------------O-O-------
----------------------------O--O-O------
-----------------------------OOOO-------
----------------------------------------
-------------------------------O--------
-------------------------------O--------
-------------------------------O--------
----------------------------------------
----------------------------------------
----------------------------------------
---O---------------------O--------------
--O-O-------------------O-O-------------
--O-O-------------------O-O-----O-------
---O---------------------O------O-------
--------------------------------O-------
-------OO-------------------------------
-------OO-------------------------------
----------------------------OOO---------

Life - generation  918 

\u001b[H
---------------------------OO-OO--------
------------------------------O---------
------------------------------O-O-------
---------------------------------O------
-----------------------------OOOO-------
--------------------------------O-------
----------------------------------------
------------------------------OOO-------
----------------------------------------
----------------------------------------
----------------------------------------
----------------------------------------
---O---------------------O--------------
--O-O-------------------O-O-------------
--O-O-------------------O-O-------------
---O---------------------O-----OOO------
----------------------------------------
-------OO-------------------------------
-------OO--------------------O----------
----------------------------O-O---------

Life - generation  919 

\u001b[H
---------------------------OO-OO--------
------------------------------O---------
-------------------------------O--------
-----------------------------O---O------
------------------------------OOOO------
------------------------------O-O-------
--------------------------------O-------
-------------------------------O--------
-------------------------------O--------
----------------------------------------
----------------------------------------
----------------------------------------
---O---------------------O--------------
--O-O-------------------O-O-------------
--O-O-------------------O-O-----O-------
---O---------------------O------O-------
--------------------------------O-------
-------OO-------------------------------
-------OO--------------------O----------
---------------------------OO-OO--------

Life - generation  920 

\u001b[H
---------------------------OO-----------
-----------------------------OO---------
------------------------------O---------
---------------------------------O------
-----------------------------OO--O------
------------------------------O---------
--------------------------------O-------
-------------------------------OO-------
----------------------------------------
----------------------------------------
----------------------------------------
----------------------------------------
---O---------------------O--------------
--O-O-------------------O-O-------------
--O-O-------------------O-O-------------
---O---------------------O-----OOO------
----------------------------------------
-------OO-------------------------------
-------OO-------------------OOO---------
---------------------------O---O--------

Life - generation  921 

\u001b[H
---------------------------OOOO---------
----------------------------OOO---------
-----------------------------OO---------
-----------------------------OO---------
-----------------------------OO---------
-----------------------------OOO--------
--------------------------------O-------
-------------------------------OO-------
----------------------------------------
----------------------------------------
----------------------------------------
----------------------------------------
---O---------------------O--------------
--O-O-------------------O-O-------------
--O-O-------------------O-O-----O-------
---O---------------------O------O-------
--------------------------------O-------
-------OO--------------------O----------
-------OO-------------------OOO---------
---------------------------O--O---------

Life - generation  922 

\u001b[H
---------------------------O---O--------
---------------------------O---O--------
-------------------------------O--------
----------------------------O--O--------
----------------------------O-----------
-----------------------------O-O--------
--------------------------------O-------
-------------------------------OO-------
----------------------------------------
----------------------------------------
----------------------------------------
----------------------------------------
---O---------------------O--------------
--O-O-------------------O-O-------------
--O-O-------------------O-O-------------
---O---------------------O-----OOO------
----------------------------------------
-------OO-------------------OOO---------
-------OO-------------------O-O---------
---------------------------O---O--------

Life - generation  923 

\u001b[H
--------------------------OOO-OOO-------
------------------------------OOO-------
------------------------------OOO-------
----------------------------------------
----------------------------OOO---------
----------------------------------------
------------------------------O-O-------
-------------------------------OO-------
----------------------------------------
----------------------------------------
----------------------------------------
----------------------------------------
---O---------------------O--------------
--O-O-------------------O-O-------------
--O-O-------------------O-O-----O-------
---O---------------------O------O-------
-----------------------------OOOO-------
-------OO-------------------O-O---------
-------OO------------------OO-OO--------
---------------------------OO-OO--------

Life - generation  924 

\u001b[H
--------------------------O-O-----------
---------------------------O-----O------
------------------------------O-O-------
----------------------------------------
-----------------------------O----------
------------------------------OO--------
--------------------------------O-------
-------------------------------OO-------
----------------------------------------
----------------------------------------
----------------------------------------
----------------------------------------
---O---------------------O--------------
--O-O-------------------O-O-------------
--O-O-------------------O-O-------------
---O---------------------O----O-OO------
-----------------------------OO-O-------
-------OO------------------OO---O-------
-------OO-------------------------------
----------------------------------------

Life - generation  925 

\u001b[H
---------------------------O------------
---------------------------O------------
----------------------------------------
----------------------------------------
------------------------------O---------
------------------------------OO--------
------------------------------O-O-------
-------------------------------OO-------
----------------------------------------
----------------------------------------
----------------------------------------
----------------------------------------
---O---------------------O--------------
--O-O-------------------O-O-------------
--O-O-------------------O-O-------------
---O---------------------O---OO-OO------
----------------------------OOO-O-------
-------OO-------------------OO-O--------
-------OO-------------------------------
----------------------------------------

Life - generation  926 

\u001b[H
----------------------------------------
----------------------------------------
----------------------------------------
----------------------------------------
------------------------------OO--------
-----------------------------OO---------
------------------------------O-O-------
-------------------------------OO-------
----------------------------------------
----------------------------------------
----------------------------------------
----------------------------------------
---O---------------------O--------------
--O-O-------------------O-O-------------
--O-O-------------------O-O-------------
---O---------------------O--O-O-OO------
--------------------------------OO------
-------OO-------------------O--O--------
-------OO-------------------------------
----------------------------------------

Life - generation  927 

\u001b[H
----------------------------------------
----------------------------------------
----------------------------------------
----------------------------------------
-----------------------------OOO--------
-----------------------------O----------
-----------------------------OO-O-------
-------------------------------OO-------
----------------------------------------
----------------------------------------
----------------------------------------
----------------------------------------
---O---------------------O--------------
--O-O-------------------O-O-------------
--O-O-------------------O-OO------------
---O---------------------O-----OOO------
-----------------------------O---O------
-------OO-----------------------O-------
-------OO-------------------------------
----------------------------------------

Life - generation  928 

\u001b[H
----------------------------------------
----------------------------------------
----------------------------------------
------------------------------O---------
-----------------------------OO---------
----------------------------O-----------
-----------------------------OO-O-------
------------------------------OOO-------
----------------------------------------
----------------------------------------
----------------------------------------
----------------------------------------
---O---------------------O--------------
--O-O-------------------O-OO------------
--O-O-------------------O-OO----O-------
---O---------------------OO-----OO------
-------------------------------O-O------
-------OO-------------------------------
-------OO-------------------------------
----------------------------------------

Life - generation  929 

\u001b[H
----------------------------------------
----------------------------------------
----------------------------------------
-----------------------------OO---------
-----------------------------OO---------
----------------------------O--O--------
-----------------------------OO-O-------
-----------------------------OO-O-------
-------------------------------O--------
----------------------------------------
----------------------------------------
----------------------------------------
---O---------------------OO-------------
--O-O-------------------O--O------------
--O-O-------------------O-------OO------
---O---------------------OOO---O-O------
---------------------------------O------
-------OO-------------------------------
-------OO-------------------------------
----------------------------------------

Life - generation  930 

\u001b[H
----------------------------------------
----------------------------------------
----------------------------------------
-----------------------------OO---------
----------------------------O--O--------
----------------------------O--O--------
----------------------------O---O-------
-----------------------------O--O-------
------------------------------OO--------
----------------------------------------
----------------------------------------
----------------------------------------
---O---------------------OO-------------
--O-O-------------------O-O-------------
--O-O-------------------O--O----OO------
---O---------------------OO------OO-----
--------------------------O-----O-------
-------OO-------------------------------
-------OO-------------------------------
----------------------------------------

Life - generation  931 

\u001b[H
----------------------------------------
----------------------------------------
----------------------------------------
-----------------------------OO---------
----------------------------O--O--------
---------------------------OOO-OO-------
----------------------------OO-OO-------
-----------------------------OO-O-------
------------------------------OO--------
----------------------------------------
----------------------------------------
----------------------------------------
---O---------------------OO-------------
--O-O-------------------O-OO------------
--O-O-------------------O--O----OOO-----
---O---------------------OOO------O-----
-------------------------OO------O------
-------OO-------------------------------
-------OO-------------------------------
----------------------------------------

Life - generation  932 

\u001b[H
----------------------------------------
----------------------------------------
----------------------------------------
-----------------------------OO---------
---------------------------O---OO-------
---------------------------O------------
---------------------------O-----O------
----------------------------O---O-------
-----------------------------OOO--------
----------------------------------------
----------------------------------------
----------------------------------------
---O---------------------OOO------------
--O-O-------------------O--O-----O------
--O-O-------------------O---O----OO-----
---O--------------------O--O----O-O-----
-------------------------O-O------------
-------OO-------------------------------
-------OO-------------------------------
----------------------------------------

Life - generation  933 

\u001b[H
----------------------------------------
----------------------------------------
----------------------------------------
------------------------------OO--------
----------------------------O-OO--------
--------------------------OOO---O-------
---------------------------OO-----------
----------------------------OOOOO-------
-----------------------------OOO--------
------------------------------O---------
----------------------------------------
--------------------------O-------------
---O---------------------OOO------------
--O-O-------------------O--OO----OO-----
--O-O------------------OOO-OO---O-O-----
---O--------------------OOOOO-----O-----
--------------------------O-------------
-------OO-------------------------------
-------OO-------------------------------
----------------------------------------

Life - generation  934 

\u001b[H
----------------------------------------
----------------------------------------
----------------------------------------
-----------------------------OOO--------
----------------------------O-O-O-------
--------------------------O----O--------
--------------------------O---O-O-------
---------------------------O----O-------
----------------------------O---O-------
-----------------------------OOO--------
----------------------------------------
-------------------------OOO------------
---O---------------------O--O-----------
--O-O------------------O---------OO-----
--O-O------------------O-----O----OO----
---O-------------------O----O----O------
--------------------------O-------------
-------OO-------------------------------
-------OO-------------------------------
----------------------------------------

Life - generation  935 

\u001b[H
----------------------------------------
----------------------------------------
------------------------------O---------
-----------------------------OOO--------
--------------------------------O-------
---------------------------O-OO-O-------
--------------------------OO----O-------
---------------------------O----OO------
----------------------------OOO-O-------
-----------------------------OOO--------
--------------------------O---O---------
-------------------------OOO------------
---O--------------------OO-O------------
--O-O-------------------O--------OOO----
--O-O-----------------OOO----------O----
---O------------------------------O-----
----------------------------------------
-------OO-------------------------------
-------OO-------------------------------
----------------------------------------

Life - generation  936 

\u001b[H
----------------------------------------
----------------------------------------
-----------------------------OOO--------
-----------------------------OOO--------
----------------------------O---O-------
--------------------------OOO---OO------
--------------------------OO----O-------
--------------------------OO-O--OO------
----------------------------O---OO------
----------------------------O-----------
-------------------------OOO-OOO--------
------------------------O--O------------
---O--------------------O--O------O-----
--O-O-----------------------------OO----
--O-O------------------OO--------O-O----
---O-------------------O----------------
----------------------------------------
-------OO-------------------------------
-------OO-------------------------------
----------------------------------------

Life - generation  937 

\u001b[H
----------------------------------------
------------------------------O---------
-----------------------------O-O--------
----------------------------O---O-------
----------------------------O-O-OO------
--------------------------O-O--OOO------
-------------------------O-----O--------
--------------------------O----O--------
----------------------------OO--OO------
--------------------------O-O-OOO-------
-------------------------OOO-OO---------
------------------------O--O--O---------
---O------------------------------OO----
--O-O------------------OO--------O-O----
--O-O------------------OO----------O----
---O-------------------OO---------------
----------------------------------------
-------OO-------------------------------
-------OO-------------------------------
----------------------------------------

Life - generation  938 

\u001b[H
----------------------------------------
------------------------------O---------
-----------------------------OOO--------
----------------------------O-O-OO------
----------------------------O-----------
---------------------------O-OO--O------
-------------------------OOO--OO--------
------------------------------OO--------
----------------------------OO---O------
-------------------------OO-----OO------
-------------------------O--------------
-------------------------O-OOOO---------
---O-------------------OO---------OO----
--O-O------------------OO----------OO---
--O-O-----------------O--O--------O-----
---O-------------------OO---------------
----------------------------------------
-------OO-------------------------------
-------OO-------------------------------
----------------------------------------

Life - generation  939 

\u001b[H
----------------------------------------
-----------------------------OOO--------
--------------------------------O-------
----------------------------O-O-O-------
---------------------------OO-OOOO------
---------------------------O-OOO--------
--------------------------OOO---O-------
--------------------------OOO--OO-------
-----------------------------OOO-O------
-------------------------OO-----OO------
------------------------OO-OOO----------
-------------------------OO-OO----------
---O-------------------O-O--OO----OOO---
--O-O-----------------O--O----------O---
--O-O-----------------O--O---------O----
---O-------------------OO---------------
----------------------------------------
-------OO-------------------------------
-------OO-------------------------------
----------------------------------------

Life - generation  940 

\u001b[H
------------------------------O---------
------------------------------OO--------
--------------------------------O-------
---------------------------OO-O---------
---------------------------O-----O------
---------------------------------O------
--------------------------------O-------
--------------------------O------O------
-------------------------O--OOO--O------
------------------------OOOO---OOO------
------------------------O----O----------
------------------------------O----O----
---O---------------------O-OOO-----OO---
--O-O-----------------OO-OO-------O-O---
--O-O-----------------O--O--------------
---O-------------------OO---------------
----------------------------------------
-------OO-------------------------------
-------OO-------------------------------
----------------------------------------

Life - generation  941 

\u001b[H
------------------------------OO--------
------------------------------OO--------
-----------------------------OO---------
---------------------------OO-----------
---------------------------OO-----------
--------------------------------OO------
--------------------------------OO------
-----------------------------O--OO------
------------------------O---OOOO-OO-----
------------------------O-OO---OOO------
------------------------O-O---OOO-------
------------------------------O----OO---
---O--------------------OO-OOO----O-O---
--O-O-----------------OO-O-OO-------O---
--O-O-----------------O--OO-------------
---O-------------------OO---------------
----------------------------------------
-------OO-------------------------------
-------OO-------------------------------
----------------------------------------

Life - generation  942 

\u001b[H
------------------------------OO--------
----------------------------------------
----------------------------OOOO--------
---------------------------O------------
---------------------------OO-----------
--------------------------------OO------
-------------------------------O--O-----
----------------------------OO----------
-------------------------O-OOO----O-----
-----------------------OO-OOO-----O-----
--------------------------OO--O--O------
------------------------O-OOO-O----OO---
---O-------------------OOO-O-O------OO--
--O-O-----------------OO-----O-----O----
--O-O-----------------O--OOO------------
---O-------------------OOO--------------
----------------------------------------
-------OO-------------------------------
-------OO-------------------------------
----------------------------------------

Life - generation  943 

\u001b[H
----------------------------------------
----------------------------------------
----------------------------OOO---------
---------------------------O--O---------
---------------------------OO-----------
--------------------------------OO------
--------------------------------OO------
---------------------------O-OO---------
------------------------OO--------------
------------------------O--------OO-----
-----------------------OO---------OO----
-----------------------OO-----O----OOO--
---O------------------O--O-O-OO------O--
--O-O-----------------O----O--------O---
--O-O-----------------O--OO-------------
---O-------------------OOO--------------
------------------------O---------------
-------OO-------------------------------
-------OO-------------------------------
----------------------------------------

Life - generation  944 

\u001b[H
----------------------------------------
-----------------------------O----------
----------------------------OOO---------
---------------------------O--O---------
---------------------------OO-----------
--------------------------------OO------
-------------------------------OOO------
----------------------------------------
------------------------OO--------------
---------------------------------OOO----
-------------------------O-------O------
----------------------O--O---OO---OO-O--
---O------------------O-O-O-OOO----O-O--
--O-O----------------OOO-O-OO-----------
--O-O-----------------O--OO-------------
---O-------------------O--O-------------
-----------------------OOO--------------
-------OO-------------------------------
-------OO-------------------------------
----------------------------------------

Life - generation  945 

\u001b[H
----------------------------------------
----------------------------OOO---------
----------------------------O-O---------
---------------------------O--O---------
---------------------------OO-----------
-------------------------------O-O------
-------------------------------O-O------
--------------------------------O-------
----------------------------------O-----
------------------------OO-------OO-----
---------------------------------O--O---
-----------------------OOOO-O-O---OO----
---O--------------------O-O---O---OO----
--O-O----------------O------O-----------
--O-O----------------O---O--------------
---O------------------OO--O-------------
-----------------------OOO--------------
-------OO---------------O---------------
-------OO-------------------------------
----------------------------------------

Life - generation  946 

\u001b[H
-----------------------------O----------
----------------------------O-O---------
---------------------------OO-OO--------
---------------------------O------------
---------------------------OO-----------
----------------------------------------
-------------------------------O-O------
--------------------------------OO------
----------------------------------O-----
---------------------------------OOO----
-----------------------O--O------O------
-----------------------OO-OO-O---O--O---
---O-------------------OO-O-------OO----
--O-O--------------------O--------------
--O-O----------------O------------------
---O------------------OO--O-------------
----------------------O--O--------------
-------OO--------------OOO--------------
-------OO-------------------------------
----------------------------------------

Life - generation  947 

\u001b[H
-----------------------------O----------
---------------------------OO-OO--------
---------------------------OO-OO--------
--------------------------O--O----------
---------------------------OO-----------
----------------------------------------
---------------------------------O------
--------------------------------OOO-----
--------------------------------O--O----
---------------------------------O-O----
-----------------------OOOOO----OO-O----
----------------------O---OO-----O-O----
---O-------------------O--OO------OO----
--O-O-------------------OO--------------
--O-O-----------------O-----------------
---O-----------------OOO----------------
----------------------O--OO-------------
-------OO--------------OOO--------------
-------OO---------------O---------------
----------------------------------------

Life - generation  948 

\u001b[H
----------------------------OOO---------
---------------------------O---O--------
--------------------------O----O--------
--------------------------O--OO---------
---------------------------OO-----------
----------------------------------------
--------------------------------OOO-----
--------------------------------O-O-----
--------------------------------O--O----
------------------------OOO------O-OO---
-----------------------OOO-O----OO-OO---
----------------------O-----O---OO-OO---
---O-------------------OO--O------OO----
--O-O------------------OOOO-------------
--O-O----------------OO-O---------------
---O-----------------O-O----------------
---------------------O---OO-------------
-------OO--------------O--O-------------
-------OO--------------OOO--------------
----------------------------------------

Life - generation  949 

\u001b[H
----------------------------OOO---------
---------------------------OOO-O--------
--------------------------OO---O--------
--------------------------O-OOO---------
---------------------------OOO----------
---------------------------------O------
--------------------------------O-O-----
-------------------------------OO-OO----
-------------------------O------O--OO---
-----------------------O--O------O------
-----------------------O---O---------O--
----------------------O--OOOO---O-------
---O------------------O---OO-----OOOO---
--O-O---------------------O-------------
--O-O----------------O------------------
---O----------------OO-OOO--------------
------------------------OOO-------------
-------OO-------------OO--O-------------
-------OO--------------OOO--------------
------------------------O----O----------

Life - generation  950 

\u001b[H
---------------------------O------------
--------------------------O----O--------
--------------------------O----O--------
--------------------------O---O---------
---------------------------O--O---------
----------------------------O----O------
-------------------------------OO-OO----
-------------------------------OO-O-O---
-------------------------------OO--OO---
------------------------O-O---------O---
----------------------OOOO--O-----------
----------------------OO-O--O----OOOO---
---O------------------------O----OOO----
--O-O---------------------OO------OO----
--O-O---------------OOO-OO--------------
---O----------------OOOO--O-------------
---------------------O----O-------------
-------OO-------------O---O-------------
-------OO-------------O--O--------------
-----------------------OOO--OOO---------

Life - generation  951 

\u001b[H
------------------------OOOOOOO---------
--------------------------OO------------
-------------------------OOO--OO--------
--------------------------OO--OO--------
---------------------------O-O----------
-------------------------------OOOO-----
-------------------------------O--OO----
------------------------------O---O-O---
-------------------------------OOO--OO--
------------------------O----------OO---
----------------------O---OO------O-O---
----------------------O--O-OOO---O--O---
---O----------------------O-O-----------
--O-O----------------O---OOO-----O-O----
--O-O---------------O---OO-O------------
---O-------------------OO-O-------------
--------------------O--O-OOO------------
-------OO------------OO--OO-------------
-------OO-------------O--OO--O----------
-----------------------OOOO-OO----------

Life - generation  952 

\u001b[H
-----------------------O------O---------
------------------------O------O--------
-------------------------O--O-OO--------
-------------------------O---O-O--------
--------------------------OOO----O------
------------------------------OOOOOO----
------------------------------OO--------
------------------------------O---O-OO--
-------------------------------OOOO--O--
--------------------------------OOO-----
-----------------------O-OOO------O-OO--
-------------------------O---O-----O----
---O-------------------------O----O-----
--O-O-------------------O---O-----------
--O-O------------------O---O------------
---O-------------------O----------------
---------------------O-O---O------------
-------OO------------OOO----------------
-------OO------------OO-----OO----------
-----------------------O----------------

Life - generation  953 

\u001b[H
-----------------------OO---------------
------------------------O----O-O--------
------------------------OO---O-OO-------
-------------------------O---O-OO-------
--------------------------OOOO---O------
---------------------------O-OO--OO-----
-----------------------------O------O---
------------------------------O---OOOO--
-------------------------------O----OO--
--------------------------O----O----OO--
------------------------OOO-------O-O---
------------------------OO--O-----OOO---
---O------------------------OO----------
--O-O-----------------------O-----------
--O-O------------------OO---------------
---O-------------------OO---------------
---------------------O-OO---------------
-------OO-----------O--O----O-----------
-------OO------------O------------------
-----------------------O-----O----------

Life - generation  954 

\u001b[H
-----------------------OO-----O---------
-------------------------------OO-------
------------------------OO--OO----------
------------------------OO-O-O-O-O------
--------------------------OO---O-OO-----
--------------------------OO--O--OO-----
----------------------------OO---O--OO--
------------------------------O---------
------------------------------OO------O-
--------------------------O-------------
------------------------O-OO------O-----
------------------------O-OOOO----O-O---
---O-----------------------OOO-----O----
--O-O-----------------------OO----------
--O-O------------------OO---------------
---O---------------------O--------------
----------------------------------------
-------OO-----------OO-OO---------------
-------OO-------------O-----------------
----------------------OOO---------------

Life - generation  955 

\u001b[H
----------------------O-O------O--------
-----------------------O-O---OOO--------
------------------------OOO-OO-O--------
------------------------O--O-O---OO-----
-------------------------------O--------
--------------------------O--OO----O----
---------------------------OOOO--OO-----
------------------------------OO-----O--
------------------------------OO--------
-------------------------OOO------------
-----------------------------------O----
-----------------------------O----O-----
---O----------------------O---O----O----
--O-O----------------------O-O----------
--O-O-------------------O---------------
---O--------------------O---------------
------------------------O---------------
-------OO------------OOO----------------
-------OO-------------------------------
----------------------O-O---------------

Life - generation  956 

\u001b[H
----------------------O-OO-----O--------
-----------------------O--O-OO-OO-------
-----------------------O--OO---OO-------
------------------------O-OO-O--O-------
----------------------------OO----O-----
---------------------------O---O--O-----
---------------------------OO-----O-----
----------------------------O---O-------
--------------------------O---OO--------
--------------------------O-------------
--------------------------O-------------
----------------------------------OO----
---O------------------------OOO---------
--O-O-----------------------------------
--O-O-----------------------------------
---O-------------------OOO--------------
----------------------O-O---------------
-------OO-------------OO----------------
-------OO------------O------------------
----------------------------------------

Life - generation  957 

\u001b[H
-----------------------OOO----OOO-------
----------------------OO--O-O-----------
-----------------------OO----O---O------
-------------------------OO--OOOOO------
--------------------------O--OO--O------
---------------------------O-O---OOO----
---------------------------OO----O------
----------------------------OO-O--------
---------------------------O---O--------
-------------------------OOO------------
----------------------------------------
-----------------------------O----------
---O-------------------------O----------
--O-O------------------------O----------
--O-O-------------------O---------------
---O-------------------OOO--------------
----------------------O--O--------------
-------OO------------OOO----------------
-------OO-------------O-----------------
----------------------------------------

Life - generation  958 

\u001b[H
----------------------OOOO-----O--------
----------------------O------OOOO-------
----------------------OOO-OOOO-O-O------
------------------------OOO-O--O-OO-----
-------------------------OOO------------
--------------------------OO-OO-OO------
---------------------------O--O-OO------
-----------------------------OO-O-------
---------------------------O--O---------
--------------------------OO------------
--------------------------O-------------
----------------------------------------
---O------------------------OOO---------
--O-O-----------------------------------
--O-O------------------OOO--------------
---O-------------------O-O--------------
---------------------O---O--------------
-------OO------------O-O----------------
-------OO------------OOO----------------
-----------------------OO------O--------

Life - generation  959 

\u001b[H
----------------------O--O--------------
---------------------O----OO-O----------
----------------------O-O-O------OO-----
-----------------------------OO--OO-----
------------------------O----OOO--O-----
-------------------------O---OO-OO------
--------------------------OO------------
----------------------------OOO-OO------
--------------------------OOOOOO--------
--------------------------OO------------
--------------------------OO------------
-----------------------------O----------
---O-------------------------O----------
--O-O-------------------O----O----------
--O-O------------------O-O--------------
---O------------------OO-OO-------------
----------------------------------------
-------OO-----------OO-OO---------------
-------OO------------O------------------
---------------------O---O--------------

Life - generation  960 

\u001b[H
---------------------OO--O--------------
---------------------OOO--OO------------
-------------------------OOOOOO--OO-----
-----------------------O-O---O-OO--O----
----------------------------O-----O-----
-------------------------OO-OO--OO------
--------------------------OO------------
--------------------------------O-------
--------------------------O----OO-------
-------------------------O---OO---------
--------------------------OOO-----------
----------------------------O-----------
---O------------------------OOO---------
--O-O-------------------O---------------
--O-O-----------------OO-OO-------------
---O------------------OO-OO-------------
---------------------O---O--------------
-------OO-----------OOO-----------------
-------OO------------O--O---------------
---------------------OO-----------------

Life - generation  961 

\u001b[H
--------------------O-----O-------------
---------------------O-OO----O----------
-----------------------O-O---OOOOOO-----
------------------------OO-----OO--O----
------------------------OOOOO-OO--O-----
-------------------------OO-OO---O------
-------------------------OOOO---OO------
--------------------------OO---OO-------
------------------------------OOO-------
-------------------------O--OOOO--------
--------------------------OOO-----------
----------------------------------------
---O------------------------OO----------
--O-O------------------OOO---O----------
--O-O-----------------O---O-------------
---O-----------------O-O----------------
--------------------O--OOOO-------------
-------OO-----------O-O-----------------
-------OO--------------O----------------
--------------------O--O----------------

Life - generation  962 

\u001b[H
--------------------OOOOO---------------
----------------------OOOO---O-OOO------
----------------------OO-O---O---OO-----
-----------------------O---OO------O----
----------------------------O-OO-OO-----
------------------------------OO-OO-----
-----------------------------O-O-O------
-------------------------O--O-O---------
--------------------------OOO-----------
--------------------------O-O---O-------
--------------------------OOO-O---------
-----------------------------O----------
---O--------------------O---OO----------
--O-O------------------OOO--OO----------
--O-O-----------------O--O--------------
---O-----------------O-O--O-------------
--------------------O--OOO--------------
-------OO------------OO--O--------------
-------OO------------OOO----------------
----------------------------------------

Life - generation  963 

\u001b[H
---------------------O---O------O-------
-------------------------O----O-OOO-----
-------------------------OO--OO--OO-----
----------------------OOO--OO-O-O--O----
---------------------------OO-OO-O-O----
----------------------------------------
-----------------------------O-O-OO-----
--------------------------O-O-O---------
-------------------------OO-O-----------
-------------------------O--------------
--------------------------O-O-----------
------------------------------O---------
---O-------------------OOO----O---------
--O-O------------------O-O--OO----------
--O-O-----------------O--OO-------------
---O-----------------O-O--O-------------
--------------------O--O-OO-------------
-------OO-----------O----O--------------
-------OO------------O-O----------------
--------------------O---O---------------

Life - generation  964 

\u001b[H
------------------------OO-----OO-------
------------------------OO---OO-O-O-----
-----------------------O-OOOO-O----O----
-----------------------OOO------O--O----
-----------------------O---OO-OOO-O-----
----------------------------OO-O-O------
-----------------------------OO---------
-------------------------OO-O-O---------
-------------------------OO--O----------
-------------------------O--------------
----------------------------------------
------------------------OO---O----------
---O-------------------O-O----O---------
--O-O-----------------OO-----O----------
--O-O-----------------OO-OOO------------
---O-----------------O-O---O------------
--------------------OOO--OO-------------
-------OO-----------OOO--OO-------------
-------OO-----------OO--O---------------
--------------------OOO-O---------------

Life - generation  965 

\u001b[H
---------------------O--------OOOO------
-----------------------O---OOOO-OO------
-----------------------O---OO-O--OOO----
----------------------OO-O----O-OOOO----
-----------------------O---OO-O---O-----
---------------------------O-----O------
---------------------------O---O--------
-------------------------OOOO-O---------
------------------------O--O-O----------
-------------------------OO-------------
------------------------OO--------------
------------------------OO--------------
---O------------------OO-O---OO---------
--O-O--------------------O--------------
--O-O----------------O----OOO-----------
---O----------------O--O---O------------
-----------------------OOO-O------------
-------OO----------O---OO-O-------------
-------OO----------O----O---------------
--------------------O-O-O---------------

Life - generation  966 

\u001b[H
---------------------OOO----O-O--O------
----------------------O----O------------
-----------------------O--OO--O----O----
----------------------OO--O---O-O-------
----------------------OOO-OOOO-OO--O----
--------------------------OO------------
----------------------------------------
-------------------------O---OO---------
------------------------O----O----------
--------------------------O-------------
----------------------------------------
--------------------------O-------------
---O-------------------O-OO-------------
--O-O-----------------O-OO-OOO----------
--O-O---------------------OOO-----------
---O------------------OO-O--------------
----------------------O--O-O------------
-------OO-----------------O-------------
-------OO----------OO---O---------------
--------------------OO-O-------OO-------

Life - generation  967 

\u001b[H
--------------------O--O-------OO-------
---------------------O----OOOO----------
-----------------------O--OO---O--------
------------------------------O-O-------
----------------------O-O---OOOOO-------
-----------------------O-OO-------------
--------------------------O-------------
-----------------------------OO---------
-------------------------O---OO---------
----------------------------------------
----------------------------------------
-------------------------OO-------------
---O-------------------O----O-----------
--O-O------------------OO----O----------
--O-O-----------------O------O----------
---O------------------OOOO--O-----------
----------------------OOOO--------------
-------OO----------------OO-------------
-------OO----------OOO------------------
-------------------O---OO------OO-------

Life - generation  968 

\u001b[H
--------------------O-OOO--OO-OOO-------
----------------------O---O-O-OOO-------
--------------------------O--OOO--------
-----------------------O---OO---O-------
-----------------------OOO---OO-O-------
-----------------------OOOOO-OOO--------
-------------------------OO-------------
-----------------------------OO---------
-----------------------------OO---------
----------------------------------------
----------------------------------------
----------------------------------------
---O-------------------O-O--------------
--O-O-----------------OOO---OO----------
--O-O-----------------O--O--OO----------
---O-----------------O---O--------------
----------------------O-----------------
-------OO-----------OOOO-OO-------------
-------OO----------OO---OO--------------
-------------------O-OOOO------OO-------

Life - generation  969 

\u001b[H
--------------------O---OO-OO----O------
---------------------OO--OO-O-----------
--------------------------O-------------
-----------------------O-OOOO---O-------
----------------------O---------O-------
-----------------------O---OOO-O--------
---------------------------OO--O--------
-----------------------------OO---------
-----------------------------OO---------
----------------------------------------
----------------------------------------
----------------------------------------
---O------------------OO----------------
--O-O-----------------O--O--OO----------
--O-O----------------OO--O--OO----------
---O-----------------OO-----------------
--------------------O--OOOO-------------
-------OO----------OO-OO-OO-------------
-------OO----------O------O-------------
-------------------O----------O-O-------

Life - generation  970 

\u001b[H
--------------------OO--OO-OOO----------
---------------------O--O---O-----------
----------------------O-O---O-----------
-------------------------OOO------------
----------------------OOO----O-OO-------
---------------------------O-OOOO-------
---------------------------O---O--------
-------------------------------O--------
-----------------------------OO---------
----------------------------------------
----------------------------------------
----------------------------------------
---O------------------OO----------------
--O-O-------------------O---OO----------
--O-O------------------O----OO----------
---O----------------O-----O-------------
-------------------OO-----O-------------
-------OO----------OOOOO---O------------
-------OO---------OO-----OO-------------
-------------------OO----OOO------------

Life - generation  971 

\u001b[H
-------------------O-O--O----O----------
--------------------OOO-O---------------
-----------------------OO-O-O-----------
----------------------O--OOOO-----------
-----------------------OOO-O-O--O-------
-----------------------O-----O----------
----------------------------O-----------
-------------------------------O--------
------------------------------O---------
----------------------------------------
----------------------------------------
----------------------------------------
---O-------------------O----------------
--O-O-----------------O-O---OO----------
--O-O----------------------OOO----------
---O---------------OO------O------------
----------------------O---OO------------
-------OO------------OO--O-O------------
-------OO---------O---O-OO--------------
------------------O--O------------------

Life - generation  972 

\u001b[H
-------------------O---O----------------
--------------------OOO-O---------------
------------------------O-O-O-----------
----------------------O------O----------
----------------------OO-O-O-O----------
-----------------------O-----O----------
----------------------------------------
----------------------------------------
----------------------------------------
----------------------------------------
----------------------------------------
----------------------------------------
---O-------------------O----------------
--O-O------------------O---O-O----------
--O-O----------------------O-O----------
---O------------------------------------
--------------------O-O----OO-----------
-------OO------------OO-OO-O------------
-------OO-------------OOOOO-------------
------------------OOOOOOOO--------------

Life - generation  973 

\u001b[H
------------------O------O--------------
--------------------OOO-OO--------------
----------------------O--O--------------
----------------------O-OOOO-O----------
----------------------OOO----OO---------
----------------------OOO---O-----------
----------------------------------------
----------------------------------------
----------------------------------------
----------------------------------------
----------------------------------------
----------------------------------------
---O------------------------------------
--O-O-----------------------------------
--O-O-----------------------------------
---O-----------------------O------------
----------------------OO--OOO-----------
-------OO------------------OO-----------
-------OO----------O--------------------
------------------OOOO----O-------------

Life - generation  974 

\u001b[H
------------------O---O-OOO-------------
---------------------OOOOOO-------------
----------------------O-----------------
---------------------OO---O-OOO---------
---------------------O----OO-OO---------
----------------------O-O----O----------
-----------------------O----------------
----------------------------------------
----------------------------------------
----------------------------------------
----------------------------------------
----------------------------------------
---O------------------------------------
--O-O-----------------------------------
--O-O-----------------------------------
---O----------------------OOO-----------
--------------------------O-------------
-------OO-----------------O-O-----------
-------OO---------OO-------O------------
------------------O-O-------------------

Life - generation  975 

\u001b[H
-------------------O--O---O-------------
---------------------O----O-------------
------------------------O-OO-O----------
---------------------OO---O-O-O---------
---------------------O-O-OOO------------
----------------------OO----OOO---------
-----------------------O----------------
----------------------------------------
----------------------------------------
----------------------------------------
----------------------------------------
----------------------------------------
---O------------------------------------
--O-O-----------------------------------
--O-O----------------------O------------
---O----------------------OO------------
-------------------------OO-O-----------
-------OO-----------------O-------------
-------OO---------OO-------O------------
-----------------OO------OO-------------

Life - generation  976 

\u001b[H
------------------O-------OO------------
--------------------------O-------------
---------------------OO---O-OO----------
---------------------OOOO---OO----------
---------------------O-OOOO---O---------
-----------------------O--OOOO----------
----------------------OO-----O----------
----------------------------------------
----------------------------------------
----------------------------------------
----------------------------------------
----------------------------------------
---O------------------------------------
--O-O-----------------------------------
--O-O---------------------OO------------
---O---------------------O--O-----------
-------------------------O--------------
-------OO----------------OO-------------
-------OO--------OOO-----O-O------------
-----------------O-------OOO------------

Life - generation  977 

\u001b[H
----------------------------------------
-------------------------OO-O-----------
---------------------O---O--OO----------
--------------------O-----O-O-O---------
---------------------O----O---O---------
--------------------------OOOOO---------
----------------------OO---O-O----------
----------------------------------------
----------------------------------------
----------------------------------------
----------------------------------------
----------------------------------------
---O------------------------------------
--O-O-----------------------------------
--O-O---------------------OO------------
---O---------------------O-O------------
------------------------OO--------------
-------OO---------O-----OO--------------
-------OO--------OO-----O--O------------
-----------------O-O-----O--O-----------

Life - generation  978 

\u001b[H
-------------------------OOO------------
-------------------------OOOOO----------
-------------------------O--O-----------
--------------------OO---OO-O-O---------
-------------------------OO---OO--------
----------------------O---O---O---------
--------------------------OO-OO---------
----------------------------------------
----------------------------------------
----------------------------------------
----------------------------------------
----------------------------------------
---O------------------------------------
--O-O-----------------------------------
--O-O---------------------OO------------
---O--------------------OO-O------------
----------------------------------------
-------OO--------OO----O--O-------------
-------OO--------O-O----O-O-------------
-----------------O----------------------

Life - generation  979 

\u001b[H
-------------------------O--------------
------------------------O----O----------
------------------------O---------------
------------------------O-----OO--------
---------------------O--------OO--------
----------------------------------------
--------------------------OO-OO---------
----------------------------------------
----------------------------------------
----------------------------------------
----------------------------------------
----------------------------------------
---O------------------------------------
--O-O-----------------------------------
--O-O--------------------OOO------------
---O---------------------O-O------------
------------------------OOO-------------
-------OO--------OO------O--------------
-------OO-------OO-------O--------------
------------------O--------O------------

Life - generation  980 

\u001b[H
----------------------------------------
------------------------OO--------------
-----------------------OOO----O---------
------------------------------OO--------
------------------------------OO--------
-----------------------------O-O--------
----------------------------------------
----------------------------------------
----------------------------------------
----------------------------------------
----------------------------------------
----------------------------------------
---O------------------------------------
--O-O---------------------O-------------
--O-O--------------------O-O------------
---O-----------------------O------------
------------------------O---------------
-------OO-------OOO---------------------
-------OO-------O---------O-------------
-----------------O--------O-------------

Life - generation  981 

\u001b[H
-------------------------O--------------
-----------------------O-O--------------
-----------------------O-O----OO--------
------------------------O----O----------
-----------------------------O--O-------
-------------------------------O--------
----------------------------------------
----------------------------------------
----------------------------------------
----------------------------------------
----------------------------------------
----------------------------------------
---O------------------------------------
--O-O---------------------O-------------
--O-O----------------------O------------
---O----------------------O-------------
-----------------O----------------------
-------OO-------OO----------------------
-------OO-------O-O---------------------
----------------------------------------

Life - generation  982 

\u001b[H
------------------------O---------------
-------------------------OO-------------
-----------------------O-O----O---------
------------------------O----O-O--------
------------------------------O---------
----------------------------------------
----------------------------------------
----------------------------------------
----------------------------------------
----------------------------------------
----------------------------------------
----------------------------------------
---O------------------------------------
--O-O-----------------------------------
--O-O---------------------OO------------
---O------------------------------------
----------------OO----------------------
-------OO-------O-O---------------------
-------OO-------O-----------------------
----------------------------------------

Life - generation  983 

\u001b[H
-------------------------O--------------
-------------------------OO-------------
-------------------------OO---O---------
------------------------O----O-O--------
------------------------------O---------
----------------------------------------
----------------------------------------
----------------------------------------
----------------------------------------
----------------------------------------
----------------------------------------
----------------------------------------
---O------------------------------------
--O-O-----------------------------------
--O-O-----------------------------------
---O------------------------------------
----------------OO----------------------
-------OO------OO-----------------------
-------OO--------O----------------------
----------------------------------------

Life - generation  984 

\u001b[H
-------------------------OO-------------
------------------------O---------------
------------------------O-O---O---------
-------------------------O---O-O--------
------------------------------O---------
----------------------------------------
----------------------------------------
----------------------------------------
----------------------------------------
----------------------------------------
----------------------------------------
----------------------------------------
---O------------------------------------
--O-O-----------------------------------
--O-O-----------------------------------
---O------------------------------------
---------------OOO----------------------
-------OO------O------------------------
-------OO-------O-----------------------
----------------------------------------

Life - generation  985 

\u001b[H
-------------------------O--------------
------------------------O-O-------------
------------------------O-----O---------
-------------------------O---O-O--------
------------------------------O---------
----------------------------------------
----------------------------------------
----------------------------------------
----------------------------------------
----------------------------------------
----------------------------------------
----------------------------------------
---O------------------------------------
--O-O-----------------------------------
--O-O-----------------------------------
---O------------O-----------------------
---------------OO-----------------------
-------OO------O-O----------------------
-------OO-------------------------------
----------------------------------------

Life - generation  986 

\u001b[H
-------------------------O--------------
------------------------O---------------
------------------------O-----O---------
-----------------------------O-O--------
------------------------------O---------
----------------------------------------
----------------------------------------
----------------------------------------
----------------------------------------
----------------------------------------
----------------------------------------
----------------------------------------
---O------------------------------------
--O-O-----------------------------------
--O-O-----------------------------------
---O-----------OO-----------------------
---------------O-O----------------------
-------OO------O------------------------
-------OO-------------------------------
----------------------------------------

Life - generation  987 

\u001b[H
----------------------------------------
------------------------OO--------------
------------------------------O---------
-----------------------------O-O--------
------------------------------O---------
----------------------------------------
----------------------------------------
----------------------------------------
----------------------------------------
----------------------------------------
----------------------------------------
----------------------------------------
---O------------------------------------
--O-O-----------------------------------
--O-O-----------------------------------
---O-----------OO-----------------------
--------------OO------------------------
-------OO-------O-----------------------
-------OO-------------------------------
----------------------------------------

Life - generation  988 

\u001b[H
----------------------------------------
----------------------------------------
------------------------------O---------
-----------------------------O-O--------
------------------------------O---------
----------------------------------------
----------------------------------------
----------------------------------------
----------------------------------------
----------------------------------------
----------------------------------------
----------------------------------------
---O------------------------------------
--O-O-----------------------------------
--O-O-----------------------------------
---O----------OOO-----------------------
--------------O-------------------------
-------OO------O------------------------
-------OO-------------------------------
----------------------------------------

Life - generation  989 

\u001b[H
----------------------------------------
----------------------------------------
------------------------------O---------
-----------------------------O-O--------
------------------------------O---------
----------------------------------------
----------------------------------------
----------------------------------------
----------------------------------------
----------------------------------------
----------------------------------------
----------------------------------------
---O------------------------------------
--O-O-----------------------------------
--O-O----------O------------------------
---O----------OO------------------------
--------------O-O-----------------------
-------OO-------------------------------
-------OO-------------------------------
----------------------------------------

Life - generation  990 

\u001b[H
----------------------------------------
----------------------------------------
------------------------------O---------
-----------------------------O-O--------
------------------------------O---------
----------------------------------------
----------------------------------------
----------------------------------------
----------------------------------------
----------------------------------------
----------------------------------------
----------------------------------------
---O------------------------------------
--O-O-----------------------------------
--O-O---------OO------------------------
---O----------O-O-----------------------
--------------O-------------------------
-------OO-------------------------------
-------OO-------------------------------
----------------------------------------

Life - generation  991 

\u001b[H
----------------------------------------
----------------------------------------
------------------------------O---------
-----------------------------O-O--------
------------------------------O---------
----------------------------------------
----------------------------------------
----------------------------------------
----------------------------------------
----------------------------------------
----------------------------------------
----------------------------------------
---O------------------------------------
--O-O-----------------------------------
--O-O---------OO------------------------
---O---------OO-------------------------
---------------O------------------------
-------OO-------------------------------
-------OO-------------------------------
----------------------------------------

Life - generation  992 

\u001b[H
----------------------------------------
----------------------------------------
------------------------------O---------
-----------------------------O-O--------
------------------------------O---------
----------------------------------------
----------------------------------------
----------------------------------------
----------------------------------------
----------------------------------------
----------------------------------------
----------------------------------------
---O------------------------------------
--O-O-----------------------------------
--O-O--------OOO------------------------
---O---------O--------------------------
--------------O-------------------------
-------OO-------------------------------
-------OO-------------------------------
----------------------------------------

Life - generation  993 

\u001b[H
----------------------------------------
----------------------------------------
------------------------------O---------
-----------------------------O-O--------
------------------------------O---------
----------------------------------------
----------------------------------------
----------------------------------------
----------------------------------------
----------------------------------------
----------------------------------------
----------------------------------------
---O------------------------------------
--O-O---------O-------------------------
--O-O--------OO-------------------------
---O---------O-O------------------------
----------------------------------------
-------OO-------------------------------
-------OO-------------------------------
----------------------------------------

Life - generation  994 

\u001b[H
----------------------------------------
----------------------------------------
------------------------------O---------
-----------------------------O-O--------
------------------------------O---------
----------------------------------------
----------------------------------------
----------------------------------------
----------------------------------------
----------------------------------------
----------------------------------------
----------------------------------------
---O------------------------------------
--O-O--------OO-------------------------
--O-O--------O-O------------------------
---O---------O--------------------------
----------------------------------------
-------OO-------------------------------
-------OO-------------------------------
----------------------------------------

Life - generation  995 

\u001b[H
----------------------------------------
----------------------------------------
------------------------------O---------
-----------------------------O-O--------
------------------------------O---------
----------------------------------------
----------------------------------------
----------------------------------------
----------------------------------------
----------------------------------------
----------------------------------------
----------------------------------------
---O------------------------------------
--O-O--------OO-------------------------
--O-O-------OO--------------------------
---O----------O-------------------------
----------------------------------------
-------OO-------------------------------
-------OO-------------------------------
----------------------------------------

Life - generation  996 

\u001b[H
----------------------------------------
----------------------------------------
------------------------------O---------
-----------------------------O-O--------
------------------------------O---------
----------------------------------------
----------------------------------------
----------------------------------------
----------------------------------------
----------------------------------------
----------------------------------------
----------------------------------------
---O------------------------------------
--O-O-------OOO-------------------------
--O-O-------O---------------------------
---O---------O--------------------------
----------------------------------------
-------OO-------------------------------
-------OO-------------------------------
----------------------------------------

Life - generation  997 

\u001b[H
----------------------------------------
----------------------------------------
------------------------------O---------
-----------------------------O-O--------
------------------------------O---------
----------------------------------------
----------------------------------------
----------------------------------------
----------------------------------------
----------------------------------------
----------------------------------------
----------------------------------------
---O---------O--------------------------
--O-O-------OO--------------------------
--O-O-------O-O-------------------------
---O------------------------------------
----------------------------------------
-------OO-------------------------------
-------OO-------------------------------
----------------------------------------

Life - generation  998 

\u001b[H
----------------------------------------
----------------------------------------
------------------------------O---------
-----------------------------O-O--------
------------------------------O---------
----------------------------------------
----------------------------------------
----------------------------------------
----------------------------------------
----------------------------------------
----------------------------------------
----------------------------------------
---O--------OO--------------------------
--O-O-------O-O-------------------------
--O-O-------O---------------------------
---O------------------------------------
----------------------------------------
-------OO-------------------------------
-------OO-------------------------------
----------------------------------------

Life - generation  999 

\u001b[H
----------------------------------------
----------------------------------------
------------------------------O---------
-----------------------------O-O--------
------------------------------O---------
----------------------------------------
----------------------------------------
----------------------------------------
----------------------------------------
----------------------------------------
----------------------------------------
----------------------------------------
---O--------OO--------------------------
--O-O------OO---------------------------
--O-O--------O--------------------------
---O------------------------------------
----------------------------------------
-------OO-------------------------------
-------OO-------------------------------
----------------------------------------

Life - generation  1000 

\u001b[H
----------------------------------------
----------------------------------------
------------------------------O---------
-----------------------------O-O--------
------------------------------O---------
----------------------------------------
----------------------------------------
----------------------------------------
----------------------------------------
----------------------------------------
----------------------------------------
----------------------------------------
---O-------OOO--------------------------
--O-O------O----------------------------
--O-O-------O---------------------------
---O------------------------------------
----------------------------------------
-------OO-------------------------------
-------OO-------------------------------
----------------------------------------

Life - generation  1001 

\u001b[H
----------------------------------------
----------------------------------------
------------------------------O---------
-----------------------------O-O--------
------------------------------O---------
----------------------------------------
----------------------------------------
----------------------------------------
----------------------------------------
----------------------------------------
----------------------------------------
------------O---------------------------
---O-------OO---------------------------
--O-O------O-O--------------------------
--O-O-----------------------------------
---O------------------------------------
----------------------------------------
-------OO-------------------------------
-------OO-------------------------------
----------------------------------------

Life - generation  1002 

\u001b[H
----------------------------------------
----------------------------------------
------------------------------O---------
-----------------------------O-O--------
------------------------------O---------
----------------------------------------
----------------------------------------
----------------------------------------
----------------------------------------
----------------------------------------
----------------------------------------
-----------OO---------------------------
---O-------O-O--------------------------
--O-O------O----------------------------
--O-O-----------------------------------
---O------------------------------------
----------------------------------------
-------OO-------------------------------
-------OO-------------------------------
----------------------------------------

Life - generation  1003 

\u001b[H
----------------------------------------
----------------------------------------
------------------------------O---------
-----------------------------O-O--------
------------------------------O---------
----------------------------------------
----------------------------------------
----------------------------------------
----------------------------------------
----------------------------------------
----------------------------------------
-----------OO---------------------------
---O------OO----------------------------
--O-O-------O---------------------------
--O-O-----------------------------------
---O------------------------------------
----------------------------------------
-------OO-------------------------------
-------OO-------------------------------
----------------------------------------

Life - generation  1004 

\u001b[H
----------------------------------------
----------------------------------------
------------------------------O---------
-----------------------------O-O--------
------------------------------O---------
----------------------------------------
----------------------------------------
----------------------------------------
----------------------------------------
----------------------------------------
----------------------------------------
----------OOO---------------------------
---O------O-----------------------------
--O-O------O----------------------------
--O-O-----------------------------------
---O------------------------------------
----------------------------------------
-------OO-------------------------------
-------OO-------------------------------
----------------------------------------

Life - generation  1005 

\u001b[H
----------------------------------------
----------------------------------------
------------------------------O---------
-----------------------------O-O--------
------------------------------O---------
----------------------------------------
----------------------------------------
----------------------------------------
----------------------------------------
----------------------------------------
-----------O----------------------------
----------OO----------------------------
---O------O-O---------------------------
--O-O-----------------------------------
--O-O-----------------------------------
---O------------------------------------
----------------------------------------
-------OO-------------------------------
-------OO-------------------------------
----------------------------------------

Life - generation  1006 

\u001b[H
----------------------------------------
----------------------------------------
------------------------------O---------
-----------------------------O-O--------
------------------------------O---------
----------------------------------------
----------------------------------------
----------------------------------------
----------------------------------------
----------------------------------------
----------OO----------------------------
----------O-O---------------------------
---O------O-----------------------------
--O-O-----------------------------------
--O-O-----------------------------------
---O------------------------------------
----------------------------------------
-------OO-------------------------------
-------OO-------------------------------
----------------------------------------

Life - generation  1007 

\u001b[H
----------------------------------------
----------------------------------------
------------------------------O---------
-----------------------------O-O--------
------------------------------O---------
----------------------------------------
----------------------------------------
----------------------------------------
----------------------------------------
----------------------------------------
----------OO----------------------------
---------OO-----------------------------
---O-------O----------------------------
--O-O-----------------------------------
--O-O-----------------------------------
---O------------------------------------
----------------------------------------
-------OO-------------------------------
-------OO-------------------------------
----------------------------------------

Life - generation  1008 

\u001b[H
----------------------------------------
----------------------------------------
------------------------------O---------
-----------------------------O-O--------
------------------------------O---------
----------------------------------------
----------------------------------------
----------------------------------------
----------------------------------------
----------------------------------------
---------OOO----------------------------
---------O------------------------------
---O------O-----------------------------
--O-O-----------------------------------
--O-O-----------------------------------
---O------------------------------------
----------------------------------------
-------OO-------------------------------
-------OO-------------------------------
----------------------------------------

Life - generation  1009 

\u001b[H
----------------------------------------
----------------------------------------
------------------------------O---------
-----------------------------O-O--------
------------------------------O---------
----------------------------------------
----------------------------------------
----------------------------------------
----------------------------------------
----------O-----------------------------
---------OO-----------------------------
---------O-O----------------------------
---O------------------------------------
--O-O-----------------------------------
--O-O-----------------------------------
---O------------------------------------
----------------------------------------
-------OO-------------------------------
-------OO-------------------------------
----------------------------------------

Life - generation  1010 

\u001b[H
----------------------------------------
----------------------------------------
------------------------------O---------
-----------------------------O-O--------
------------------------------O---------
----------------------------------------
----------------------------------------
----------------------------------------
----------------------------------------
---------OO-----------------------------
---------O-O----------------------------
---------O------------------------------
---O------------------------------------
--O-O-----------------------------------
--O-O-----------------------------------
---O------------------------------------
----------------------------------------
-------OO-------------------------------
-------OO-------------------------------
----------------------------------------

Life - generation  1011 

\u001b[H
----------------------------------------
----------------------------------------
------------------------------O---------
-----------------------------O-O--------
------------------------------O---------
----------------------------------------
----------------------------------------
----------------------------------------
----------------------------------------
---------OO-----------------------------
--------OO------------------------------
----------O-----------------------------
---O------------------------------------
--O-O-----------------------------------
--O-O-----------------------------------
---O------------------------------------
----------------------------------------
-------OO-------------------------------
-------OO-------------------------------
----------------------------------------

Life - generation  1012 

\u001b[H
----------------------------------------
----------------------------------------
------------------------------O---------
-----------------------------O-O--------
------------------------------O---------
----------------------------------------
----------------------------------------
----------------------------------------
----------------------------------------
--------OOO-----------------------------
--------O-------------------------------
---------O------------------------------
---O------------------------------------
--O-O-----------------------------------
--O-O-----------------------------------
---O------------------------------------
----------------------------------------
-------OO-------------------------------
-------OO-------------------------------
----------------------------------------

Life - generation  1013 

\u001b[H
----------------------------------------
----------------------------------------
------------------------------O---------
-----------------------------O-O--------
------------------------------O---------
----------------------------------------
----------------------------------------
----------------------------------------
---------O------------------------------
--------OO------------------------------
--------O-O-----------------------------
----------------------------------------
---O------------------------------------
--O-O-----------------------------------
--O-O-----------------------------------
---O------------------------------------
----------------------------------------
-------OO-------------------------------
-------OO-------------------------------
----------------------------------------

Life - generation  1014 

\u001b[H
----------------------------------------
----------------------------------------
------------------------------O---------
-----------------------------O-O--------
------------------------------O---------
----------------------------------------
----------------------------------------
----------------------------------------
--------OO------------------------------
--------O-O-----------------------------
--------O-------------------------------
----------------------------------------
---O------------------------------------
--O-O-----------------------------------
--O-O-----------------------------------
---O------------------------------------
----------------------------------------
-------OO-------------------------------
-------OO-------------------------------
----------------------------------------

Life - generation  1015 

\u001b[H
----------------------------------------
----------------------------------------
------------------------------O---------
-----------------------------O-O--------
------------------------------O---------
----------------------------------------
----------------------------------------
----------------------------------------
--------OO------------------------------
-------OO-------------------------------
---------O------------------------------
----------------------------------------
---O------------------------------------
--O-O-----------------------------------
--O-O-----------------------------------
---O------------------------------------
----------------------------------------
-------OO-------------------------------
-------OO-------------------------------
----------------------------------------

Life - generation  1016 

\u001b[H
----------------------------------------
----------------------------------------
------------------------------O---------
-----------------------------O-O--------
------------------------------O---------
----------------------------------------
----------------------------------------
----------------------------------------
-------OOO------------------------------
-------O--------------------------------
--------O-------------------------------
----------------------------------------
---O------------------------------------
--O-O-----------------------------------
--O-O-----------------------------------
---O------------------------------------
----------------------------------------
-------OO-------------------------------
-------OO-------------------------------
----------------------------------------

Life - generation  1017 

\u001b[H
----------------------------------------
----------------------------------------
------------------------------O---------
-----------------------------O-O--------
------------------------------O---------
----------------------------------------
----------------------------------------
--------O-------------------------------
-------OO-------------------------------
-------O-O------------------------------
----------------------------------------
----------------------------------------
---O------------------------------------
--O-O-----------------------------------
--O-O-----------------------------------
---O------------------------------------
----------------------------------------
-------OO-------------------------------
-------OO-------------------------------
----------------------------------------

Life - generation  1018 

\u001b[H
----------------------------------------
----------------------------------------
------------------------------O---------
-----------------------------O-O--------
------------------------------O---------
----------------------------------------
----------------------------------------
-------OO-------------------------------
-------O-O------------------------------
-------O--------------------------------
----------------------------------------
----------------------------------------
---O------------------------------------
--O-O-----------------------------------
--O-O-----------------------------------
---O------------------------------------
----------------------------------------
-------OO-------------------------------
-------OO-------------------------------
----------------------------------------

Life - generation  1019 

\u001b[H
----------------------------------------
----------------------------------------
------------------------------O---------
-----------------------------O-O--------
------------------------------O---------
----------------------------------------
----------------------------------------
-------OO-------------------------------
------OO--------------------------------
--------O-------------------------------
----------------------------------------
----------------------------------------
---O------------------------------------
--O-O-----------------------------------
--O-O-----------------------------------
---O------------------------------------
----------------------------------------
-------OO-------------------------------
-------OO-------------------------------
----------------------------------------

Life - generation  1020 

\u001b[H
----------------------------------------
----------------------------------------
------------------------------O---------
-----------------------------O-O--------
------------------------------O---------
----------------------------------------
----------------------------------------
------OOO-------------------------------
------O---------------------------------
-------O--------------------------------
----------------------------------------
----------------------------------------
---O------------------------------------
--O-O-----------------------------------
--O-O-----------------------------------
---O------------------------------------
----------------------------------------
-------OO-------------------------------
-------OO-------------------------------
----------------------------------------

Life - generation  1021 

\u001b[H
----------------------------------------
----------------------------------------
------------------------------O---------
-----------------------------O-O--------
------------------------------O---------
----------------------------------------
-------O--------------------------------
------OO--------------------------------
------O-O-------------------------------
----------------------------------------
----------------------------------------
----------------------------------------
---O------------------------------------
--O-O-----------------------------------
--O-O-----------------------------------
---O------------------------------------
----------------------------------------
-------OO-------------------------------
-------OO-------------------------------
----------------------------------------

Life - generation  1022 

\u001b[H
----------------------------------------
----------------------------------------
------------------------------O---------
-----------------------------O-O--------
------------------------------O---------
----------------------------------------
------OO--------------------------------
------O-O-------------------------------
------O---------------------------------
----------------------------------------
----------------------------------------
----------------------------------------
---O------------------------------------
--O-O-----------------------------------
--O-O-----------------------------------
---O------------------------------------
----------------------------------------
-------OO-------------------------------
-------OO-------------------------------
----------------------------------------

Life - generation  1023 

\u001b[H
----------------------------------------
----------------------------------------
------------------------------O---------
-----------------------------O-O--------
------------------------------O---------
----------------------------------------
------OO--------------------------------
-----OO---------------------------------
-------O--------------------------------
----------------------------------------
----------------------------------------
----------------------------------------
---O------------------------------------
--O-O-----------------------------------
--O-O-----------------------------------
---O------------------------------------
----------------------------------------
-------OO-------------------------------
-------OO-------------------------------
----------------------------------------

Life - generation  1024 

\u001b[H
----------------------------------------
----------------------------------------
------------------------------O---------
-----------------------------O-O--------
------------------------------O---------
----------------------------------------
-----OOO--------------------------------
-----O----------------------------------
------O---------------------------------
----------------------------------------
----------------------------------------
----------------------------------------
---O------------------------------------
--O-O-----------------------------------
--O-O-----------------------------------
---O------------------------------------
----------------------------------------
-------OO-------------------------------
-------OO-------------------------------
----------------------------------------

Life - generation  1025 

\u001b[H
----------------------------------------
----------------------------------------
------------------------------O---------
-----------------------------O-O--------
------------------------------O---------
------O---------------------------------
-----OO---------------------------------
-----O-O--------------------------------
----------------------------------------
----------------------------------------
----------------------------------------
----------------------------------------
---O------------------------------------
--O-O-----------------------------------
--O-O-----------------------------------
---O------------------------------------
----------------------------------------
-------OO-------------------------------
-------OO-------------------------------
----------------------------------------

Life - generation  1026 

\u001b[H
----------------------------------------
----------------------------------------
------------------------------O---------
-----------------------------O-O--------
------------------------------O---------
-----OO---------------------------------
-----O-O--------------------------------
-----O----------------------------------
----------------------------------------
----------------------------------------
----------------------------------------
----------------------------------------
---O------------------------------------
--O-O-----------------------------------
--O-O-----------------------------------
---O------------------------------------
----------------------------------------
-------OO-------------------------------
-------OO-------------------------------
----------------------------------------

Life - generation  1027 

\u001b[H
----------------------------------------
----------------------------------------
------------------------------O---------
-----------------------------O-O--------
------------------------------O---------
-----OO---------------------------------
----OO----------------------------------
------O---------------------------------
----------------------------------------
----------------------------------------
----------------------------------------
----------------------------------------
---O------------------------------------
--O-O-----------------------------------
--O-O-----------------------------------
---O------------------------------------
----------------------------------------
-------OO-------------------------------
-------OO-------------------------------
----------------------------------------

Life - generation  1028 

\u001b[H
----------------------------------------
----------------------------------------
------------------------------O---------
-----------------------------O-O--------
------------------------------O---------
----OOO---------------------------------
----O-----------------------------------
-----O----------------------------------
----------------------------------------
----------------------------------------
----------------------------------------
----------------------------------------
---O------------------------------------
--O-O-----------------------------------
--O-O-----------------------------------
---O------------------------------------
----------------------------------------
-------OO-------------------------------
-------OO-------------------------------
----------------------------------------

Life - generation  1029 

\u001b[H
----------------------------------------
----------------------------------------
------------------------------O---------
-----------------------------O-O--------
-----O------------------------O---------
----OO----------------------------------
----O-O---------------------------------
----------------------------------------
----------------------------------------
----------------------------------------
----------------------------------------
----------------------------------------
---O------------------------------------
--O-O-----------------------------------
--O-O-----------------------------------
---O------------------------------------
----------------------------------------
-------OO-------------------------------
-------OO-------------------------------
----------------------------------------

Life - generation  1030 

\u001b[H
----------------------------------------
----------------------------------------
------------------------------O---------
-----------------------------O-O--------
----OO------------------------O---------
----O-O---------------------------------
----O-----------------------------------
----------------------------------------
----------------------------------------
----------------------------------------
----------------------------------------
----------------------------------------
---O------------------------------------
--O-O-----------------------------------
--O-O-----------------------------------
---O------------------------------------
----------------------------------------
-------OO-------------------------------
-------OO-------------------------------
----------------------------------------

Life - generation  1031 

\u001b[H
----------------------------------------
----------------------------------------
------------------------------O---------
-----------------------------O-O--------
----OO------------------------O---------
---OO-----------------------------------
-----O----------------------------------
----------------------------------------
----------------------------------------
----------------------------------------
----------------------------------------
----------------------------------------
---O------------------------------------
--O-O-----------------------------------
--O-O-----------------------------------
---O------------------------------------
----------------------------------------
-------OO-------------------------------
-------OO-------------------------------
----------------------------------------

Life - generation  1032 

\u001b[H
----------------------------------------
----------------------------------------
------------------------------O---------
-----------------------------O-O--------
---OOO------------------------O---------
---O------------------------------------
----O-----------------------------------
----------------------------------------
----------------------------------------
----------------------------------------
----------------------------------------
----------------------------------------
---O------------------------------------
--O-O-----------------------------------
--O-O-----------------------------------
---O------------------------------------
----------------------------------------
-------OO-------------------------------
-------OO-------------------------------
----------------------------------------

Life - generation  1033 

\u001b[H
----------------------------------------
----------------------------------------
------------------------------O---------
----O------------------------O-O--------
---OO-------------------------O---------
---O-O----------------------------------
----------------------------------------
----------------------------------------
----------------------------------------
----------------------------------------
----------------------------------------
----------------------------------------
---O------------------------------------
--O-O-----------------------------------
--O-O-----------------------------------
---O------------------------------------
----------------------------------------
-------OO-------------------------------
-------OO-------------------------------
----------------------------------------

Life - generation  1034 

\u001b[H
----------------------------------------
----------------------------------------
------------------------------O---------
---OO------------------------O-O--------
---O-O------------------------O---------
---O------------------------------------
----------------------------------------
----------------------------------------
----------------------------------------
----------------------------------------
----------------------------------------
----------------------------------------
---O------------------------------------
--O-O-----------------------------------
--O-O-----------------------------------
---O------------------------------------
----------------------------------------
-------OO-------------------------------
-------OO-------------------------------
----------------------------------------

Life - generation  1035 

\u001b[H
----------------------------------------
----------------------------------------
------------------------------O---------
---OO------------------------O-O--------
--OO--------------------------O---------
----O-----------------------------------
----------------------------------------
----------------------------------------
----------------------------------------
----------------------------------------
----------------------------------------
----------------------------------------
---O------------------------------------
--O-O-----------------------------------
--O-O-----------------------------------
---O------------------------------------
----------------------------------------
-------OO-------------------------------
-------OO-------------------------------
----------------------------------------

Life - generation  1036 

\u001b[H
----------------------------------------
----------------------------------------
------------------------------O---------
--OOO------------------------O-O--------
--O---------------------------O---------
---O------------------------------------
----------------------------------------
----------------------------------------
----------------------------------------
----------------------------------------
----------------------------------------
----------------------------------------
---O------------------------------------
--O-O-----------------------------------
--O-O-----------------------------------
---O------------------------------------
----------------------------------------
-------OO-------------------------------
-------OO-------------------------------
----------------------------------------

Life - generation  1037 

\u001b[H
----------------------------------------
----------------------------------------
---O--------------------------O---------
--OO-------------------------O-O--------
--O-O-------------------------O---------
----------------------------------------
----------------------------------------
----------------------------------------
----------------------------------------
----------------------------------------
----------------------------------------
----------------------------------------
---O------------------------------------
--O-O-----------------------------------
--O-O-----------------------------------
---O------------------------------------
----------------------------------------
-------OO-------------------------------
-------OO-------------------------------
----------------------------------------

Life - generation  1038 

\u001b[H
----------------------------------------
----------------------------------------
--OO--------------------------O---------
--O-O------------------------O-O--------
--O---------------------------O---------
----------------------------------------
----------------------------------------
----------------------------------------
----------------------------------------
----------------------------------------
----------------------------------------
----------------------------------------
---O------------------------------------
--O-O-----------------------------------
--O-O-----------------------------------
---O------------------------------------
----------------------------------------
-------OO-------------------------------
-------OO-------------------------------
----------------------------------------

Life - generation  1039 

\u001b[H
----------------------------------------
----------------------------------------
--OO--------------------------O---------
-OO--------------------------O-O--------
---O--------------------------O---------
----------------------------------------
----------------------------------------
----------------------------------------
----------------------------------------
----------------------------------------
----------------------------------------
----------------------------------------
---O------------------------------------
--O-O-----------------------------------
--O-O-----------------------------------
---O------------------------------------
----------------------------------------
-------OO-------------------------------
-------OO-------------------------------
----------------------------------------

Life - generation  1040 

\u001b[H
----------------------------------------
----------------------------------------
-OOO--------------------------O---------
-O---------------------------O-O--------
--O---------------------------O---------
----------------------------------------
----------------------------------------
----------------------------------------
----------------------------------------
----------------------------------------
----------------------------------------
----------------------------------------
---O------------------------------------
--O-O-----------------------------------
--O-O-----------------------------------
---O------------------------------------
----------------------------------------
-------OO-------------------------------
-------OO-------------------------------
----------------------------------------

Life - generation  1041 

\u001b[H
----------------------------------------
--O-------------------------------------
-OO---------------------------O---------
-O-O-------------------------O-O--------
------------------------------O---------
----------------------------------------
----------------------------------------
----------------------------------------
----------------------------------------
----------------------------------------
----------------------------------------
----------------------------------------
---O------------------------------------
--O-O-----------------------------------
--O-O-----------------------------------
---O------------------------------------
----------------------------------------
-------OO-------------------------------
-------OO-------------------------------
----------------------------------------

Life - generation  1042 

\u001b[H
----------------------------------------
-OO-------------------------------------
-O-O--------------------------O---------
-O---------------------------O-O--------
------------------------------O---------
----------------------------------------
----------------------------------------
----------------------------------------
----------------------------------------
----------------------------------------
----------------------------------------
----------------------------------------
---O------------------------------------
--O-O-----------------------------------
--O-O-----------------------------------
---O------------------------------------
----------------------------------------
-------OO-------------------------------
-------OO-------------------------------
----------------------------------------

Life - generation  1043 

\u001b[H
----------------------------------------
-OO-------------------------------------
OO----------------------------O---------
--O--------------------------O-O--------
------------------------------O---------
----------------------------------------
----------------------------------------
----------------------------------------
----------------------------------------
----------------------------------------
----------------------------------------
----------------------------------------
---O------------------------------------
--O-O-----------------------------------
--O-O-----------------------------------
---O------------------------------------
----------------------------------------
-------OO-------------------------------
-------OO-------------------------------
----------------------------------------

Life - generation  1044 

\u001b[H
----------------------------------------
OOO-------------------------------------
O-----------------------------O---------
-O---------------------------O-O--------
------------------------------O---------
----------------------------------------
----------------------------------------
----------------------------------------
----------------------------------------
----------------------------------------
----------------------------------------
----------------------------------------
---O------------------------------------
--O-O-----------------------------------
--O-O-----------------------------------
---O------------------------------------
----------------------------------------
-------OO-------------------------------
-------OO-------------------------------
----------------------------------------

Life - generation  1045 

\u001b[H
-O--------------------------------------
OO--------------------------------------
O-O---------------------------O---------
-----------------------------O-O--------
------------------------------O---------
----------------------------------------
----------------------------------------
----------------------------------------
----------------------------------------
----------------------------------------
----------------------------------------
----------------------------------------
---O------------------------------------
--O-O-----------------------------------
--O-O-----------------------------------
---O------------------------------------
----------------------------------------
-------OO-------------------------------
-------OO-------------------------------
----------------------------------------

Life - generation  1046 

\u001b[H
OO--------------------------------------
O-O-------------------------------------
O-----------------------------O---------
-----------------------------O-O--------
------------------------------O---------
----------------------------------------
----------------------------------------
----------------------------------------
----------------------------------------
----------------------------------------
----------------------------------------
----------------------------------------
---O------------------------------------
--O-O-----------------------------------
--O-O-----------------------------------
---O------------------------------------
----------------------------------------
-------OO-------------------------------
-------OO-------------------------------
----------------------------------------

Life - generation  1047 

\u001b[H
OO--------------------------------------
O--------------------------------------O
-O----------------------------O---------
-----------------------------O-O--------
------------------------------O---------
----------------------------------------
----------------------------------------
----------------------------------------
----------------------------------------
----------------------------------------
----------------------------------------
----------------------------------------
---O------------------------------------
--O-O-----------------------------------
--O-O-----------------------------------
---O------------------------------------
----------------------------------------
-------OO-------------------------------
-------OO-------------------------------
----------------------------------------

Life - generation  1048 

\u001b[H
OO-------------------------------------O
---------------------------------------O
O-----------------------------O---------
-----------------------------O-O--------
------------------------------O---------
----------------------------------------
----------------------------------------
----------------------------------------
----------------------------------------
----------------------------------------
----------------------------------------
----------------------------------------
---O------------------------------------
--O-O-----------------------------------
--O-O-----------------------------------
---O------------------------------------
----------------------------------------
-------OO-------------------------------
-------OO-------------------------------
----------------------------------------

Life - generation  1049 

\u001b[H
O--------------------------------------O
-O-------------------------------------O
------------------------------O---------
-----------------------------O-O--------
------------------------------O---------
----------------------------------------
----------------------------------------
----------------------------------------
----------------------------------------
----------------------------------------
----------------------------------------
----------------------------------------
---O------------------------------------
--O-O-----------------------------------
--O-O-----------------------------------
---O------------------------------------
----------------------------------------
-------OO-------------------------------
-------OO-------------------------------
O---------------------------------------

Life - generation  1050 

\u001b[H
-O-------------------------------------O
---------------------------------------O
------------------------------O---------
-----------------------------O-O--------
------------------------------O---------
----------------------------------------
----------------------------------------
----------------------------------------
----------------------------------------
----------------------------------------
----------------------------------------
----------------------------------------
---O------------------------------------
--O-O-----------------------------------
--O-O-----------------------------------
---O------------------------------------
----------------------------------------
-------OO-------------------------------
-------OO-------------------------------
O--------------------------------------O

Life - generation  1051 

\u001b[H
--------------------------------------OO
O---------------------------------------
------------------------------O---------
-----------------------------O-O--------
------------------------------O---------
----------------------------------------
----------------------------------------
----------------------------------------
----------------------------------------
----------------------------------------
----------------------------------------
----------------------------------------
---O------------------------------------
--O-O-----------------------------------
--O-O-----------------------------------
---O------------------------------------
----------------------------------------
-------OO-------------------------------
-------OO-------------------------------
O--------------------------------------O

Life - generation  1052 

\u001b[H
--------------------------------------O-
---------------------------------------O
------------------------------O---------
-----------------------------O-O--------
------------------------------O---------
----------------------------------------
----------------------------------------
----------------------------------------
----------------------------------------
----------------------------------------
----------------------------------------
----------------------------------------
---O------------------------------------
--O-O-----------------------------------
--O-O-----------------------------------
---O------------------------------------
----------------------------------------
-------OO-------------------------------
-------OO-------------------------------
O-------------------------------------OO

Life - generation  1053 

\u001b[H
O-------------------------------------O-
----------------------------------------
------------------------------O---------
-----------------------------O-O--------
------------------------------O---------
----------------------------------------
----------------------------------------
----------------------------------------
----------------------------------------
----------------------------------------
----------------------------------------
----------------------------------------
---O------------------------------------
--O-O-----------------------------------
--O-O-----------------------------------
---O------------------------------------
----------------------------------------
-------OO-------------------------------
-------OO------------------------------O
--------------------------------------OO

Life - generation  1054 

\u001b[H
--------------------------------------O-
----------------------------------------
------------------------------O---------
-----------------------------O-O--------
------------------------------O---------
----------------------------------------
----------------------------------------
----------------------------------------
----------------------------------------
----------------------------------------
----------------------------------------
----------------------------------------
---O------------------------------------
--O-O-----------------------------------
--O-O-----------------------------------
---O------------------------------------
----------------------------------------
-------OO-------------------------------
-------OO-----------------------------OO
O-------------------------------------O-

Life - generation  1055 

\u001b[H
---------------------------------------O
----------------------------------------
------------------------------O---------
-----------------------------O-O--------
------------------------------O---------
----------------------------------------
----------------------------------------
----------------------------------------
----------------------------------------
----------------------------------------
----------------------------------------
----------------------------------------
---O------------------------------------
--O-O-----------------------------------
--O-O-----------------------------------
---O------------------------------------
----------------------------------------
-------OO-------------------------------
-------OO-----------------------------OO
-------------------------------------OO-

Life - generation  1056 

\u001b[H
--------------------------------------O-
----------------------------------------
------------------------------O---------
-----------------------------O-O--------
------------------------------O---------
----------------------------------------
----------------------------------------
----------------------------------------
----------------------------------------
----------------------------------------
----------------------------------------
----------------------------------------
---O------------------------------------
--O-O-----------------------------------
--O-O-----------------------------------
---O------------------------------------
----------------------------------------
-------OO-------------------------------
-------OO----------------------------OOO
-------------------------------------O--

Life - generation  1057 

\u001b[H
----------------------------------------
----------------------------------------
------------------------------O---------
-----------------------------O-O--------
------------------------------O---------
----------------------------------------
----------------------------------------
----------------------------------------
----------------------------------------
----------------------------------------
----------------------------------------
----------------------------------------
---O------------------------------------
--O-O-----------------------------------
--O-O-----------------------------------
---O------------------------------------
----------------------------------------
-------OO-----------------------------O-
-------OO----------------------------OO-
-------------------------------------O-O

Life - generation  1058 

\u001b[H
----------------------------------------
----------------------------------------
------------------------------O---------
-----------------------------O-O--------
------------------------------O---------
----------------------------------------
----------------------------------------
----------------------------------------
----------------------------------------
----------------------------------------
----------------------------------------
----------------------------------------
---O------------------------------------
--O-O-----------------------------------
--O-O-----------------------------------
---O------------------------------------
----------------------------------------
-------OO----------------------------OO-
-------OO----------------------------O-O
-------------------------------------O--

Life - generation  1059 

\u001b[H
----------------------------------------
----------------------------------------
------------------------------O---------
-----------------------------O-O--------
------------------------------O---------
----------------------------------------
----------------------------------------
----------------------------------------
----------------------------------------
----------------------------------------
----------------------------------------
----------------------------------------
---O------------------------------------
--O-O-----------------------------------
--O-O-----------------------------------
---O------------------------------------
----------------------------------------
-------OO----------------------------OO-
-------OO---------------------------OO--
--------------------------------------O-

Life - generation  1060 

\u001b[H
----------------------------------------
----------------------------------------
------------------------------O---------
-----------------------------O-O--------
------------------------------O---------
----------------------------------------
----------------------------------------
----------------------------------------
----------------------------------------
----------------------------------------
----------------------------------------
----------------------------------------
---O------------------------------------
--O-O-----------------------------------
--O-O-----------------------------------
---O------------------------------------
----------------------------------------
-------OO---------------------------OOO-
-------OO---------------------------O---
-------------------------------------O--

Life - generation  1061 

\u001b[H
----------------------------------------
----------------------------------------
------------------------------O---------
-----------------------------O-O--------
------------------------------O---------
----------------------------------------
----------------------------------------
----------------------------------------
----------------------------------------
----------------------------------------
----------------------------------------
----------------------------------------
---O------------------------------------
--O-O-----------------------------------
--O-O-----------------------------------
---O------------------------------------
-------------------------------------O--
-------OO---------------------------OO--
-------OO---------------------------O-O-
----------------------------------------

Life - generation  1062 

\u001b[H
----------------------------------------
----------------------------------------
------------------------------O---------
-----------------------------O-O--------
------------------------------O---------
----------------------------------------
----------------------------------------
----------------------------------------
----------------------------------------
----------------------------------------
----------------------------------------
----------------------------------------
---O------------------------------------
--O-O-----------------------------------
--O-O-----------------------------------
---O------------------------------------
------------------------------------OO--
-------OO---------------------------O-O-
-------OO---------------------------O---
----------------------------------------

Life - generation  1063 

\u001b[H
----------------------------------------
----------------------------------------
------------------------------O---------
-----------------------------O-O--------
------------------------------O---------
----------------------------------------
----------------------------------------
----------------------------------------
----------------------------------------
----------------------------------------
----------------------------------------
----------------------------------------
---O------------------------------------
--O-O-----------------------------------
--O-O-----------------------------------
---O------------------------------------
------------------------------------OO--
-------OO--------------------------OO---
-------OO----------------------------O--
----------------------------------------

Life - generation  1064 

\u001b[H
----------------------------------------
----------------------------------------
------------------------------O---------
-----------------------------O-O--------
------------------------------O---------
----------------------------------------
----------------------------------------
----------------------------------------
----------------------------------------
----------------------------------------
----------------------------------------
----------------------------------------
---O------------------------------------
--O-O-----------------------------------
--O-O-----------------------------------
---O------------------------------------
-----------------------------------OOO--
-------OO--------------------------O----
-------OO---------------------------O---
----------------------------------------

Life - generation  1065 

\u001b[H
----------------------------------------
----------------------------------------
------------------------------O---------
-----------------------------O-O--------
------------------------------O---------
----------------------------------------
----------------------------------------
----------------------------------------
----------------------------------------
----------------------------------------
----------------------------------------
----------------------------------------
---O------------------------------------
--O-O-----------------------------------
--O-O-----------------------------------
---O--------------------------------O---
-----------------------------------OO---
-------OO--------------------------O-O--
-------OO-------------------------------
----------------------------------------

Life - generation  1066 

\u001b[H
----------------------------------------
----------------------------------------
------------------------------O---------
-----------------------------O-O--------
------------------------------O---------
----------------------------------------
----------------------------------------
----------------------------------------
----------------------------------------
----------------------------------------
----------------------------------------
----------------------------------------
---O------------------------------------
--O-O-----------------------------------
--O-O-----------------------------------
---O-------------------------------OO---
-----------------------------------O-O--
-------OO--------------------------O----
-------OO-------------------------------
----------------------------------------

Life - generation  1067 

\u001b[H
----------------------------------------
----------------------------------------
------------------------------O---------
-----------------------------O-O--------
------------------------------O---------
----------------------------------------
----------------------------------------
----------------------------------------
----------------------------------------
----------------------------------------
----------------------------------------
----------------------------------------
---O------------------------------------
--O-O-----------------------------------
--O-O-----------------------------------
---O-------------------------------OO---
----------------------------------OO----
-------OO---------------------------O---
-------OO-------------------------------
----------------------------------------

Life - generation  1068 

\u001b[H
----------------------------------------
----------------------------------------
------------------------------O---------
-----------------------------O-O--------
------------------------------O---------
----------------------------------------
----------------------------------------
----------------------------------------
----------------------------------------
----------------------------------------
----------------------------------------
----------------------------------------
---O------------------------------------
--O-O-----------------------------------
--O-O-----------------------------------
---O------------------------------OOO---
----------------------------------O-----
-------OO--------------------------O----
-------OO-------------------------------
----------------------------------------

Life - generation  1069 

\u001b[H
----------------------------------------
----------------------------------------
------------------------------O---------
-----------------------------O-O--------
------------------------------O---------
----------------------------------------
----------------------------------------
----------------------------------------
----------------------------------------
----------------------------------------
----------------------------------------
----------------------------------------
---O------------------------------------
--O-O-----------------------------------
--O-O------------------------------O----
---O------------------------------OO----
----------------------------------O-O---
-------OO-------------------------------
-------OO-------------------------------
----------------------------------------

Life - generation  1070 

\u001b[H
----------------------------------------
----------------------------------------
------------------------------O---------
-----------------------------O-O--------
------------------------------O---------
----------------------------------------
----------------------------------------
----------------------------------------
----------------------------------------
----------------------------------------
----------------------------------------
----------------------------------------
---O------------------------------------
--O-O-----------------------------------
--O-O-----------------------------OO----
---O------------------------------O-O---
----------------------------------O-----
-------OO-------------------------------
-------OO-------------------------------
----------------------------------------

Life - generation  1071 

\u001b[H
----------------------------------------
----------------------------------------
------------------------------O---------
-----------------------------O-O--------
------------------------------O---------
----------------------------------------
----------------------------------------
----------------------------------------
----------------------------------------
----------------------------------------
----------------------------------------
----------------------------------------
---O------------------------------------
--O-O-----------------------------------
--O-O-----------------------------OO----
---O-----------------------------OO-----
-----------------------------------O----
-------OO-------------------------------
-------OO-------------------------------
----------------------------------------

Life - generation  1072 

\u001b[H
----------------------------------------
----------------------------------------
------------------------------O---------
-----------------------------O-O--------
------------------------------O---------
----------------------------------------
----------------------------------------
----------------------------------------
----------------------------------------
----------------------------------------
----------------------------------------
----------------------------------------
---O------------------------------------
--O-O-----------------------------------
--O-O----------------------------OOO----
---O-----------------------------O------
----------------------------------O-----
-------OO-------------------------------
-------OO-------------------------------
----------------------------------------

Life - generation  1073 

\u001b[H
----------------------------------------
----------------------------------------
------------------------------O---------
-----------------------------O-O--------
------------------------------O---------
----------------------------------------
----------------------------------------
----------------------------------------
----------------------------------------
----------------------------------------
----------------------------------------
----------------------------------------
---O------------------------------------
--O-O-----------------------------O-----
--O-O----------------------------OO-----
---O-----------------------------O-O----
----------------------------------------
-------OO-------------------------------
-------OO-------------------------------
----------------------------------------

Life - generation  1074 

\u001b[H
----------------------------------------
----------------------------------------
------------------------------O---------
-----------------------------O-O--------
------------------------------O---------
----------------------------------------
----------------------------------------
----------------------------------------
----------------------------------------
----------------------------------------
----------------------------------------
----------------------------------------
---O------------------------------------
--O-O----------------------------OO-----
--O-O----------------------------O-O----
---O-----------------------------O------
----------------------------------------
-------OO-------------------------------
-------OO-------------------------------
----------------------------------------

Life - generation  1075 

\u001b[H
----------------------------------------
----------------------------------------
------------------------------O---------
-----------------------------O-O--------
------------------------------O---------
----------------------------------------
----------------------------------------
----------------------------------------
----------------------------------------
----------------------------------------
----------------------------------------
----------------------------------------
---O------------------------------------
--O-O----------------------------OO-----
--O-O---------------------------OO------
---O------------------------------O-----
----------------------------------------
-------OO-------------------------------
-------OO-------------------------------
----------------------------------------

Life - generation  1076 

\u001b[H
----------------------------------------
----------------------------------------
------------------------------O---------
-----------------------------O-O--------
------------------------------O---------
----------------------------------------
----------------------------------------
----------------------------------------
----------------------------------------
----------------------------------------
----------------------------------------
----------------------------------------
---O------------------------------------
--O-O---------------------------OOO-----
--O-O---------------------------O-------
---O-----------------------------O------
----------------------------------------
-------OO-------------------------------
-------OO-------------------------------
----------------------------------------

Life - generation  1077 

\u001b[H
----------------------------------------
----------------------------------------
------------------------------O---------
-----------------------------O-O--------
------------------------------O---------
----------------------------------------
----------------------------------------
----------------------------------------
----------------------------------------
----------------------------------------
----------------------------------------
----------------------------------------
---O-----------------------------O------
--O-O---------------------------OO------
--O-O---------------------------O-O-----
---O------------------------------------
----------------------------------------
-------OO-------------------------------
-------OO-------------------------------
----------------------------------------

Life - generation  1078 

\u001b[H
----------------------------------------
----------------------------------------
------------------------------O---------
-----------------------------O-O--------
------------------------------O---------
----------------------------------------
----------------------------------------
----------------------------------------
----------------------------------------
----------------------------------------
----------------------------------------
----------------------------------------
---O----------------------------OO------
--O-O---------------------------O-O-----
--O-O---------------------------O-------
---O------------------------------------
----------------------------------------
-------OO-------------------------------
-------OO-------------------------------
----------------------------------------

Life - generation  1079 

\u001b[H
----------------------------------------
----------------------------------------
------------------------------O---------
-----------------------------O-O--------
------------------------------O---------
----------------------------------------
----------------------------------------
----------------------------------------
----------------------------------------
----------------------------------------
----------------------------------------
----------------------------------------
---O----------------------------OO------
--O-O--------------------------OO-------
--O-O----------------------------O------
---O------------------------------------
----------------------------------------
-------OO-------------------------------
-------OO-------------------------------
----------------------------------------

Life - generation  1080 

\u001b[H
----------------------------------------
----------------------------------------
------------------------------O---------
-----------------------------O-O--------
------------------------------O---------
----------------------------------------
----------------------------------------
----------------------------------------
----------------------------------------
----------------------------------------
----------------------------------------
----------------------------------------
---O---------------------------OOO------
--O-O--------------------------O--------
--O-O---------------------------O-------
---O------------------------------------
----------------------------------------
-------OO-------------------------------
-------OO-------------------------------
----------------------------------------

Life - generation  1081 

\u001b[H
----------------------------------------
----------------------------------------
------------------------------O---------
-----------------------------O-O--------
------------------------------O---------
----------------------------------------
----------------------------------------
----------------------------------------
----------------------------------------
----------------------------------------
----------------------------------------
--------------------------------O-------
---O---------------------------OO-------
--O-O--------------------------O-O------
--O-O-----------------------------------
---O------------------------------------
----------------------------------------
-------OO-------------------------------
-------OO-------------------------------
----------------------------------------

Life - generation  1082 

\u001b[H
----------------------------------------
----------------------------------------
------------------------------O---------
-----------------------------O-O--------
------------------------------O---------
----------------------------------------
----------------------------------------
----------------------------------------
----------------------------------------
----------------------------------------
----------------------------------------
-------------------------------OO-------
---O---------------------------O-O------
--O-O--------------------------O--------
--O-O-----------------------------------
---O------------------------------------
----------------------------------------
-------OO-------------------------------
-------OO-------------------------------
----------------------------------------

Life - generation  1083 

\u001b[H
----------------------------------------
----------------------------------------
------------------------------O---------
-----------------------------O-O--------
------------------------------O---------
----------------------------------------
----------------------------------------
----------------------------------------
----------------------------------------
----------------------------------------
----------------------------------------
-------------------------------OO-------
---O--------------------------OO--------
--O-O---------------------------O-------
--O-O-----------------------------------
---O------------------------------------
----------------------------------------
-------OO-------------------------------
-------OO-------------------------------
----------------------------------------

Life - generation  1084 

\u001b[H
----------------------------------------
----------------------------------------
------------------------------O---------
-----------------------------O-O--------
------------------------------O---------
----------------------------------------
----------------------------------------
----------------------------------------
----------------------------------------
----------------------------------------
----------------------------------------
------------------------------OOO-------
---O--------------------------O---------
--O-O--------------------------O--------
--O-O-----------------------------------
---O------------------------------------
----------------------------------------
-------OO-------------------------------
-------OO-------------------------------
----------------------------------------

Life - generation  1085 

\u001b[H
----------------------------------------
----------------------------------------
------------------------------O---------
-----------------------------O-O--------
------------------------------O---------
----------------------------------------
----------------------------------------
----------------------------------------
----------------------------------------
----------------------------------------
-------------------------------O--------
------------------------------OO--------
---O--------------------------O-O-------
--O-O-----------------------------------
--O-O-----------------------------------
---O------------------------------------
----------------------------------------
-------OO-------------------------------
-------OO-------------------------------
----------------------------------------

Life - generation  1086 

\u001b[H
----------------------------------------
----------------------------------------
------------------------------O---------
-----------------------------O-O--------
------------------------------O---------
----------------------------------------
----------------------------------------
----------------------------------------
----------------------------------------
----------------------------------------
------------------------------OO--------
------------------------------O-O-------
---O--------------------------O---------
--O-O-----------------------------------
--O-O-----------------------------------
---O------------------------------------
----------------------------------------
-------OO-------------------------------
-------OO-------------------------------
----------------------------------------

Life - generation  1087 

\u001b[H
----------------------------------------
----------------------------------------
------------------------------O---------
-----------------------------O-O--------
------------------------------O---------
----------------------------------------
----------------------------------------
----------------------------------------
----------------------------------------
----------------------------------------
------------------------------OO--------
-----------------------------OO---------
---O---------------------------O--------
--O-O-----------------------------------
--O-O-----------------------------------
---O------------------------------------
----------------------------------------
-------OO-------------------------------
-------OO-------------------------------
----------------------------------------

Life - generation  1088 

\u001b[H
----------------------------------------
----------------------------------------
------------------------------O---------
-----------------------------O-O--------
------------------------------O---------
----------------------------------------
----------------------------------------
----------------------------------------
----------------------------------------
----------------------------------------
-----------------------------OOO--------
-----------------------------O----------
---O--------------------------O---------
--O-O-----------------------------------
--O-O-----------------------------------
---O------------------------------------
----------------------------------------
-------OO-------------------------------
-------OO-------------------------------
----------------------------------------

Life - generation  1089 

\u001b[H
----------------------------------------
----------------------------------------
------------------------------O---------
-----------------------------O-O--------
------------------------------O---------
----------------------------------------
----------------------------------------
----------------------------------------
----------------------------------------
------------------------------O---------
-----------------------------OO---------
-----------------------------O-O--------
---O------------------------------------
--O-O-----------------------------------
--O-O-----------------------------------
---O------------------------------------
----------------------------------------
-------OO-------------------------------
-------OO-------------------------------
----------------------------------------

Life - generation  1090 

\u001b[H
----------------------------------------
----------------------------------------
------------------------------O---------
-----------------------------O-O--------
------------------------------O---------
----------------------------------------
----------------------------------------
----------------------------------------
----------------------------------------
-----------------------------OO---------
-----------------------------O-O--------
-----------------------------O----------
---O------------------------------------
--O-O-----------------------------------
--O-O-----------------------------------
---O------------------------------------
----------------------------------------
-------OO-------------------------------
-------OO-------------------------------
----------------------------------------

Life - generation  1091 

\u001b[H
----------------------------------------
----------------------------------------
------------------------------O---------
-----------------------------O-O--------
------------------------------O---------
----------------------------------------
----------------------------------------
----------------------------------------
----------------------------------------
-----------------------------OO---------
----------------------------OO----------
------------------------------O---------
---O------------------------------------
--O-O-----------------------------------
--O-O-----------------------------------
---O------------------------------------
----------------------------------------
-------OO-------------------------------
-------OO-------------------------------
----------------------------------------

Life - generation  1092 

\u001b[H
----------------------------------------
----------------------------------------
------------------------------O---------
-----------------------------O-O--------
------------------------------O---------
----------------------------------------
----------------------------------------
----------------------------------------
----------------------------------------
----------------------------OOO---------
----------------------------O-----------
-----------------------------O----------
---O------------------------------------
--O-O-----------------------------------
--O-O-----------------------------------
---O------------------------------------
----------------------------------------
-------OO-------------------------------
-------OO-------------------------------
----------------------------------------

Life - generation  1093 

\u001b[H
----------------------------------------
----------------------------------------
------------------------------O---------
-----------------------------O-O--------
------------------------------O---------
----------------------------------------
----------------------------------------
----------------------------------------
-----------------------------O----------
----------------------------OO----------
----------------------------O-O---------
----------------------------------------
---O------------------------------------
--O-O-----------------------------------
--O-O-----------------------------------
---O------------------------------------
----------------------------------------
-------OO-------------------------------
-------OO-------------------------------
----------------------------------------

Life - generation  1094 

\u001b[H
----------------------------------------
----------------------------------------
------------------------------O---------
-----------------------------O-O--------
------------------------------O---------
----------------------------------------
----------------------------------------
----------------------------------------
----------------------------OO----------
----------------------------O-O---------
----------------------------O-----------
----------------------------------------
---O------------------------------------
--O-O-----------------------------------
--O-O-----------------------------------
---O------------------------------------
----------------------------------------
-------OO-------------------------------
-------OO-------------------------------
----------------------------------------

Life - generation  1095 

\u001b[H
----------------------------------------
----------------------------------------
------------------------------O---------
-----------------------------O-O--------
------------------------------O---------
----------------------------------------
----------------------------------------
----------------------------------------
----------------------------OO----------
---------------------------OO-----------
-----------------------------O----------
----------------------------------------
---O------------------------------------
--O-O-----------------------------------
--O-O-----------------------------------
---O------------------------------------
----------------------------------------
-------OO-------------------------------
-------OO-------------------------------
----------------------------------------

Life - generation  1096 

\u001b[H
----------------------------------------
----------------------------------------
------------------------------O---------
-----------------------------O-O--------
------------------------------O---------
----------------------------------------
----------------------------------------
----------------------------------------
---------------------------OOO----------
---------------------------O------------
----------------------------O-----------
----------------------------------------
---O------------------------------------
--O-O-----------------------------------
--O-O-----------------------------------
---O------------------------------------
----------------------------------------
-------OO-------------------------------
-------OO-------------------------------
----------------------------------------

Life - generation  1097 

\u001b[H
----------------------------------------
----------------------------------------
------------------------------O---------
-----------------------------O-O--------
------------------------------O---------
----------------------------------------
----------------------------------------
----------------------------O-----------
---------------------------OO-----------
---------------------------O-O----------
----------------------------------------
----------------------------------------
---O------------------------------------
--O-O-----------------------------------
--O-O-----------------------------------
---O------------------------------------
----------------------------------------
-------OO-------------------------------
-------OO-------------------------------
----------------------------------------

Life - generation  1098 

\u001b[H
----------------------------------------
----------------------------------------
------------------------------O---------
-----------------------------O-O--------
------------------------------O---------
----------------------------------------
----------------------------------------
---------------------------OO-----------
---------------------------O-O----------
---------------------------O------------
----------------------------------------
----------------------------------------
---O------------------------------------
--O-O-----------------------------------
--O-O-----------------------------------
---O------------------------------------
----------------------------------------
-------OO-------------------------------
-------OO-------------------------------
----------------------------------------

Life - generation  1099 

\u001b[H
----------------------------------------
----------------------------------------
------------------------------O---------
-----------------------------O-O--------
------------------------------O---------
----------------------------------------
----------------------------------------
---------------------------OO-----------
--------------------------OO------------
----------------------------O-----------
----------------------------------------
----------------------------------------
---O------------------------------------
--O-O-----------------------------------
--O-O-----------------------------------
---O------------------------------------
----------------------------------------
-------OO-------------------------------
-------OO-------------------------------
----------------------------------------

Life - generation  1100 

\u001b[H
----------------------------------------
----------------------------------------
------------------------------O---------
-----------------------------O-O--------
------------------------------O---------
----------------------------------------
----------------------------------------
--------------------------OOO-----------
--------------------------O-------------
---------------------------O------------
----------------------------------------
----------------------------------------
---O------------------------------------
--O-O-----------------------------------
--O-O-----------------------------------
---O------------------------------------
----------------------------------------
-------OO-------------------------------
-------OO-------------------------------
----------------------------------------

Life - generation  1101 

\u001b[H
----------------------------------------
----------------------------------------
------------------------------O---------
-----------------------------O-O--------
------------------------------O---------
----------------------------------------
---------------------------O------------
--------------------------OO------------
--------------------------O-O-----------
----------------------------------------
----------------------------------------
----------------------------------------
---O------------------------------------
--O-O-----------------------------------
--O-O-----------------------------------
---O------------------------------------
----------------------------------------
-------OO-------------------------------
-------OO-------------------------------
----------------------------------------

Life - generation  1102 

\u001b[H
----------------------------------------
----------------------------------------
------------------------------O---------
-----------------------------O-O--------
------------------------------O---------
----------------------------------------
--------------------------OO------------
--------------------------O-O-----------
--------------------------O-------------
----------------------------------------
----------------------------------------
----------------------------------------
---O------------------------------------
--O-O-----------------------------------
--O-O-----------------------------------
---O------------------------------------
----------------------------------------
-------OO-------------------------------
-------OO-------------------------------
----------------------------------------

Life - generation  1103 

\u001b[H
----------------------------------------
----------------------------------------
------------------------------O---------
-----------------------------O-O--------
------------------------------O---------
----------------------------------------
--------------------------OO------------
-------------------------OO-------------
---------------------------O------------
----------------------------------------
----------------------------------------
----------------------------------------
---O------------------------------------
--O-O-----------------------------------
--O-O-----------------------------------
---O------------------------------------
----------------------------------------
-------OO-------------------------------
-------OO-------------------------------
----------------------------------------

Life - generation  1104 

\u001b[H
----------------------------------------
----------------------------------------
------------------------------O---------
-----------------------------O-O--------
------------------------------O---------
----------------------------------------
-------------------------OOO------------
-------------------------O--------------
--------------------------O-------------
----------------------------------------
----------------------------------------
----------------------------------------
---O------------------------------------
--O-O-----------------------------------
--O-O-----------------------------------
---O------------------------------------
----------------------------------------
-------OO-------------------------------
-------OO-------------------------------
----------------------------------------

Life - generation  1105 

\u001b[H
----------------------------------------
----------------------------------------
------------------------------O---------
-----------------------------O-O--------
------------------------------O---------
--------------------------O-------------
-------------------------OO-------------
-------------------------O-O------------
----------------------------------------
----------------------------------------
----------------------------------------
----------------------------------------
---O------------------------------------
--O-O-----------------------------------
--O-O-----------------------------------
---O------------------------------------
----------------------------------------
-------OO-------------------------------
-------OO-------------------------------
----------------------------------------

Life - generation  1106 

\u001b[H
----------------------------------------
----------------------------------------
------------------------------O---------
-----------------------------O-O--------
------------------------------O---------
-------------------------OO-------------
-------------------------O-O------------
-------------------------O--------------
----------------------------------------
----------------------------------------
----------------------------------------
----------------------------------------
---O------------------------------------
--O-O-----------------------------------
--O-O-----------------------------------
---O------------------------------------
----------------------------------------
-------OO-------------------------------
-------OO-------------------------------
----------------------------------------

Life - generation  1107 

\u001b[H
----------------------------------------
----------------------------------------
------------------------------O---------
-----------------------------O-O--------
------------------------------O---------
-------------------------OO-------------
------------------------OO--------------
--------------------------O-------------
----------------------------------------
----------------------------------------
----------------------------------------
----------------------------------------
---O------------------------------------
--O-O-----------------------------------
--O-O-----------------------------------
---O------------------------------------
----------------------------------------
-------OO-------------------------------
-------OO-------------------------------
----------------------------------------

Life - generation  1108 

\u001b[H
----------------------------------------
----------------------------------------
------------------------------O---------
-----------------------------O-O--------
------------------------------O---------
------------------------OOO-------------
------------------------O---------------
-------------------------O--------------
----------------------------------------
----------------------------------------
----------------------------------------
----------------------------------------
---O------------------------------------
--O-O-----------------------------------
--O-O-----------------------------------
---O------------------------------------
----------------------------------------
-------OO-------------------------------
-------OO-------------------------------
----------------------------------------

Life - generation  1109 

\u001b[H
----------------------------------------
----------------------------------------
------------------------------O---------
-----------------------------O-O--------
-------------------------O----O---------
------------------------OO--------------
------------------------O-O-------------
----------------------------------------
----------------------------------------
----------------------------------------
----------------------------------------
----------------------------------------
---O------------------------------------
--O-O-----------------------------------
--O-O-----------------------------------
---O------------------------------------
----------------------------------------
-------OO-------------------------------
-------OO-------------------------------
----------------------------------------

Life - generation  1110 

\u001b[H
----------------------------------------
----------------------------------------
------------------------------O---------
-----------------------------O-O--------
------------------------OO----O---------
------------------------O-O-------------
------------------------O---------------
----------------------------------------
----------------------------------------
----------------------------------------
----------------------------------------
----------------------------------------
---O------------------------------------
--O-O-----------------------------------
--O-O-----------------------------------
---O------------------------------------
----------------------------------------
-------OO-------------------------------
-------OO-------------------------------
----------------------------------------

Life - generation  1111 

\u001b[H
----------------------------------------
----------------------------------------
------------------------------O---------
-----------------------------O-O--------
------------------------OO----O---------
-----------------------OO---------------
-------------------------O--------------
----------------------------------------
----------------------------------------
----------------------------------------
----------------------------------------
----------------------------------------
---O------------------------------------
--O-O-----------------------------------
--O-O-----------------------------------
---O------------------------------------
----------------------------------------
-------OO-------------------------------
-------OO-------------------------------
----------------------------------------

Life - generation  1112 

\u001b[H
----------------------------------------
----------------------------------------
------------------------------O---------
-----------------------------O-O--------
-----------------------OOO----O---------
-----------------------O----------------
------------------------O---------------
----------------------------------------
----------------------------------------
----------------------------------------
----------------------------------------
----------------------------------------
---O------------------------------------
--O-O-----------------------------------
--O-O-----------------------------------
---O------------------------------------
----------------------------------------
-------OO-------------------------------
-------OO-------------------------------
----------------------------------------

Life - generation  1113 

\u001b[H
----------------------------------------
----------------------------------------
------------------------------O---------
------------------------O----O-O--------
-----------------------OO-----O---------
-----------------------O-O--------------
----------------------------------------
----------------------------------------
----------------------------------------
----------------------------------------
----------------------------------------
----------------------------------------
---O------------------------------------
--O-O-----------------------------------
--O-O-----------------------------------
---O------------------------------------
----------------------------------------
-------OO-------------------------------
-------OO-------------------------------
----------------------------------------

Life - generation  1114 

\u001b[H
----------------------------------------
----------------------------------------
------------------------------O---------
-----------------------OO----O-O--------
-----------------------O-O----O---------
-----------------------O----------------
----------------------------------------
----------------------------------------
----------------------------------------
----------------------------------------
----------------------------------------
----------------------------------------
---O------------------------------------
--O-O-----------------------------------
--O-O-----------------------------------
---O------------------------------------
----------------------------------------
-------OO-------------------------------
-------OO-------------------------------
----------------------------------------

Life - generation  1115 

\u001b[H
----------------------------------------
----------------------------------------
------------------------------O---------
-----------------------OO----O-O--------
----------------------OO------O---------
------------------------O---------------
----------------------------------------
----------------------------------------
----------------------------------------
----------------------------------------
----------------------------------------
----------------------------------------
---O------------------------------------
--O-O-----------------------------------
--O-O-----------------------------------
---O------------------------------------
----------------------------------------
-------OO-------------------------------
-------OO-------------------------------
----------------------------------------

Life - generation  1116 

\u001b[H
----------------------------------------
----------------------------------------
------------------------------O---------
----------------------OOO----O-O--------
----------------------O-------O---------
-----------------------O----------------
----------------------------------------
----------------------------------------
----------------------------------------
----------------------------------------
----------------------------------------
----------------------------------------
---O------------------------------------
--O-O-----------------------------------
--O-O-----------------------------------
---O------------------------------------
----------------------------------------
-------OO-------------------------------
-------OO-------------------------------
----------------------------------------

Life - generation  1117 

\u001b[H
----------------------------------------
----------------------------------------
-----------------------O------O---------
----------------------OO-----O-O--------
----------------------O-O-----O---------
----------------------------------------
----------------------------------------
----------------------------------------
----------------------------------------
----------------------------------------
----------------------------------------
----------------------------------------
---O------------------------------------
--O-O-----------------------------------
--O-O-----------------------------------
---O------------------------------------
----------------------------------------
-------OO-------------------------------
-------OO-------------------------------
----------------------------------------

Life - generation  1118 

\u001b[H
----------------------------------------
----------------------------------------
----------------------OO------O---------
----------------------O-O----O-O--------
----------------------O-------O---------
----------------------------------------
----------------------------------------
----------------------------------------
----------------------------------------
----------------------------------------
----------------------------------------
----------------------------------------
---O------------------------------------
--O-O-----------------------------------
--O-O-----------------------------------
---O------------------------------------
----------------------------------------
-------OO-------------------------------
-------OO-------------------------------
----------------------------------------

Life - generation  1119 

\u001b[H
----------------------------------------
----------------------------------------
----------------------OO------O---------
---------------------OO------O-O--------
-----------------------O------O---------
----------------------------------------
----------------------------------------
----------------------------------------
----------------------------------------
----------------------------------------
----------------------------------------
----------------------------------------
---O------------------------------------
--O-O-----------------------------------
--O-O-----------------------------------
---O------------------------------------
----------------------------------------
-------OO-------------------------------
-------OO-------------------------------
----------------------------------------

Life - generation  1120 

\u001b[H
----------------------------------------
----------------------------------------
---------------------OOO------O---------
---------------------O-------O-O--------
----------------------O-------O---------
----------------------------------------
----------------------------------------
----------------------------------------
----------------------------------------
----------------------------------------
----------------------------------------
----------------------------------------
---O------------------------------------
--O-O-----------------------------------
--O-O-----------------------------------
---O------------------------------------
----------------------------------------
-------OO-------------------------------
-------OO-------------------------------
----------------------------------------

Life - generation  1121 

\u001b[H
----------------------------------------
----------------------O-----------------
---------------------OO-------O---------
---------------------O-O-----O-O--------
------------------------------O---------
----------------------------------------
----------------------------------------
----------------------------------------
----------------------------------------
----------------------------------------
----------------------------------------
----------------------------------------
---O------------------------------------
--O-O-----------------------------------
--O-O-----------------------------------
---O------------------------------------
----------------------------------------
-------OO-------------------------------
-------OO-------------------------------
----------------------------------------

Life - generation  1122 

\u001b[H
----------------------------------------
---------------------OO-----------------
---------------------O-O------O---------
---------------------O-------O-O--------
------------------------------O---------
----------------------------------------
----------------------------------------
----------------------------------------
----------------------------------------
----------------------------------------
----------------------------------------
----------------------------------------
---O------------------------------------
--O-O-----------------------------------
--O-O-----------------------------------
---O------------------------------------
----------------------------------------
-------OO-------------------------------
-------OO-------------------------------
----------------------------------------

Life - generation  1123 

\u001b[H
----------------------------------------
---------------------OO-----------------
--------------------OO--------O---------
----------------------O------O-O--------
------------------------------O---------
----------------------------------------
----------------------------------------
----------------------------------------
----------------------------------------
----------------------------------------
----------------------------------------
----------------------------------------
---O------------------------------------
--O-O-----------------------------------
--O-O-----------------------------------
---O------------------------------------
----------------------------------------
-------OO-------------------------------
-------OO-------------------------------
----------------------------------------

Life - generation  1124 

\u001b[H
----------------------------------------
--------------------OOO-----------------
--------------------O---------O---------
---------------------O-------O-O--------
------------------------------O---------
----------------------------------------
----------------------------------------
----------------------------------------
----------------------------------------
----------------------------------------
----------------------------------------
----------------------------------------
---O------------------------------------
--O-O-----------------------------------
--O-O-----------------------------------
---O------------------------------------
----------------------------------------
-------OO-------------------------------
-------OO-------------------------------
----------------------------------------

Life - generation  1125 

\u001b[H
---------------------O------------------
--------------------OO------------------
--------------------O-O-------O---------
-----------------------------O-O--------
------------------------------O---------
----------------------------------------
----------------------------------------
----------------------------------------
----------------------------------------
----------------------------------------
----------------------------------------
----------------------------------------
---O------------------------------------
--O-O-----------------------------------
--O-O-----------------------------------
---O------------------------------------
----------------------------------------
-------OO-------------------------------
-------OO-------------------------------
----------------------------------------

Life - generation  1126 

\u001b[H
--------------------OO------------------
--------------------O-O-----------------
--------------------O---------O---------
-----------------------------O-O--------
------------------------------O---------
----------------------------------------
----------------------------------------
----------------------------------------
----------------------------------------
----------------------------------------
----------------------------------------
----------------------------------------
---O------------------------------------
--O-O-----------------------------------
--O-O-----------------------------------
---O------------------------------------
----------------------------------------
-------OO-------------------------------
-------OO-------------------------------
----------------------------------------

Life - generation  1127 

\u001b[H
--------------------OO------------------
-------------------OO-------------------
---------------------O--------O---------
-----------------------------O-O--------
------------------------------O---------
----------------------------------------
----------------------------------------
----------------------------------------
----------------------------------------
----------------------------------------
----------------------------------------
----------------------------------------
---O------------------------------------
--O-O-----------------------------------
--O-O-----------------------------------
---O------------------------------------
----------------------------------------
-------OO-------------------------------
-------OO-------------------------------
----------------------------------------

Life - generation  1128 

\u001b[H
-------------------OOO------------------
-------------------O--------------------
--------------------O---------O---------
-----------------------------O-O--------
------------------------------O---------
----------------------------------------
----------------------------------------
----------------------------------------
----------------------------------------
----------------------------------------
----------------------------------------
----------------------------------------
---O------------------------------------
--O-O-----------------------------------
--O-O-----------------------------------
---O------------------------------------
----------------------------------------
-------OO-------------------------------
-------OO-------------------------------
----------------------------------------

Life - generation  1129 

\u001b[H
-------------------OO-------------------
-------------------O-O------------------
------------------------------O---------
-----------------------------O-O--------
------------------------------O---------
----------------------------------------
----------------------------------------
----------------------------------------
----------------------------------------
----------------------------------------
----------------------------------------
----------------------------------------
---O------------------------------------
--O-O-----------------------------------
--O-O-----------------------------------
---O------------------------------------
----------------------------------------
-------OO-------------------------------
-------OO-------------------------------
--------------------O-------------------

Life - generation  1130 

\u001b[H
-------------------O-O------------------
-------------------O--------------------
------------------------------O---------
-----------------------------O-O--------
------------------------------O---------
----------------------------------------
----------------------------------------
----------------------------------------
----------------------------------------
----------------------------------------
----------------------------------------
----------------------------------------
---O------------------------------------
--O-O-----------------------------------
--O-O-----------------------------------
---O------------------------------------
----------------------------------------
-------OO-------------------------------
-------OO-------------------------------
-------------------OO-------------------

Life - generation  1131 

\u001b[H
------------------OO--------------------
--------------------O-------------------
------------------------------O---------
-----------------------------O-O--------
------------------------------O---------
----------------------------------------
----------------------------------------
----------------------------------------
----------------------------------------
----------------------------------------
----------------------------------------
----------------------------------------
---O------------------------------------
--O-O-----------------------------------
--O-O-----------------------------------
---O------------------------------------
----------------------------------------
-------OO-------------------------------
-------OO-------------------------------
-------------------OO-------------------

Life - generation  1132 

\u001b[H
------------------O---------------------
-------------------O--------------------
------------------------------O---------
-----------------------------O-O--------
------------------------------O---------
----------------------------------------
----------------------------------------
----------------------------------------
----------------------------------------
----------------------------------------
----------------------------------------
----------------------------------------
---O------------------------------------
--O-O-----------------------------------
--O-O-----------------------------------
---O------------------------------------
----------------------------------------
-------OO-------------------------------
-------OO-------------------------------
------------------OOO-------------------

Life - generation  1133 

\u001b[H
------------------O-O-------------------
----------------------------------------
------------------------------O---------
-----------------------------O-O--------
------------------------------O---------
----------------------------------------
----------------------------------------
----------------------------------------
----------------------------------------
----------------------------------------
----------------------------------------
----------------------------------------
---O------------------------------------
--O-O-----------------------------------
--O-O-----------------------------------
---O------------------------------------
----------------------------------------
-------OO-------------------------------
-------OO----------O--------------------
------------------OO--------------------

Life - generation  1134 

\u001b[H
------------------O---------------------
----------------------------------------
------------------------------O---------
-----------------------------O-O--------
------------------------------O---------
----------------------------------------
----------------------------------------
----------------------------------------
----------------------------------------
----------------------------------------
----------------------------------------
----------------------------------------
---O------------------------------------
--O-O-----------------------------------
--O-O-----------------------------------
---O------------------------------------
----------------------------------------
-------OO-------------------------------
-------OO---------OO--------------------
------------------O-O-------------------

Life - generation  1135 

\u001b[H
-------------------O--------------------
----------------------------------------
------------------------------O---------
-----------------------------O-O--------
------------------------------O---------
----------------------------------------
----------------------------------------
----------------------------------------
----------------------------------------
----------------------------------------
----------------------------------------
----------------------------------------
---O------------------------------------
--O-O-----------------------------------
--O-O-----------------------------------
---O------------------------------------
----------------------------------------
-------OO-------------------------------
-------OO---------OO--------------------
-----------------OO---------------------

Life - generation  1136 

\u001b[H
------------------O---------------------
----------------------------------------
------------------------------O---------
-----------------------------O-O--------
------------------------------O---------
----------------------------------------
----------------------------------------
----------------------------------------
----------------------------------------
----------------------------------------
----------------------------------------
----------------------------------------
---O------------------------------------
--O-O-----------------------------------
--O-O-----------------------------------
---O------------------------------------
----------------------------------------
-------OO-------------------------------
-------OO--------OOO--------------------
-----------------O----------------------

Life - generation  1137 

\u001b[H
----------------------------------------
----------------------------------------
------------------------------O---------
-----------------------------O-O--------
------------------------------O---------
----------------------------------------
----------------------------------------
----------------------------------------
----------------------------------------
----------------------------------------
----------------------------------------
----------------------------------------
---O------------------------------------
--O-O-----------------------------------
--O-O-----------------------------------
---O------------------------------------
----------------------------------------
-------OO---------O---------------------
-------OO--------OO---------------------
-----------------O-O--------------------

Life - generation  1138 

\u001b[H
----------------------------------------
----------------------------------------
------------------------------O---------
-----------------------------O-O--------
------------------------------O---------
----------------------------------------
----------------------------------------
----------------------------------------
----------------------------------------
----------------------------------------
----------------------------------------
----------------------------------------
---O------------------------------------
--O-O-----------------------------------
--O-O-----------------------------------
---O------------------------------------
----------------------------------------
-------OO--------OO---------------------
-------OO--------O-O--------------------
-----------------O----------------------

Life - generation  1139 

\u001b[H
----------------------------------------
----------------------------------------
------------------------------O---------
-----------------------------O-O--------
------------------------------O---------
----------------------------------------
----------------------------------------
----------------------------------------
----------------------------------------
----------------------------------------
----------------------------------------
----------------------------------------
---O------------------------------------
--O-O-----------------------------------
--O-O-----------------------------------
---O------------------------------------
----------------------------------------
-------OO--------OO---------------------
-------OO-------OO----------------------
------------------O---------------------

Life - generation  1140 

\u001b[H
----------------------------------------
----------------------------------------
------------------------------O---------
-----------------------------O-O--------
------------------------------O---------
----------------------------------------
----------------------------------------
----------------------------------------
----------------------------------------
----------------------------------------
----------------------------------------
----------------------------------------
---O------------------------------------
--O-O-----------------------------------
--O-O-----------------------------------
---O------------------------------------
----------------------------------------
-------OO-------OOO---------------------
-------OO-------O-----------------------
-----------------O----------------------

Life - generation  1141 

\u001b[H
----------------------------------------
----------------------------------------
------------------------------O---------
-----------------------------O-O--------
------------------------------O---------
----------------------------------------
----------------------------------------
----------------------------------------
----------------------------------------
----------------------------------------
----------------------------------------
----------------------------------------
---O------------------------------------
--O-O-----------------------------------
--O-O-----------------------------------
---O------------------------------------
-----------------O----------------------
-------OO-------OO----------------------
-------OO-------O-O---------------------
----------------------------------------

Life - generation  1142 

\u001b[H
----------------------------------------
----------------------------------------
------------------------------O---------
-----------------------------O-O--------
------------------------------O---------
----------------------------------------
----------------------------------------
----------------------------------------
----------------------------------------
----------------------------------------
----------------------------------------
----------------------------------------
---O------------------------------------
--O-O-----------------------------------
--O-O-----------------------------------
---O------------------------------------
----------------OO----------------------
-------OO-------O-O---------------------
-------OO-------O-----------------------
----------------------------------------

Life - generation  1143 

\u001b[H
----------------------------------------
----------------------------------------
------------------------------O---------
-----------------------------O-O--------
------------------------------O---------
----------------------------------------
----------------------------------------
----------------------------------------
----------------------------------------
----------------------------------------
----------------------------------------
----------------------------------------
---O------------------------------------
--O-O-----------------------------------
--O-O-----------------------------------
---O------------------------------------
----------------OO----------------------
-------OO------OO-----------------------
-------OO--------O----------------------
----------------------------------------

Life - generation  1144 

\u001b[H
----------------------------------------
----------------------------------------
------------------------------O---------
-----------------------------O-O--------
------------------------------O---------
----------------------------------------
----------------------------------------
----------------------------------------
----------------------------------------
----------------------------------------
----------------------------------------
----------------------------------------
---O------------------------------------
--O-O-----------------------------------
--O-O-----------------------------------
---O------------------------------------
---------------OOO----------------------
-------OO------O------------------------
-------OO-------O-----------------------
----------------------------------------

Life - generation  1145 

\u001b[H
----------------------------------------
----------------------------------------
------------------------------O---------
-----------------------------O-O--------
------------------------------O---------
----------------------------------------
----------------------------------------
----------------------------------------
----------------------------------------
----------------------------------------
----------------------------------------
----------------------------------------
---O------------------------------------
--O-O-----------------------------------
--O-O-----------------------------------
---O------------O-----------------------
---------------OO-----------------------
-------OO------O-O----------------------
-------OO-------------------------------
----------------------------------------

Life - generation  1146 

\u001b[H
----------------------------------------
----------------------------------------
------------------------------O---------
-----------------------------O-O--------
------------------------------O---------
----------------------------------------
----------------------------------------
----------------------------------------
----------------------------------------
----------------------------------------
----------------------------------------
----------------------------------------
---O------------------------------------
--O-O-----------------------------------
--O-O-----------------------------------
---O-----------OO-----------------------
---------------O-O----------------------
-------OO------O------------------------
-------OO-------------------------------
----------------------------------------

Life - generation  1147 

\u001b[H
----------------------------------------
----------------------------------------
------------------------------O---------
-----------------------------O-O--------
------------------------------O---------
----------------------------------------
----------------------------------------
----------------------------------------
----------------------------------------
----------------------------------------
----------------------------------------
----------------------------------------
---O------------------------------------
--O-O-----------------------------------
--O-O-----------------------------------
---O-----------OO-----------------------
--------------OO------------------------
-------OO-------O-----------------------
-------OO-------------------------------
----------------------------------------

Life - generation  1148 

\u001b[H
----------------------------------------
----------------------------------------
------------------------------O---------
-----------------------------O-O--------
------------------------------O---------
----------------------------------------
----------------------------------------
----------------------------------------
----------------------------------------
----------------------------------------
----------------------------------------
----------------------------------------
---O------------------------------------
--O-O-----------------------------------
--O-O-----------------------------------
---O----------OOO-----------------------
--------------O-------------------------
-------OO------O------------------------
-------OO-------------------------------
----------------------------------------

Life - generation  1149 

\u001b[H
----------------------------------------
----------------------------------------
------------------------------O---------
-----------------------------O-O--------
------------------------------O---------
----------------------------------------
----------------------------------------
----------------------------------------
----------------------------------------
----------------------------------------
----------------------------------------
----------------------------------------
---O------------------------------------
--O-O-----------------------------------
--O-O----------O------------------------
---O----------OO------------------------
--------------O-O-----------------------
-------OO-------------------------------
-------OO-------------------------------
----------------------------------------

Life - generation  1150 

\u001b[H
----------------------------------------
----------------------------------------
------------------------------O---------
-----------------------------O-O--------
------------------------------O---------
----------------------------------------
----------------------------------------
----------------------------------------
----------------------------------------
----------------------------------------
----------------------------------------
----------------------------------------
---O------------------------------------
--O-O-----------------------------------
--O-O---------OO------------------------
---O----------O-O-----------------------
--------------O-------------------------
-------OO-------------------------------
-------OO-------------------------------
----------------------------------------

Life - generation  1151 

\u001b[H
----------------------------------------
----------------------------------------
------------------------------O---------
-----------------------------O-O--------
------------------------------O---------
----------------------------------------
----------------------------------------
----------------------------------------
----------------------------------------
----------------------------------------
----------------------------------------
----------------------------------------
---O------------------------------------
--O-O-----------------------------------
--O-O---------OO------------------------
---O---------OO-------------------------
---------------O------------------------
-------OO-------------------------------
-------OO-------------------------------
----------------------------------------

Life - generation  1152 

\u001b[H
----------------------------------------
----------------------------------------
------------------------------O---------
-----------------------------O-O--------
------------------------------O---------
----------------------------------------
----------------------------------------
----------------------------------------
----------------------------------------
----------------------------------------
----------------------------------------
----------------------------------------
---O------------------------------------
--O-O-----------------------------------
--O-O--------OOO------------------------
---O---------O--------------------------
--------------O-------------------------
-------OO-------------------------------
-------OO-------------------------------
----------------------------------------

Life - generation  1153 

\u001b[H
----------------------------------------
----------------------------------------
------------------------------O---------
-----------------------------O-O--------
------------------------------O---------
----------------------------------------
----------------------------------------
----------------------------------------
----------------------------------------
----------------------------------------
----------------------------------------
----------------------------------------
---O------------------------------------
--O-O---------O-------------------------
--O-O--------OO-------------------------
---O---------O-O------------------------
----------------------------------------
-------OO-------------------------------
-------OO-------------------------------
----------------------------------------

Life - generation  1154 

\u001b[H
----------------------------------------
----------------------------------------
------------------------------O---------
-----------------------------O-O--------
------------------------------O---------
----------------------------------------
----------------------------------------
----------------------------------------
----------------------------------------
----------------------------------------
----------------------------------------
----------------------------------------
---O------------------------------------
--O-O--------OO-------------------------
--O-O--------O-O------------------------
---O---------O--------------------------
----------------------------------------
-------OO-------------------------------
-------OO-------------------------------
----------------------------------------

Life - generation  1155 

\u001b[H
----------------------------------------
----------------------------------------
------------------------------O---------
-----------------------------O-O--------
------------------------------O---------
----------------------------------------
----------------------------------------
----------------------------------------
----------------------------------------
----------------------------------------
----------------------------------------
----------------------------------------
---O------------------------------------
--O-O--------OO-------------------------
--O-O-------OO--------------------------
---O----------O-------------------------
----------------------------------------
-------OO-------------------------------
-------OO-------------------------------
----------------------------------------

Life - generation  1156 

\u001b[H
----------------------------------------
----------------------------------------
------------------------------O---------
-----------------------------O-O--------
------------------------------O---------
----------------------------------------
----------------------------------------
----------------------------------------
----------------------------------------
----------------------------------------
----------------------------------------
----------------------------------------
---O------------------------------------
--O-O-------OOO-------------------------
--O-O-------O---------------------------
---O---------O--------------------------
----------------------------------------
-------OO-------------------------------
-------OO-------------------------------
----------------------------------------

Life - generation  1157 

\u001b[H
----------------------------------------
----------------------------------------
------------------------------O---------
-----------------------------O-O--------
------------------------------O---------
----------------------------------------
----------------------------------------
----------------------------------------
----------------------------------------
----------------------------------------
----------------------------------------
----------------------------------------
---O---------O--------------------------
--O-O-------OO--------------------------
--O-O-------O-O-------------------------
---O------------------------------------
----------------------------------------
-------OO-------------------------------
-------OO-------------------------------
----------------------------------------

Life - generation  1158 

\u001b[H
----------------------------------------
----------------------------------------
------------------------------O---------
-----------------------------O-O--------
------------------------------O---------
----------------------------------------
----------------------------------------
----------------------------------------
----------------------------------------
----------------------------------------
----------------------------------------
----------------------------------------
---O--------OO--------------------------
--O-O-------O-O-------------------------
--O-O-------O---------------------------
---O------------------------------------
----------------------------------------
-------OO-------------------------------
-------OO-------------------------------
----------------------------------------

Life - generation  1159 

\u001b[H
----------------------------------------
----------------------------------------
------------------------------O---------
-----------------------------O-O--------
------------------------------O---------
----------------------------------------
----------------------------------------
----------------------------------------
----------------------------------------
----------------------------------------
----------------------------------------
----------------------------------------
---O--------OO--------------------------
--O-O------OO---------------------------
--O-O--------O--------------------------
---O------------------------------------
----------------------------------------
-------OO-------------------------------
-------OO-------------------------------
----------------------------------------

Life - generation  1160 

\u001b[H
----------------------------------------
----------------------------------------
------------------------------O---------
-----------------------------O-O--------
------------------------------O---------
----------------------------------------
----------------------------------------
----------------------------------------
----------------------------------------
----------------------------------------
----------------------------------------
----------------------------------------
---O-------OOO--------------------------
--O-O------O----------------------------
--O-O-------O---------------------------
---O------------------------------------
----------------------------------------
-------OO-------------------------------
-------OO-------------------------------
----------------------------------------

Life - generation  1161 

\u001b[H
----------------------------------------
----------------------------------------
------------------------------O---------
-----------------------------O-O--------
------------------------------O---------
----------------------------------------
----------------------------------------
----------------------------------------
----------------------------------------
----------------------------------------
----------------------------------------
------------O---------------------------
---O-------OO---------------------------
--O-O------O-O--------------------------
--O-O-----------------------------------
---O------------------------------------
----------------------------------------
-------OO-------------------------------
-------OO-------------------------------
----------------------------------------

Life - generation  1162 

\u001b[H
----------------------------------------
----------------------------------------
------------------------------O---------
-----------------------------O-O--------
------------------------------O---------
----------------------------------------
----------------------------------------
----------------------------------------
----------------------------------------
----------------------------------------
----------------------------------------
-----------OO---------------------------
---O-------O-O--------------------------
--O-O------O----------------------------
--O-O-----------------------------------
---O------------------------------------
----------------------------------------
-------OO-------------------------------
-------OO-------------------------------
----------------------------------------

Life - generation  1163 

\u001b[H
----------------------------------------
----------------------------------------
------------------------------O---------
-----------------------------O-O--------
------------------------------O---------
----------------------------------------
----------------------------------------
----------------------------------------
----------------------------------------
----------------------------------------
----------------------------------------
-----------OO---------------------------
---O------OO----------------------------
--O-O-------O---------------------------
--O-O-----------------------------------
---O------------------------------------
----------------------------------------
-------OO-------------------------------
-------OO-------------------------------
----------------------------------------

Life - generation  1164 

\u001b[H
----------------------------------------
----------------------------------------
------------------------------O---------
-----------------------------O-O--------
------------------------------O---------
----------------------------------------
----------------------------------------
----------------------------------------
----------------------------------------
----------------------------------------
----------------------------------------
----------OOO---------------------------
---O------O-----------------------------
--O-O------O----------------------------
--O-O-----------------------------------
---O------------------------------------
----------------------------------------
-------OO-------------------------------
-------OO-------------------------------
----------------------------------------

Life - generation  1165 

\u001b[H
----------------------------------------
----------------------------------------
------------------------------O---------
-----------------------------O-O--------
------------------------------O---------
----------------------------------------
----------------------------------------
----------------------------------------
----------------------------------------
----------------------------------------
-----------O----------------------------
----------OO----------------------------
---O------O-O---------------------------
--O-O-----------------------------------
--O-O-----------------------------------
---O------------------------------------
----------------------------------------
-------OO-------------------------------
-------OO-------------------------------
----------------------------------------

Life - generation  1166 

\u001b[H
----------------------------------------
----------------------------------------
------------------------------O---------
-----------------------------O-O--------
------------------------------O---------
----------------------------------------
----------------------------------------
----------------------------------------
----------------------------------------
----------------------------------------
----------OO----------------------------
----------O-O---------------------------
---O------O-----------------------------
--O-O-----------------------------------
--O-O-----------------------------------
---O------------------------------------
----------------------------------------
-------OO-------------------------------
-------OO-------------------------------
----------------------------------------

Life - generation  1167 

\u001b[H
----------------------------------------
----------------------------------------
------------------------------O---------
-----------------------------O-O--------
------------------------------O---------
----------------------------------------
----------------------------------------
----------------------------------------
----------------------------------------
----------------------------------------
----------OO----------------------------
---------OO-----------------------------
---O-------O----------------------------
--O-O-----------------------------------
--O-O-----------------------------------
---O------------------------------------
----------------------------------------
-------OO-------------------------------
-------OO-------------------------------
----------------------------------------

Life - generation  1168 

\u001b[H
----------------------------------------
----------------------------------------
------------------------------O---------
-----------------------------O-O--------
------------------------------O---------
----------------------------------------
----------------------------------------
----------------------------------------
----------------------------------------
----------------------------------------
---------OOO----------------------------
---------O------------------------------
---O------O-----------------------------
--O-O-----------------------------------
--O-O-----------------------------------
---O------------------------------------
----------------------------------------
-------OO-------------------------------
-------OO-------------------------------
----------------------------------------

Life - generation  1169 

\u001b[H
----------------------------------------
----------------------------------------
------------------------------O---------
-----------------------------O-O--------
------------------------------O---------
----------------------------------------
----------------------------------------
----------------------------------------
----------------------------------------
----------O-----------------------------
---------OO-----------------------------
---------O-O----------------------------
---O------------------------------------
--O-O-----------------------------------
--O-O-----------------------------------
---O------------------------------------
----------------------------------------
-------OO-------------------------------
-------OO-------------------------------
----------------------------------------

Life - generation  1170 

\u001b[H
----------------------------------------
----------------------------------------
------------------------------O---------
-----------------------------O-O--------
------------------------------O---------
----------------------------------------
----------------------------------------
----------------------------------------
----------------------------------------
---------OO-----------------------------
---------O-O----------------------------
---------O------------------------------
---O------------------------------------
--O-O-----------------------------------
--O-O-----------------------------------
---O------------------------------------
----------------------------------------
-------OO-------------------------------
-------OO-------------------------------
----------------------------------------

Life - generation  1171 

\u001b[H
----------------------------------------
----------------------------------------
------------------------------O---------
-----------------------------O-O--------
------------------------------O---------
----------------------------------------
----------------------------------------
----------------------------------------
----------------------------------------
---------OO-----------------------------
--------OO------------------------------
----------O-----------------------------
---O------------------------------------
--O-O-----------------------------------
--O-O-----------------------------------
---O------------------------------------
----------------------------------------
-------OO-------------------------------
-------OO-------------------------------
----------------------------------------

Life - generation  1172 

\u001b[H
----------------------------------------
----------------------------------------
------------------------------O---------
-----------------------------O-O--------
------------------------------O---------
----------------------------------------
----------------------------------------
----------------------------------------
----------------------------------------
--------OOO-----------------------------
--------O-------------------------------
---------O------------------------------
---O------------------------------------
--O-O-----------------------------------
--O-O-----------------------------------
---O------------------------------------
----------------------------------------
-------OO-------------------------------
-------OO-------------------------------
----------------------------------------

Life - generation  1173 

\u001b[H
----------------------------------------
----------------------------------------
------------------------------O---------
-----------------------------O-O--------
------------------------------O---------
----------------------------------------
----------------------------------------
----------------------------------------
---------O------------------------------
--------OO------------------------------
--------O-O-----------------------------
----------------------------------------
---O------------------------------------
--O-O-----------------------------------
--O-O-----------------------------------
---O------------------------------------
----------------------------------------
-------OO-------------------------------
-------OO-------------------------------
----------------------------------------

Life - generation  1174 

\u001b[H
----------------------------------------
----------------------------------------
------------------------------O---------
-----------------------------O-O--------
------------------------------O---------
----------------------------------------
----------------------------------------
----------------------------------------
--------OO------------------------------
--------O-O-----------------------------
--------O-------------------------------
----------------------------------------
---O------------------------------------
--O-O-----------------------------------
--O-O-----------------------------------
---O------------------------------------
----------------------------------------
-------OO-------------------------------
-------OO-------------------------------
----------------------------------------

Life - generation  1175 

\u001b[H
----------------------------------------
----------------------------------------
------------------------------O---------
-----------------------------O-O--------
------------------------------O---------
----------------------------------------
----------------------------------------
----------------------------------------
--------OO------------------------------
-------OO-------------------------------
---------O------------------------------
----------------------------------------
---O------------------------------------
--O-O-----------------------------------
--O-O-----------------------------------
---O------------------------------------
----------------------------------------
-------OO-------------------------------
-------OO-------------------------------
----------------------------------------

Life - generation  1176 

\u001b[H
----------------------------------------
----------------------------------------
------------------------------O---------
-----------------------------O-O--------
------------------------------O---------
----------------------------------------
----------------------------------------
----------------------------------------
-------OOO------------------------------
-------O--------------------------------
--------O-------------------------------
----------------------------------------
---O------------------------------------
--O-O-----------------------------------
--O-O-----------------------------------
---O------------------------------------
----------------------------------------
-------OO-------------------------------
-------OO-------------------------------
----------------------------------------

Life - generation  1177 

\u001b[H
----------------------------------------
----------------------------------------
------------------------------O---------
-----------------------------O-O--------
------------------------------O---------
----------------------------------------
----------------------------------------
--------O-------------------------------
-------OO-------------------------------
-------O-O------------------------------
----------------------------------------
----------------------------------------
---O------------------------------------
--O-O-----------------------------------
--O-O-----------------------------------
---O------------------------------------
----------------------------------------
-------OO-------------------------------
-------OO-------------------------------
----------------------------------------

Life - generation  1178 

\u001b[H
----------------------------------------
----------------------------------------
------------------------------O---------
-----------------------------O-O--------
------------------------------O---------
----------------------------------------
----------------------------------------
-------OO-------------------------------
-------O-O------------------------------
-------O--------------------------------
----------------------------------------
----------------------------------------
---O------------------------------------
--O-O-----------------------------------
--O-O-----------------------------------
---O------------------------------------
----------------------------------------
-------OO-------------------------------
-------OO-------------------------------
----------------------------------------

Life - generation  1179 

\u001b[H
----------------------------------------
----------------------------------------
------------------------------O---------
-----------------------------O-O--------
------------------------------O---------
----------------------------------------
----------------------------------------
-------OO-------------------------------
------OO--------------------------------
--------O-------------------------------
----------------------------------------
----------------------------------------
---O------------------------------------
--O-O-----------------------------------
--O-O-----------------------------------
---O------------------------------------
----------------------------------------
-------OO-------------------------------
-------OO-------------------------------
----------------------------------------

Life - generation  1180 

\u001b[H
----------------------------------------
----------------------------------------
------------------------------O---------
-----------------------------O-O--------
------------------------------O---------
----------------------------------------
----------------------------------------
------OOO-------------------------------
------O---------------------------------
-------O--------------------------------
----------------------------------------
----------------------------------------
---O------------------------------------
--O-O-----------------------------------
--O-O-----------------------------------
---O------------------------------------
----------------------------------------
-------OO-------------------------------
-------OO-------------------------------
----------------------------------------

Life - generation  1181 

\u001b[H
----------------------------------------
----------------------------------------
------------------------------O---------
-----------------------------O-O--------
------------------------------O---------
----------------------------------------
-------O--------------------------------
------OO--------------------------------
------O-O-------------------------------
----------------------------------------
----------------------------------------
----------------------------------------
---O------------------------------------
--O-O-----------------------------------
--O-O-----------------------------------
---O------------------------------------
----------------------------------------
-------OO-------------------------------
-------OO-------------------------------
----------------------------------------

Life - generation  1182 

\u001b[H
----------------------------------------
----------------------------------------
------------------------------O---------
-----------------------------O-O--------
------------------------------O---------
----------------------------------------
------OO--------------------------------
------O-O-------------------------------
------O---------------------------------
----------------------------------------
----------------------------------------
----------------------------------------
---O------------------------------------
--O-O-----------------------------------
--O-O-----------------------------------
---O------------------------------------
----------------------------------------
-------OO-------------------------------
-------OO-------------------------------
----------------------------------------

Life - generation  1183 

\u001b[H
----------------------------------------
----------------------------------------
------------------------------O---------
-----------------------------O-O--------
------------------------------O---------
----------------------------------------
------OO--------------------------------
-----OO---------------------------------
-------O--------------------------------
----------------------------------------
----------------------------------------
----------------------------------------
---O------------------------------------
--O-O-----------------------------------
--O-O-----------------------------------
---O------------------------------------
----------------------------------------
-------OO-------------------------------
-------OO-------------------------------
----------------------------------------

Life - generation  1184 

\u001b[H
----------------------------------------
----------------------------------------
------------------------------O---------
-----------------------------O-O--------
------------------------------O---------
----------------------------------------
-----OOO--------------------------------
-----O----------------------------------
------O---------------------------------
----------------------------------------
----------------------------------------
----------------------------------------
---O------------------------------------
--O-O-----------------------------------
--O-O-----------------------------------
---O------------------------------------
----------------------------------------
-------OO-------------------------------
-------OO-------------------------------
----------------------------------------

Life - generation  1185 

\u001b[H
----------------------------------------
----------------------------------------
------------------------------O---------
-----------------------------O-O--------
------------------------------O---------
------O---------------------------------
-----OO---------------------------------
-----O-O--------------------------------
----------------------------------------
----------------------------------------
----------------------------------------
----------------------------------------
---O------------------------------------
--O-O-----------------------------------
--O-O-----------------------------------
---O------------------------------------
----------------------------------------
-------OO-------------------------------
-------OO-------------------------------
----------------------------------------

Life - generation  1186 

\u001b[H
----------------------------------------
----------------------------------------
------------------------------O---------
-----------------------------O-O--------
------------------------------O---------
-----OO---------------------------------
-----O-O--------------------------------
-----O----------------------------------
----------------------------------------
----------------------------------------
----------------------------------------
----------------------------------------
---O------------------------------------
--O-O-----------------------------------
--O-O-----------------------------------
---O------------------------------------
----------------------------------------
-------OO-------------------------------
-------OO-------------------------------
----------------------------------------

Life - generation  1187 

\u001b[H
----------------------------------------
----------------------------------------
------------------------------O---------
-----------------------------O-O--------
------------------------------O---------
-----OO---------------------------------
----OO----------------------------------
------O---------------------------------
----------------------------------------
----------------------------------------
----------------------------------------
----------------------------------------
---O------------------------------------
--O-O-----------------------------------
--O-O-----------------------------------
---O------------------------------------
----------------------------------------
-------OO-------------------------------
-------OO-------------------------------
----------------------------------------

Life - generation  1188 

\u001b[H
----------------------------------------
----------------------------------------
------------------------------O---------
-----------------------------O-O--------
------------------------------O---------
----OOO---------------------------------
----O-----------------------------------
-----O----------------------------------
----------------------------------------
----------------------------------------
----------------------------------------
----------------------------------------
---O------------------------------------
--O-O-----------------------------------
--O-O-----------------------------------
---O------------------------------------
----------------------------------------
-------OO-------------------------------
-------OO-------------------------------
----------------------------------------

Life - generation  1189 

\u001b[H
----------------------------------------
----------------------------------------
------------------------------O---------
-----------------------------O-O--------
-----O------------------------O---------
----OO----------------------------------
----O-O---------------------------------
----------------------------------------
----------------------------------------
----------------------------------------
----------------------------------------
----------------------------------------
---O------------------------------------
--O-O-----------------------------------
--O-O-----------------------------------
---O------------------------------------
----------------------------------------
-------OO-------------------------------
-------OO-------------------------------
----------------------------------------

Life - generation  1190 

\u001b[H
----------------------------------------
----------------------------------------
------------------------------O---------
-----------------------------O-O--------
----OO------------------------O---------
----O-O---------------------------------
----O-----------------------------------
----------------------------------------
----------------------------------------
----------------------------------------
----------------------------------------
----------------------------------------
---O------------------------------------
--O-O-----------------------------------
--O-O-----------------------------------
---O------------------------------------
----------------------------------------
-------OO-------------------------------
-------OO-------------------------------
----------------------------------------

Life - generation  1191 

\u001b[H
----------------------------------------
----------------------------------------
------------------------------O---------
-----------------------------O-O--------
----OO------------------------O---------
---OO-----------------------------------
-----O----------------------------------
----------------------------------------
----------------------------------------
----------------------------------------
----------------------------------------
----------------------------------------
---O------------------------------------
--O-O-----------------------------------
--O-O-----------------------------------
---O------------------------------------
----------------------------------------
-------OO-------------------------------
-------OO-------------------------------
----------------------------------------

Life - generation  1192 

\u001b[H
----------------------------------------
----------------------------------------
------------------------------O---------
-----------------------------O-O--------
---OOO------------------------O---------
---O------------------------------------
----O-----------------------------------
----------------------------------------
----------------------------------------
----------------------------------------
----------------------------------------
----------------------------------------
---O------------------------------------
--O-O-----------------------------------
--O-O-----------------------------------
---O------------------------------------
----------------------------------------
-------OO-------------------------------
-------OO-------------------------------
----------------------------------------

Life - generation  1193 

\u001b[H
----------------------------------------
----------------------------------------
------------------------------O---------
----O------------------------O-O--------
---OO-------------------------O---------
---O-O----------------------------------
----------------------------------------
----------------------------------------
----------------------------------------
----------------------------------------
----------------------------------------
----------------------------------------
---O------------------------------------
--O-O-----------------------------------
--O-O-----------------------------------
---O------------------------------------
----------------------------------------
-------OO-------------------------------
-------OO-------------------------------
----------------------------------------

Life - generation  1194 

\u001b[H
----------------------------------------
----------------------------------------
------------------------------O---------
---OO------------------------O-O--------
---O-O------------------------O---------
---O------------------------------------
----------------------------------------
----------------------------------------
----------------------------------------
----------------------------------------
----------------------------------------
----------------------------------------
---O------------------------------------
--O-O-----------------------------------
--O-O-----------------------------------
---O------------------------------------
----------------------------------------
-------OO-------------------------------
-------OO-------------------------------
----------------------------------------

Life - generation  1195 

\u001b[H
----------------------------------------
----------------------------------------
------------------------------O---------
---OO------------------------O-O--------
--OO--------------------------O---------
----O-----------------------------------
----------------------------------------
----------------------------------------
----------------------------------------
----------------------------------------
----------------------------------------
----------------------------------------
---O------------------------------------
--O-O-----------------------------------
--O-O-----------------------------------
---O------------------------------------
----------------------------------------
-------OO-------------------------------
-------OO-------------------------------
----------------------------------------

Life - generation  1196 

\u001b[H
----------------------------------------
----------------------------------------
------------------------------O---------
--OOO------------------------O-O--------
--O---------------------------O---------
---O------------------------------------
----------------------------------------
----------------------------------------
----------------------------------------
----------------------------------------
----------------------------------------
----------------------------------------
---O------------------------------------
--O-O-----------------------------------
--O-O-----------------------------------
---O------------------------------------
----------------------------------------
-------OO-------------------------------
-------OO-------------------------------
----------------------------------------

Life - generation  1197 

\u001b[H
----------------------------------------
----------------------------------------
---O--------------------------O---------
--OO-------------------------O-O--------
--O-O-------------------------O---------
----------------------------------------
----------------------------------------
----------------------------------------
----------------------------------------
----------------------------------------
----------------------------------------
----------------------------------------
---O------------------------------------
--O-O-----------------------------------
--O-O-----------------------------------
---O------------------------------------
----------------------------------------
-------OO-------------------------------
-------OO-------------------------------
----------------------------------------

Life - generation  1198 

\u001b[H
----------------------------------------
----------------------------------------
--OO--------------------------O---------
--O-O------------------------O-O--------
--O---------------------------O---------
----------------------------------------
----------------------------------------
----------------------------------------
----------------------------------------
----------------------------------------
----------------------------------------
----------------------------------------
---O------------------------------------
--O-O-----------------------------------
--O-O-----------------------------------
---O------------------------------------
----------------------------------------
-------OO-------------------------------
-------OO-------------------------------
----------------------------------------

Life - generation  1199 

\u001b[H
----------------------------------------
----------------------------------------
--OO--------------------------O---------
-OO--------------------------O-O--------
---O--------------------------O---------
----------------------------------------
----------------------------------------
----------------------------------------
----------------------------------------
----------------------------------------
----------------------------------------
----------------------------------------
---O------------------------------------
--O-O-----------------------------------
--O-O-----------------------------------
---O------------------------------------
----------------------------------------
-------OO-------------------------------
-------OO-------------------------------
----------------------------------------

Life - generation  1200 

\u001b[H
----------------------------------------
----------------------------------------
-OOO--------------------------O---------
-O---------------------------O-O--------
--O---------------------------O---------
----------------------------------------
----------------------------------------
----------------------------------------
----------------------------------------
----------------------------------------
----------------------------------------
----------------------------------------
---O------------------------------------
--O-O-----------------------------------
--O-O-----------------------------------
---O------------------------------------
----------------------------------------
-------OO-------------------------------
-------OO-------------------------------
----------------------------------------

Life - generation  1201 

\u001b[H
----------------------------------------
--O-------------------------------------
-OO---------------------------O---------
-O-O-------------------------O-O--------
------------------------------O---------
----------------------------------------
----------------------------------------
----------------------------------------
----------------------------------------
----------------------------------------
----------------------------------------
----------------------------------------
---O------------------------------------
--O-O-----------------------------------
--O-O-----------------------------------
---O------------------------------------
----------------------------------------
-------OO-------------------------------
-------OO-------------------------------
----------------------------------------

Life - generation  1202 

\u001b[H
----------------------------------------
-OO-------------------------------------
-O-O--------------------------O---------
-O---------------------------O-O--------
------------------------------O---------
----------------------------------------
----------------------------------------
----------------------------------------
----------------------------------------
----------------------------------------
----------------------------------------
----------------------------------------
---O------------------------------------
--O-O-----------------------------------
--O-O-----------------------------------
---O------------------------------------
----------------------------------------
-------OO-------------------------------
-------OO-------------------------------
----------------------------------------

Life - generation  1203 

\u001b[H
----------------------------------------
-OO-------------------------------------
OO----------------------------O---------
--O--------------------------O-O--------
------------------------------O---------
----------------------------------------
----------------------------------------
----------------------------------------
----------------------------------------
----------------------------------------
----------------------------------------
----------------------------------------
---O------------------------------------
--O-O-----------------------------------
--O-O-----------------------------------
---O------------------------------------
----------------------------------------
-------OO-------------------------------
-------OO-------------------------------
----------------------------------------

Life - generation  1204 

\u001b[H
----------------------------------------
OOO-------------------------------------
O-----------------------------O---------
-O---------------------------O-O--------
------------------------------O---------
----------------------------------------
----------------------------------------
----------------------------------------
----------------------------------------
----------------------------------------
----------------------------------------
----------------------------------------
---O------------------------------------
--O-O-----------------------------------
--O-O-----------------------------------
---O------------------------------------
----------------------------------------
-------OO-------------------------------
-------OO-------------------------------
----------------------------------------

Life - generation  1205 

\u001b[H
-O--------------------------------------
OO--------------------------------------
O-O---------------------------O---------
-----------------------------O-O--------
------------------------------O---------
----------------------------------------
----------------------------------------
----------------------------------------
----------------------------------------
----------------------------------------
----------------------------------------
----------------------------------------
---O------------------------------------
--O-O-----------------------------------
--O-O-----------------------------------
---O------------------------------------
----------------------------------------
-------OO-------------------------------
-------OO-------------------------------
----------------------------------------

Life - generation  1206 

\u001b[H
OO--------------------------------------
O-O-------------------------------------
O-----------------------------O---------
-----------------------------O-O--------
------------------------------O---------
----------------------------------------
----------------------------------------
----------------------------------------
----------------------------------------
----------------------------------------
----------------------------------------
----------------------------------------
---O------------------------------------
--O-O-----------------------------------
--O-O-----------------------------------
---O------------------------------------
----------------------------------------
-------OO-------------------------------
-------OO-------------------------------
----------------------------------------

Life - generation  1207 

\u001b[H
OO--------------------------------------
O--------------------------------------O
-O----------------------------O---------
-----------------------------O-O--------
------------------------------O---------
----------------------------------------
----------------------------------------
----------------------------------------
----------------------------------------
----------------------------------------
----------------------------------------
----------------------------------------
---O------------------------------------
--O-O-----------------------------------
--O-O-----------------------------------
---O------------------------------------
----------------------------------------
-------OO-------------------------------
-------OO-------------------------------
----------------------------------------

Life - generation  1208 

\u001b[H
OO-------------------------------------O
---------------------------------------O
O-----------------------------O---------
-----------------------------O-O--------
------------------------------O---------
----------------------------------------
----------------------------------------
----------------------------------------
----------------------------------------
----------------------------------------
----------------------------------------
----------------------------------------
---O------------------------------------
--O-O-----------------------------------
--O-O-----------------------------------
---O------------------------------------
----------------------------------------
-------OO-------------------------------
-------OO-------------------------------
----------------------------------------

Life - generation  1209 

\u001b[H
O--------------------------------------O
-O-------------------------------------O
------------------------------O---------
-----------------------------O-O--------
------------------------------O---------
----------------------------------------
----------------------------------------
----------------------------------------
----------------------------------------
----------------------------------------
----------------------------------------
----------------------------------------
---O------------------------------------
--O-O-----------------------------------
--O-O-----------------------------------
---O------------------------------------
----------------------------------------
-------OO-------------------------------
-------OO-------------------------------
O---------------------------------------

Life - generation  1210 

\u001b[H
-O-------------------------------------O
---------------------------------------O
------------------------------O---------
-----------------------------O-O--------
------------------------------O---------
----------------------------------------
----------------------------------------
----------------------------------------
----------------------------------------
----------------------------------------
----------------------------------------
----------------------------------------
---O------------------------------------
--O-O-----------------------------------
--O-O-----------------------------------
---O------------------------------------
----------------------------------------
-------OO-------------------------------
-------OO-------------------------------
O--------------------------------------O

Life - generation  1211 

\u001b[H
--------------------------------------OO
O---------------------------------------
------------------------------O---------
-----------------------------O-O--------
------------------------------O---------
----------------------------------------
----------------------------------------
----------------------------------------
----------------------------------------
----------------------------------------
----------------------------------------
----------------------------------------
---O------------------------------------
--O-O-----------------------------------
--O-O-----------------------------------
---O------------------------------------
----------------------------------------
-------OO-------------------------------
-------OO-------------------------------
O--------------------------------------O

Life - generation  1212 

\u001b[H
--------------------------------------O-
---------------------------------------O
------------------------------O---------
-----------------------------O-O--------
------------------------------O---------
----------------------------------------
----------------------------------------
----------------------------------------
----------------------------------------
----------------------------------------
----------------------------------------
----------------------------------------
---O------------------------------------
--O-O-----------------------------------
--O-O-----------------------------------
---O------------------------------------
----------------------------------------
-------OO-------------------------------
-------OO-------------------------------
O-------------------------------------OO

Life - generation  1213 

\u001b[H
O-------------------------------------O-
----------------------------------------
------------------------------O---------
-----------------------------O-O--------
------------------------------O---------
----------------------------------------
----------------------------------------
----------------------------------------
----------------------------------------
----------------------------------------
----------------------------------------
----------------------------------------
---O------------------------------------
--O-O-----------------------------------
--O-O-----------------------------------
---O------------------------------------
----------------------------------------
-------OO-------------------------------
-------OO------------------------------O
--------------------------------------OO

Life - generation  1214 

\u001b[H
--------------------------------------O-
----------------------------------------
------------------------------O---------
-----------------------------O-O--------
------------------------------O---------
----------------------------------------
----------------------------------------
----------------------------------------
----------------------------------------
----------------------------------------
----------------------------------------
----------------------------------------
---O------------------------------------
--O-O-----------------------------------
--O-O-----------------------------------
---O------------------------------------
----------------------------------------
-------OO-------------------------------
-------OO-----------------------------OO
O-------------------------------------O-

Life - generation  1215 

\u001b[H
---------------------------------------O
----------------------------------------
------------------------------O---------
-----------------------------O-O--------
------------------------------O---------
----------------------------------------
----------------------------------------
----------------------------------------
----------------------------------------
----------------------------------------
----------------------------------------
----------------------------------------
---O------------------------------------
--O-O-----------------------------------
--O-O-----------------------------------
---O------------------------------------
----------------------------------------
-------OO-------------------------------
-------OO-----------------------------OO
-------------------------------------OO-

Life - generation  1216 

\u001b[H
--------------------------------------O-
----------------------------------------
------------------------------O---------
-----------------------------O-O--------
------------------------------O---------
----------------------------------------
----------------------------------------
----------------------------------------
----------------------------------------
----------------------------------------
----------------------------------------
----------------------------------------
---O------------------------------------
--O-O-----------------------------------
--O-O-----------------------------------
---O------------------------------------
----------------------------------------
-------OO-------------------------------
-------OO----------------------------OOO
-------------------------------------O--

Life - generation  1217 

\u001b[H
----------------------------------------
----------------------------------------
------------------------------O---------
-----------------------------O-O--------
------------------------------O---------
----------------------------------------
----------------------------------------
----------------------------------------
----------------------------------------
----------------------------------------
----------------------------------------
----------------------------------------
---O------------------------------------
--O-O-----------------------------------
--O-O-----------------------------------
---O------------------------------------
----------------------------------------
-------OO-----------------------------O-
-------OO----------------------------OO-
-------------------------------------O-O

Life - generation  1218 

\u001b[H
----------------------------------------
----------------------------------------
------------------------------O---------
-----------------------------O-O--------
------------------------------O---------
----------------------------------------
----------------------------------------
----------------------------------------
----------------------------------------
----------------------------------------
----------------------------------------
----------------------------------------
---O------------------------------------
--O-O-----------------------------------
--O-O-----------------------------------
---O------------------------------------
----------------------------------------
-------OO----------------------------OO-
-------OO----------------------------O-O
-------------------------------------O--

Life - generation  1219 

\u001b[H
----------------------------------------
----------------------------------------
------------------------------O---------
-----------------------------O-O--------
------------------------------O---------
----------------------------------------
----------------------------------------
----------------------------------------
----------------------------------------
----------------------------------------
----------------------------------------
----------------------------------------
---O------------------------------------
--O-O-----------------------------------
--O-O-----------------------------------
---O------------------------------------
----------------------------------------
-------OO----------------------------OO-
-------OO---------------------------OO--
--------------------------------------O-

Life - generation  1220 

\u001b[H
----------------------------------------
----------------------------------------
------------------------------O---------
-----------------------------O-O--------
------------------------------O---------
----------------------------------------
----------------------------------------
----------------------------------------
----------------------------------------
----------------------------------------
----------------------------------------
----------------------------------------
---O------------------------------------
--O-O-----------------------------------
--O-O-----------------------------------
---O------------------------------------
----------------------------------------
-------OO---------------------------OOO-
-------OO---------------------------O---
-------------------------------------O--

Life - generation  1221 

\u001b[H
----------------------------------------
----------------------------------------
------------------------------O---------
-----------------------------O-O--------
------------------------------O---------
----------------------------------------
----------------------------------------
----------------------------------------
----------------------------------------
----------------------------------------
----------------------------------------
----------------------------------------
---O------------------------------------
--O-O-----------------------------------
--O-O-----------------------------------
---O------------------------------------
-------------------------------------O--
-------OO---------------------------OO--
-------OO---------------------------O-O-
----------------------------------------

Life - generation  1222 

\u001b[H
----------------------------------------
----------------------------------------
------------------------------O---------
-----------------------------O-O--------
------------------------------O---------
----------------------------------------
----------------------------------------
----------------------------------------
----------------------------------------
----------------------------------------
----------------------------------------
----------------------------------------
---O------------------------------------
--O-O-----------------------------------
--O-O-----------------------------------
---O------------------------------------
------------------------------------OO--
-------OO---------------------------O-O-
-------OO---------------------------O---
----------------------------------------

Life - generation  1223 

\u001b[H
----------------------------------------
----------------------------------------
------------------------------O---------
-----------------------------O-O--------
------------------------------O---------
----------------------------------------
----------------------------------------
----------------------------------------
----------------------------------------
----------------------------------------
----------------------------------------
----------------------------------------
---O------------------------------------
--O-O-----------------------------------
--O-O-----------------------------------
---O------------------------------------
------------------------------------OO--
-------OO--------------------------OO---
-------OO----------------------------O--
----------------------------------------

Life - generation  1224 

\u001b[H
----------------------------------------
----------------------------------------
------------------------------O---------
-----------------------------O-O--------
------------------------------O---------
----------------------------------------
----------------------------------------
----------------------------------------
----------------------------------------
----------------------------------------
----------------------------------------
----------------------------------------
---O------------------------------------
--O-O-----------------------------------
--O-O-----------------------------------
---O------------------------------------
-----------------------------------OOO--
-------OO--------------------------O----
-------OO---------------------------O---
----------------------------------------

Life - generation  1225 

\u001b[H
----------------------------------------
----------------------------------------
------------------------------O---------
-----------------------------O-O--------
------------------------------O---------
----------------------------------------
----------------------------------------
----------------------------------------
----------------------------------------
----------------------------------------
----------------------------------------
----------------------------------------
---O------------------------------------
--O-O-----------------------------------
--O-O-----------------------------------
---O--------------------------------O---
-----------------------------------OO---
-------OO--------------------------O-O--
-------OO-------------------------------
----------------------------------------

Life - generation  1226 

\u001b[H
----------------------------------------
----------------------------------------
------------------------------O---------
-----------------------------O-O--------
------------------------------O---------
----------------------------------------
----------------------------------------
----------------------------------------
----------------------------------------
----------------------------------------
----------------------------------------
----------------------------------------
---O------------------------------------
--O-O-----------------------------------
--O-O-----------------------------------
---O-------------------------------OO---
-----------------------------------O-O--
-------OO--------------------------O----
-------OO-------------------------------
----------------------------------------

Life - generation  1227 

\u001b[H
----------------------------------------
----------------------------------------
------------------------------O---------
-----------------------------O-O--------
------------------------------O---------
----------------------------------------
----------------------------------------
----------------------------------------
----------------------------------------
----------------------------------------
----------------------------------------
----------------------------------------
---O------------------------------------
--O-O-----------------------------------
--O-O-----------------------------------
---O-------------------------------OO---
----------------------------------OO----
-------OO---------------------------O---
-------OO-------------------------------
----------------------------------------

Life - generation  1228 

\u001b[H
----------------------------------------
----------------------------------------
------------------------------O---------
-----------------------------O-O--------
------------------------------O---------
----------------------------------------
----------------------------------------
----------------------------------------
----------------------------------------
----------------------------------------
----------------------------------------
----------------------------------------
---O------------------------------------
--O-O-----------------------------------
--O-O-----------------------------------
---O------------------------------OOO---
----------------------------------O-----
-------OO--------------------------O----
-------OO-------------------------------
----------------------------------------

Life - generation  1229 

\u001b[H
----------------------------------------
----------------------------------------
------------------------------O---------
-----------------------------O-O--------
------------------------------O---------
----------------------------------------
----------------------------------------
----------------------------------------
----------------------------------------
----------------------------------------
----------------------------------------
----------------------------------------
---O------------------------------------
--O-O-----------------------------------
--O-O------------------------------O----
---O------------------------------OO----
----------------------------------O-O---
-------OO-------------------------------
-------OO-------------------------------
----------------------------------------

Life - generation  1230 

\u001b[H
----------------------------------------
----------------------------------------
------------------------------O---------
-----------------------------O-O--------
------------------------------O---------
----------------------------------------
----------------------------------------
----------------------------------------
----------------------------------------
----------------------------------------
----------------------------------------
----------------------------------------
---O------------------------------------
--O-O-----------------------------------
--O-O-----------------------------OO----
---O------------------------------O-O---
----------------------------------O-----
-------OO-------------------------------
-------OO-------------------------------
----------------------------------------

Life - generation  1231 

\u001b[H
----------------------------------------
----------------------------------------
------------------------------O---------
-----------------------------O-O--------
------------------------------O---------
----------------------------------------
----------------------------------------
----------------------------------------
----------------------------------------
----------------------------------------
----------------------------------------
----------------------------------------
---O------------------------------------
--O-O-----------------------------------
--O-O-----------------------------OO----
---O-----------------------------OO-----
-----------------------------------O----
-------OO-------------------------------
-------OO-------------------------------
----------------------------------------

Life - generation  1232 

\u001b[H
----------------------------------------
----------------------------------------
------------------------------O---------
-----------------------------O-O--------
------------------------------O---------
----------------------------------------
----------------------------------------
----------------------------------------
----------------------------------------
----------------------------------------
----------------------------------------
----------------------------------------
---O------------------------------------
--O-O-----------------------------------
--O-O----------------------------OOO----
---O-----------------------------O------
----------------------------------O-----
-------OO-------------------------------
-------OO-------------------------------
----------------------------------------

Life - generation  1233 

\u001b[H
----------------------------------------
----------------------------------------
------------------------------O---------
-----------------------------O-O--------
------------------------------O---------
----------------------------------------
----------------------------------------
----------------------------------------
----------------------------------------
----------------------------------------
----------------------------------------
----------------------------------------
---O------------------------------------
--O-O-----------------------------O-----
--O-O----------------------------OO-----
---O-----------------------------O-O----
----------------------------------------
-------OO-------------------------------
-------OO-------------------------------
----------------------------------------

Life - generation  1234 

\u001b[H
----------------------------------------
----------------------------------------
------------------------------O---------
-----------------------------O-O--------
------------------------------O---------
----------------------------------------
----------------------------------------
----------------------------------------
----------------------------------------
----------------------------------------
----------------------------------------
----------------------------------------
---O------------------------------------
--O-O----------------------------OO-----
--O-O----------------------------O-O----
---O-----------------------------O------
----------------------------------------
-------OO-------------------------------
-------OO-------------------------------
----------------------------------------

Life - generation  1235 

\u001b[H
----------------------------------------
----------------------------------------
------------------------------O---------
-----------------------------O-O--------
------------------------------O---------
----------------------------------------
----------------------------------------
----------------------------------------
----------------------------------------
----------------------------------------
----------------------------------------
----------------------------------------
---O------------------------------------
--O-O----------------------------OO-----
--O-O---------------------------OO------
---O------------------------------O-----
----------------------------------------
-------OO-------------------------------
-------OO-------------------------------
----------------------------------------

Life - generation  1236 

\u001b[H
----------------------------------------
----------------------------------------
------------------------------O---------
-----------------------------O-O--------
------------------------------O---------
----------------------------------------
----------------------------------------
----------------------------------------
----------------------------------------
----------------------------------------
----------------------------------------
----------------------------------------
---O------------------------------------
--O-O---------------------------OOO-----
--O-O---------------------------O-------
---O-----------------------------O------
----------------------------------------
-------OO-------------------------------
-------OO-------------------------------
----------------------------------------

Life - generation  1237 

\u001b[H
----------------------------------------
----------------------------------------
------------------------------O---------
-----------------------------O-O--------
------------------------------O---------
----------------------------------------
----------------------------------------
----------------------------------------
----------------------------------------
----------------------------------------
----------------------------------------
----------------------------------------
---O-----------------------------O------
--O-O---------------------------OO------
--O-O---------------------------O-O-----
---O------------------------------------
----------------------------------------
-------OO-------------------------------
-------OO-------------------------------
----------------------------------------

Life - generation  1238 

\u001b[H
----------------------------------------
----------------------------------------
------------------------------O---------
-----------------------------O-O--------
------------------------------O---------
----------------------------------------
----------------------------------------
----------------------------------------
----------------------------------------
----------------------------------------
----------------------------------------
----------------------------------------
---O----------------------------OO------
--O-O---------------------------O-O-----
--O-O---------------------------O-------
---O------------------------------------
----------------------------------------
-------OO-------------------------------
-------OO-------------------------------
----------------------------------------

Life - generation  1239 

\u001b[H
----------------------------------------
----------------------------------------
------------------------------O---------
-----------------------------O-O--------
------------------------------O---------
----------------------------------------
----------------------------------------
----------------------------------------
----------------------------------------
----------------------------------------
----------------------------------------
----------------------------------------
---O----------------------------OO------
--O-O--------------------------OO-------
--O-O----------------------------O------
---O------------------------------------
----------------------------------------
-------OO-------------------------------
-------OO-------------------------------
----------------------------------------

Life - generation  1240 

\u001b[H
----------------------------------------
----------------------------------------
------------------------------O---------
-----------------------------O-O--------
------------------------------O---------
----------------------------------------
----------------------------------------
----------------------------------------
----------------------------------------
----------------------------------------
----------------------------------------
----------------------------------------
---O---------------------------OOO------
--O-O--------------------------O--------
--O-O---------------------------O-------
---O------------------------------------
----------------------------------------
-------OO-------------------------------
-------OO-------------------------------
----------------------------------------

Life - generation  1241 

\u001b[H
----------------------------------------
----------------------------------------
------------------------------O---------
-----------------------------O-O--------
------------------------------O---------
----------------------------------------
----------------------------------------
----------------------------------------
----------------------------------------
----------------------------------------
----------------------------------------
--------------------------------O-------
---O---------------------------OO-------
--O-O--------------------------O-O------
--O-O-----------------------------------
---O------------------------------------
----------------------------------------
-------OO-------------------------------
-------OO-------------------------------
----------------------------------------

Life - generation  1242 

\u001b[H
----------------------------------------
----------------------------------------
------------------------------O---------
-----------------------------O-O--------
------------------------------O---------
----------------------------------------
----------------------------------------
----------------------------------------
----------------------------------------
----------------------------------------
----------------------------------------
-------------------------------OO-------
---O---------------------------O-O------
--O-O--------------------------O--------
--O-O-----------------------------------
---O------------------------------------
----------------------------------------
-------OO-------------------------------
-------OO-------------------------------
----------------------------------------

Life - generation  1243 

\u001b[H
----------------------------------------
----------------------------------------
------------------------------O---------
-----------------------------O-O--------
------------------------------O---------
----------------------------------------
----------------------------------------
----------------------------------------
----------------------------------------
----------------------------------------
----------------------------------------
-------------------------------OO-------
---O--------------------------OO--------
--O-O---------------------------O-------
--O-O-----------------------------------
---O------------------------------------
----------------------------------------
-------OO-------------------------------
-------OO-------------------------------
----------------------------------------

Life - generation  1244 

\u001b[H
----------------------------------------
----------------------------------------
------------------------------O---------
-----------------------------O-O--------
------------------------------O---------
----------------------------------------
----------------------------------------
----------------------------------------
----------------------------------------
----------------------------------------
----------------------------------------
------------------------------OOO-------
---O--------------------------O---------
--O-O--------------------------O--------
--O-O-----------------------------------
---O------------------------------------
----------------------------------------
-------OO-------------------------------
-------OO-------------------------------
----------------------------------------

Life - generation  1245 

\u001b[H
----------------------------------------
----------------------------------------
------------------------------O---------
-----------------------------O-O--------
------------------------------O---------
----------------------------------------
----------------------------------------
----------------------------------------
----------------------------------------
----------------------------------------
-------------------------------O--------
------------------------------OO--------
---O--------------------------O-O-------
--O-O-----------------------------------
--O-O-----------------------------------
---O------------------------------------
----------------------------------------
-------OO-------------------------------
-------OO-------------------------------
----------------------------------------

Life - generation  1246 

\u001b[H
----------------------------------------
----------------------------------------
------------------------------O---------
-----------------------------O-O--------
------------------------------O---------
----------------------------------------
----------------------------------------
----------------------------------------
----------------------------------------
----------------------------------------
------------------------------OO--------
------------------------------O-O-------
---O--------------------------O---------
--O-O-----------------------------------
--O-O-----------------------------------
---O------------------------------------
----------------------------------------
-------OO-------------------------------
-------OO-------------------------------
----------------------------------------

Life - generation  1247 

\u001b[H
----------------------------------------
----------------------------------------
------------------------------O---------
-----------------------------O-O--------
------------------------------O---------
----------------------------------------
----------------------------------------
----------------------------------------
----------------------------------------
----------------------------------------
------------------------------OO--------
-----------------------------OO---------
---O---------------------------O--------
--O-O-----------------------------------
--O-O-----------------------------------
---O------------------------------------
----------------------------------------
-------OO-------------------------------
-------OO-------------------------------
----------------------------------------

Life - generation  1248 

\u001b[H
----------------------------------------
----------------------------------------
------------------------------O---------
-----------------------------O-O--------
------------------------------O---------
----------------------------------------
----------------------------------------
----------------------------------------
----------------------------------------
----------------------------------------
-----------------------------OOO--------
-----------------------------O----------
---O--------------------------O---------
--O-O-----------------------------------
--O-O-----------------------------------
---O------------------------------------
----------------------------------------
-------OO-------------------------------
-------OO-------------------------------
----------------------------------------

Life - generation  1249 

\u001b[H
----------------------------------------
----------------------------------------
------------------------------O---------
-----------------------------O-O--------
------------------------------O---------
----------------------------------------
----------------------------------------
----------------------------------------
----------------------------------------
------------------------------O---------
-----------------------------OO---------
-----------------------------O-O--------
---O------------------------------------
--O-O-----------------------------------
--O-O-----------------------------------
---O------------------------------------
----------------------------------------
-------OO-------------------------------
-------OO-------------------------------
----------------------------------------

Life - generation  1250 

\u001b[H
----------------------------------------
----------------------------------------
------------------------------O---------
-----------------------------O-O--------
------------------------------O---------
----------------------------------------
----------------------------------------
----------------------------------------
----------------------------------------
-----------------------------OO---------
-----------------------------O-O--------
-----------------------------O----------
---O------------------------------------
--O-O-----------------------------------
--O-O-----------------------------------
---O------------------------------------
----------------------------------------
-------OO-------------------------------
-------OO-------------------------------
----------------------------------------

Life - generation  1251 

\u001b[H
----------------------------------------
----------------------------------------
------------------------------O---------
-----------------------------O-O--------
------------------------------O---------
----------------------------------------
----------------------------------------
----------------------------------------
----------------------------------------
-----------------------------OO---------
----------------------------OO----------
------------------------------O---------
---O------------------------------------
--O-O-----------------------------------
--O-O-----------------------------------
---O------------------------------------
----------------------------------------
-------OO-------------------------------
-------OO-------------------------------
----------------------------------------

Life - generation  1252 

\u001b[H
----------------------------------------
----------------------------------------
------------------------------O---------
-----------------------------O-O--------
------------------------------O---------
----------------------------------------
----------------------------------------
----------------------------------------
----------------------------------------
----------------------------OOO---------
----------------------------O-----------
-----------------------------O----------
---O------------------------------------
--O-O-----------------------------------
--O-O-----------------------------------
---O------------------------------------
----------------------------------------
-------OO-------------------------------
-------OO-------------------------------
----------------------------------------

Life - generation  1253 

\u001b[H
----------------------------------------
----------------------------------------
------------------------------O---------
-----------------------------O-O--------
------------------------------O---------
----------------------------------------
----------------------------------------
----------------------------------------
-----------------------------O----------
----------------------------OO----------
----------------------------O-O---------
----------------------------------------
---O------------------------------------
--O-O-----------------------------------
--O-O-----------------------------------
---O------------------------------------
----------------------------------------
-------OO-------------------------------
-------OO-------------------------------
----------------------------------------

Life - generation  1254 

\u001b[H
----------------------------------------
----------------------------------------
------------------------------O---------
-----------------------------O-O--------
------------------------------O---------
----------------------------------------
----------------------------------------
----------------------------------------
----------------------------OO----------
----------------------------O-O---------
----------------------------O-----------
----------------------------------------
---O------------------------------------
--O-O-----------------------------------
--O-O-----------------------------------
---O------------------------------------
----------------------------------------
-------OO-------------------------------
-------OO-------------------------------
----------------------------------------

Life - generation  1255 

\u001b[H
----------------------------------------
----------------------------------------
------------------------------O---------
-----------------------------O-O--------
------------------------------O---------
----------------------------------------
----------------------------------------
----------------------------------------
----------------------------OO----------
---------------------------OO-----------
-----------------------------O----------
----------------------------------------
---O------------------------------------
--O-O-----------------------------------
--O-O-----------------------------------
---O------------------------------------
----------------------------------------
-------OO-------------------------------
-------OO-------------------------------
----------------------------------------

Life - generation  1256 

\u001b[H
----------------------------------------
----------------------------------------
------------------------------O---------
-----------------------------O-O--------
------------------------------O---------
----------------------------------------
----------------------------------------
----------------------------------------
---------------------------OOO----------
---------------------------O------------
----------------------------O-----------
----------------------------------------
---O------------------------------------
--O-O-----------------------------------
--O-O-----------------------------------
---O------------------------------------
----------------------------------------
-------OO-------------------------------
-------OO-------------------------------
----------------------------------------

Life - generation  1257 

\u001b[H
----------------------------------------
----------------------------------------
------------------------------O---------
-----------------------------O-O--------
------------------------------O---------
----------------------------------------
----------------------------------------
----------------------------O-----------
---------------------------OO-----------
---------------------------O-O----------
----------------------------------------
----------------------------------------
---O------------------------------------
--O-O-----------------------------------
--O-O-----------------------------------
---O------------------------------------
----------------------------------------
-------OO-------------------------------
-------OO-------------------------------
----------------------------------------

Life - generation  1258 

\u001b[H
----------------------------------------
----------------------------------------
------------------------------O---------
-----------------------------O-O--------
------------------------------O---------
----------------------------------------
----------------------------------------
---------------------------OO-----------
---------------------------O-O----------
---------------------------O------------
----------------------------------------
----------------------------------------
---O------------------------------------
--O-O-----------------------------------
--O-O-----------------------------------
---O------------------------------------
----------------------------------------
-------OO-------------------------------
-------OO-------------------------------
----------------------------------------

Life - generation  1259 

\u001b[H
----------------------------------------
----------------------------------------
------------------------------O---------
-----------------------------O-O--------
------------------------------O---------
----------------------------------------
----------------------------------------
---------------------------OO-----------
--------------------------OO------------
----------------------------O-----------
----------------------------------------
----------------------------------------
---O------------------------------------
--O-O-----------------------------------
--O-O-----------------------------------
---O------------------------------------
----------------------------------------
-------OO-------------------------------
-------OO-------------------------------
----------------------------------------

Life - generation  1260 

\u001b[H
----------------------------------------
----------------------------------------
------------------------------O---------
-----------------------------O-O--------
------------------------------O---------
----------------------------------------
----------------------------------------
--------------------------OOO-----------
--------------------------O-------------
---------------------------O------------
----------------------------------------
----------------------------------------
---O------------------------------------
--O-O-----------------------------------
--O-O-----------------------------------
---O------------------------------------
----------------------------------------
-------OO-------------------------------
-------OO-------------------------------
----------------------------------------

Life - generation  1261 

\u001b[H
----------------------------------------
----------------------------------------
------------------------------O---------
-----------------------------O-O--------
------------------------------O---------
----------------------------------------
---------------------------O------------
--------------------------OO------------
--------------------------O-O-----------
----------------------------------------
----------------------------------------
----------------------------------------
---O------------------------------------
--O-O-----------------------------------
--O-O-----------------------------------
---O------------------------------------
----------------------------------------
-------OO-------------------------------
-------OO-------------------------------
----------------------------------------

Life - generation  1262 

\u001b[H
----------------------------------------
----------------------------------------
------------------------------O---------
-----------------------------O-O--------
------------------------------O---------
----------------------------------------
--------------------------OO------------
--------------------------O-O-----------
--------------------------O-------------
----------------------------------------
----------------------------------------
----------------------------------------
---O------------------------------------
--O-O-----------------------------------
--O-O-----------------------------------
---O------------------------------------
----------------------------------------
-------OO-------------------------------
-------OO-------------------------------
----------------------------------------

Life - generation  1263 

\u001b[H
----------------------------------------
----------------------------------------
------------------------------O---------
-----------------------------O-O--------
------------------------------O---------
----------------------------------------
--------------------------OO------------
-------------------------OO-------------
---------------------------O------------
----------------------------------------
----------------------------------------
----------------------------------------
---O------------------------------------
--O-O-----------------------------------
--O-O-----------------------------------
---O------------------------------------
----------------------------------------
-------OO-------------------------------
-------OO-------------------------------
----------------------------------------

Life - generation  1264 

\u001b[H
----------------------------------------
----------------------------------------
------------------------------O---------
-----------------------------O-O--------
------------------------------O---------
----------------------------------------
-------------------------OOO------------
-------------------------O--------------
--------------------------O-------------
----------------------------------------
----------------------------------------
----------------------------------------
---O------------------------------------
--O-O-----------------------------------
--O-O-----------------------------------
---O------------------------------------
----------------------------------------
-------OO-------------------------------
-------OO-------------------------------
----------------------------------------

Life - generation  1265 

\u001b[H
----------------------------------------
----------------------------------------
------------------------------O---------
-----------------------------O-O--------
------------------------------O---------
--------------------------O-------------
-------------------------OO-------------
-------------------------O-O------------
----------------------------------------
----------------------------------------
----------------------------------------
----------------------------------------
---O------------------------------------
--O-O-----------------------------------
--O-O-----------------------------------
---O------------------------------------
----------------------------------------
-------OO-------------------------------
-------OO-------------------------------
----------------------------------------

Life - generation  1266 

\u001b[H
----------------------------------------
----------------------------------------
------------------------------O---------
-----------------------------O-O--------
------------------------------O---------
-------------------------OO-------------
-------------------------O-O------------
-------------------------O--------------
----------------------------------------
----------------------------------------
----------------------------------------
----------------------------------------
---O------------------------------------
--O-O-----------------------------------
--O-O-----------------------------------
---O------------------------------------
----------------------------------------
-------OO-------------------------------
-------OO-------------------------------
----------------------------------------

Life - generation  1267 

\u001b[H
----------------------------------------
----------------------------------------
------------------------------O---------
-----------------------------O-O--------
------------------------------O---------
-------------------------OO-------------
------------------------OO--------------
--------------------------O-------------
----------------------------------------
----------------------------------------
----------------------------------------
----------------------------------------
---O------------------------------------
--O-O-----------------------------------
--O-O-----------------------------------
---O------------------------------------
----------------------------------------
-------OO-------------------------------
-------OO-------------------------------
----------------------------------------

Life - generation  1268 

\u001b[H
----------------------------------------
----------------------------------------
------------------------------O---------
-----------------------------O-O--------
------------------------------O---------
------------------------OOO-------------
------------------------O---------------
-------------------------O--------------
----------------------------------------
----------------------------------------
----------------------------------------
----------------------------------------
---O------------------------------------
--O-O-----------------------------------
--O-O-----------------------------------
---O------------------------------------
----------------------------------------
-------OO-------------------------------
-------OO-------------------------------
----------------------------------------

Life - generation  1269 

\u001b[H
----------------------------------------
----------------------------------------
------------------------------O---------
-----------------------------O-O--------
-------------------------O----O---------
------------------------OO--------------
------------------------O-O-------------
----------------------------------------
----------------------------------------
----------------------------------------
----------------------------------------
----------------------------------------
---O------------------------------------
--O-O-----------------------------------
--O-O-----------------------------------
---O------------------------------------
----------------------------------------
-------OO-------------------------------
-------OO-------------------------------
----------------------------------------

Life - generation  1270 

\u001b[H
----------------------------------------
----------------------------------------
------------------------------O---------
-----------------------------O-O--------
------------------------OO----O---------
------------------------O-O-------------
------------------------O---------------
----------------------------------------
----------------------------------------
----------------------------------------
----------------------------------------
----------------------------------------
---O------------------------------------
--O-O-----------------------------------
--O-O-----------------------------------
---O------------------------------------
----------------------------------------
-------OO-------------------------------
-------OO-------------------------------
----------------------------------------

Life - generation  1271 

\u001b[H
----------------------------------------
----------------------------------------
------------------------------O---------
-----------------------------O-O--------
------------------------OO----O---------
-----------------------OO---------------
-------------------------O--------------
----------------------------------------
----------------------------------------
----------------------------------------
----------------------------------------
----------------------------------------
---O------------------------------------
--O-O-----------------------------------
--O-O-----------------------------------
---O------------------------------------
----------------------------------------
-------OO-------------------------------
-------OO-------------------------------
----------------------------------------

Life - generation  1272 

\u001b[H
----------------------------------------
----------------------------------------
------------------------------O---------
-----------------------------O-O--------
-----------------------OOO----O---------
-----------------------O----------------
------------------------O---------------
----------------------------------------
----------------------------------------
----------------------------------------
----------------------------------------
----------------------------------------
---O------------------------------------
--O-O-----------------------------------
--O-O-----------------------------------
---O------------------------------------
----------------------------------------
-------OO-------------------------------
-------OO-------------------------------
----------------------------------------

Life - generation  1273 

\u001b[H
----------------------------------------
----------------------------------------
------------------------------O---------
------------------------O----O-O--------
-----------------------OO-----O---------
-----------------------O-O--------------
----------------------------------------
----------------------------------------
----------------------------------------
----------------------------------------
----------------------------------------
----------------------------------------
---O------------------------------------
--O-O-----------------------------------
--O-O-----------------------------------
---O------------------------------------
----------------------------------------
-------OO-------------------------------
-------OO-------------------------------
----------------------------------------

Life - generation  1274 

\u001b[H
----------------------------------------
----------------------------------------
------------------------------O---------
-----------------------OO----O-O--------
-----------------------O-O----O---------
-----------------------O----------------
----------------------------------------
----------------------------------------
----------------------------------------
----------------------------------------
----------------------------------------
----------------------------------------
---O------------------------------------
--O-O-----------------------------------
--O-O-----------------------------------
---O------------------------------------
----------------------------------------
-------OO-------------------------------
-------OO-------------------------------
----------------------------------------

Life - generation  1275 

\u001b[H
----------------------------------------
----------------------------------------
------------------------------O---------
-----------------------OO----O-O--------
----------------------OO------O---------
------------------------O---------------
----------------------------------------
----------------------------------------
----------------------------------------
----------------------------------------
----------------------------------------
----------------------------------------
---O------------------------------------
--O-O-----------------------------------
--O-O-----------------------------------
---O------------------------------------
----------------------------------------
-------OO-------------------------------
-------OO-------------------------------
----------------------------------------

Life - generation  1276 

\u001b[H
----------------------------------------
----------------------------------------
------------------------------O---------
----------------------OOO----O-O--------
----------------------O-------O---------
-----------------------O----------------
----------------------------------------
----------------------------------------
----------------------------------------
----------------------------------------
----------------------------------------
----------------------------------------
---O------------------------------------
--O-O-----------------------------------
--O-O-----------------------------------
---O------------------------------------
----------------------------------------
-------OO-------------------------------
-------OO-------------------------------
----------------------------------------

Life - generation  1277 

\u001b[H
----------------------------------------
----------------------------------------
-----------------------O------O---------
----------------------OO-----O-O--------
----------------------O-O-----O---------
----------------------------------------
----------------------------------------
----------------------------------------
----------------------------------------
----------------------------------------
----------------------------------------
----------------------------------------
---O------------------------------------
--O-O-----------------------------------
--O-O-----------------------------------
---O------------------------------------
----------------------------------------
-------OO-------------------------------
-------OO-------------------------------
----------------------------------------

Life - generation  1278 

\u001b[H
----------------------------------------
----------------------------------------
----------------------OO------O---------
----------------------O-O----O-O--------
----------------------O-------O---------
----------------------------------------
----------------------------------------
----------------------------------------
----------------------------------------
----------------------------------------
----------------------------------------
----------------------------------------
---O------------------------------------
--O-O-----------------------------------
--O-O-----------------------------------
---O------------------------------------
----------------------------------------
-------OO-------------------------------
-------OO-------------------------------
----------------------------------------

Life - generation  1279 

\u001b[H
----------------------------------------
----------------------------------------
----------------------OO------O---------
---------------------OO------O-O--------
-----------------------O------O---------
----------------------------------------
----------------------------------------
----------------------------------------
----------------------------------------
----------------------------------------
----------------------------------------
----------------------------------------
---O------------------------------------
--O-O-----------------------------------
--O-O-----------------------------------
---O------------------------------------
----------------------------------------
-------OO-------------------------------
-------OO-------------------------------
----------------------------------------

Life - generation  1280 

\u001b[H
----------------------------------------
----------------------------------------
---------------------OOO------O---------
---------------------O-------O-O--------
----------------------O-------O---------
----------------------------------------
----------------------------------------
----------------------------------------
----------------------------------------
----------------------------------------
----------------------------------------
----------------------------------------
---O------------------------------------
--O-O-----------------------------------
--O-O-----------------------------------
---O------------------------------------
----------------------------------------
-------OO-------------------------------
-------OO-------------------------------
----------------------------------------

Life - generation  1281 

\u001b[H
----------------------------------------
----------------------O-----------------
---------------------OO-------O---------
---------------------O-O-----O-O--------
------------------------------O---------
----------------------------------------
----------------------------------------
----------------------------------------
----------------------------------------
----------------------------------------
----------------------------------------
----------------------------------------
---O------------------------------------
--O-O-----------------------------------
--O-O-----------------------------------
---O------------------------------------
----------------------------------------
-------OO-------------------------------
-------OO-------------------------------
----------------------------------------

Life - generation  1282 

\u001b[H
----------------------------------------
---------------------OO-----------------
---------------------O-O------O---------
---------------------O-------O-O--------
------------------------------O---------
----------------------------------------
----------------------------------------
----------------------------------------
----------------------------------------
----------------------------------------
----------------------------------------
----------------------------------------
---O------------------------------------
--O-O-----------------------------------
--O-O-----------------------------------
---O------------------------------------
----------------------------------------
-------OO-------------------------------
-------OO-------------------------------
----------------------------------------

Life - generation  1283 

\u001b[H
----------------------------------------
---------------------OO-----------------
--------------------OO--------O---------
----------------------O------O-O--------
------------------------------O---------
----------------------------------------
----------------------------------------
----------------------------------------
----------------------------------------
----------------------------------------
----------------------------------------
----------------------------------------
---O------------------------------------
--O-O-----------------------------------
--O-O-----------------------------------
---O------------------------------------
----------------------------------------
-------OO-------------------------------
-------OO-------------------------------
----------------------------------------

Life - generation  1284 

\u001b[H
----------------------------------------
--------------------OOO-----------------
--------------------O---------O---------
---------------------O-------O-O--------
------------------------------O---------
----------------------------------------
----------------------------------------
----------------------------------------
----------------------------------------
----------------------------------------
----------------------------------------
----------------------------------------
---O------------------------------------
--O-O-----------------------------------
--O-O-----------------------------------
---O------------------------------------
----------------------------------------
-------OO-------------------------------
-------OO-------------------------------
----------------------------------------

Life - generation  1285 

\u001b[H
---------------------O------------------
--------------------OO------------------
--------------------O-O-------O---------
-----------------------------O-O--------
------------------------------O---------
----------------------------------------
----------------------------------------
----------------------------------------
----------------------------------------
----------------------------------------
----------------------------------------
----------------------------------------
---O------------------------------------
--O-O-----------------------------------
--O-O-----------------------------------
---O------------------------------------
----------------------------------------
-------OO-------------------------------
-------OO-------------------------------
----------------------------------------

Life - generation  1286 

\u001b[H
--------------------OO------------------
--------------------O-O-----------------
--------------------O---------O---------
-----------------------------O-O--------
------------------------------O---------
----------------------------------------
----------------------------------------
----------------------------------------
----------------------------------------
----------------------------------------
----------------------------------------
----------------------------------------
---O------------------------------------
--O-O-----------------------------------
--O-O-----------------------------------
---O------------------------------------
----------------------------------------
-------OO-------------------------------
-------OO-------------------------------
----------------------------------------

Life - generation  1287 

\u001b[H
--------------------OO------------------
-------------------OO-------------------
---------------------O--------O---------
-----------------------------O-O--------
------------------------------O---------
----------------------------------------
----------------------------------------
----------------------------------------
----------------------------------------
----------------------------------------
----------------------------------------
----------------------------------------
---O------------------------------------
--O-O-----------------------------------
--O-O-----------------------------------
---O------------------------------------
----------------------------------------
-------OO-------------------------------
-------OO-------------------------------
----------------------------------------

Life - generation  1288 

\u001b[H
-------------------OOO------------------
-------------------O--------------------
--------------------O---------O---------
-----------------------------O-O--------
------------------------------O---------
----------------------------------------
----------------------------------------
----------------------------------------
----------------------------------------
----------------------------------------
----------------------------------------
----------------------------------------
---O------------------------------------
--O-O-----------------------------------
--O-O-----------------------------------
---O------------------------------------
----------------------------------------
-------OO-------------------------------
-------OO-------------------------------
----------------------------------------

Life - generation  1289 

\u001b[H
-------------------OO-------------------
-------------------O-O------------------
------------------------------O---------
-----------------------------O-O--------
------------------------------O---------
----------------------------------------
----------------------------------------
----------------------------------------
----------------------------------------
----------------------------------------
----------------------------------------
----------------------------------------
---O------------------------------------
--O-O-----------------------------------
--O-O-----------------------------------
---O------------------------------------
----------------------------------------
-------OO-------------------------------
-------OO-------------------------------
--------------------O-------------------

Life - generation  1290 

\u001b[H
-------------------O-O------------------
-------------------O--------------------
------------------------------O---------
-----------------------------O-O--------
------------------------------O---------
----------------------------------------
----------------------------------------
----------------------------------------
----------------------------------------
----------------------------------------
----------------------------------------
----------------------------------------
---O------------------------------------
--O-O-----------------------------------
--O-O-----------------------------------
---O------------------------------------
----------------------------------------
-------OO-------------------------------
-------OO-------------------------------
-------------------OO-------------------

Life - generation  1291 

\u001b[H
------------------OO--------------------
--------------------O-------------------
------------------------------O---------
-----------------------------O-O--------
------------------------------O---------
----------------------------------------
----------------------------------------
----------------------------------------
----------------------------------------
----------------------------------------
----------------------------------------
----------------------------------------
---O------------------------------------
--O-O-----------------------------------
--O-O-----------------------------------
---O------------------------------------
----------------------------------------
-------OO-------------------------------
-------OO-------------------------------
-------------------OO-------------------

Life - generation  1292 

\u001b[H
------------------O---------------------
-------------------O--------------------
------------------------------O---------
-----------------------------O-O--------
------------------------------O---------
----------------------------------------
----------------------------------------
----------------------------------------
----------------------------------------
----------------------------------------
----------------------------------------
----------------------------------------
---O------------------------------------
--O-O-----------------------------------
--O-O-----------------------------------
---O------------------------------------
----------------------------------------
-------OO-------------------------------
-------OO-------------------------------
------------------OOO-------------------

Life - generation  1293 

\u001b[H
------------------O-O-------------------
----------------------------------------
------------------------------O---------
-----------------------------O-O--------
------------------------------O---------
----------------------------------------
----------------------------------------
----------------------------------------
----------------------------------------
----------------------------------------
----------------------------------------
----------------------------------------
---O------------------------------------
--O-O-----------------------------------
--O-O-----------------------------------
---O------------------------------------
----------------------------------------
-------OO-------------------------------
-------OO----------O--------------------
------------------OO--------------------

Life - generation  1294 

\u001b[H
------------------O---------------------
----------------------------------------
------------------------------O---------
-----------------------------O-O--------
------------------------------O---------
----------------------------------------
----------------------------------------
----------------------------------------
----------------------------------------
----------------------------------------
----------------------------------------
----------------------------------------
---O------------------------------------
--O-O-----------------------------------
--O-O-----------------------------------
---O------------------------------------
----------------------------------------
-------OO-------------------------------
-------OO---------OO--------------------
------------------O-O-------------------

Life - generation  1295 

\u001b[H
-------------------O--------------------
----------------------------------------
------------------------------O---------
-----------------------------O-O--------
------------------------------O---------
----------------------------------------
----------------------------------------
----------------------------------------
----------------------------------------
----------------------------------------
----------------------------------------
----------------------------------------
---O------------------------------------
--O-O-----------------------------------
--O-O-----------------------------------
---O------------------------------------
----------------------------------------
-------OO-------------------------------
-------OO---------OO--------------------
-----------------OO---------------------

Life - generation  1296 

\u001b[H
------------------O---------------------
----------------------------------------
------------------------------O---------
-----------------------------O-O--------
------------------------------O---------
----------------------------------------
----------------------------------------
----------------------------------------
----------------------------------------
----------------------------------------
----------------------------------------
----------------------------------------
---O------------------------------------
--O-O-----------------------------------
--O-O-----------------------------------
---O------------------------------------
----------------------------------------
-------OO-------------------------------
-------OO--------OOO--------------------
-----------------O----------------------

Life - generation  1297 

\u001b[H
----------------------------------------
----------------------------------------
------------------------------O---------
-----------------------------O-O--------
------------------------------O---------
----------------------------------------
----------------------------------------
----------------------------------------
----------------------------------------
----------------------------------------
----------------------------------------
----------------------------------------
---O------------------------------------
--O-O-----------------------------------
--O-O-----------------------------------
---O------------------------------------
----------------------------------------
-------OO---------O---------------------
-------OO--------OO---------------------
-----------------O-O--------------------

Life - generation  1298 

\u001b[H
----------------------------------------
----------------------------------------
------------------------------O---------
-----------------------------O-O--------
------------------------------O---------
----------------------------------------
----------------------------------------
----------------------------------------
----------------------------------------
----------------------------------------
----------------------------------------
----------------------------------------
---O------------------------------------
--O-O-----------------------------------
--O-O-----------------------------------
---O------------------------------------
----------------------------------------
-------OO--------OO---------------------
-------OO--------O-O--------------------
-----------------O----------------------

Life - generation  1299 

\u001b[H
----------------------------------------
----------------------------------------
------------------------------O---------
-----------------------------O-O--------
------------------------------O---------
----------------------------------------
----------------------------------------
----------------------------------------
----------------------------------------
----------------------------------------
----------------------------------------
----------------------------------------
---O------------------------------------
--O-O-----------------------------------
--O-O-----------------------------------
---O------------------------------------
----------------------------------------
-------OO--------OO---------------------
-------OO-------OO----------------------
------------------O---------------------

Life - generation  1300 

\u001b[H
----------------------------------------
----------------------------------------
------------------------------O---------
-----------------------------O-O--------
------------------------------O---------
----------------------------------------
----------------------------------------
----------------------------------------
----------------------------------------
----------------------------------------
----------------------------------------
----------------------------------------
---O------------------------------------
--O-O-----------------------------------
--O-O-----------------------------------
---O------------------------------------
----------------------------------------
-------OO-------OOO---------------------
-------OO-------O-----------------------
-----------------O----------------------

Life - generation  1301 

\u001b[H
----------------------------------------
----------------------------------------
------------------------------O---------
-----------------------------O-O--------
------------------------------O---------
----------------------------------------
----------------------------------------
----------------------------------------
----------------------------------------
----------------------------------------
----------------------------------------
----------------------------------------
---O------------------------------------
--O-O-----------------------------------
--O-O-----------------------------------
---O------------------------------------
-----------------O----------------------
-------OO-------OO----------------------
-------OO-------O-O---------------------
----------------------------------------

Life - generation  1302 

\u001b[H
----------------------------------------
----------------------------------------
------------------------------O---------
-----------------------------O-O--------
------------------------------O---------
----------------------------------------
----------------------------------------
----------------------------------------
----------------------------------------
----------------------------------------
----------------------------------------
----------------------------------------
---O------------------------------------
--O-O-----------------------------------
--O-O-----------------------------------
---O------------------------------------
----------------OO----------------------
-------OO-------O-O---------------------
-------OO-------O-----------------------
----------------------------------------

Life - generation  1303 

\u001b[H
----------------------------------------
----------------------------------------
------------------------------O---------
-----------------------------O-O--------
------------------------------O---------
----------------------------------------
----------------------------------------
----------------------------------------
----------------------------------------
----------------------------------------
----------------------------------------
----------------------------------------
---O------------------------------------
--O-O-----------------------------------
--O-O-----------------------------------
---O------------------------------------
----------------OO----------------------
-------OO------OO-----------------------
-------OO--------O----------------------
----------------------------------------

Life - generation  1304 

\u001b[H
----------------------------------------
----------------------------------------
------------------------------O---------
-----------------------------O-O--------
------------------------------O---------
----------------------------------------
----------------------------------------
----------------------------------------
----------------------------------------
----------------------------------------
----------------------------------------
----------------------------------------
---O------------------------------------
--O-O-----------------------------------
--O-O-----------------------------------
---O------------------------------------
---------------OOO----------------------
-------OO------O------------------------
-------OO-------O-----------------------
----------------------------------------

Life - generation  1305 

\u001b[H
----------------------------------------
----------------------------------------
------------------------------O---------
-----------------------------O-O--------
------------------------------O---------
----------------------------------------
----------------------------------------
----------------------------------------
----------------------------------------
----------------------------------------
----------------------------------------
----------------------------------------
---O------------------------------------
--O-O-----------------------------------
--O-O-----------------------------------
---O------------O-----------------------
---------------OO-----------------------
-------OO------O-O----------------------
-------OO-------------------------------
----------------------------------------

Life - generation  1306 

\u001b[H
----------------------------------------
----------------------------------------
------------------------------O---------
-----------------------------O-O--------
------------------------------O---------
----------------------------------------
----------------------------------------
----------------------------------------
----------------------------------------
----------------------------------------
----------------------------------------
----------------------------------------
---O------------------------------------
--O-O-----------------------------------
--O-O-----------------------------------
---O-----------OO-----------------------
---------------O-O----------------------
-------OO------O------------------------
-------OO-------------------------------
----------------------------------------

Life - generation  1307 

\u001b[H
----------------------------------------
----------------------------------------
------------------------------O---------
-----------------------------O-O--------
------------------------------O---------
----------------------------------------
----------------------------------------
----------------------------------------
----------------------------------------
----------------------------------------
----------------------------------------
----------------------------------------
---O------------------------------------
--O-O-----------------------------------
--O-O-----------------------------------
---O-----------OO-----------------------
--------------OO------------------------
-------OO-------O-----------------------
-------OO-------------------------------
----------------------------------------

Life - generation  1308 

\u001b[H
----------------------------------------
----------------------------------------
------------------------------O---------
-----------------------------O-O--------
------------------------------O---------
----------------------------------------
----------------------------------------
----------------------------------------
----------------------------------------
----------------------------------------
----------------------------------------
----------------------------------------
---O------------------------------------
--O-O-----------------------------------
--O-O-----------------------------------
---O----------OOO-----------------------
--------------O-------------------------
-------OO------O------------------------
-------OO-------------------------------
----------------------------------------

Life - generation  1309 

\u001b[H
----------------------------------------
----------------------------------------
------------------------------O---------
-----------------------------O-O--------
------------------------------O---------
----------------------------------------
----------------------------------------
----------------------------------------
----------------------------------------
----------------------------------------
----------------------------------------
----------------------------------------
---O------------------------------------
--O-O-----------------------------------
--O-O----------O------------------------
---O----------OO------------------------
--------------O-O-----------------------
-------OO-------------------------------
-------OO-------------------------------
----------------------------------------

Life - generation  1310 

\u001b[H
----------------------------------------
----------------------------------------
------------------------------O---------
-----------------------------O-O--------
------------------------------O---------
----------------------------------------
----------------------------------------
----------------------------------------
----------------------------------------
----------------------------------------
----------------------------------------
----------------------------------------
---O------------------------------------
--O-O-----------------------------------
--O-O---------OO------------------------
---O----------O-O-----------------------
--------------O-------------------------
-------OO-------------------------------
-------OO-------------------------------
----------------------------------------

Life - generation  1311 

\u001b[H
----------------------------------------
----------------------------------------
------------------------------O---------
-----------------------------O-O--------
------------------------------O---------
----------------------------------------
----------------------------------------
----------------------------------------
----------------------------------------
----------------------------------------
----------------------------------------
----------------------------------------
---O------------------------------------
--O-O-----------------------------------
--O-O---------OO------------------------
---O---------OO-------------------------
---------------O------------------------
-------OO-------------------------------
-------OO-------------------------------
----------------------------------------

Life - generation  1312 

\u001b[H
----------------------------------------
----------------------------------------
------------------------------O---------
-----------------------------O-O--------
------------------------------O---------
----------------------------------------
----------------------------------------
----------------------------------------
----------------------------------------
----------------------------------------
----------------------------------------
----------------------------------------
---O------------------------------------
--O-O-----------------------------------
--O-O--------OOO------------------------
---O---------O--------------------------
--------------O-------------------------
-------OO-------------------------------
-------OO-------------------------------
----------------------------------------

Life - generation  1313 

\u001b[H
----------------------------------------
----------------------------------------
------------------------------O---------
-----------------------------O-O--------
------------------------------O---------
----------------------------------------
----------------------------------------
----------------------------------------
----------------------------------------
----------------------------------------
----------------------------------------
----------------------------------------
---O------------------------------------
--O-O---------O-------------------------
--O-O--------OO-------------------------
---O---------O-O------------------------
----------------------------------------
-------OO-------------------------------
-------OO-------------------------------
----------------------------------------

Life - generation  1314 

\u001b[H
----------------------------------------
----------------------------------------
------------------------------O---------
-----------------------------O-O--------
------------------------------O---------
----------------------------------------
----------------------------------------
----------------------------------------
----------------------------------------
----------------------------------------
----------------------------------------
----------------------------------------
---O------------------------------------
--O-O--------OO-------------------------
--O-O--------O-O------------------------
---O---------O--------------------------
----------------------------------------
-------OO-------------------------------
-------OO-------------------------------
----------------------------------------

Life - generation  1315 

\u001b[H
----------------------------------------
----------------------------------------
------------------------------O---------
-----------------------------O-O--------
------------------------------O---------
----------------------------------------
----------------------------------------
----------------------------------------
----------------------------------------
----------------------------------------
----------------------------------------
----------------------------------------
---O------------------------------------
--O-O--------OO-------------------------
--O-O-------OO--------------------------
---O----------O-------------------------
----------------------------------------
-------OO-------------------------------
-------OO-------------------------------
----------------------------------------

Life - generation  1316 

\u001b[H
----------------------------------------
----------------------------------------
------------------------------O---------
-----------------------------O-O--------
------------------------------O---------
----------------------------------------
----------------------------------------
----------------------------------------
----------------------------------------
----------------------------------------
----------------------------------------
----------------------------------------
---O------------------------------------
--O-O-------OOO-------------------------
--O-O-------O---------------------------
---O---------O--------------------------
----------------------------------------
-------OO-------------------------------
-------OO-------------------------------
----------------------------------------

Life - generation  1317 

\u001b[H
----------------------------------------
----------------------------------------
------------------------------O---------
-----------------------------O-O--------
------------------------------O---------
----------------------------------------
----------------------------------------
----------------------------------------
----------------------------------------
----------------------------------------
----------------------------------------
----------------------------------------
---O---------O--------------------------
--O-O-------OO--------------------------
--O-O-------O-O-------------------------
---O------------------------------------
----------------------------------------
-------OO-------------------------------
-------OO-------------------------------
----------------------------------------

Life - generation  1318 

\u001b[H
----------------------------------------
----------------------------------------
------------------------------O---------
-----------------------------O-O--------
------------------------------O---------
----------------------------------------
----------------------------------------
----------------------------------------
----------------------------------------
----------------------------------------
----------------------------------------
----------------------------------------
---O--------OO--------------------------
--O-O-------O-O-------------------------
--O-O-------O---------------------------
---O------------------------------------
----------------------------------------
-------OO-------------------------------
-------OO-------------------------------
----------------------------------------

Life - generation  1319 

\u001b[H
----------------------------------------
----------------------------------------
------------------------------O---------
-----------------------------O-O--------
------------------------------O---------
----------------------------------------
----------------------------------------
----------------------------------------
----------------------------------------
----------------------------------------
----------------------------------------
----------------------------------------
---O--------OO--------------------------
--O-O------OO---------------------------
--O-O--------O--------------------------
---O------------------------------------
----------------------------------------
-------OO-------------------------------
-------OO-------------------------------
----------------------------------------

Life - generation  1320 

\u001b[H
----------------------------------------
----------------------------------------
------------------------------O---------
-----------------------------O-O--------
------------------------------O---------
----------------------------------------
----------------------------------------
----------------------------------------
----------------------------------------
----------------------------------------
----------------------------------------
----------------------------------------
---O-------OOO--------------------------
--O-O------O----------------------------
--O-O-------O---------------------------
---O------------------------------------
----------------------------------------
-------OO-------------------------------
-------OO-------------------------------
----------------------------------------

Life - generation  1321 

\u001b[H
----------------------------------------
----------------------------------------
------------------------------O---------
-----------------------------O-O--------
------------------------------O---------
----------------------------------------
----------------------------------------
----------------------------------------
----------------------------------------
----------------------------------------
----------------------------------------
------------O---------------------------
---O-------OO---------------------------
--O-O------O-O--------------------------
--O-O-----------------------------------
---O------------------------------------
----------------------------------------
-------OO-------------------------------
-------OO-------------------------------
----------------------------------------

Life - generation  1322 

\u001b[H
----------------------------------------
----------------------------------------
------------------------------O---------
-----------------------------O-O--------
------------------------------O---------
----------------------------------------
----------------------------------------
----------------------------------------
----------------------------------------
----------------------------------------
----------------------------------------
-----------OO---------------------------
---O-------O-O--------------------------
--O-O------O----------------------------
--O-O-----------------------------------
---O------------------------------------
----------------------------------------
-------OO-------------------------------
-------OO-------------------------------
----------------------------------------

Life - generation  1323 

\u001b[H
----------------------------------------
----------------------------------------
------------------------------O---------
-----------------------------O-O--------
------------------------------O---------
----------------------------------------
----------------------------------------
----------------------------------------
----------------------------------------
----------------------------------------
----------------------------------------
-----------OO---------------------------
---O------OO----------------------------
--O-O-------O---------------------------
--O-O-----------------------------------
---O------------------------------------
----------------------------------------
-------OO-------------------------------
-------OO-------------------------------
----------------------------------------

Life - generation  1324 

\u001b[H
----------------------------------------
----------------------------------------
------------------------------O---------
-----------------------------O-O--------
------------------------------O---------
----------------------------------------
----------------------------------------
----------------------------------------
----------------------------------------
----------------------------------------
----------------------------------------
----------OOO---------------------------
---O------O-----------------------------
--O-O------O----------------------------
--O-O-----------------------------------
---O------------------------------------
----------------------------------------
-------OO-------------------------------
-------OO-------------------------------
----------------------------------------

Life - generation  1325 

\u001b[H
----------------------------------------
----------------------------------------
------------------------------O---------
-----------------------------O-O--------
------------------------------O---------
----------------------------------------
----------------------------------------
----------------------------------------
----------------------------------------
----------------------------------------
-----------O----------------------------
----------OO----------------------------
---O------O-O---------------------------
--O-O-----------------------------------
--O-O-----------------------------------
---O------------------------------------
----------------------------------------
-------OO-------------------------------
-------OO-------------------------------
----------------------------------------

Life - generation  1326 

\u001b[H
----------------------------------------
----------------------------------------
------------------------------O---------
-----------------------------O-O--------
------------------------------O---------
----------------------------------------
----------------------------------------
----------------------------------------
----------------------------------------
----------------------------------------
----------OO----------------------------
----------O-O---------------------------
---O------O-----------------------------
--O-O-----------------------------------
--O-O-----------------------------------
---O------------------------------------
----------------------------------------
-------OO-------------------------------
-------OO-------------------------------
----------------------------------------

Life - generation  1327 

\u001b[H
----------------------------------------
----------------------------------------
------------------------------O---------
-----------------------------O-O--------
------------------------------O---------
----------------------------------------
----------------------------------------
----------------------------------------
----------------------------------------
----------------------------------------
----------OO----------------------------
---------OO-----------------------------
---O-------O----------------------------
--O-O-----------------------------------
--O-O-----------------------------------
---O------------------------------------
----------------------------------------
-------OO-------------------------------
-------OO-------------------------------
----------------------------------------

Life - generation  1328 

\u001b[H
----------------------------------------
----------------------------------------
------------------------------O---------
-----------------------------O-O--------
------------------------------O---------
----------------------------------------
----------------------------------------
----------------------------------------
----------------------------------------
----------------------------------------
---------OOO----------------------------
---------O------------------------------
---O------O-----------------------------
--O-O-----------------------------------
--O-O-----------------------------------
---O------------------------------------
----------------------------------------
-------OO-------------------------------
-------OO-------------------------------
----------------------------------------

Life - generation  1329 

\u001b[H
----------------------------------------
----------------------------------------
------------------------------O---------
-----------------------------O-O--------
------------------------------O---------
----------------------------------------
----------------------------------------
----------------------------------------
----------------------------------------
----------O-----------------------------
---------OO-----------------------------
---------O-O----------------------------
---O------------------------------------
--O-O-----------------------------------
--O-O-----------------------------------
---O------------------------------------
----------------------------------------
-------OO-------------------------------
-------OO-------------------------------
----------------------------------------

Life - generation  1330 

\u001b[H
----------------------------------------
----------------------------------------
------------------------------O---------
-----------------------------O-O--------
------------------------------O---------
----------------------------------------
----------------------------------------
----------------------------------------
----------------------------------------
---------OO-----------------------------
---------O-O----------------------------
---------O------------------------------
---O------------------------------------
--O-O-----------------------------------
--O-O-----------------------------------
---O------------------------------------
----------------------------------------
-------OO-------------------------------
-------OO-------------------------------
----------------------------------------

Life - generation  1331 

\u001b[H
----------------------------------------
----------------------------------------
------------------------------O---------
-----------------------------O-O--------
------------------------------O---------
----------------------------------------
----------------------------------------
----------------------------------------
----------------------------------------
---------OO-----------------------------
--------OO------------------------------
----------O-----------------------------
---O------------------------------------
--O-O-----------------------------------
--O-O-----------------------------------
---O------------------------------------
----------------------------------------
-------OO-------------------------------
-------OO-------------------------------
----------------------------------------

Life - generation  1332 

\u001b[H
----------------------------------------
----------------------------------------
------------------------------O---------
-----------------------------O-O--------
------------------------------O---------
----------------------------------------
----------------------------------------
----------------------------------------
----------------------------------------
--------OOO-----------------------------
--------O-------------------------------
---------O------------------------------
---O------------------------------------
--O-O-----------------------------------
--O-O-----------------------------------
---O------------------------------------
----------------------------------------
-------OO-------------------------------
-------OO-------------------------------
----------------------------------------

Life - generation  1333 

\u001b[H
----------------------------------------
----------------------------------------
------------------------------O---------
-----------------------------O-O--------
------------------------------O---------
----------------------------------------
----------------------------------------
----------------------------------------
---------O------------------------------
--------OO------------------------------
--------O-O-----------------------------
----------------------------------------
---O------------------------------------
--O-O-----------------------------------
--O-O-----------------------------------
---O------------------------------------
----------------------------------------
-------OO-------------------------------
-------OO-------------------------------
----------------------------------------

Life - generation  1334 

\u001b[H
----------------------------------------
----------------------------------------
------------------------------O---------
-----------------------------O-O--------
------------------------------O---------
----------------------------------------
----------------------------------------
----------------------------------------
--------OO------------------------------
--------O-O-----------------------------
--------O-------------------------------
----------------------------------------
---O------------------------------------
--O-O-----------------------------------
--O-O-----------------------------------
---O------------------------------------
----------------------------------------
-------OO-------------------------------
-------OO-------------------------------
----------------------------------------

Life - generation  1335 

\u001b[H
----------------------------------------
----------------------------------------
------------------------------O---------
-----------------------------O-O--------
------------------------------O---------
----------------------------------------
----------------------------------------
----------------------------------------
--------OO------------------------------
-------OO-------------------------------
---------O------------------------------
----------------------------------------
---O------------------------------------
--O-O-----------------------------------
--O-O-----------------------------------
---O------------------------------------
----------------------------------------
-------OO-------------------------------
-------OO-------------------------------
----------------------------------------

Life - generation  1336 

\u001b[H
----------------------------------------
----------------------------------------
------------------------------O---------
-----------------------------O-O--------
------------------------------O---------
----------------------------------------
----------------------------------------
----------------------------------------
-------OOO------------------------------
-------O--------------------------------
--------O-------------------------------
----------------------------------------
---O------------------------------------
--O-O-----------------------------------
--O-O-----------------------------------
---O------------------------------------
----------------------------------------
-------OO-------------------------------
-------OO-------------------------------
----------------------------------------

Life - generation  1337 

\u001b[H
----------------------------------------
----------------------------------------
------------------------------O---------
-----------------------------O-O--------
------------------------------O---------
----------------------------------------
----------------------------------------
--------O-------------------------------
-------OO-------------------------------
-------O-O------------------------------
----------------------------------------
----------------------------------------
---O------------------------------------
--O-O-----------------------------------
--O-O-----------------------------------
---O------------------------------------
----------------------------------------
-------OO-------------------------------
-------OO-------------------------------
----------------------------------------

Life - generation  1338 

\u001b[H
----------------------------------------
----------------------------------------
------------------------------O---------
-----------------------------O-O--------
------------------------------O---------
----------------------------------------
----------------------------------------
-------OO-------------------------------
-------O-O------------------------------
-------O--------------------------------
----------------------------------------
----------------------------------------
---O------------------------------------
--O-O-----------------------------------
--O-O-----------------------------------
---O------------------------------------
----------------------------------------
-------OO-------------------------------
-------OO-------------------------------
----------------------------------------

Life - generation  1339 

\u001b[H
----------------------------------------
----------------------------------------
------------------------------O---------
-----------------------------O-O--------
------------------------------O---------
----------------------------------------
----------------------------------------
-------OO-------------------------------
------OO--------------------------------
--------O-------------------------------
----------------------------------------
----------------------------------------
---O------------------------------------
--O-O-----------------------------------
--O-O-----------------------------------
---O------------------------------------
----------------------------------------
-------OO-------------------------------
-------OO-------------------------------
----------------------------------------

Life - generation  1340 

\u001b[H
----------------------------------------
----------------------------------------
------------------------------O---------
-----------------------------O-O--------
------------------------------O---------
----------------------------------------
----------------------------------------
------OOO-------------------------------
------O---------------------------------
-------O--------------------------------
----------------------------------------
----------------------------------------
---O------------------------------------
--O-O-----------------------------------
--O-O-----------------------------------
---O------------------------------------
----------------------------------------
-------OO-------------------------------
-------OO-------------------------------
----------------------------------------

Life - generation  1341 

\u001b[H
----------------------------------------
----------------------------------------
------------------------------O---------
-----------------------------O-O--------
------------------------------O---------
----------------------------------------
-------O--------------------------------
------OO--------------------------------
------O-O-------------------------------
----------------------------------------
----------------------------------------
----------------------------------------
---O------------------------------------
--O-O-----------------------------------
--O-O-----------------------------------
---O------------------------------------
----------------------------------------
-------OO-------------------------------
-------OO-------------------------------
----------------------------------------

Life - generation  1342 

\u001b[H
----------------------------------------
----------------------------------------
------------------------------O---------
-----------------------------O-O--------
------------------------------O---------
----------------------------------------
------OO--------------------------------
------O-O-------------------------------
------O---------------------------------
----------------------------------------
----------------------------------------
----------------------------------------
---O------------------------------------
--O-O-----------------------------------
--O-O-----------------------------------
---O------------------------------------
----------------------------------------
-------OO-------------------------------
-------OO-------------------------------
----------------------------------------

Life - generation  1343 

\u001b[H
----------------------------------------
----------------------------------------
------------------------------O---------
-----------------------------O-O--------
------------------------------O---------
----------------------------------------
------OO--------------------------------
-----OO---------------------------------
-------O--------------------------------
----------------------------------------
----------------------------------------
----------------------------------------
---O------------------------------------
--O-O-----------------------------------
--O-O-----------------------------------
---O------------------------------------
----------------------------------------
-------OO-------------------------------
-------OO-------------------------------
----------------------------------------

Life - generation  1344 

\u001b[H
----------------------------------------
----------------------------------------
------------------------------O---------
-----------------------------O-O--------
------------------------------O---------
----------------------------------------
-----OOO--------------------------------
-----O----------------------------------
------O---------------------------------
----------------------------------------
----------------------------------------
----------------------------------------
---O------------------------------------
--O-O-----------------------------------
--O-O-----------------------------------
---O------------------------------------
----------------------------------------
-------OO-------------------------------
-------OO-------------------------------
----------------------------------------

Life - generation  1345 

\u001b[H
----------------------------------------
----------------------------------------
------------------------------O---------
-----------------------------O-O--------
------------------------------O---------
------O---------------------------------
-----OO---------------------------------
-----O-O--------------------------------
----------------------------------------
----------------------------------------
----------------------------------------
----------------------------------------
---O------------------------------------
--O-O-----------------------------------
--O-O-----------------------------------
---O------------------------------------
----------------------------------------
-------OO-------------------------------
-------OO-------------------------------
----------------------------------------

Life - generation  1346 

\u001b[H
----------------------------------------
----------------------------------------
------------------------------O---------
-----------------------------O-O--------
------------------------------O---------
-----OO---------------------------------
-----O-O--------------------------------
-----O----------------------------------
----------------------------------------
----------------------------------------
----------------------------------------
----------------------------------------
---O------------------------------------
--O-O-----------------------------------
--O-O-----------------------------------
---O------------------------------------
----------------------------------------
-------OO-------------------------------
-------OO-------------------------------
----------------------------------------

Life - generation  1347 

\u001b[H
----------------------------------------
----------------------------------------
------------------------------O---------
-----------------------------O-O--------
------------------------------O---------
-----OO---------------------------------
----OO----------------------------------
------O---------------------------------
----------------------------------------
----------------------------------------
----------------------------------------
----------------------------------------
---O------------------------------------
--O-O-----------------------------------
--O-O-----------------------------------
---O------------------------------------
----------------------------------------
-------OO-------------------------------
-------OO-------------------------------
----------------------------------------

Life - generation  1348 

\u001b[H
----------------------------------------
----------------------------------------
------------------------------O---------
-----------------------------O-O--------
------------------------------O---------
----OOO---------------------------------
----O-----------------------------------
-----O----------------------------------
----------------------------------------
----------------------------------------
----------------------------------------
----------------------------------------
---O------------------------------------
--O-O-----------------------------------
--O-O-----------------------------------
---O------------------------------------
----------------------------------------
-------OO-------------------------------
-------OO-------------------------------
----------------------------------------

Life - generation  1349 

\u001b[H
----------------------------------------
----------------------------------------
------------------------------O---------
-----------------------------O-O--------
-----O------------------------O---------
----OO----------------------------------
----O-O---------------------------------
----------------------------------------
----------------------------------------
----------------------------------------
----------------------------------------
----------------------------------------
---O------------------------------------
--O-O-----------------------------------
--O-O-----------------------------------
---O------------------------------------
----------------------------------------
-------OO-------------------------------
-------OO-------------------------------
----------------------------------------

Life - generation  1350 

\u001b[H
----------------------------------------
----------------------------------------
------------------------------O---------
-----------------------------O-O--------
----OO------------------------O---------
----O-O---------------------------------
----O-----------------------------------
----------------------------------------
----------------------------------------
----------------------------------------
----------------------------------------
----------------------------------------
---O------------------------------------
--O-O-----------------------------------
--O-O-----------------------------------
---O------------------------------------
----------------------------------------
-------OO-------------------------------
-------OO-------------------------------
----------------------------------------

Life - generation  1351 

\u001b[H
----------------------------------------
----------------------------------------
------------------------------O---------
-----------------------------O-O--------
----OO------------------------O---------
---OO-----------------------------------
-----O----------------------------------
----------------------------------------
----------------------------------------
----------------------------------------
----------------------------------------
----------------------------------------
---O------------------------------------
--O-O-----------------------------------
--O-O-----------------------------------
---O------------------------------------
----------------------------------------
-------OO-------------------------------
-------OO-------------------------------
----------------------------------------

Life - generation  1352 

\u001b[H
----------------------------------------
----------------------------------------
------------------------------O---------
-----------------------------O-O--------
---OOO------------------------O---------
---O------------------------------------
----O-----------------------------------
----------------------------------------
----------------------------------------
----------------------------------------
----------------------------------------
----------------------------------------
---O------------------------------------
--O-O-----------------------------------
--O-O-----------------------------------
---O------------------------------------
----------------------------------------
-------OO-------------------------------
-------OO-------------------------------
----------------------------------------

Life - generation  1353 

\u001b[H
----------------------------------------
----------------------------------------
------------------------------O---------
----O------------------------O-O--------
---OO-------------------------O---------
---O-O----------------------------------
----------------------------------------
----------------------------------------
----------------------------------------
----------------------------------------
----------------------------------------
----------------------------------------
---O------------------------------------
--O-O-----------------------------------
--O-O-----------------------------------
---O------------------------------------
----------------------------------------
-------OO-------------------------------
-------OO-------------------------------
----------------------------------------

Life - generation  1354 

\u001b[H
----------------------------------------
----------------------------------------
------------------------------O---------
---OO------------------------O-O--------
---O-O------------------------O---------
---O------------------------------------
----------------------------------------
----------------------------------------
----------------------------------------
----------------------------------------
----------------------------------------
----------------------------------------
---O------------------------------------
--O-O-----------------------------------
--O-O-----------------------------------
---O------------------------------------
----------------------------------------
-------OO-------------------------------
-------OO-------------------------------
----------------------------------------

Life - generation  1355 

\u001b[H
----------------------------------------
----------------------------------------
------------------------------O---------
---OO------------------------O-O--------
--OO--------------------------O---------
----O-----------------------------------
----------------------------------------
----------------------------------------
----------------------------------------
----------------------------------------
----------------------------------------
----------------------------------------
---O------------------------------------
--O-O-----------------------------------
--O-O-----------------------------------
---O------------------------------------
----------------------------------------
-------OO-------------------------------
-------OO-------------------------------
----------------------------------------

Life - generation  1356 

\u001b[H
----------------------------------------
----------------------------------------
------------------------------O---------
--OOO------------------------O-O--------
--O---------------------------O---------
---O------------------------------------
----------------------------------------
----------------------------------------
----------------------------------------
----------------------------------------
----------------------------------------
----------------------------------------
---O------------------------------------
--O-O-----------------------------------
--O-O-----------------------------------
---O------------------------------------
----------------------------------------
-------OO-------------------------------
-------OO-------------------------------
----------------------------------------

Life - generation  1357 

\u001b[H
----------------------------------------
----------------------------------------
---O--------------------------O---------
--OO-------------------------O-O--------
--O-O-------------------------O---------
----------------------------------------
----------------------------------------
----------------------------------------
----------------------------------------
----------------------------------------
----------------------------------------
----------------------------------------
---O------------------------------------
--O-O-----------------------------------
--O-O-----------------------------------
---O------------------------------------
----------------------------------------
-------OO-------------------------------
-------OO-------------------------------
----------------------------------------

Life - generation  1358 

\u001b[H
----------------------------------------
----------------------------------------
--OO--------------------------O---------
--O-O------------------------O-O--------
--O---------------------------O---------
----------------------------------------
----------------------------------------
----------------------------------------
----------------------------------------
----------------------------------------
----------------------------------------
----------------------------------------
---O------------------------------------
--O-O-----------------------------------
--O-O-----------------------------------
---O------------------------------------
----------------------------------------
-------OO-------------------------------
-------OO-------------------------------
----------------------------------------

Life - generation  1359 

\u001b[H
----------------------------------------
----------------------------------------
--OO--------------------------O---------
-OO--------------------------O-O--------
---O--------------------------O---------
----------------------------------------
----------------------------------------
----------------------------------------
----------------------------------------
----------------------------------------
----------------------------------------
----------------------------------------
---O------------------------------------
--O-O-----------------------------------
--O-O-----------------------------------
---O------------------------------------
----------------------------------------
-------OO-------------------------------
-------OO-------------------------------
----------------------------------------

Life - generation  1360 

\u001b[H
----------------------------------------
----------------------------------------
-OOO--------------------------O---------
-O---------------------------O-O--------
--O---------------------------O---------
----------------------------------------
----------------------------------------
----------------------------------------
----------------------------------------
----------------------------------------
----------------------------------------
----------------------------------------
---O------------------------------------
--O-O-----------------------------------
--O-O-----------------------------------
---O------------------------------------
----------------------------------------
-------OO-------------------------------
-------OO-------------------------------
----------------------------------------

Life - generation  1361 

\u001b[H
----------------------------------------
--O-------------------------------------
-OO---------------------------O---------
-O-O-------------------------O-O--------
------------------------------O---------
----------------------------------------
----------------------------------------
----------------------------------------
----------------------------------------
----------------------------------------
----------------------------------------
----------------------------------------
---O------------------------------------
--O-O-----------------------------------
--O-O-----------------------------------
---O------------------------------------
----------------------------------------
-------OO-------------------------------
-------OO-------------------------------
----------------------------------------

Life - generation  1362 

\u001b[H
----------------------------------------
-OO-------------------------------------
-O-O--------------------------O---------
-O---------------------------O-O--------
------------------------------O---------
----------------------------------------
----------------------------------------
----------------------------------------
----------------------------------------
----------------------------------------
----------------------------------------
----------------------------------------
---O------------------------------------
--O-O-----------------------------------
--O-O-----------------------------------
---O------------------------------------
----------------------------------------
-------OO-------------------------------
-------OO-------------------------------
----------------------------------------

Life - generation  1363 

\u001b[H
----------------------------------------
-OO-------------------------------------
OO----------------------------O---------
--O--------------------------O-O--------
------------------------------O---------
----------------------------------------
----------------------------------------
----------------------------------------
----------------------------------------
----------------------------------------
----------------------------------------
----------------------------------------
---O------------------------------------
--O-O-----------------------------------
--O-O-----------------------------------
---O------------------------------------
----------------------------------------
-------OO-------------------------------
-------OO-------------------------------
----------------------------------------

Life - generation  1364 

\u001b[H
----------------------------------------
OOO-------------------------------------
O-----------------------------O---------
-O---------------------------O-O--------
------------------------------O---------
----------------------------------------
----------------------------------------
----------------------------------------
----------------------------------------
----------------------------------------
----------------------------------------
----------------------------------------
---O------------------------------------
--O-O-----------------------------------
--O-O-----------------------------------
---O------------------------------------
----------------------------------------
-------OO-------------------------------
-------OO-------------------------------
----------------------------------------

Life - generation  1365 

\u001b[H
-O--------------------------------------
OO--------------------------------------
O-O---------------------------O---------
-----------------------------O-O--------
------------------------------O---------
----------------------------------------
----------------------------------------
----------------------------------------
----------------------------------------
----------------------------------------
----------------------------------------
----------------------------------------
---O------------------------------------
--O-O-----------------------------------
--O-O-----------------------------------
---O------------------------------------
----------------------------------------
-------OO-------------------------------
-------OO-------------------------------
----------------------------------------

Life - generation  1366 

\u001b[H
OO--------------------------------------
O-O-------------------------------------
O-----------------------------O---------
-----------------------------O-O--------
------------------------------O---------
----------------------------------------
----------------------------------------
----------------------------------------
----------------------------------------
----------------------------------------
----------------------------------------
----------------------------------------
---O------------------------------------
--O-O-----------------------------------
--O-O-----------------------------------
---O------------------------------------
----------------------------------------
-------OO-------------------------------
-------OO-------------------------------
----------------------------------------

Life - generation  1367 

\u001b[H
OO--------------------------------------
O--------------------------------------O
-O----------------------------O---------
-----------------------------O-O--------
------------------------------O---------
----------------------------------------
----------------------------------------
----------------------------------------
----------------------------------------
----------------------------------------
----------------------------------------
----------------------------------------
---O------------------------------------
--O-O-----------------------------------
--O-O-----------------------------------
---O------------------------------------
----------------------------------------
-------OO-------------------------------
-------OO-------------------------------
----------------------------------------

Life - generation  1368 

\u001b[H
OO-------------------------------------O
---------------------------------------O
O-----------------------------O---------
-----------------------------O-O--------
------------------------------O---------
----------------------------------------
----------------------------------------
----------------------------------------
----------------------------------------
----------------------------------------
----------------------------------------
----------------------------------------
---O------------------------------------
--O-O-----------------------------------
--O-O-----------------------------------
---O------------------------------------
----------------------------------------
-------OO-------------------------------
-------OO-------------------------------
----------------------------------------

Life - generation  1369 

\u001b[H
O--------------------------------------O
-O-------------------------------------O
------------------------------O---------
-----------------------------O-O--------
------------------------------O---------
----------------------------------------
----------------------------------------
----------------------------------------
----------------------------------------
----------------------------------------
----------------------------------------
----------------------------------------
---O------------------------------------
--O-O-----------------------------------
--O-O-----------------------------------
---O------------------------------------
----------------------------------------
-------OO-------------------------------
-------OO-------------------------------
O---------------------------------------

Life - generation  1370 

\u001b[H
-O-------------------------------------O
---------------------------------------O
------------------------------O---------
-----------------------------O-O--------
------------------------------O---------
----------------------------------------
----------------------------------------
----------------------------------------
----------------------------------------
----------------------------------------
----------------------------------------
----------------------------------------
---O------------------------------------
--O-O-----------------------------------
--O-O-----------------------------------
---O------------------------------------
----------------------------------------
-------OO-------------------------------
-------OO-------------------------------
O--------------------------------------O

Life - generation  1371 

\u001b[H
--------------------------------------OO
O---------------------------------------
------------------------------O---------
-----------------------------O-O--------
------------------------------O---------
----------------------------------------
----------------------------------------
----------------------------------------
----------------------------------------
----------------------------------------
----------------------------------------
----------------------------------------
---O------------------------------------
--O-O-----------------------------------
--O-O-----------------------------------
---O------------------------------------
----------------------------------------
-------OO-------------------------------
-------OO-------------------------------
O--------------------------------------O

Life - generation  1372 

\u001b[H
--------------------------------------O-
---------------------------------------O
------------------------------O---------
-----------------------------O-O--------
------------------------------O---------
----------------------------------------
----------------------------------------
----------------------------------------
----------------------------------------
----------------------------------------
----------------------------------------
----------------------------------------
---O------------------------------------
--O-O-----------------------------------
--O-O-----------------------------------
---O------------------------------------
----------------------------------------
-------OO-------------------------------
-------OO-------------------------------
O-------------------------------------OO

Life - generation  1373 

\u001b[H
O-------------------------------------O-
----------------------------------------
------------------------------O---------
-----------------------------O-O--------
------------------------------O---------
----------------------------------------
----------------------------------------
----------------------------------------
----------------------------------------
----------------------------------------
----------------------------------------
----------------------------------------
---O------------------------------------
--O-O-----------------------------------
--O-O-----------------------------------
---O------------------------------------
----------------------------------------
-------OO-------------------------------
-------OO------------------------------O
--------------------------------------OO

Life - generation  1374 

\u001b[H
--------------------------------------O-
----------------------------------------
------------------------------O---------
-----------------------------O-O--------
------------------------------O---------
----------------------------------------
----------------------------------------
----------------------------------------
----------------------------------------
----------------------------------------
----------------------------------------
----------------------------------------
---O------------------------------------
--O-O-----------------------------------
--O-O-----------------------------------
---O------------------------------------
----------------------------------------
-------OO-------------------------------
-------OO-----------------------------OO
O-------------------------------------O-

Life - generation  1375 

\u001b[H
---------------------------------------O
----------------------------------------
------------------------------O---------
-----------------------------O-O--------
------------------------------O---------
----------------------------------------
----------------------------------------
----------------------------------------
----------------------------------------
----------------------------------------
----------------------------------------
----------------------------------------
---O------------------------------------
--O-O-----------------------------------
--O-O-----------------------------------
---O------------------------------------
----------------------------------------
-------OO-------------------------------
-------OO-----------------------------OO
-------------------------------------OO-

Life - generation  1376 

\u001b[H
--------------------------------------O-
----------------------------------------
------------------------------O---------
-----------------------------O-O--------
------------------------------O---------
----------------------------------------
----------------------------------------
----------------------------------------
----------------------------------------
----------------------------------------
----------------------------------------
----------------------------------------
---O------------------------------------
--O-O-----------------------------------
--O-O-----------------------------------
---O------------------------------------
----------------------------------------
-------OO-------------------------------
-------OO----------------------------OOO
-------------------------------------O--

Life - generation  1377 

\u001b[H
----------------------------------------
----------------------------------------
------------------------------O---------
-----------------------------O-O--------
------------------------------O---------
----------------------------------------
----------------------------------------
----------------------------------------
----------------------------------------
----------------------------------------
----------------------------------------
----------------------------------------
---O------------------------------------
--O-O-----------------------------------
--O-O-----------------------------------
---O------------------------------------
----------------------------------------
-------OO-----------------------------O-
-------OO----------------------------OO-
-------------------------------------O-O

Life - generation  1378 

\u001b[H
----------------------------------------
----------------------------------------
------------------------------O---------
-----------------------------O-O--------
------------------------------O---------
----------------------------------------
----------------------------------------
----------------------------------------
----------------------------------------
----------------------------------------
----------------------------------------
----------------------------------------
---O------------------------------------
--O-O-----------------------------------
--O-O-----------------------------------
---O------------------------------------
----------------------------------------
-------OO----------------------------OO-
-------OO----------------------------O-O
-------------------------------------O--

Life - generation  1379 

\u001b[H
----------------------------------------
----------------------------------------
------------------------------O---------
-----------------------------O-O--------
------------------------------O---------
----------------------------------------
----------------------------------------
----------------------------------------
----------------------------------------
----------------------------------------
----------------------------------------
----------------------------------------
---O------------------------------------
--O-O-----------------------------------
--O-O-----------------------------------
---O------------------------------------
----------------------------------------
-------OO----------------------------OO-
-------OO---------------------------OO--
--------------------------------------O-

Life - generation  1380 

\u001b[H
----------------------------------------
----------------------------------------
------------------------------O---------
-----------------------------O-O--------
------------------------------O---------
----------------------------------------
----------------------------------------
----------------------------------------
----------------------------------------
----------------------------------------
----------------------------------------
----------------------------------------
---O------------------------------------
--O-O-----------------------------------
--O-O-----------------------------------
---O------------------------------------
----------------------------------------
-------OO---------------------------OOO-
-------OO---------------------------O---
-------------------------------------O--

Life - generation  1381 

\u001b[H
----------------------------------------
----------------------------------------
------------------------------O---------
-----------------------------O-O--------
------------------------------O---------
----------------------------------------
----------------------------------------
----------------------------------------
----------------------------------------
----------------------------------------
----------------------------------------
----------------------------------------
---O------------------------------------
--O-O-----------------------------------
--O-O-----------------------------------
---O------------------------------------
-------------------------------------O--
-------OO---------------------------OO--
-------OO---------------------------O-O-
----------------------------------------

Life - generation  1382 

\u001b[H
----------------------------------------
----------------------------------------
------------------------------O---------
-----------------------------O-O--------
------------------------------O---------
----------------------------------------
----------------------------------------
----------------------------------------
----------------------------------------
----------------------------------------
----------------------------------------
----------------------------------------
---O------------------------------------
--O-O-----------------------------------
--O-O-----------------------------------
---O------------------------------------
------------------------------------OO--
-------OO---------------------------O-O-
-------OO---------------------------O---
----------------------------------------

Life - generation  1383 

\u001b[H
----------------------------------------
----------------------------------------
------------------------------O---------
-----------------------------O-O--------
------------------------------O---------
----------------------------------------
----------------------------------------
----------------------------------------
----------------------------------------
----------------------------------------
----------------------------------------
----------------------------------------
---O------------------------------------
--O-O-----------------------------------
--O-O-----------------------------------
---O------------------------------------
------------------------------------OO--
-------OO--------------------------OO---
-------OO----------------------------O--
----------------------------------------

Life - generation  1384 

\u001b[H
----------------------------------------
----------------------------------------
------------------------------O---------
-----------------------------O-O--------
------------------------------O---------
----------------------------------------
----------------------------------------
----------------------------------------
----------------------------------------
----------------------------------------
----------------------------------------
----------------------------------------
---O------------------------------------
--O-O-----------------------------------
--O-O-----------------------------------
---O------------------------------------
-----------------------------------OOO--
-------OO--------------------------O----
-------OO---------------------------O---
----------------------------------------

Life - generation  1385 

\u001b[H
----------------------------------------
----------------------------------------
------------------------------O---------
-----------------------------O-O--------
------------------------------O---------
----------------------------------------
----------------------------------------
----------------------------------------
----------------------------------------
----------------------------------------
----------------------------------------
----------------------------------------
---O------------------------------------
--O-O-----------------------------------
--O-O-----------------------------------
---O--------------------------------O---
-----------------------------------OO---
-------OO--------------------------O-O--
-------OO-------------------------------
----------------------------------------

Life - generation  1386 

\u001b[H
----------------------------------------
----------------------------------------
------------------------------O---------
-----------------------------O-O--------
------------------------------O---------
----------------------------------------
----------------------------------------
----------------------------------------
----------------------------------------
----------------------------------------
----------------------------------------
----------------------------------------
---O------------------------------------
--O-O-----------------------------------
--O-O-----------------------------------
---O-------------------------------OO---
-----------------------------------O-O--
-------OO--------------------------O----
-------OO-------------------------------
----------------------------------------

Life - generation  1387 

\u001b[H
----------------------------------------
----------------------------------------
------------------------------O---------
-----------------------------O-O--------
------------------------------O---------
----------------------------------------
----------------------------------------
----------------------------------------
----------------------------------------
----------------------------------------
----------------------------------------
----------------------------------------
---O------------------------------------
--O-O-----------------------------------
--O-O-----------------------------------
---O-------------------------------OO---
----------------------------------OO----
-------OO---------------------------O---
-------OO-------------------------------
----------------------------------------

Life - generation  1388 

\u001b[H
----------------------------------------
----------------------------------------
------------------------------O---------
-----------------------------O-O--------
------------------------------O---------
----------------------------------------
----------------------------------------
----------------------------------------
----------------------------------------
----------------------------------------
----------------------------------------
----------------------------------------
---O------------------------------------
--O-O-----------------------------------
--O-O-----------------------------------
---O------------------------------OOO---
----------------------------------O-----
-------OO--------------------------O----
-------OO-------------------------------
----------------------------------------

Life - generation  1389 

\u001b[H
----------------------------------------
----------------------------------------
------------------------------O---------
-----------------------------O-O--------
------------------------------O---------
----------------------------------------
----------------------------------------
----------------------------------------
----------------------------------------
----------------------------------------
----------------------------------------
----------------------------------------
---O------------------------------------
--O-O-----------------------------------
--O-O------------------------------O----
---O------------------------------OO----
----------------------------------O-O---
-------OO-------------------------------
-------OO-------------------------------
----------------------------------------

Life - generation  1390 

\u001b[H
----------------------------------------
----------------------------------------
------------------------------O---------
-----------------------------O-O--------
------------------------------O---------
----------------------------------------
----------------------------------------
----------------------------------------
----------------------------------------
----------------------------------------
----------------------------------------
----------------------------------------
---O------------------------------------
--O-O-----------------------------------
--O-O-----------------------------OO----
---O------------------------------O-O---
----------------------------------O-----
-------OO-------------------------------
-------OO-------------------------------
----------------------------------------

Life - generation  1391 

\u001b[H
----------------------------------------
----------------------------------------
------------------------------O---------
-----------------------------O-O--------
------------------------------O---------
----------------------------------------
----------------------------------------
----------------------------------------
----------------------------------------
----------------------------------------
----------------------------------------
----------------------------------------
---O------------------------------------
--O-O-----------------------------------
--O-O-----------------------------OO----
---O-----------------------------OO-----
-----------------------------------O----
-------OO-------------------------------
-------OO-------------------------------
----------------------------------------

Life - generation  1392 

\u001b[H
----------------------------------------
----------------------------------------
------------------------------O---------
-----------------------------O-O--------
------------------------------O---------
----------------------------------------
----------------------------------------
----------------------------------------
----------------------------------------
----------------------------------------
----------------------------------------
----------------------------------------
---O------------------------------------
--O-O-----------------------------------
--O-O----------------------------OOO----
---O-----------------------------O------
----------------------------------O-----
-------OO-------------------------------
-------OO-------------------------------
----------------------------------------

Life - generation  1393 

\u001b[H
----------------------------------------
----------------------------------------
------------------------------O---------
-----------------------------O-O--------
------------------------------O---------
----------------------------------------
----------------------------------------
----------------------------------------
----------------------------------------
----------------------------------------
----------------------------------------
----------------------------------------
---O------------------------------------
--O-O-----------------------------O-----
--O-O----------------------------OO-----
---O-----------------------------O-O----
----------------------------------------
-------OO-------------------------------
-------OO-------------------------------
----------------------------------------

Life - generation  1394 

\u001b[H
----------------------------------------
----------------------------------------
------------------------------O---------
-----------------------------O-O--------
------------------------------O---------
----------------------------------------
----------------------------------------
----------------------------------------
----------------------------------------
----------------------------------------
----------------------------------------
----------------------------------------
---O------------------------------------
--O-O----------------------------OO-----
--O-O----------------------------O-O----
---O-----------------------------O------
----------------------------------------
-------OO-------------------------------
-------OO-------------------------------
----------------------------------------

Life - generation  1395 

\u001b[H
----------------------------------------
----------------------------------------
------------------------------O---------
-----------------------------O-O--------
------------------------------O---------
----------------------------------------
----------------------------------------
----------------------------------------
----------------------------------------
----------------------------------------
----------------------------------------
----------------------------------------
---O------------------------------------
--O-O----------------------------OO-----
--O-O---------------------------OO------
---O------------------------------O-----
----------------------------------------
-------OO-------------------------------
-------OO-------------------------------
----------------------------------------

Life - generation  1396 

\u001b[H
----------------------------------------
----------------------------------------
------------------------------O---------
-----------------------------O-O--------
------------------------------O---------
----------------------------------------
----------------------------------------
----------------------------------------
----------------------------------------
----------------------------------------
----------------------------------------
----------------------------------------
---O------------------------------------
--O-O---------------------------OOO-----
--O-O---------------------------O-------
---O-----------------------------O------
----------------------------------------
-------OO-------------------------------
-------OO-------------------------------
----------------------------------------

Life - generation  1397 

\u001b[H
----------------------------------------
----------------------------------------
------------------------------O---------
-----------------------------O-O--------
------------------------------O---------
----------------------------------------
----------------------------------------
----------------------------------------
----------------------------------------
----------------------------------------
----------------------------------------
----------------------------------------
---O-----------------------------O------
--O-O---------------------------OO------
--O-O---------------------------O-O-----
---O------------------------------------
----------------------------------------
-------OO-------------------------------
-------OO-------------------------------
----------------------------------------

Life - generation  1398 

\u001b[H
----------------------------------------
----------------------------------------
------------------------------O---------
-----------------------------O-O--------
------------------------------O---------
----------------------------------------
----------------------------------------
----------------------------------------
----------------------------------------
----------------------------------------
----------------------------------------
----------------------------------------
---O----------------------------OO------
--O-O---------------------------O-O-----
--O-O---------------------------O-------
---O------------------------------------
----------------------------------------
-------OO-------------------------------
-------OO-------------------------------
----------------------------------------

Life - generation  1399 

\u001b[H
----------------------------------------
----------------------------------------
------------------------------O---------
-----------------------------O-O--------
------------------------------O---------
----------------------------------------
----------------------------------------
----------------------------------------
----------------------------------------
----------------------------------------
----------------------------------------
----------------------------------------
---O----------------------------OO------
--O-O--------------------------OO-------
--O-O----------------------------O------
---O------------------------------------
----------------------------------------
-------OO-------------------------------
-------OO-------------------------------
----------------------------------------

Life - generation  1400 

\u001b[H
----------------------------------------
----------------------------------------
------------------------------O---------
-----------------------------O-O--------
------------------------------O---------
----------------------------------------
----------------------------------------
----------------------------------------
----------------------------------------
----------------------------------------
----------------------------------------
----------------------------------------
---O---------------------------OOO------
--O-O--------------------------O--------
--O-O---------------------------O-------
---O------------------------------------
----------------------------------------
-------OO-------------------------------
-------OO-------------------------------
----------------------------------------

Life - generation  1401 

\u001b[H
----------------------------------------
----------------------------------------
------------------------------O---------
-----------------------------O-O--------
------------------------------O---------
----------------------------------------
----------------------------------------
----------------------------------------
----------------------------------------
----------------------------------------
----------------------------------------
--------------------------------O-------
---O---------------------------OO-------
--O-O--------------------------O-O------
--O-O-----------------------------------
---O------------------------------------
----------------------------------------
-------OO-------------------------------
-------OO-------------------------------
----------------------------------------

Life - generation  1402 

\u001b[H
----------------------------------------
----------------------------------------
------------------------------O---------
-----------------------------O-O--------
------------------------------O---------
----------------------------------------
----------------------------------------
----------------------------------------
----------------------------------------
----------------------------------------
----------------------------------------
-------------------------------OO-------
---O---------------------------O-O------
--O-O--------------------------O--------
--O-O-----------------------------------
---O------------------------------------
----------------------------------------
-------OO-------------------------------
-------OO-------------------------------
----------------------------------------

Life - generation  1403 

\u001b[H
----------------------------------------
----------------------------------------
------------------------------O---------
-----------------------------O-O--------
------------------------------O---------
----------------------------------------
----------------------------------------
----------------------------------------
----------------------------------------
----------------------------------------
----------------------------------------
-------------------------------OO-------
---O--------------------------OO--------
--O-O---------------------------O-------
--O-O-----------------------------------
---O------------------------------------
----------------------------------------
-------OO-------------------------------
-------OO-------------------------------
----------------------------------------

Life - generation  1404 

\u001b[H
----------------------------------------
----------------------------------------
------------------------------O---------
-----------------------------O-O--------
------------------------------O---------
----------------------------------------
----------------------------------------
----------------------------------------
----------------------------------------
----------------------------------------
----------------------------------------
------------------------------OOO-------
---O--------------------------O---------
--O-O--------------------------O--------
--O-O-----------------------------------
---O------------------------------------
----------------------------------------
-------OO-------------------------------
-------OO-------------------------------
----------------------------------------

Life - generation  1405 

\u001b[H
----------------------------------------
----------------------------------------
------------------------------O---------
-----------------------------O-O--------
------------------------------O---------
----------------------------------------
----------------------------------------
----------------------------------------
----------------------------------------
----------------------------------------
-------------------------------O--------
------------------------------OO--------
---O--------------------------O-O-------
--O-O-----------------------------------
--O-O-----------------------------------
---O------------------------------------
----------------------------------------
-------OO-------------------------------
-------OO-------------------------------
----------------------------------------

Life - generation  1406 

\u001b[H
----------------------------------------
----------------------------------------
------------------------------O---------
-----------------------------O-O--------
------------------------------O---------
----------------------------------------
----------------------------------------
----------------------------------------
----------------------------------------
----------------------------------------
------------------------------OO--------
------------------------------O-O-------
---O--------------------------O---------
--O-O-----------------------------------
--O-O-----------------------------------
---O------------------------------------
----------------------------------------
-------OO-------------------------------
-------OO-------------------------------
----------------------------------------

Life - generation  1407 

\u001b[H
----------------------------------------
----------------------------------------
------------------------------O---------
-----------------------------O-O--------
------------------------------O---------
----------------------------------------
----------------------------------------
----------------------------------------
----------------------------------------
----------------------------------------
------------------------------OO--------
-----------------------------OO---------
---O---------------------------O--------
--O-O-----------------------------------
--O-O-----------------------------------
---O------------------------------------
----------------------------------------
-------OO-------------------------------
-------OO-------------------------------
----------------------------------------

Life - generation  1408 

\u001b[H
----------------------------------------
----------------------------------------
------------------------------O---------
-----------------------------O-O--------
------------------------------O---------
----------------------------------------
----------------------------------------
----------------------------------------
----------------------------------------
----------------------------------------
-----------------------------OOO--------
-----------------------------O----------
---O--------------------------O---------
--O-O-----------------------------------
--O-O-----------------------------------
---O------------------------------------
----------------------------------------
-------OO-------------------------------
-------OO-------------------------------
----------------------------------------

Life - generation  1409 

\u001b[H
----------------------------------------
----------------------------------------
------------------------------O---------
-----------------------------O-O--------
------------------------------O---------
----------------------------------------
----------------------------------------
----------------------------------------
----------------------------------------
------------------------------O---------
-----------------------------OO---------
-----------------------------O-O--------
---O------------------------------------
--O-O-----------------------------------
--O-O-----------------------------------
---O------------------------------------
----------------------------------------
-------OO-------------------------------
-------OO-------------------------------
----------------------------------------

Life - generation  1410 

\u001b[H
----------------------------------------
----------------------------------------
------------------------------O---------
-----------------------------O-O--------
------------------------------O---------
----------------------------------------
----------------------------------------
----------------------------------------
----------------------------------------
-----------------------------OO---------
-----------------------------O-O--------
-----------------------------O----------
---O------------------------------------
--O-O-----------------------------------
--O-O-----------------------------------
---O------------------------------------
----------------------------------------
-------OO-------------------------------
-------OO-------------------------------
----------------------------------------

Life - generation  1411 

\u001b[H
----------------------------------------
----------------------------------------
------------------------------O---------
-----------------------------O-O--------
------------------------------O---------
----------------------------------------
----------------------------------------
----------------------------------------
----------------------------------------
-----------------------------OO---------
----------------------------OO----------
------------------------------O---------
---O------------------------------------
--O-O-----------------------------------
--O-O-----------------------------------
---O------------------------------------
----------------------------------------
-------OO-------------------------------
-------OO-------------------------------
----------------------------------------

Life - generation  1412 

\u001b[H
----------------------------------------
----------------------------------------
------------------------------O---------
-----------------------------O-O--------
------------------------------O---------
----------------------------------------
----------------------------------------
----------------------------------------
----------------------------------------
----------------------------OOO---------
----------------------------O-----------
-----------------------------O----------
---O------------------------------------
--O-O-----------------------------------
--O-O-----------------------------------
---O------------------------------------
----------------------------------------
-------OO-------------------------------
-------OO-------------------------------
----------------------------------------

Life - generation  1413 

\u001b[H
----------------------------------------
----------------------------------------
------------------------------O---------
-----------------------------O-O--------
------------------------------O---------
----------------------------------------
----------------------------------------
----------------------------------------
-----------------------------O----------
----------------------------OO----------
----------------------------O-O---------
----------------------------------------
---O------------------------------------
--O-O-----------------------------------
--O-O-----------------------------------
---O------------------------------------
----------------------------------------
-------OO-------------------------------
-------OO-------------------------------
----------------------------------------

Life - generation  1414 

\u001b[H
----------------------------------------
----------------------------------------
------------------------------O---------
-----------------------------O-O--------
------------------------------O---------
----------------------------------------
----------------------------------------
----------------------------------------
----------------------------OO----------
----------------------------O-O---------
----------------------------O-----------
----------------------------------------
---O------------------------------------
--O-O-----------------------------------
--O-O-----------------------------------
---O------------------------------------
----------------------------------------
-------OO-------------------------------
-------OO-------------------------------
----------------------------------------

Life - generation  1415 

\u001b[H
----------------------------------------
----------------------------------------
------------------------------O---------
-----------------------------O-O--------
------------------------------O---------
----------------------------------------
----------------------------------------
----------------------------------------
----------------------------OO----------
---------------------------OO-----------
-----------------------------O----------
----------------------------------------
---O------------------------------------
--O-O-----------------------------------
--O-O-----------------------------------
---O------------------------------------
----------------------------------------
-------OO-------------------------------
-------OO-------------------------------
----------------------------------------

Life - generation  1416 

\u001b[H
----------------------------------------
----------------------------------------
------------------------------O---------
-----------------------------O-O--------
------------------------------O---------
----------------------------------------
----------------------------------------
----------------------------------------
---------------------------OOO----------
---------------------------O------------
----------------------------O-----------
----------------------------------------
---O------------------------------------
--O-O-----------------------------------
--O-O-----------------------------------
---O------------------------------------
----------------------------------------
-------OO-------------------------------
-------OO-------------------------------
----------------------------------------

Life - generation  1417 

\u001b[H
----------------------------------------
----------------------------------------
------------------------------O---------
-----------------------------O-O--------
------------------------------O---------
----------------------------------------
----------------------------------------
----------------------------O-----------
---------------------------OO-----------
---------------------------O-O----------
----------------------------------------
----------------------------------------
---O------------------------------------
--O-O-----------------------------------
--O-O-----------------------------------
---O------------------------------------
----------------------------------------
-------OO-------------------------------
-------OO-------------------------------
----------------------------------------

Life - generation  1418 

\u001b[H
----------------------------------------
----------------------------------------
------------------------------O---------
-----------------------------O-O--------
------------------------------O---------
----------------------------------------
----------------------------------------
---------------------------OO-----------
---------------------------O-O----------
---------------------------O------------
----------------------------------------
----------------------------------------
---O------------------------------------
--O-O-----------------------------------
--O-O-----------------------------------
---O------------------------------------
----------------------------------------
-------OO-------------------------------
-------OO-------------------------------
----------------------------------------

Life - generation  1419 

\u001b[H
----------------------------------------
----------------------------------------
------------------------------O---------
-----------------------------O-O--------
------------------------------O---------
----------------------------------------
----------------------------------------
---------------------------OO-----------
--------------------------OO------------
----------------------------O-----------
----------------------------------------
----------------------------------------
---O------------------------------------
--O-O-----------------------------------
--O-O-----------------------------------
---O------------------------------------
----------------------------------------
-------OO-------------------------------
-------OO-------------------------------
----------------------------------------

Life - generation  1420 

\u001b[H
----------------------------------------
----------------------------------------
------------------------------O---------
-----------------------------O-O--------
------------------------------O---------
----------------------------------------
----------------------------------------
--------------------------OOO-----------
--------------------------O-------------
---------------------------O------------
----------------------------------------
----------------------------------------
---O------------------------------------
--O-O-----------------------------------
--O-O-----------------------------------
---O------------------------------------
----------------------------------------
-------OO-------------------------------
-------OO-------------------------------
----------------------------------------

Life - generation  1421 

\u001b[H
----------------------------------------
----------------------------------------
------------------------------O---------
-----------------------------O-O--------
------------------------------O---------
----------------------------------------
---------------------------O------------
--------------------------OO------------
--------------------------O-O-----------
----------------------------------------
----------------------------------------
----------------------------------------
---O------------------------------------
--O-O-----------------------------------
--O-O-----------------------------------
---O------------------------------------
----------------------------------------
-------OO-------------------------------
-------OO-------------------------------
----------------------------------------

Life - generation  1422 

\u001b[H
----------------------------------------
----------------------------------------
------------------------------O---------
-----------------------------O-O--------
------------------------------O---------
----------------------------------------
--------------------------OO------------
--------------------------O-O-----------
--------------------------O-------------
----------------------------------------
----------------------------------------
----------------------------------------
---O------------------------------------
--O-O-----------------------------------
--O-O-----------------------------------
---O------------------------------------
----------------------------------------
-------OO-------------------------------
-------OO-------------------------------
----------------------------------------

Life - generation  1423 

\u001b[H
----------------------------------------
----------------------------------------
------------------------------O---------
-----------------------------O-O--------
------------------------------O---------
----------------------------------------
--------------------------OO------------
-------------------------OO-------------
---------------------------O------------
----------------------------------------
----------------------------------------
----------------------------------------
---O------------------------------------
--O-O-----------------------------------
--O-O-----------------------------------
---O------------------------------------
----------------------------------------
-------OO-------------------------------
-------OO-------------------------------
----------------------------------------

Life - generation  1424 

\u001b[H
----------------------------------------
----------------------------------------
------------------------------O---------
-----------------------------O-O--------
------------------------------O---------
----------------------------------------
-------------------------OOO------------
-------------------------O--------------
--------------------------O-------------
----------------------------------------
----------------------------------------
----------------------------------------
---O------------------------------------
--O-O-----------------------------------
--O-O-----------------------------------
---O------------------------------------
----------------------------------------
-------OO-------------------------------
-------OO-------------------------------
----------------------------------------

Life - generation  1425 

\u001b[H
----------------------------------------
----------------------------------------
------------------------------O---------
-----------------------------O-O--------
------------------------------O---------
--------------------------O-------------
-------------------------OO-------------
-------------------------O-O------------
----------------------------------------
----------------------------------------
----------------------------------------
----------------------------------------
---O------------------------------------
--O-O-----------------------------------
--O-O-----------------------------------
---O------------------------------------
----------------------------------------
-------OO-------------------------------
-------OO-------------------------------
----------------------------------------

Life - generation  1426 

\u001b[H
----------------------------------------
----------------------------------------
------------------------------O---------
-----------------------------O-O--------
------------------------------O---------
-------------------------OO-------------
-------------------------O-O------------
-------------------------O--------------
----------------------------------------
----------------------------------------
----------------------------------------
----------------------------------------
---O------------------------------------
--O-O-----------------------------------
--O-O-----------------------------------
---O------------------------------------
----------------------------------------
-------OO-------------------------------
-------OO-------------------------------
----------------------------------------

Life - generation  1427 

\u001b[H
----------------------------------------
----------------------------------------
------------------------------O---------
-----------------------------O-O--------
------------------------------O---------
-------------------------OO-------------
------------------------OO--------------
--------------------------O-------------
----------------------------------------
----------------------------------------
----------------------------------------
----------------------------------------
---O------------------------------------
--O-O-----------------------------------
--O-O-----------------------------------
---O------------------------------------
----------------------------------------
-------OO-------------------------------
-------OO-------------------------------
----------------------------------------

Life - generation  1428 

\u001b[H
----------------------------------------
----------------------------------------
------------------------------O---------
-----------------------------O-O--------
------------------------------O---------
------------------------OOO-------------
------------------------O---------------
-------------------------O--------------
----------------------------------------
----------------------------------------
----------------------------------------
----------------------------------------
---O------------------------------------
--O-O-----------------------------------
--O-O-----------------------------------
---O------------------------------------
----------------------------------------
-------OO-------------------------------
-------OO-------------------------------
----------------------------------------

Life - generation  1429 

\u001b[H
----------------------------------------
----------------------------------------
------------------------------O---------
-----------------------------O-O--------
-------------------------O----O---------
------------------------OO--------------
------------------------O-O-------------
----------------------------------------
----------------------------------------
----------------------------------------
----------------------------------------
----------------------------------------
---O------------------------------------
--O-O-----------------------------------
--O-O-----------------------------------
---O------------------------------------
----------------------------------------
-------OO-------------------------------
-------OO-------------------------------
----------------------------------------

Life - generation  1430 

\u001b[H
----------------------------------------
----------------------------------------
------------------------------O---------
-----------------------------O-O--------
------------------------OO----O---------
------------------------O-O-------------
------------------------O---------------
----------------------------------------
----------------------------------------
----------------------------------------
----------------------------------------
----------------------------------------
---O------------------------------------
--O-O-----------------------------------
--O-O-----------------------------------
---O------------------------------------
----------------------------------------
-------OO-------------------------------
-------OO-------------------------------
----------------------------------------

Life - generation  1431 

\u001b[H
----------------------------------------
----------------------------------------
------------------------------O---------
-----------------------------O-O--------
------------------------OO----O---------
-----------------------OO---------------
-------------------------O--------------
----------------------------------------
----------------------------------------
----------------------------------------
----------------------------------------
----------------------------------------
---O------------------------------------
--O-O-----------------------------------
--O-O-----------------------------------
---O------------------------------------
----------------------------------------
-------OO-------------------------------
-------OO-------------------------------
----------------------------------------

Life - generation  1432 

\u001b[H
----------------------------------------
----------------------------------------
------------------------------O---------
-----------------------------O-O--------
-----------------------OOO----O---------
-----------------------O----------------
------------------------O---------------
----------------------------------------
----------------------------------------
----------------------------------------
----------------------------------------
----------------------------------------
---O------------------------------------
--O-O-----------------------------------
--O-O-----------------------------------
---O------------------------------------
----------------------------------------
-------OO-------------------------------
-------OO-------------------------------
----------------------------------------

Life - generation  1433 

\u001b[H
----------------------------------------
----------------------------------------
------------------------------O---------
------------------------O----O-O--------
-----------------------OO-----O---------
-----------------------O-O--------------
----------------------------------------
----------------------------------------
----------------------------------------
----------------------------------------
----------------------------------------
----------------------------------------
---O------------------------------------
--O-O-----------------------------------
--O-O-----------------------------------
---O------------------------------------
----------------------------------------
-------OO-------------------------------
-------OO-------------------------------
----------------------------------------

Life - generation  1434 

\u001b[H
----------------------------------------
----------------------------------------
------------------------------O---------
-----------------------OO----O-O--------
-----------------------O-O----O---------
-----------------------O----------------
----------------------------------------
----------------------------------------
----------------------------------------
----------------------------------------
----------------------------------------
----------------------------------------
---O------------------------------------
--O-O-----------------------------------
--O-O-----------------------------------
---O------------------------------------
----------------------------------------
-------OO-------------------------------
-------OO-------------------------------
----------------------------------------

Life - generation  1435 

\u001b[H
----------------------------------------
----------------------------------------
------------------------------O---------
-----------------------OO----O-O--------
----------------------OO------O---------
------------------------O---------------
----------------------------------------
----------------------------------------
----------------------------------------
----------------------------------------
----------------------------------------
----------------------------------------
---O------------------------------------
--O-O-----------------------------------
--O-O-----------------------------------
---O------------------------------------
----------------------------------------
-------OO-------------------------------
-------OO-------------------------------
----------------------------------------

Life - generation  1436 

\u001b[H
----------------------------------------
----------------------------------------
------------------------------O---------
----------------------OOO----O-O--------
----------------------O-------O---------
-----------------------O----------------
----------------------------------------
----------------------------------------
----------------------------------------
----------------------------------------
----------------------------------------
----------------------------------------
---O------------------------------------
--O-O-----------------------------------
--O-O-----------------------------------
---O------------------------------------
----------------------------------------
-------OO-------------------------------
-------OO-------------------------------
----------------------------------------

Life - generation  1437 

\u001b[H
----------------------------------------
----------------------------------------
-----------------------O------O---------
----------------------OO-----O-O--------
----------------------O-O-----O---------
----------------------------------------
----------------------------------------
----------------------------------------
----------------------------------------
----------------------------------------
----------------------------------------
----------------------------------------
---O------------------------------------
--O-O-----------------------------------
--O-O-----------------------------------
---O------------------------------------
----------------------------------------
-------OO-------------------------------
-------OO-------------------------------
----------------------------------------

Life - generation  1438 

\u001b[H
----------------------------------------
----------------------------------------
----------------------OO------O---------
----------------------O-O----O-O--------
----------------------O-------O---------
----------------------------------------
----------------------------------------
----------------------------------------
----------------------------------------
----------------------------------------
----------------------------------------
----------------------------------------
---O------------------------------------
--O-O-----------------------------------
--O-O-----------------------------------
---O------------------------------------
----------------------------------------
-------OO-------------------------------
-------OO-------------------------------
----------------------------------------

Life - generation  1439 

\u001b[H
----------------------------------------
----------------------------------------
----------------------OO------O---------
---------------------OO------O-O--------
-----------------------O------O---------
----------------------------------------
----------------------------------------
----------------------------------------
----------------------------------------
----------------------------------------
----------------------------------------
----------------------------------------
---O------------------------------------
--O-O-----------------------------------
--O-O-----------------------------------
---O------------------------------------
----------------------------------------
-------OO-------------------------------
-------OO-------------------------------
----------------------------------------

Life - generation  1440 

\u001b[H
----------------------------------------
----------------------------------------
---------------------OOO------O---------
---------------------O-------O-O--------
----------------------O-------O---------
----------------------------------------
----------------------------------------
----------------------------------------
----------------------------------------
----------------------------------------
----------------------------------------
----------------------------------------
---O------------------------------------
--O-O-----------------------------------
--O-O-----------------------------------
---O------------------------------------
----------------------------------------
-------OO-------------------------------
-------OO-------------------------------
----------------------------------------

Life - generation  1441 

\u001b[H
----------------------------------------
----------------------O-----------------
---------------------OO-------O---------
---------------------O-O-----O-O--------
------------------------------O---------
----------------------------------------
----------------------------------------
----------------------------------------
----------------------------------------
----------------------------------------
----------------------------------------
----------------------------------------
---O------------------------------------
--O-O-----------------------------------
--O-O-----------------------------------
---O------------------------------------
----------------------------------------
-------OO-------------------------------
-------OO-------------------------------
----------------------------------------

Life - generation  1442 

\u001b[H
----------------------------------------
---------------------OO-----------------
---------------------O-O------O---------
---------------------O-------O-O--------
------------------------------O---------
----------------------------------------
----------------------------------------
----------------------------------------
----------------------------------------
----------------------------------------
----------------------------------------
----------------------------------------
---O------------------------------------
--O-O-----------------------------------
--O-O-----------------------------------
---O------------------------------------
----------------------------------------
-------OO-------------------------------
-------OO-------------------------------
----------------------------------------

Life - generation  1443 

\u001b[H
----------------------------------------
---------------------OO-----------------
--------------------OO--------O---------
----------------------O------O-O--------
------------------------------O---------
----------------------------------------
----------------------------------------
----------------------------------------
----------------------------------------
----------------------------------------
----------------------------------------
----------------------------------------
---O------------------------------------
--O-O-----------------------------------
--O-O-----------------------------------
---O------------------------------------
----------------------------------------
-------OO-------------------------------
-------OO-------------------------------
----------------------------------------

Life - generation  1444 

\u001b[H
----------------------------------------
--------------------OOO-----------------
--------------------O---------O---------
---------------------O-------O-O--------
------------------------------O---------
----------------------------------------
----------------------------------------
----------------------------------------
----------------------------------------
----------------------------------------
----------------------------------------
----------------------------------------
---O------------------------------------
--O-O-----------------------------------
--O-O-----------------------------------
---O------------------------------------
----------------------------------------
-------OO-------------------------------
-------OO-------------------------------
----------------------------------------

Life - generation  1445 

\u001b[H
---------------------O------------------
--------------------OO------------------
--------------------O-O-------O---------
-----------------------------O-O--------
------------------------------O---------
----------------------------------------
----------------------------------------
----------------------------------------
----------------------------------------
----------------------------------------
----------------------------------------
----------------------------------------
---O------------------------------------
--O-O-----------------------------------
--O-O-----------------------------------
---O------------------------------------
----------------------------------------
-------OO-------------------------------
-------OO-------------------------------
----------------------------------------

Life - generation  1446 

\u001b[H
--------------------OO------------------
--------------------O-O-----------------
--------------------O---------O---------
-----------------------------O-O--------
------------------------------O---------
----------------------------------------
----------------------------------------
----------------------------------------
----------------------------------------
----------------------------------------
----------------------------------------
----------------------------------------
---O------------------------------------
--O-O-----------------------------------
--O-O-----------------------------------
---O------------------------------------
----------------------------------------
-------OO-------------------------------
-------OO-------------------------------
----------------------------------------

Life - generation  1447 

\u001b[H
--------------------OO------------------
-------------------OO-------------------
---------------------O--------O---------
-----------------------------O-O--------
------------------------------O---------
----------------------------------------
----------------------------------------
----------------------------------------
----------------------------------------
----------------------------------------
----------------------------------------
----------------------------------------
---O------------------------------------
--O-O-----------------------------------
--O-O-----------------------------------
---O------------------------------------
----------------------------------------
-------OO-------------------------------
-------OO-------------------------------
----------------------------------------

Life - generation  1448 

\u001b[H
-------------------OOO------------------
-------------------O--------------------
--------------------O---------O---------
-----------------------------O-O--------
------------------------------O---------
----------------------------------------
----------------------------------------
----------------------------------------
----------------------------------------
----------------------------------------
----------------------------------------
----------------------------------------
---O------------------------------------
--O-O-----------------------------------
--O-O-----------------------------------
---O------------------------------------
----------------------------------------
-------OO-------------------------------
-------OO-------------------------------
----------------------------------------

Life - generation  1449 

\u001b[H
-------------------OO-------------------
-------------------O-O------------------
------------------------------O---------
-----------------------------O-O--------
------------------------------O---------
----------------------------------------
----------------------------------------
----------------------------------------
----------------------------------------
----------------------------------------
----------------------------------------
----------------------------------------
---O------------------------------------
--O-O-----------------------------------
--O-O-----------------------------------
---O------------------------------------
----------------------------------------
-------OO-------------------------------
-------OO-------------------------------
--------------------O-------------------

Life - generation  1450 

\u001b[H
-------------------O-O------------------
-------------------O--------------------
------------------------------O---------
-----------------------------O-O--------
------------------------------O---------
----------------------------------------
----------------------------------------
----------------------------------------
----------------------------------------
----------------------------------------
----------------------------------------
----------------------------------------
---O------------------------------------
--O-O-----------------------------------
--O-O-----------------------------------
---O------------------------------------
----------------------------------------
-------OO-------------------------------
-------OO-------------------------------
-------------------OO-------------------

Life - generation  1451 

\u001b[H
------------------OO--------------------
--------------------O-------------------
------------------------------O---------
-----------------------------O-O--------
------------------------------O---------
----------------------------------------
----------------------------------------
----------------------------------------
----------------------------------------
----------------------------------------
----------------------------------------
----------------------------------------
---O------------------------------------
--O-O-----------------------------------
--O-O-----------------------------------
---O------------------------------------
----------------------------------------
-------OO-------------------------------
-------OO-------------------------------
-------------------OO-------------------

Life - generation  1452 

\u001b[H
------------------O---------------------
-------------------O--------------------
------------------------------O---------
-----------------------------O-O--------
------------------------------O---------
----------------------------------------
----------------------------------------
----------------------------------------
----------------------------------------
----------------------------------------
----------------------------------------
----------------------------------------
---O------------------------------------
--O-O-----------------------------------
--O-O-----------------------------------
---O------------------------------------
----------------------------------------
-------OO-------------------------------
-------OO-------------------------------
------------------OOO-------------------

Life - generation  1453 

\u001b[H
------------------O-O-------------------
----------------------------------------
------------------------------O---------
-----------------------------O-O--------
------------------------------O---------
----------------------------------------
----------------------------------------
----------------------------------------
----------------------------------------
----------------------------------------
----------------------------------------
----------------------------------------
---O------------------------------------
--O-O-----------------------------------
--O-O-----------------------------------
---O------------------------------------
----------------------------------------
-------OO-------------------------------
-------OO----------O--------------------
------------------OO--------------------

Life - generation  1454 

\u001b[H
------------------O---------------------
----------------------------------------
------------------------------O---------
-----------------------------O-O--------
------------------------------O---------
----------------------------------------
----------------------------------------
----------------------------------------
----------------------------------------
----------------------------------------
----------------------------------------
----------------------------------------
---O------------------------------------
--O-O-----------------------------------
--O-O-----------------------------------
---O------------------------------------
----------------------------------------
-------OO-------------------------------
-------OO---------OO--------------------
------------------O-O-------------------

Life - generation  1455 

\u001b[H
-------------------O--------------------
----------------------------------------
------------------------------O---------
-----------------------------O-O--------
------------------------------O---------
----------------------------------------
----------------------------------------
----------------------------------------
----------------------------------------
----------------------------------------
----------------------------------------
----------------------------------------
---O------------------------------------
--O-O-----------------------------------
--O-O-----------------------------------
---O------------------------------------
----------------------------------------
-------OO-------------------------------
-------OO---------OO--------------------
-----------------OO---------------------

Life - generation  1456 

\u001b[H
------------------O---------------------
----------------------------------------
------------------------------O---------
-----------------------------O-O--------
------------------------------O---------
----------------------------------------
----------------------------------------
----------------------------------------
----------------------------------------
----------------------------------------
----------------------------------------
----------------------------------------
---O------------------------------------
--O-O-----------------------------------
--O-O-----------------------------------
---O------------------------------------
----------------------------------------
-------OO-------------------------------
-------OO--------OOO--------------------
-----------------O----------------------

Life - generation  1457 

\u001b[H
----------------------------------------
----------------------------------------
------------------------------O---------
-----------------------------O-O--------
------------------------------O---------
----------------------------------------
----------------------------------------
----------------------------------------
----------------------------------------
----------------------------------------
----------------------------------------
----------------------------------------
---O------------------------------------
--O-O-----------------------------------
--O-O-----------------------------------
---O------------------------------------
----------------------------------------
-------OO---------O---------------------
-------OO--------OO---------------------
-----------------O-O--------------------

Life - generation  1458 

\u001b[H
----------------------------------------
----------------------------------------
------------------------------O---------
-----------------------------O-O--------
------------------------------O---------
----------------------------------------
----------------------------------------
----------------------------------------
----------------------------------------
----------------------------------------
----------------------------------------
----------------------------------------
---O------------------------------------
--O-O-----------------------------------
--O-O-----------------------------------
---O------------------------------------
----------------------------------------
-------OO--------OO---------------------
-------OO--------O-O--------------------
-----------------O----------------------

Life - generation  1459 

\u001b[H
----------------------------------------
----------------------------------------
------------------------------O---------
-----------------------------O-O--------
------------------------------O---------
----------------------------------------
----------------------------------------
----------------------------------------
----------------------------------------
----------------------------------------
----------------------------------------
----------------------------------------
---O------------------------------------
--O-O-----------------------------------
--O-O-----------------------------------
---O------------------------------------
----------------------------------------
-------OO--------OO---------------------
-------OO-------OO----------------------
------------------O---------------------

Life - generation  1460 

\u001b[H
----------------------------------------
----------------------------------------
------------------------------O---------
-----------------------------O-O--------
------------------------------O---------
----------------------------------------
----------------------------------------
----------------------------------------
----------------------------------------
----------------------------------------
----------------------------------------
----------------------------------------
---O------------------------------------
--O-O-----------------------------------
--O-O-----------------------------------
---O------------------------------------
----------------------------------------
-------OO-------OOO---------------------
-------OO-------O-----------------------
-----------------O----------------------

Life - generation  1461 

\u001b[H
----------------------------------------
----------------------------------------
------------------------------O---------
-----------------------------O-O--------
------------------------------O---------
----------------------------------------
----------------------------------------
----------------------------------------
----------------------------------------
----------------------------------------
----------------------------------------
----------------------------------------
---O------------------------------------
--O-O-----------------------------------
--O-O-----------------------------------
---O------------------------------------
-----------------O----------------------
-------OO-------OO----------------------
-------OO-------O-O---------------------
----------------------------------------

Life - generation  1462 

\u001b[H
----------------------------------------
----------------------------------------
------------------------------O---------
-----------------------------O-O--------
------------------------------O---------
----------------------------------------
----------------------------------------
----------------------------------------
----------------------------------------
----------------------------------------
----------------------------------------
----------------------------------------
---O------------------------------------
--O-O-----------------------------------
--O-O-----------------------------------
---O------------------------------------
----------------OO----------------------
-------OO-------O-O---------------------
-------OO-------O-----------------------
----------------------------------------

Life - generation  1463 

\u001b[H
----------------------------------------
----------------------------------------
------------------------------O---------
-----------------------------O-O--------
------------------------------O---------
----------------------------------------
----------------------------------------
----------------------------------------
----------------------------------------
----------------------------------------
----------------------------------------
----------------------------------------
---O------------------------------------
--O-O-----------------------------------
--O-O-----------------------------------
---O------------------------------------
----------------OO----------------------
-------OO------OO-----------------------
-------OO--------O----------------------
----------------------------------------

Life - generation  1464 

\u001b[H
----------------------------------------
----------------------------------------
------------------------------O---------
-----------------------------O-O--------
------------------------------O---------
----------------------------------------
----------------------------------------
----------------------------------------
----------------------------------------
----------------------------------------
----------------------------------------
----------------------------------------
---O------------------------------------
--O-O-----------------------------------
--O-O-----------------------------------
---O------------------------------------
---------------OOO----------------------
-------OO------O------------------------
-------OO-------O-----------------------
----------------------------------------

Life - generation  1465 

\u001b[H
----------------------------------------
----------------------------------------
------------------------------O---------
-----------------------------O-O--------
------------------------------O---------
----------------------------------------
----------------------------------------
----------------------------------------
----------------------------------------
----------------------------------------
----------------------------------------
----------------------------------------
---O------------------------------------
--O-O-----------------------------------
--O-O-----------------------------------
---O------------O-----------------------
---------------OO-----------------------
-------OO------O-O----------------------
-------OO-------------------------------
----------------------------------------

Life - generation  1466 

\u001b[H
----------------------------------------
----------------------------------------
------------------------------O---------
-----------------------------O-O--------
------------------------------O---------
----------------------------------------
----------------------------------------
----------------------------------------
----------------------------------------
----------------------------------------
----------------------------------------
----------------------------------------
---O------------------------------------
--O-O-----------------------------------
--O-O-----------------------------------
---O-----------OO-----------------------
---------------O-O----------------------
-------OO------O------------------------
-------OO-------------------------------
----------------------------------------

Life - generation  1467 

\u001b[H
----------------------------------------
----------------------------------------
------------------------------O---------
-----------------------------O-O--------
------------------------------O---------
----------------------------------------
----------------------------------------
----------------------------------------
----------------------------------------
----------------------------------------
----------------------------------------
----------------------------------------
---O------------------------------------
--O-O-----------------------------------
--O-O-----------------------------------
---O-----------OO-----------------------
--------------OO------------------------
-------OO-------O-----------------------
-------OO-------------------------------
----------------------------------------

Life - generation  1468 

\u001b[H
----------------------------------------
----------------------------------------
------------------------------O---------
-----------------------------O-O--------
------------------------------O---------
----------------------------------------
----------------------------------------
----------------------------------------
----------------------------------------
----------------------------------------
----------------------------------------
----------------------------------------
---O------------------------------------
--O-O-----------------------------------
--O-O-----------------------------------
---O----------OOO-----------------------
--------------O-------------------------
-------OO------O------------------------
-------OO-------------------------------
----------------------------------------

Life - generation  1469 

\u001b[H
----------------------------------------
----------------------------------------
------------------------------O---------
-----------------------------O-O--------
------------------------------O---------
----------------------------------------
----------------------------------------
----------------------------------------
----------------------------------------
----------------------------------------
----------------------------------------
----------------------------------------
---O------------------------------------
--O-O-----------------------------------
--O-O----------O------------------------
---O----------OO------------------------
--------------O-O-----------------------
-------OO-------------------------------
-------OO-------------------------------
----------------------------------------

Life - generation  1470 

\u001b[H
----------------------------------------
----------------------------------------
------------------------------O---------
-----------------------------O-O--------
------------------------------O---------
----------------------------------------
----------------------------------------
----------------------------------------
----------------------------------------
----------------------------------------
----------------------------------------
----------------------------------------
---O------------------------------------
--O-O-----------------------------------
--O-O---------OO------------------------
---O----------O-O-----------------------
--------------O-------------------------
-------OO-------------------------------
-------OO-------------------------------
----------------------------------------

Life - generation  1471 

\u001b[H
----------------------------------------
----------------------------------------
------------------------------O---------
-----------------------------O-O--------
------------------------------O---------
----------------------------------------
----------------------------------------
----------------------------------------
----------------------------------------
----------------------------------------
----------------------------------------
----------------------------------------
---O------------------------------------
--O-O-----------------------------------
--O-O---------OO------------------------
---O---------OO-------------------------
---------------O------------------------
-------OO-------------------------------
-------OO-------------------------------
----------------------------------------

Life - generation  1472 

\u001b[H
----------------------------------------
----------------------------------------
------------------------------O---------
-----------------------------O-O--------
------------------------------O---------
----------------------------------------
----------------------------------------
----------------------------------------
----------------------------------------
----------------------------------------
----------------------------------------
----------------------------------------
---O------------------------------------
--O-O-----------------------------------
--O-O--------OOO------------------------
---O---------O--------------------------
--------------O-------------------------
-------OO-------------------------------
-------OO-------------------------------
----------------------------------------

Life - generation  1473 

\u001b[H
----------------------------------------
----------------------------------------
------------------------------O---------
-----------------------------O-O--------
------------------------------O---------
----------------------------------------
----------------------------------------
----------------------------------------
----------------------------------------
----------------------------------------
----------------------------------------
----------------------------------------
---O------------------------------------
--O-O---------O-------------------------
--O-O--------OO-------------------------
---O---------O-O------------------------
----------------------------------------
-------OO-------------------------------
-------OO-------------------------------
----------------------------------------

Life - generation  1474 

\u001b[H
----------------------------------------
----------------------------------------
------------------------------O---------
-----------------------------O-O--------
------------------------------O---------
----------------------------------------
----------------------------------------
----------------------------------------
----------------------------------------
----------------------------------------
----------------------------------------
----------------------------------------
---O------------------------------------
--O-O--------OO-------------------------
--O-O--------O-O------------------------
---O---------O--------------------------
----------------------------------------
-------OO-------------------------------
-------OO-------------------------------
----------------------------------------

Life - generation  1475 

\u001b[H
----------------------------------------
----------------------------------------
------------------------------O---------
-----------------------------O-O--------
------------------------------O---------
----------------------------------------
----------------------------------------
----------------------------------------
----------------------------------------
----------------------------------------
----------------------------------------
----------------------------------------
---O------------------------------------
--O-O--------OO-------------------------
--O-O-------OO--------------------------
---O----------O-------------------------
----------------------------------------
-------OO-------------------------------
-------OO-------------------------------
----------------------------------------

Life - generation  1476 

\u001b[H
----------------------------------------
----------------------------------------
------------------------------O---------
-----------------------------O-O--------
------------------------------O---------
----------------------------------------
----------------------------------------
----------------------------------------
----------------------------------------
----------------------------------------
----------------------------------------
----------------------------------------
---O------------------------------------
--O-O-------OOO-------------------------
--O-O-------O---------------------------
---O---------O--------------------------
----------------------------------------
-------OO-------------------------------
-------OO-------------------------------
----------------------------------------

Life - generation  1477 

\u001b[H
----------------------------------------
----------------------------------------
------------------------------O---------
-----------------------------O-O--------
------------------------------O---------
----------------------------------------
----------------------------------------
----------------------------------------
----------------------------------------
----------------------------------------
----------------------------------------
----------------------------------------
---O---------O--------------------------
--O-O-------OO--------------------------
--O-O-------O-O-------------------------
---O------------------------------------
----------------------------------------
-------OO-------------------------------
-------OO-------------------------------
----------------------------------------

Life - generation  1478 

\u001b[H
----------------------------------------
----------------------------------------
------------------------------O---------
-----------------------------O-O--------
------------------------------O---------
----------------------------------------
----------------------------------------
----------------------------------------
----------------------------------------
----------------------------------------
----------------------------------------
----------------------------------------
---O--------OO--------------------------
--O-O-------O-O-------------------------
--O-O-------O---------------------------
---O------------------------------------
----------------------------------------
-------OO-------------------------------
-------OO-------------------------------
----------------------------------------

Life - generation  1479 

\u001b[H
----------------------------------------
----------------------------------------
------------------------------O---------
-----------------------------O-O--------
------------------------------O---------
----------------------------------------
----------------------------------------
----------------------------------------
----------------------------------------
----------------------------------------
----------------------------------------
----------------------------------------
---O--------OO--------------------------
--O-O------OO---------------------------
--O-O--------O--------------------------
---O------------------------------------
----------------------------------------
-------OO-------------------------------
-------OO-------------------------------
----------------------------------------

Life - generation  1480 

\u001b[H
----------------------------------------
----------------------------------------
------------------------------O---------
-----------------------------O-O--------
------------------------------O---------
----------------------------------------
----------------------------------------
----------------------------------------
----------------------------------------
----------------------------------------
----------------------------------------
----------------------------------------
---O-------OOO--------------------------
--O-O------O----------------------------
--O-O-------O---------------------------
---O------------------------------------
----------------------------------------
-------OO-------------------------------
-------OO-------------------------------
----------------------------------------

Life - generation  1481 

\u001b[H
----------------------------------------
----------------------------------------
------------------------------O---------
-----------------------------O-O--------
------------------------------O---------
----------------------------------------
----------------------------------------
----------------------------------------
----------------------------------------
----------------------------------------
----------------------------------------
------------O---------------------------
---O-------OO---------------------------
--O-O------O-O--------------------------
--O-O-----------------------------------
---O------------------------------------
----------------------------------------
-------OO-------------------------------
-------OO-------------------------------
----------------------------------------

Life - generation  1482 

\u001b[H
----------------------------------------
----------------------------------------
------------------------------O---------
-----------------------------O-O--------
------------------------------O---------
----------------------------------------
----------------------------------------
----------------------------------------
----------------------------------------
----------------------------------------
----------------------------------------
-----------OO---------------------------
---O-------O-O--------------------------
--O-O------O----------------------------
--O-O-----------------------------------
---O------------------------------------
----------------------------------------
-------OO-------------------------------
-------OO-------------------------------
----------------------------------------

Life - generation  1483 

\u001b[H
----------------------------------------
----------------------------------------
------------------------------O---------
-----------------------------O-O--------
------------------------------O---------
----------------------------------------
----------------------------------------
----------------------------------------
----------------------------------------
----------------------------------------
----------------------------------------
-----------OO---------------------------
---O------OO----------------------------
--O-O-------O---------------------------
--O-O-----------------------------------
---O------------------------------------
----------------------------------------
-------OO-------------------------------
-------OO-------------------------------
----------------------------------------

Life - generation  1484 

\u001b[H
----------------------------------------
----------------------------------------
------------------------------O---------
-----------------------------O-O--------
------------------------------O---------
----------------------------------------
----------------------------------------
----------------------------------------
----------------------------------------
----------------------------------------
----------------------------------------
----------OOO---------------------------
---O------O-----------------------------
--O-O------O----------------------------
--O-O-----------------------------------
---O------------------------------------
----------------------------------------
-------OO-------------------------------
-------OO-------------------------------
----------------------------------------

Life - generation  1485 

\u001b[H
----------------------------------------
----------------------------------------
------------------------------O---------
-----------------------------O-O--------
------------------------------O---------
----------------------------------------
----------------------------------------
----------------------------------------
----------------------------------------
----------------------------------------
-----------O----------------------------
----------OO----------------------------
---O------O-O---------------------------
--O-O-----------------------------------
--O-O-----------------------------------
---O------------------------------------
----------------------------------------
-------OO-------------------------------
-------OO-------------------------------
----------------------------------------

Life - generation  1486 

\u001b[H
----------------------------------------
----------------------------------------
------------------------------O---------
-----------------------------O-O--------
------------------------------O---------
----------------------------------------
----------------------------------------
----------------------------------------
----------------------------------------
----------------------------------------
----------OO----------------------------
----------O-O---------------------------
---O------O-----------------------------
--O-O-----------------------------------
--O-O-----------------------------------
---O------------------------------------
----------------------------------------
-------OO-------------------------------
-------OO-------------------------------
----------------------------------------

Life - generation  1487 

\u001b[H
----------------------------------------
----------------------------------------
------------------------------O---------
-----------------------------O-O--------
------------------------------O---------
----------------------------------------
----------------------------------------
----------------------------------------
----------------------------------------
----------------------------------------
----------OO----------------------------
---------OO-----------------------------
---O-------O----------------------------
--O-O-----------------------------------
--O-O-----------------------------------
---O------------------------------------
----------------------------------------
-------OO-------------------------------
-------OO-------------------------------
----------------------------------------

Life - generation  1488 

\u001b[H
----------------------------------------
----------------------------------------
------------------------------O---------
-----------------------------O-O--------
------------------------------O---------
----------------------------------------
----------------------------------------
----------------------------------------
----------------------------------------
----------------------------------------
---------OOO----------------------------
---------O------------------------------
---O------O-----------------------------
--O-O-----------------------------------
--O-O-----------------------------------
---O------------------------------------
----------------------------------------
-------OO-------------------------------
-------OO-------------------------------
----------------------------------------

Life - generation  1489 

\u001b[H
----------------------------------------
----------------------------------------
------------------------------O---------
-----------------------------O-O--------
------------------------------O---------
----------------------------------------
----------------------------------------
----------------------------------------
----------------------------------------
----------O-----------------------------
---------OO-----------------------------
---------O-O----------------------------
---O------------------------------------
--O-O-----------------------------------
--O-O-----------------------------------
---O------------------------------------
----------------------------------------
-------OO-------------------------------
-------OO-------------------------------
----------------------------------------

Life - generation  1490 

\u001b[H
----------------------------------------
----------------------------------------
------------------------------O---------
-----------------------------O-O--------
------------------------------O---------
----------------------------------------
----------------------------------------
----------------------------------------
----------------------------------------
---------OO-----------------------------
---------O-O----------------------------
---------O------------------------------
---O------------------------------------
--O-O-----------------------------------
--O-O-----------------------------------
---O------------------------------------
----------------------------------------
-------OO-------------------------------
-------OO-------------------------------
----------------------------------------

Life - generation  1491 

\u001b[H
----------------------------------------
----------------------------------------
------------------------------O---------
-----------------------------O-O--------
------------------------------O---------
----------------------------------------
----------------------------------------
----------------------------------------
----------------------------------------
---------OO-----------------------------
--------OO------------------------------
----------O-----------------------------
---O------------------------------------
--O-O-----------------------------------
--O-O-----------------------------------
---O------------------------------------
----------------------------------------
-------OO-------------------------------
-------OO-------------------------------
----------------------------------------

Life - generation  1492 

\u001b[H
----------------------------------------
----------------------------------------
------------------------------O---------
-----------------------------O-O--------
------------------------------O---------
----------------------------------------
----------------------------------------
----------------------------------------
----------------------------------------
--------OOO-----------------------------
--------O-------------------------------
---------O------------------------------
---O------------------------------------
--O-O-----------------------------------
--O-O-----------------------------------
---O------------------------------------
----------------------------------------
-------OO-------------------------------
-------OO-------------------------------
----------------------------------------

Life - generation  1493 

\u001b[H
----------------------------------------
----------------------------------------
------------------------------O---------
-----------------------------O-O--------
------------------------------O---------
----------------------------------------
----------------------------------------
----------------------------------------
---------O------------------------------
--------OO------------------------------
--------O-O-----------------------------
----------------------------------------
---O------------------------------------
--O-O-----------------------------------
--O-O-----------------------------------
---O------------------------------------
----------------------------------------
-------OO-------------------------------
-------OO-------------------------------
----------------------------------------

Life - generation  1494 

\u001b[H
----------------------------------------
----------------------------------------
------------------------------O---------
-----------------------------O-O--------
------------------------------O---------
----------------------------------------
----------------------------------------
----------------------------------------
--------OO------------------------------
--------O-O-----------------------------
--------O-------------------------------
----------------------------------------
---O------------------------------------
--O-O-----------------------------------
--O-O-----------------------------------
---O------------------------------------
----------------------------------------
-------OO-------------------------------
-------OO-------------------------------
----------------------------------------

Life - generation  1495 

\u001b[H
----------------------------------------
----------------------------------------
------------------------------O---------
-----------------------------O-O--------
------------------------------O---------
----------------------------------------
----------------------------------------
----------------------------------------
--------OO------------------------------
-------OO-------------------------------
---------O------------------------------
----------------------------------------
---O------------------------------------
--O-O-----------------------------------
--O-O-----------------------------------
---O------------------------------------
----------------------------------------
-------OO-------------------------------
-------OO-------------------------------
----------------------------------------

Life - generation  1496 

\u001b[H
----------------------------------------
----------------------------------------
------------------------------O---------
-----------------------------O-O--------
------------------------------O---------
----------------------------------------
----------------------------------------
----------------------------------------
-------OOO------------------------------
-------O--------------------------------
--------O-------------------------------
----------------------------------------
---O------------------------------------
--O-O-----------------------------------
--O-O-----------------------------------
---O------------------------------------
----------------------------------------
-------OO-------------------------------
-------OO-------------------------------
----------------------------------------

Life - generation  1497 

\u001b[H
----------------------------------------
----------------------------------------
------------------------------O---------
-----------------------------O-O--------
------------------------------O---------
----------------------------------------
----------------------------------------
--------O-------------------------------
-------OO-------------------------------
-------O-O------------------------------
----------------------------------------
----------------------------------------
---O------------------------------------
--O-O-----------------------------------
--O-O-----------------------------------
---O------------------------------------
----------------------------------------
-------OO-------------------------------
-------OO-------------------------------
----------------------------------------

Life - generation  1498 

\u001b[H
----------------------------------------
----------------------------------------
------------------------------O---------
-----------------------------O-O--------
------------------------------O---------
----------------------------------------
----------------------------------------
-------OO-------------------------------
-------O-O------------------------------
-------O--------------------------------
----------------------------------------
----------------------------------------
---O------------------------------------
--O-O-----------------------------------
--O-O-----------------------------------
---O------------------------------------
----------------------------------------
-------OO-------------------------------
-------OO-------------------------------
----------------------------------------

Life - generation  1499 

\u001b[H
----------------------------------------
----------------------------------------
------------------------------O---------
-----------------------------O-O--------
------------------------------O---------
----------------------------------------
----------------------------------------
-------OO-------------------------------
------OO--------------------------------
--------O-------------------------------
----------------------------------------
----------------------------------------
---O------------------------------------
--O-O-----------------------------------
--O-O-----------------------------------
---O------------------------------------
----------------------------------------
-------OO-------------------------------
-------OO-------------------------------
----------------------------------------

Life - generation  1500 

\u001b[H
----------------------------------------
----------------------------------------
------------------------------O---------
-----------------------------O-O--------
------------------------------O---------
----------------------------------------
----------------------------------------
------OOO-------------------------------
------O---------------------------------
-------O--------------------------------
----------------------------------------
----------------------------------------
---O------------------------------------
--O-O-----------------------------------
--O-O-----------------------------------
---O------------------------------------
----------------------------------------
-------OO-------------------------------
-------OO-------------------------------
----------------------------------------

Life - generation  1501 

\u001b[H
----------------------------------------
----------------------------------------
------------------------------O---------
-----------------------------O-O--------
------------------------------O---------
----------------------------------------
-------O--------------------------------
------OO--------------------------------
------O-O-------------------------------
----------------------------------------
----------------------------------------
----------------------------------------
---O------------------------------------
--O-O-----------------------------------
--O-O-----------------------------------
---O------------------------------------
----------------------------------------
-------OO-------------------------------
-------OO-------------------------------
----------------------------------------

Life - generation  1502 

\u001b[H
----------------------------------------
----------------------------------------
------------------------------O---------
-----------------------------O-O--------
------------------------------O---------
----------------------------------------
------OO--------------------------------
------O-O-------------------------------
------O---------------------------------
----------------------------------------
----------------------------------------
----------------------------------------
---O------------------------------------
--O-O-----------------------------------
--O-O-----------------------------------
---O------------------------------------
----------------------------------------
-------OO-------------------------------
-------OO-------------------------------
----------------------------------------

Life - generation  1503 

\u001b[H
----------------------------------------
----------------------------------------
------------------------------O---------
-----------------------------O-O--------
------------------------------O---------
----------------------------------------
------OO--------------------------------
-----OO---------------------------------
-------O--------------------------------
----------------------------------------
----------------------------------------
----------------------------------------
---O------------------------------------
--O-O-----------------------------------
--O-O-----------------------------------
---O------------------------------------
----------------------------------------
-------OO-------------------------------
-------OO-------------------------------
----------------------------------------

Life - generation  1504 

\u001b[H
----------------------------------------
----------------------------------------
------------------------------O---------
-----------------------------O-O--------
------------------------------O---------
----------------------------------------
-----OOO--------------------------------
-----O----------------------------------
------O---------------------------------
----------------------------------------
----------------------------------------
----------------------------------------
---O------------------------------------
--O-O-----------------------------------
--O-O-----------------------------------
---O------------------------------------
----------------------------------------
-------OO-------------------------------
-------OO-------------------------------
----------------------------------------

Life - generation  1505 

\u001b[H
----------------------------------------
----------------------------------------
------------------------------O---------
-----------------------------O-O--------
------------------------------O---------
------O---------------------------------
-----OO---------------------------------
-----O-O--------------------------------
----------------------------------------
----------------------------------------
----------------------------------------
----------------------------------------
---O------------------------------------
--O-O-----------------------------------
--O-O-----------------------------------
---O------------------------------------
----------------------------------------
-------OO-------------------------------
-------OO-------------------------------
----------------------------------------

Life - generation  1506 

\u001b[H
----------------------------------------
----------------------------------------
------------------------------O---------
-----------------------------O-O--------
------------------------------O---------
-----OO---------------------------------
-----O-O--------------------------------
-----O----------------------------------
----------------------------------------
----------------------------------------
----------------------------------------
----------------------------------------
---O------------------------------------
--O-O-----------------------------------
--O-O-----------------------------------
---O------------------------------------
----------------------------------------
-------OO-------------------------------
-------OO-------------------------------
----------------------------------------

Life - generation  1507 

\u001b[H
----------------------------------------
----------------------------------------
------------------------------O---------
-----------------------------O-O--------
------------------------------O---------
-----OO---------------------------------
----OO----------------------------------
------O---------------------------------
----------------------------------------
----------------------------------------
----------------------------------------
----------------------------------------
---O------------------------------------
--O-O-----------------------------------
--O-O-----------------------------------
---O------------------------------------
----------------------------------------
-------OO-------------------------------
-------OO-------------------------------
----------------------------------------

Life - generation  1508 

\u001b[H
----------------------------------------
----------------------------------------
------------------------------O---------
-----------------------------O-O--------
------------------------------O---------
----OOO---------------------------------
----O-----------------------------------
-----O----------------------------------
----------------------------------------
----------------------------------------
----------------------------------------
----------------------------------------
---O------------------------------------
--O-O-----------------------------------
--O-O-----------------------------------
---O------------------------------------
----------------------------------------
-------OO-------------------------------
-------OO-------------------------------
----------------------------------------

Life - generation  1509 

\u001b[H
----------------------------------------
----------------------------------------
------------------------------O---------
-----------------------------O-O--------
-----O------------------------O---------
----OO----------------------------------
----O-O---------------------------------
----------------------------------------
----------------------------------------
----------------------------------------
----------------------------------------
----------------------------------------
---O------------------------------------
--O-O-----------------------------------
--O-O-----------------------------------
---O------------------------------------
----------------------------------------
-------OO-------------------------------
-------OO-------------------------------
----------------------------------------

Life - generation  1510 

\u001b[H
----------------------------------------
----------------------------------------
------------------------------O---------
-----------------------------O-O--------
----OO------------------------O---------
----O-O---------------------------------
----O-----------------------------------
----------------------------------------
----------------------------------------
----------------------------------------
----------------------------------------
----------------------------------------
---O------------------------------------
--O-O-----------------------------------
--O-O-----------------------------------
---O------------------------------------
----------------------------------------
-------OO-------------------------------
-------OO-------------------------------
----------------------------------------

Life - generation  1511 

\u001b[H
----------------------------------------
----------------------------------------
------------------------------O---------
-----------------------------O-O--------
----OO------------------------O---------
---OO-----------------------------------
-----O----------------------------------
----------------------------------------
----------------------------------------
----------------------------------------
----------------------------------------
----------------------------------------
---O------------------------------------
--O-O-----------------------------------
--O-O-----------------------------------
---O------------------------------------
----------------------------------------
-------OO-------------------------------
-------OO-------------------------------
----------------------------------------

Life - generation  1512 

\u001b[H
----------------------------------------
----------------------------------------
------------------------------O---------
-----------------------------O-O--------
---OOO------------------------O---------
---O------------------------------------
----O-----------------------------------
----------------------------------------
----------------------------------------
----------------------------------------
----------------------------------------
----------------------------------------
---O------------------------------------
--O-O-----------------------------------
--O-O-----------------------------------
---O------------------------------------
----------------------------------------
-------OO-------------------------------
-------OO-------------------------------
----------------------------------------

Life - generation  1513 

\u001b[H
----------------------------------------
----------------------------------------
------------------------------O---------
----O------------------------O-O--------
---OO-------------------------O---------
---O-O----------------------------------
----------------------------------------
----------------------------------------
----------------------------------------
----------------------------------------
----------------------------------------
----------------------------------------
---O------------------------------------
--O-O-----------------------------------
--O-O-----------------------------------
---O------------------------------------
----------------------------------------
-------OO-------------------------------
-------OO-------------------------------
----------------------------------------

Life - generation  1514 

\u001b[H
----------------------------------------
----------------------------------------
------------------------------O---------
---OO------------------------O-O--------
---O-O------------------------O---------
---O------------------------------------
----------------------------------------
----------------------------------------
----------------------------------------
----------------------------------------
----------------------------------------
----------------------------------------
---O------------------------------------
--O-O-----------------------------------
--O-O-----------------------------------
---O------------------------------------
----------------------------------------
-------OO-------------------------------
-------OO-------------------------------
----------------------------------------

Life - generation  1515 

\u001b[H
----------------------------------------
----------------------------------------
------------------------------O---------
---OO------------------------O-O--------
--OO--------------------------O---------
----O-----------------------------------
----------------------------------------
----------------------------------------
----------------------------------------
----------------------------------------
----------------------------------------
----------------------------------------
---O------------------------------------
--O-O-----------------------------------
--O-O-----------------------------------
---O------------------------------------
----------------------------------------
-------OO-------------------------------
-------OO-------------------------------
----------------------------------------

Life - generation  1516 

\u001b[H
----------------------------------------
----------------------------------------
------------------------------O---------
--OOO------------------------O-O--------
--O---------------------------O---------
---O------------------------------------
----------------------------------------
----------------------------------------
----------------------------------------
----------------------------------------
----------------------------------------
----------------------------------------
---O------------------------------------
--O-O-----------------------------------
--O-O-----------------------------------
---O------------------------------------
----------------------------------------
-------OO-------------------------------
-------OO-------------------------------
----------------------------------------

Life - generation  1517 

\u001b[H
----------------------------------------
----------------------------------------
---O--------------------------O---------
--OO-------------------------O-O--------
--O-O-------------------------O---------
----------------------------------------
----------------------------------------
----------------------------------------
----------------------------------------
----------------------------------------
----------------------------------------
----------------------------------------
---O------------------------------------
--O-O-----------------------------------
--O-O-----------------------------------
---O------------------------------------
----------------------------------------
-------OO-------------------------------
-------OO-------------------------------
----------------------------------------

Life - generation  1518 

\u001b[H
----------------------------------------
----------------------------------------
--OO--------------------------O---------
--O-O------------------------O-O--------
--O---------------------------O---------
----------------------------------------
----------------------------------------
----------------------------------------
----------------------------------------
----------------------------------------
----------------------------------------
----------------------------------------
---O------------------------------------
--O-O-----------------------------------
--O-O-----------------------------------
---O------------------------------------
----------------------------------------
-------OO-------------------------------
-------OO-------------------------------
----------------------------------------

Life - generation  1519 

\u001b[H
----------------------------------------
----------------------------------------
--OO--------------------------O---------
-OO--------------------------O-O--------
---O--------------------------O---------
----------------------------------------
----------------------------------------
----------------------------------------
----------------------------------------
----------------------------------------
----------------------------------------
----------------------------------------
---O------------------------------------
--O-O-----------------------------------
--O-O-----------------------------------
---O------------------------------------
----------------------------------------
-------OO-------------------------------
-------OO-------------------------------
----------------------------------------

Life - generation  1520 

\u001b[H
----------------------------------------
----------------------------------------
-OOO--------------------------O---------
-O---------------------------O-O--------
--O---------------------------O---------
----------------------------------------
----------------------------------------
----------------------------------------
----------------------------------------
----------------------------------------
----------------------------------------
----------------------------------------
---O------------------------------------
--O-O-----------------------------------
--O-O-----------------------------------
---O------------------------------------
----------------------------------------
-------OO-------------------------------
-------OO-------------------------------
----------------------------------------

Life - generation  1521 

\u001b[H
----------------------------------------
--O-------------------------------------
-OO---------------------------O---------
-O-O-------------------------O-O--------
------------------------------O---------
----------------------------------------
----------------------------------------
----------------------------------------
----------------------------------------
----------------------------------------
----------------------------------------
----------------------------------------
---O------------------------------------
--O-O-----------------------------------
--O-O-----------------------------------
---O------------------------------------
----------------------------------------
-------OO-------------------------------
-------OO-------------------------------
----------------------------------------

Life - generation  1522 

\u001b[H
----------------------------------------
-OO-------------------------------------
-O-O--------------------------O---------
-O---------------------------O-O--------
------------------------------O---------
----------------------------------------
----------------------------------------
----------------------------------------
----------------------------------------
----------------------------------------
----------------------------------------
----------------------------------------
---O------------------------------------
--O-O-----------------------------------
--O-O-----------------------------------
---O------------------------------------
----------------------------------------
-------OO-------------------------------
-------OO-------------------------------
----------------------------------------

Life - generation  1523 

\u001b[H
----------------------------------------
-OO-------------------------------------
OO----------------------------O---------
--O--------------------------O-O--------
------------------------------O---------
----------------------------------------
----------------------------------------
----------------------------------------
----------------------------------------
----------------------------------------
----------------------------------------
----------------------------------------
---O------------------------------------
--O-O-----------------------------------
--O-O-----------------------------------
---O------------------------------------
----------------------------------------
-------OO-------------------------------
-------OO-------------------------------
----------------------------------------

Life - generation  1524 

\u001b[H
----------------------------------------
OOO-------------------------------------
O-----------------------------O---------
-O---------------------------O-O--------
------------------------------O---------
----------------------------------------
----------------------------------------
----------------------------------------
----------------------------------------
----------------------------------------
----------------------------------------
----------------------------------------
---O------------------------------------
--O-O-----------------------------------
--O-O-----------------------------------
---O------------------------------------
----------------------------------------
-------OO-------------------------------
-------OO-------------------------------
----------------------------------------

Life - generation  1525 

\u001b[H
-O--------------------------------------
OO--------------------------------------
O-O---------------------------O---------
-----------------------------O-O--------
------------------------------O---------
----------------------------------------
----------------------------------------
----------------------------------------
----------------------------------------
----------------------------------------
----------------------------------------
----------------------------------------
---O------------------------------------
--O-O-----------------------------------
--O-O-----------------------------------
---O------------------------------------
----------------------------------------
-------OO-------------------------------
-------OO-------------------------------
----------------------------------------

Life - generation  1526 

\u001b[H
OO--------------------------------------
O-O-------------------------------------
O-----------------------------O---------
-----------------------------O-O--------
------------------------------O---------
----------------------------------------
----------------------------------------
----------------------------------------
----------------------------------------
----------------------------------------
----------------------------------------
----------------------------------------
---O------------------------------------
--O-O-----------------------------------
--O-O-----------------------------------
---O------------------------------------
----------------------------------------
-------OO-------------------------------
-------OO-------------------------------
----------------------------------------

Life - generation  1527 

\u001b[H
OO--------------------------------------
O--------------------------------------O
-O----------------------------O---------
-----------------------------O-O--------
------------------------------O---------
----------------------------------------
----------------------------------------
----------------------------------------
----------------------------------------
----------------------------------------
----------------------------------------
----------------------------------------
---O------------------------------------
--O-O-----------------------------------
--O-O-----------------------------------
---O------------------------------------
----------------------------------------
-------OO-------------------------------
-------OO-------------------------------
----------------------------------------

Life - generation  1528 

\u001b[H
OO-------------------------------------O
---------------------------------------O
O-----------------------------O---------
-----------------------------O-O--------
------------------------------O---------
----------------------------------------
----------------------------------------
----------------------------------------
----------------------------------------
----------------------------------------
----------------------------------------
----------------------------------------
---O------------------------------------
--O-O-----------------------------------
--O-O-----------------------------------
---O------------------------------------
----------------------------------------
-------OO-------------------------------
-------OO-------------------------------
----------------------------------------

Life - generation  1529 

\u001b[H
O--------------------------------------O
-O-------------------------------------O
------------------------------O---------
-----------------------------O-O--------
------------------------------O---------
----------------------------------------
----------------------------------------
----------------------------------------
----------------------------------------
----------------------------------------
----------------------------------------
----------------------------------------
---O------------------------------------
--O-O-----------------------------------
--O-O-----------------------------------
---O------------------------------------
----------------------------------------
-------OO-------------------------------
-------OO-------------------------------
O---------------------------------------

Life - generation  1530 

\u001b[H
-O-------------------------------------O
---------------------------------------O
------------------------------O---------
-----------------------------O-O--------
------------------------------O---------
----------------------------------------
----------------------------------------
----------------------------------------
----------------------------------------
----------------------------------------
----------------------------------------
----------------------------------------
---O------------------------------------
--O-O-----------------------------------
--O-O-----------------------------------
---O------------------------------------
----------------------------------------
-------OO-------------------------------
-------OO-------------------------------
O--------------------------------------O

Life - generation  1531 

\u001b[H
--------------------------------------OO
O---------------------------------------
------------------------------O---------
-----------------------------O-O--------
------------------------------O---------
----------------------------------------
----------------------------------------
----------------------------------------
----------------------------------------
----------------------------------------
----------------------------------------
----------------------------------------
---O------------------------------------
--O-O-----------------------------------
--O-O-----------------------------------
---O------------------------------------
----------------------------------------
-------OO-------------------------------
-------OO-------------------------------
O--------------------------------------O

Life - generation  1532 

\u001b[H
--------------------------------------O-
---------------------------------------O
------------------------------O---------
-----------------------------O-O--------
------------------------------O---------
----------------------------------------
----------------------------------------
----------------------------------------
----------------------------------------
----------------------------------------
----------------------------------------
----------------------------------------
---O------------------------------------
--O-O-----------------------------------
--O-O-----------------------------------
---O------------------------------------
----------------------------------------
-------OO-------------------------------
-------OO-------------------------------
O-------------------------------------OO

Life - generation  1533 

\u001b[H
O-------------------------------------O-
----------------------------------------
------------------------------O---------
-----------------------------O-O--------
------------------------------O---------
----------------------------------------
----------------------------------------
----------------------------------------
----------------------------------------
----------------------------------------
----------------------------------------
----------------------------------------
---O------------------------------------
--O-O-----------------------------------
--O-O-----------------------------------
---O------------------------------------
----------------------------------------
-------OO-------------------------------
-------OO------------------------------O
--------------------------------------OO

Life - generation  1534 

\u001b[H
--------------------------------------O-
----------------------------------------
------------------------------O---------
-----------------------------O-O--------
------------------------------O---------
----------------------------------------
----------------------------------------
----------------------------------------
----------------------------------------
----------------------------------------
----------------------------------------
----------------------------------------
---O------------------------------------
--O-O-----------------------------------
--O-O-----------------------------------
---O------------------------------------
----------------------------------------
-------OO-------------------------------
-------OO-----------------------------OO
O-------------------------------------O-

Life - generation  1535 

\u001b[H
---------------------------------------O
----------------------------------------
------------------------------O---------
-----------------------------O-O--------
------------------------------O---------
----------------------------------------
----------------------------------------
----------------------------------------
----------------------------------------
----------------------------------------
----------------------------------------
----------------------------------------
---O------------------------------------
--O-O-----------------------------------
--O-O-----------------------------------
---O------------------------------------
----------------------------------------
-------OO-------------------------------
-------OO-----------------------------OO
-------------------------------------OO-

Life - generation  1536 

\u001b[H
--------------------------------------O-
----------------------------------------
------------------------------O---------
-----------------------------O-O--------
------------------------------O---------
----------------------------------------
----------------------------------------
----------------------------------------
----------------------------------------
----------------------------------------
----------------------------------------
----------------------------------------
---O------------------------------------
--O-O-----------------------------------
--O-O-----------------------------------
---O------------------------------------
----------------------------------------
-------OO-------------------------------
-------OO----------------------------OOO
-------------------------------------O--

Life - generation  1537 

\u001b[H
----------------------------------------
----------------------------------------
------------------------------O---------
-----------------------------O-O--------
------------------------------O---------
----------------------------------------
----------------------------------------
----------------------------------------
----------------------------------------
----------------------------------------
----------------------------------------
----------------------------------------
---O------------------------------------
--O-O-----------------------------------
--O-O-----------------------------------
---O------------------------------------
----------------------------------------
-------OO-----------------------------O-
-------OO----------------------------OO-
-------------------------------------O-O

Life - generation  1538 

\u001b[H
----------------------------------------
----------------------------------------
------------------------------O---------
-----------------------------O-O--------
------------------------------O---------
----------------------------------------
----------------------------------------
----------------------------------------
----------------------------------------
----------------------------------------
----------------------------------------
----------------------------------------
---O------------------------------------
--O-O-----------------------------------
--O-O-----------------------------------
---O------------------------------------
----------------------------------------
-------OO----------------------------OO-
-------OO----------------------------O-O
-------------------------------------O--

Life - generation  1539 

\u001b[H
----------------------------------------
----------------------------------------
------------------------------O---------
-----------------------------O-O--------
------------------------------O---------
----------------------------------------
----------------------------------------
----------------------------------------
----------------------------------------
----------------------------------------
----------------------------------------
----------------------------------------
---O------------------------------------
--O-O-----------------------------------
--O-O-----------------------------------
---O------------------------------------
----------------------------------------
-------OO----------------------------OO-
-------OO---------------------------OO--
--------------------------------------O-

Life - generation  1540 

\u001b[H
----------------------------------------
----------------------------------------
------------------------------O---------
-----------------------------O-O--------
------------------------------O---------
----------------------------------------
----------------------------------------
----------------------------------------
----------------------------------------
----------------------------------------
----------------------------------------
----------------------------------------
---O------------------------------------
--O-O-----------------------------------
--O-O-----------------------------------
---O------------------------------------
----------------------------------------
-------OO---------------------------OOO-
-------OO---------------------------O---
-------------------------------------O--

Life - generation  1541 

\u001b[H
----------------------------------------
----------------------------------------
------------------------------O---------
-----------------------------O-O--------
------------------------------O---------
----------------------------------------
----------------------------------------
----------------------------------------
----------------------------------------
----------------------------------------
----------------------------------------
----------------------------------------
---O------------------------------------
--O-O-----------------------------------
--O-O-----------------------------------
---O------------------------------------
-------------------------------------O--
-------OO---------------------------OO--
-------OO---------------------------O-O-
----------------------------------------

Life - generation  1542 

\u001b[H
----------------------------------------
----------------------------------------
------------------------------O---------
-----------------------------O-O--------
------------------------------O---------
----------------------------------------
----------------------------------------
----------------------------------------
----------------------------------------
----------------------------------------
----------------------------------------
----------------------------------------
---O------------------------------------
--O-O-----------------------------------
--O-O-----------------------------------
---O------------------------------------
------------------------------------OO--
-------OO---------------------------O-O-
-------OO---------------------------O---
----------------------------------------

Life - generation  1543 

\u001b[H
----------------------------------------
----------------------------------------
------------------------------O---------
-----------------------------O-O--------
------------------------------O---------
----------------------------------------
----------------------------------------
----------------------------------------
----------------------------------------
----------------------------------------
----------------------------------------
----------------------------------------
---O------------------------------------
--O-O-----------------------------------
--O-O-----------------------------------
---O------------------------------------
------------------------------------OO--
-------OO--------------------------OO---
-------OO----------------------------O--
----------------------------------------

Life - generation  1544 

\u001b[H
----------------------------------------
----------------------------------------
------------------------------O---------
-----------------------------O-O--------
------------------------------O---------
----------------------------------------
----------------------------------------
----------------------------------------
----------------------------------------
----------------------------------------
----------------------------------------
----------------------------------------
---O------------------------------------
--O-O-----------------------------------
--O-O-----------------------------------
---O------------------------------------
-----------------------------------OOO--
-------OO--------------------------O----
-------OO---------------------------O---
----------------------------------------

Life - generation  1545 

\u001b[H
----------------------------------------
----------------------------------------
------------------------------O---------
-----------------------------O-O--------
------------------------------O---------
----------------------------------------
----------------------------------------
----------------------------------------
----------------------------------------
----------------------------------------
----------------------------------------
----------------------------------------
---O------------------------------------
--O-O-----------------------------------
--O-O-----------------------------------
---O--------------------------------O---
-----------------------------------OO---
-------OO--------------------------O-O--
-------OO-------------------------------
----------------------------------------

Life - generation  1546 

\u001b[H
----------------------------------------
----------------------------------------
------------------------------O---------
-----------------------------O-O--------
------------------------------O---------
----------------------------------------
----------------------------------------
----------------------------------------
----------------------------------------
----------------------------------------
----------------------------------------
----------------------------------------
---O------------------------------------
--O-O-----------------------------------
--O-O-----------------------------------
---O-------------------------------OO---
-----------------------------------O-O--
-------OO--------------------------O----
-------OO-------------------------------
----------------------------------------

Life - generation  1547 

\u001b[H
----------------------------------------
----------------------------------------
------------------------------O---------
-----------------------------O-O--------
------------------------------O---------
----------------------------------------
----------------------------------------
----------------------------------------
----------------------------------------
----------------------------------------
----------------------------------------
----------------------------------------
---O------------------------------------
--O-O-----------------------------------
--O-O-----------------------------------
---O-------------------------------OO---
----------------------------------OO----
-------OO---------------------------O---
-------OO-------------------------------
----------------------------------------

Life - generation  1548 

\u001b[H
----------------------------------------
----------------------------------------
------------------------------O---------
-----------------------------O-O--------
------------------------------O---------
----------------------------------------
----------------------------------------
----------------------------------------
----------------------------------------
----------------------------------------
----------------------------------------
----------------------------------------
---O------------------------------------
--O-O-----------------------------------
--O-O-----------------------------------
---O------------------------------OOO---
----------------------------------O-----
-------OO--------------------------O----
-------OO-------------------------------
----------------------------------------

Life - generation  1549 

\u001b[H
----------------------------------------
----------------------------------------
------------------------------O---------
-----------------------------O-O--------
------------------------------O---------
----------------------------------------
----------------------------------------
----------------------------------------
----------------------------------------
----------------------------------------
----------------------------------------
----------------------------------------
---O------------------------------------
--O-O-----------------------------------
--O-O------------------------------O----
---O------------------------------OO----
----------------------------------O-O---
-------OO-------------------------------
-------OO-------------------------------
----------------------------------------

Life - generation  1550 

\u001b[H
----------------------------------------
----------------------------------------
------------------------------O---------
-----------------------------O-O--------
------------------------------O---------
----------------------------------------
----------------------------------------
----------------------------------------
----------------------------------------
----------------------------------------
----------------------------------------
----------------------------------------
---O------------------------------------
--O-O-----------------------------------
--O-O-----------------------------OO----
---O------------------------------O-O---
----------------------------------O-----
-------OO-------------------------------
-------OO-------------------------------
----------------------------------------

Life - generation  1551 

\u001b[H
----------------------------------------
----------------------------------------
------------------------------O---------
-----------------------------O-O--------
------------------------------O---------
----------------------------------------
----------------------------------------
----------------------------------------
----------------------------------------
----------------------------------------
----------------------------------------
----------------------------------------
---O------------------------------------
--O-O-----------------------------------
--O-O-----------------------------OO----
---O-----------------------------OO-----
-----------------------------------O----
-------OO-------------------------------
-------OO-------------------------------
----------------------------------------

Life - generation  1552 

\u001b[H
----------------------------------------
----------------------------------------
------------------------------O---------
-----------------------------O-O--------
------------------------------O---------
----------------------------------------
----------------------------------------
----------------------------------------
----------------------------------------
----------------------------------------
----------------------------------------
----------------------------------------
---O------------------------------------
--O-O-----------------------------------
--O-O----------------------------OOO----
---O-----------------------------O------
----------------------------------O-----
-------OO-------------------------------
-------OO-------------------------------
----------------------------------------

Life - generation  1553 

\u001b[H
----------------------------------------
----------------------------------------
------------------------------O---------
-----------------------------O-O--------
------------------------------O---------
----------------------------------------
----------------------------------------
----------------------------------------
----------------------------------------
----------------------------------------
----------------------------------------
----------------------------------------
---O------------------------------------
--O-O-----------------------------O-----
--O-O----------------------------OO-----
---O-----------------------------O-O----
----------------------------------------
-------OO-------------------------------
-------OO-------------------------------
----------------------------------------

Life - generation  1554 

\u001b[H
----------------------------------------
----------------------------------------
------------------------------O---------
-----------------------------O-O--------
------------------------------O---------
----------------------------------------
----------------------------------------
----------------------------------------
----------------------------------------
----------------------------------------
----------------------------------------
----------------------------------------
---O------------------------------------
--O-O----------------------------OO-----
--O-O----------------------------O-O----
---O-----------------------------O------
----------------------------------------
-------OO-------------------------------
-------OO-------------------------------
----------------------------------------

Life - generation  1555 

\u001b[H
----------------------------------------
----------------------------------------
------------------------------O---------
-----------------------------O-O--------
------------------------------O---------
----------------------------------------
----------------------------------------
----------------------------------------
----------------------------------------
----------------------------------------
----------------------------------------
----------------------------------------
---O------------------------------------
--O-O----------------------------OO-----
--O-O---------------------------OO------
---O------------------------------O-----
----------------------------------------
-------OO-------------------------------
-------OO-------------------------------
----------------------------------------

Life - generation  1556 

\u001b[H
----------------------------------------
----------------------------------------
------------------------------O---------
-----------------------------O-O--------
------------------------------O---------
----------------------------------------
----------------------------------------
----------------------------------------
----------------------------------------
----------------------------------------
----------------------------------------
----------------------------------------
---O------------------------------------
--O-O---------------------------OOO-----
--O-O---------------------------O-------
---O-----------------------------O------
----------------------------------------
-------OO-------------------------------
-------OO-------------------------------
----------------------------------------

Life - generation  1557 

\u001b[H
----------------------------------------
----------------------------------------
------------------------------O---------
-----------------------------O-O--------
------------------------------O---------
----------------------------------------
----------------------------------------
----------------------------------------
----------------------------------------
----------------------------------------
----------------------------------------
----------------------------------------
---O-----------------------------O------
--O-O---------------------------OO------
--O-O---------------------------O-O-----
---O------------------------------------
----------------------------------------
-------OO-------------------------------
-------OO-------------------------------
----------------------------------------

Life - generation  1558 

\u001b[H
----------------------------------------
----------------------------------------
------------------------------O---------
-----------------------------O-O--------
------------------------------O---------
----------------------------------------
----------------------------------------
----------------------------------------
----------------------------------------
----------------------------------------
----------------------------------------
----------------------------------------
---O----------------------------OO------
--O-O---------------------------O-O-----
--O-O---------------------------O-------
---O------------------------------------
----------------------------------------
-------OO-------------------------------
-------OO-------------------------------
----------------------------------------

Life - generation  1559 

\u001b[H
----------------------------------------
----------------------------------------
------------------------------O---------
-----------------------------O-O--------
------------------------------O---------
----------------------------------------
----------------------------------------
----------------------------------------
----------------------------------------
----------------------------------------
----------------------------------------
----------------------------------------
---O----------------------------OO------
--O-O--------------------------OO-------
--O-O----------------------------O------
---O------------------------------------
----------------------------------------
-------OO-------------------------------
-------OO-------------------------------
----------------------------------------

Life - generation  1560 

\u001b[H
----------------------------------------
----------------------------------------
------------------------------O---------
-----------------------------O-O--------
------------------------------O---------
----------------------------------------
----------------------------------------
----------------------------------------
----------------------------------------
----------------------------------------
----------------------------------------
----------------------------------------
---O---------------------------OOO------
--O-O--------------------------O--------
--O-O---------------------------O-------
---O------------------------------------
----------------------------------------
-------OO-------------------------------
-------OO-------------------------------
----------------------------------------

Life - generation  1561 

\u001b[H
----------------------------------------
----------------------------------------
------------------------------O---------
-----------------------------O-O--------
------------------------------O---------
----------------------------------------
----------------------------------------
----------------------------------------
----------------------------------------
----------------------------------------
----------------------------------------
--------------------------------O-------
---O---------------------------OO-------
--O-O--------------------------O-O------
--O-O-----------------------------------
---O------------------------------------
----------------------------------------
-------OO-------------------------------
-------OO-------------------------------
----------------------------------------

Life - generation  1562 

\u001b[H
----------------------------------------
----------------------------------------
------------------------------O---------
-----------------------------O-O--------
------------------------------O---------
----------------------------------------
----------------------------------------
----------------------------------------
----------------------------------------
----------------------------------------
----------------------------------------
-------------------------------OO-------
---O---------------------------O-O------
--O-O--------------------------O--------
--O-O-----------------------------------
---O------------------------------------
----------------------------------------
-------OO-------------------------------
-------OO-------------------------------
----------------------------------------

Life - generation  1563 

\u001b[H
----------------------------------------
----------------------------------------
------------------------------O---------
-----------------------------O-O--------
------------------------------O---------
----------------------------------------
----------------------------------------
----------------------------------------
----------------------------------------
----------------------------------------
----------------------------------------
-------------------------------OO-------
---O--------------------------OO--------
--O-O---------------------------O-------
--O-O-----------------------------------
---O------------------------------------
----------------------------------------
-------OO-------------------------------
-------OO-------------------------------
----------------------------------------

Life - generation  1564 

\u001b[H
----------------------------------------
----------------------------------------
------------------------------O---------
-----------------------------O-O--------
------------------------------O---------
----------------------------------------
----------------------------------------
----------------------------------------
----------------------------------------
----------------------------------------
----------------------------------------
------------------------------OOO-------
---O--------------------------O---------
--O-O--------------------------O--------
--O-O-----------------------------------
---O------------------------------------
----------------------------------------
-------OO-------------------------------
-------OO-------------------------------
----------------------------------------

Life - generation  1565 

\u001b[H
----------------------------------------
----------------------------------------
------------------------------O---------
-----------------------------O-O--------
------------------------------O---------
----------------------------------------
----------------------------------------
----------------------------------------
----------------------------------------
----------------------------------------
-------------------------------O--------
------------------------------OO--------
---O--------------------------O-O-------
--O-O-----------------------------------
--O-O-----------------------------------
---O------------------------------------
----------------------------------------
-------OO-------------------------------
-------OO-------------------------------
----------------------------------------

Life - generation  1566 

\u001b[H
----------------------------------------
----------------------------------------
------------------------------O---------
-----------------------------O-O--------
------------------------------O---------
----------------------------------------
----------------------------------------
----------------------------------------
----------------------------------------
----------------------------------------
------------------------------OO--------
------------------------------O-O-------
---O--------------------------O---------
--O-O-----------------------------------
--O-O-----------------------------------
---O------------------------------------
----------------------------------------
-------OO-------------------------------
-------OO-------------------------------
----------------------------------------

Life - generation  1567 

\u001b[H
----------------------------------------
----------------------------------------
------------------------------O---------
-----------------------------O-O--------
------------------------------O---------
----------------------------------------
----------------------------------------
----------------------------------------
----------------------------------------
----------------------------------------
------------------------------OO--------
-----------------------------OO---------
---O---------------------------O--------
--O-O-----------------------------------
--O-O-----------------------------------
---O------------------------------------
----------------------------------------
-------OO-------------------------------
-------OO-------------------------------
----------------------------------------

Life - generation  1568 

\u001b[H
----------------------------------------
----------------------------------------
------------------------------O---------
-----------------------------O-O--------
------------------------------O---------
----------------------------------------
----------------------------------------
----------------------------------------
----------------------------------------
----------------------------------------
-----------------------------OOO--------
-----------------------------O----------
---O--------------------------O---------
--O-O-----------------------------------
--O-O-----------------------------------
---O------------------------------------
----------------------------------------
-------OO-------------------------------
-------OO-------------------------------
----------------------------------------

Life - generation  1569 

\u001b[H
----------------------------------------
----------------------------------------
------------------------------O---------
-----------------------------O-O--------
------------------------------O---------
----------------------------------------
----------------------------------------
----------------------------------------
----------------------------------------
------------------------------O---------
-----------------------------OO---------
-----------------------------O-O--------
---O------------------------------------
--O-O-----------------------------------
--O-O-----------------------------------
---O------------------------------------
----------------------------------------
-------OO-------------------------------
-------OO-------------------------------
----------------------------------------

Life - generation  1570 

\u001b[H
----------------------------------------
----------------------------------------
------------------------------O---------
-----------------------------O-O--------
------------------------------O---------
----------------------------------------
----------------------------------------
----------------------------------------
----------------------------------------
-----------------------------OO---------
-----------------------------O-O--------
-----------------------------O----------
---O------------------------------------
--O-O-----------------------------------
--O-O-----------------------------------
---O------------------------------------
----------------------------------------
-------OO-------------------------------
-------OO-------------------------------
----------------------------------------

Life - generation  1571 

\u001b[H
----------------------------------------
----------------------------------------
------------------------------O---------
-----------------------------O-O--------
------------------------------O---------
----------------------------------------
----------------------------------------
----------------------------------------
----------------------------------------
-----------------------------OO---------
----------------------------OO----------
------------------------------O---------
---O------------------------------------
--O-O-----------------------------------
--O-O-----------------------------------
---O------------------------------------
----------------------------------------
-------OO-------------------------------
-------OO-------------------------------
----------------------------------------

Life - generation  1572 

\u001b[H
----------------------------------------
----------------------------------------
------------------------------O---------
-----------------------------O-O--------
------------------------------O---------
----------------------------------------
----------------------------------------
----------------------------------------
----------------------------------------
----------------------------OOO---------
----------------------------O-----------
-----------------------------O----------
---O------------------------------------
--O-O-----------------------------------
--O-O-----------------------------------
---O------------------------------------
----------------------------------------
-------OO-------------------------------
-------OO-------------------------------
----------------------------------------

Life - generation  1573 

\u001b[H
----------------------------------------
----------------------------------------
------------------------------O---------
-----------------------------O-O--------
------------------------------O---------
----------------------------------------
----------------------------------------
----------------------------------------
-----------------------------O----------
----------------------------OO----------
----------------------------O-O---------
----------------------------------------
---O------------------------------------
--O-O-----------------------------------
--O-O-----------------------------------
---O------------------------------------
----------------------------------------
-------OO-------------------------------
-------OO-------------------------------
----------------------------------------

Life - generation  1574 

\u001b[H
----------------------------------------
----------------------------------------
------------------------------O---------
-----------------------------O-O--------
------------------------------O---------
----------------------------------------
----------------------------------------
----------------------------------------
----------------------------OO----------
----------------------------O-O---------
----------------------------O-----------
----------------------------------------
---O------------------------------------
--O-O-----------------------------------
--O-O-----------------------------------
---O------------------------------------
----------------------------------------
-------OO-------------------------------
-------OO-------------------------------
----------------------------------------

Life - generation  1575 

\u001b[H
----------------------------------------
----------------------------------------
------------------------------O---------
-----------------------------O-O--------
------------------------------O---------
----------------------------------------
----------------------------------------
----------------------------------------
----------------------------OO----------
---------------------------OO-----------
-----------------------------O----------
----------------------------------------
---O------------------------------------
--O-O-----------------------------------
--O-O-----------------------------------
---O------------------------------------
----------------------------------------
-------OO-------------------------------
-------OO-------------------------------
----------------------------------------

Life - generation  1576 

\u001b[H
----------------------------------------
----------------------------------------
------------------------------O---------
-----------------------------O-O--------
------------------------------O---------
----------------------------------------
----------------------------------------
----------------------------------------
---------------------------OOO----------
---------------------------O------------
----------------------------O-----------
----------------------------------------
---O------------------------------------
--O-O-----------------------------------
--O-O-----------------------------------
---O------------------------------------
----------------------------------------
-------OO-------------------------------
-------OO-------------------------------
----------------------------------------

Life - generation  1577 

\u001b[H
----------------------------------------
----------------------------------------
------------------------------O---------
-----------------------------O-O--------
------------------------------O---------
----------------------------------------
----------------------------------------
----------------------------O-----------
---------------------------OO-----------
---------------------------O-O----------
----------------------------------------
----------------------------------------
---O------------------------------------
--O-O-----------------------------------
--O-O-----------------------------------
---O------------------------------------
----------------------------------------
-------OO-------------------------------
-------OO-------------------------------
----------------------------------------

Life - generation  1578 

\u001b[H
----------------------------------------
----------------------------------------
------------------------------O---------
-----------------------------O-O--------
------------------------------O---------
----------------------------------------
----------------------------------------
---------------------------OO-----------
---------------------------O-O----------
---------------------------O------------
----------------------------------------
----------------------------------------
---O------------------------------------
--O-O-----------------------------------
--O-O-----------------------------------
---O------------------------------------
----------------------------------------
-------OO-------------------------------
-------OO-------------------------------
----------------------------------------

Life - generation  1579 

\u001b[H
----------------------------------------
----------------------------------------
------------------------------O---------
-----------------------------O-O--------
------------------------------O---------
----------------------------------------
----------------------------------------
---------------------------OO-----------
--------------------------OO------------
----------------------------O-----------
----------------------------------------
----------------------------------------
---O------------------------------------
--O-O-----------------------------------
--O-O-----------------------------------
---O------------------------------------
----------------------------------------
-------OO-------------------------------
-------OO-------------------------------
----------------------------------------

Life - generation  1580 

\u001b[H
----------------------------------------
----------------------------------------
------------------------------O---------
-----------------------------O-O--------
------------------------------O---------
----------------------------------------
----------------------------------------
--------------------------OOO-----------
--------------------------O-------------
---------------------------O------------
----------------------------------------
----------------------------------------
---O------------------------------------
--O-O-----------------------------------
--O-O-----------------------------------
---O------------------------------------
----------------------------------------
-------OO-------------------------------
-------OO-------------------------------
----------------------------------------

Life - generation  1581 

\u001b[H
----------------------------------------
----------------------------------------
------------------------------O---------
-----------------------------O-O--------
------------------------------O---------
----------------------------------------
---------------------------O------------
--------------------------OO------------
--------------------------O-O-----------
----------------------------------------
----------------------------------------
----------------------------------------
---O------------------------------------
--O-O-----------------------------------
--O-O-----------------------------------
---O------------------------------------
----------------------------------------
-------OO-------------------------------
-------OO-------------------------------
----------------------------------------

Life - generation  1582 

\u001b[H
----------------------------------------
----------------------------------------
------------------------------O---------
-----------------------------O-O--------
------------------------------O---------
----------------------------------------
--------------------------OO------------
--------------------------O-O-----------
--------------------------O-------------
----------------------------------------
----------------------------------------
----------------------------------------
---O------------------------------------
--O-O-----------------------------------
--O-O-----------------------------------
---O------------------------------------
----------------------------------------
-------OO-------------------------------
-------OO-------------------------------
----------------------------------------

Life - generation  1583 

\u001b[H
----------------------------------------
----------------------------------------
------------------------------O---------
-----------------------------O-O--------
------------------------------O---------
----------------------------------------
--------------------------OO------------
-------------------------OO-------------
---------------------------O------------
----------------------------------------
----------------------------------------
----------------------------------------
---O------------------------------------
--O-O-----------------------------------
--O-O-----------------------------------
---O------------------------------------
----------------------------------------
-------OO-------------------------------
-------OO-------------------------------
----------------------------------------

Life - generation  1584 

\u001b[H
----------------------------------------
----------------------------------------
------------------------------O---------
-----------------------------O-O--------
------------------------------O---------
----------------------------------------
-------------------------OOO------------
-------------------------O--------------
--------------------------O-------------
----------------------------------------
----------------------------------------
----------------------------------------
---O------------------------------------
--O-O-----------------------------------
--O-O-----------------------------------
---O------------------------------------
----------------------------------------
-------OO-------------------------------
-------OO-------------------------------
----------------------------------------

Life - generation  1585 

\u001b[H
----------------------------------------
----------------------------------------
------------------------------O---------
-----------------------------O-O--------
------------------------------O---------
--------------------------O-------------
-------------------------OO-------------
-------------------------O-O------------
----------------------------------------
----------------------------------------
----------------------------------------
----------------------------------------
---O------------------------------------
--O-O-----------------------------------
--O-O-----------------------------------
---O------------------------------------
----------------------------------------
-------OO-------------------------------
-------OO-------------------------------
----------------------------------------

Life - generation  1586 

\u001b[H
----------------------------------------
----------------------------------------
------------------------------O---------
-----------------------------O-O--------
------------------------------O---------
-------------------------OO-------------
-------------------------O-O------------
-------------------------O--------------
----------------------------------------
----------------------------------------
----------------------------------------
----------------------------------------
---O------------------------------------
--O-O-----------------------------------
--O-O-----------------------------------
---O------------------------------------
----------------------------------------
-------OO-------------------------------
-------OO-------------------------------
----------------------------------------

Life - generation  1587 

\u001b[H
----------------------------------------
----------------------------------------
------------------------------O---------
-----------------------------O-O--------
------------------------------O---------
-------------------------OO-------------
------------------------OO--------------
--------------------------O-------------
----------------------------------------
----------------------------------------
----------------------------------------
----------------------------------------
---O------------------------------------
--O-O-----------------------------------
--O-O-----------------------------------
---O------------------------------------
----------------------------------------
-------OO-------------------------------
-------OO-------------------------------
----------------------------------------

Life - generation  1588 

\u001b[H
----------------------------------------
----------------------------------------
------------------------------O---------
-----------------------------O-O--------
------------------------------O---------
------------------------OOO-------------
------------------------O---------------
-------------------------O--------------
----------------------------------------
----------------------------------------
----------------------------------------
----------------------------------------
---O------------------------------------
--O-O-----------------------------------
--O-O-----------------------------------
---O------------------------------------
----------------------------------------
-------OO-------------------------------
-------OO-------------------------------
----------------------------------------

Life - generation  1589 

\u001b[H
----------------------------------------
----------------------------------------
------------------------------O---------
-----------------------------O-O--------
-------------------------O----O---------
------------------------OO--------------
------------------------O-O-------------
----------------------------------------
----------------------------------------
----------------------------------------
----------------------------------------
----------------------------------------
---O------------------------------------
--O-O-----------------------------------
--O-O-----------------------------------
---O------------------------------------
----------------------------------------
-------OO-------------------------------
-------OO-------------------------------
----------------------------------------

Life - generation  1590 

\u001b[H
----------------------------------------
----------------------------------------
------------------------------O---------
-----------------------------O-O--------
------------------------OO----O---------
------------------------O-O-------------
------------------------O---------------
----------------------------------------
----------------------------------------
----------------------------------------
----------------------------------------
----------------------------------------
---O------------------------------------
--O-O-----------------------------------
--O-O-----------------------------------
---O------------------------------------
----------------------------------------
-------OO-------------------------------
-------OO-------------------------------
----------------------------------------

Life - generation  1591 

\u001b[H
----------------------------------------
----------------------------------------
------------------------------O---------
-----------------------------O-O--------
------------------------OO----O---------
-----------------------OO---------------
-------------------------O--------------
----------------------------------------
----------------------------------------
----------------------------------------
----------------------------------------
----------------------------------------
---O------------------------------------
--O-O-----------------------------------
--O-O-----------------------------------
---O------------------------------------
----------------------------------------
-------OO-------------------------------
-------OO-------------------------------
----------------------------------------

Life - generation  1592 

\u001b[H
----------------------------------------
----------------------------------------
------------------------------O---------
-----------------------------O-O--------
-----------------------OOO----O---------
-----------------------O----------------
------------------------O---------------
----------------------------------------
----------------------------------------
----------------------------------------
----------------------------------------
----------------------------------------
---O------------------------------------
--O-O-----------------------------------
--O-O-----------------------------------
---O------------------------------------
----------------------------------------
-------OO-------------------------------
-------OO-------------------------------
----------------------------------------

Life - generation  1593 

\u001b[H
----------------------------------------
----------------------------------------
------------------------------O---------
------------------------O----O-O--------
-----------------------OO-----O---------
-----------------------O-O--------------
----------------------------------------
----------------------------------------
----------------------------------------
----------------------------------------
----------------------------------------
----------------------------------------
---O------------------------------------
--O-O-----------------------------------
--O-O-----------------------------------
---O------------------------------------
----------------------------------------
-------OO-------------------------------
-------OO-------------------------------
----------------------------------------

Life - generation  1594 

\u001b[H
----------------------------------------
----------------------------------------
------------------------------O---------
-----------------------OO----O-O--------
-----------------------O-O----O---------
-----------------------O----------------
----------------------------------------
----------------------------------------
----------------------------------------
----------------------------------------
----------------------------------------
----------------------------------------
---O------------------------------------
--O-O-----------------------------------
--O-O-----------------------------------
---O------------------------------------
----------------------------------------
-------OO-------------------------------
-------OO-------------------------------
----------------------------------------

Life - generation  1595 

\u001b[H
----------------------------------------
----------------------------------------
------------------------------O---------
-----------------------OO----O-O--------
----------------------OO------O---------
------------------------O---------------
----------------------------------------
----------------------------------------
----------------------------------------
----------------------------------------
----------------------------------------
----------------------------------------
---O------------------------------------
--O-O-----------------------------------
--O-O-----------------------------------
---O------------------------------------
----------------------------------------
-------OO-------------------------------
-------OO-------------------------------
----------------------------------------

Life - generation  1596 

\u001b[H
----------------------------------------
----------------------------------------
------------------------------O---------
----------------------OOO----O-O--------
----------------------O-------O---------
-----------------------O----------------
----------------------------------------
----------------------------------------
----------------------------------------
----------------------------------------
----------------------------------------
----------------------------------------
---O------------------------------------
--O-O-----------------------------------
--O-O-----------------------------------
---O------------------------------------
----------------------------------------
-------OO-------------------------------
-------OO-------------------------------
----------------------------------------

Life - generation  1597 

\u001b[H
----------------------------------------
----------------------------------------
-----------------------O------O---------
----------------------OO-----O-O--------
----------------------O-O-----O---------
----------------------------------------
----------------------------------------
----------------------------------------
----------------------------------------
----------------------------------------
----------------------------------------
----------------------------------------
---O------------------------------------
--O-O-----------------------------------
--O-O-----------------------------------
---O------------------------------------
----------------------------------------
-------OO-------------------------------
-------OO-------------------------------
----------------------------------------

Life - generation  1598 

\u001b[H
----------------------------------------
----------------------------------------
----------------------OO------O---------
----------------------O-O----O-O--------
----------------------O-------O---------
----------------------------------------
----------------------------------------
----------------------------------------
----------------------------------------
----------------------------------------
----------------------------------------
----------------------------------------
---O------------------------------------
--O-O-----------------------------------
--O-O-----------------------------------
---O------------------------------------
----------------------------------------
-------OO-------------------------------
-------OO-------------------------------
----------------------------------------

Life - generation  1599 

\u001b[H
----------------------------------------
----------------------------------------
----------------------OO------O---------
---------------------OO------O-O--------
-----------------------O------O---------
----------------------------------------
----------------------------------------
----------------------------------------
----------------------------------------
----------------------------------------
----------------------------------------
----------------------------------------
---O------------------------------------
--O-O-----------------------------------
--O-O-----------------------------------
---O------------------------------------
----------------------------------------
-------OO-------------------------------
-------OO-------------------------------
----------------------------------------

Life - generation  1600 

\u001b[H
----------------------------------------
----------------------------------------
---------------------OOO------O---------
---------------------O-------O-O--------
----------------------O-------O---------
----------------------------------------
----------------------------------------
----------------------------------------
----------------------------------------
----------------------------------------
----------------------------------------
----------------------------------------
---O------------------------------------
--O-O-----------------------------------
--O-O-----------------------------------
---O------------------------------------
----------------------------------------
-------OO-------------------------------
-------OO-------------------------------
----------------------------------------

Life - generation  1601 

\u001b[H
----------------------------------------
----------------------O-----------------
---------------------OO-------O---------
---------------------O-O-----O-O--------
------------------------------O---------
----------------------------------------
----------------------------------------
----------------------------------------
----------------------------------------
----------------------------------------
----------------------------------------
----------------------------------------
---O------------------------------------
--O-O-----------------------------------
--O-O-----------------------------------
---O------------------------------------
----------------------------------------
-------OO-------------------------------
-------OO-------------------------------
----------------------------------------

Life - generation  1602 

\u001b[H
----------------------------------------
---------------------OO-----------------
---------------------O-O------O---------
---------------------O-------O-O--------
------------------------------O---------
----------------------------------------
----------------------------------------
----------------------------------------
----------------------------------------
----------------------------------------
----------------------------------------
----------------------------------------
---O------------------------------------
--O-O-----------------------------------
--O-O-----------------------------------
---O------------------------------------
----------------------------------------
-------OO-------------------------------
-------OO-------------------------------
----------------------------------------

Life - generation  1603 

\u001b[H
----------------------------------------
---------------------OO-----------------
--------------------OO--------O---------
----------------------O------O-O--------
------------------------------O---------
----------------------------------------
----------------------------------------
----------------------------------------
----------------------------------------
----------------------------------------
----------------------------------------
----------------------------------------
---O------------------------------------
--O-O-----------------------------------
--O-O-----------------------------------
---O------------------------------------
----------------------------------------
-------OO-------------------------------
-------OO-------------------------------
----------------------------------------

Life - generation  1604 

\u001b[H
----------------------------------------
--------------------OOO-----------------
--------------------O---------O---------
---------------------O-------O-O--------
------------------------------O---------
----------------------------------------
----------------------------------------
----------------------------------------
----------------------------------------
----------------------------------------
----------------------------------------
----------------------------------------
---O------------------------------------
--O-O-----------------------------------
--O-O-----------------------------------
---O------------------------------------
----------------------------------------
-------OO-------------------------------
-------OO-------------------------------
----------------------------------------

Life - generation  1605 

\u001b[H
---------------------O------------------
--------------------OO------------------
--------------------O-O-------O---------
-----------------------------O-O--------
------------------------------O---------
----------------------------------------
----------------------------------------
----------------------------------------
----------------------------------------
----------------------------------------
----------------------------------------
----------------------------------------
---O------------------------------------
--O-O-----------------------------------
--O-O-----------------------------------
---O------------------------------------
----------------------------------------
-------OO-------------------------------
-------OO-------------------------------
----------------------------------------

Life - generation  1606 

\u001b[H
--------------------OO------------------
--------------------O-O-----------------
--------------------O---------O---------
-----------------------------O-O--------
------------------------------O---------
----------------------------------------
----------------------------------------
----------------------------------------
----------------------------------------
----------------------------------------
----------------------------------------
----------------------------------------
---O------------------------------------
--O-O-----------------------------------
--O-O-----------------------------------
---O------------------------------------
----------------------------------------
-------OO-------------------------------
-------OO-------------------------------
----------------------------------------

Life - generation  1607 

\u001b[H
--------------------OO------------------
-------------------OO-------------------
---------------------O--------O---------
-----------------------------O-O--------
------------------------------O---------
----------------------------------------
----------------------------------------
----------------------------------------
----------------------------------------
----------------------------------------
----------------------------------------
----------------------------------------
---O------------------------------------
--O-O-----------------------------------
--O-O-----------------------------------
---O------------------------------------
----------------------------------------
-------OO-------------------------------
-------OO-------------------------------
----------------------------------------

Life - generation  1608 

\u001b[H
-------------------OOO------------------
-------------------O--------------------
--------------------O---------O---------
-----------------------------O-O--------
------------------------------O---------
----------------------------------------
----------------------------------------
----------------------------------------
----------------------------------------
----------------------------------------
----------------------------------------
----------------------------------------
---O------------------------------------
--O-O-----------------------------------
--O-O-----------------------------------
---O------------------------------------
----------------------------------------
-------OO-------------------------------
-------OO-------------------------------
----------------------------------------

Life - generation  1609 

\u001b[H
-------------------OO-------------------
-------------------O-O------------------
------------------------------O---------
-----------------------------O-O--------
------------------------------O---------
----------------------------------------
----------------------------------------
----------------------------------------
----------------------------------------
----------------------------------------
----------------------------------------
----------------------------------------
---O------------------------------------
--O-O-----------------------------------
--O-O-----------------------------------
---O------------------------------------
----------------------------------------
-------OO-------------------------------
-------OO-------------------------------
--------------------O-------------------

Life - generation  1610 

\u001b[H
-------------------O-O------------------
-------------------O--------------------
------------------------------O---------
-----------------------------O-O--------
------------------------------O---------
----------------------------------------
----------------------------------------
----------------------------------------
----------------------------------------
----------------------------------------
----------------------------------------
----------------------------------------
---O------------------------------------
--O-O-----------------------------------
--O-O-----------------------------------
---O------------------------------------
----------------------------------------
-------OO-------------------------------
-------OO-------------------------------
-------------------OO-------------------

Life - generation  1611 

\u001b[H
------------------OO--------------------
--------------------O-------------------
------------------------------O---------
-----------------------------O-O--------
------------------------------O---------
----------------------------------------
----------------------------------------
----------------------------------------
----------------------------------------
----------------------------------------
----------------------------------------
----------------------------------------
---O------------------------------------
--O-O-----------------------------------
--O-O-----------------------------------
---O------------------------------------
----------------------------------------
-------OO-------------------------------
-------OO-------------------------------
-------------------OO-------------------

Life - generation  1612 

\u001b[H
------------------O---------------------
-------------------O--------------------
------------------------------O---------
-----------------------------O-O--------
------------------------------O---------
----------------------------------------
----------------------------------------
----------------------------------------
----------------------------------------
----------------------------------------
----------------------------------------
----------------------------------------
---O------------------------------------
--O-O-----------------------------------
--O-O-----------------------------------
---O------------------------------------
----------------------------------------
-------OO-------------------------------
-------OO-------------------------------
------------------OOO-------------------

Life - generation  1613 

\u001b[H
------------------O-O-------------------
----------------------------------------
------------------------------O---------
-----------------------------O-O--------
------------------------------O---------
----------------------------------------
----------------------------------------
----------------------------------------
----------------------------------------
----------------------------------------
----------------------------------------
----------------------------------------
---O------------------------------------
--O-O-----------------------------------
--O-O-----------------------------------
---O------------------------------------
----------------------------------------
-------OO-------------------------------
-------OO----------O--------------------
------------------OO--------------------

Life - generation  1614 

\u001b[H
------------------O---------------------
----------------------------------------
------------------------------O---------
-----------------------------O-O--------
------------------------------O---------
----------------------------------------
----------------------------------------
----------------------------------------
----------------------------------------
----------------------------------------
----------------------------------------
----------------------------------------
---O------------------------------------
--O-O-----------------------------------
--O-O-----------------------------------
---O------------------------------------
----------------------------------------
-------OO-------------------------------
-------OO---------OO--------------------
------------------O-O-------------------

Life - generation  1615 

\u001b[H
-------------------O--------------------
----------------------------------------
------------------------------O---------
-----------------------------O-O--------
------------------------------O---------
----------------------------------------
----------------------------------------
----------------------------------------
----------------------------------------
----------------------------------------
----------------------------------------
----------------------------------------
---O------------------------------------
--O-O-----------------------------------
--O-O-----------------------------------
---O------------------------------------
----------------------------------------
-------OO-------------------------------
-------OO---------OO--------------------
-----------------OO---------------------

Life - generation  1616 

\u001b[H
------------------O---------------------
----------------------------------------
------------------------------O---------
-----------------------------O-O--------
------------------------------O---------
----------------------------------------
----------------------------------------
----------------------------------------
----------------------------------------
----------------------------------------
----------------------------------------
----------------------------------------
---O------------------------------------
--O-O-----------------------------------
--O-O-----------------------------------
---O------------------------------------
----------------------------------------
-------OO-------------------------------
-------OO--------OOO--------------------
-----------------O----------------------

Life - generation  1617 

\u001b[H
----------------------------------------
----------------------------------------
------------------------------O---------
-----------------------------O-O--------
------------------------------O---------
----------------------------------------
----------------------------------------
----------------------------------------
----------------------------------------
----------------------------------------
----------------------------------------
----------------------------------------
---O------------------------------------
--O-O-----------------------------------
--O-O-----------------------------------
---O------------------------------------
----------------------------------------
-------OO---------O---------------------
-------OO--------OO---------------------
-----------------O-O--------------------

Life - generation  1618 

\u001b[H
----------------------------------------
----------------------------------------
------------------------------O---------
-----------------------------O-O--------
------------------------------O---------
----------------------------------------
----------------------------------------
----------------------------------------
----------------------------------------
----------------------------------------
----------------------------------------
----------------------------------------
---O------------------------------------
--O-O-----------------------------------
--O-O-----------------------------------
---O------------------------------------
----------------------------------------
-------OO--------OO---------------------
-------OO--------O-O--------------------
-----------------O----------------------

Life - generation  1619 

\u001b[H
----------------------------------------
----------------------------------------
------------------------------O---------
-----------------------------O-O--------
------------------------------O---------
----------------------------------------
----------------------------------------
----------------------------------------
----------------------------------------
----------------------------------------
----------------------------------------
----------------------------------------
---O------------------------------------
--O-O-----------------------------------
--O-O-----------------------------------
---O------------------------------------
----------------------------------------
-------OO--------OO---------------------
-------OO-------OO----------------------
------------------O---------------------

Life - generation  1620 

\u001b[H
----------------------------------------
----------------------------------------
------------------------------O---------
-----------------------------O-O--------
------------------------------O---------
----------------------------------------
----------------------------------------
----------------------------------------
----------------------------------------
----------------------------------------
----------------------------------------
----------------------------------------
---O------------------------------------
--O-O-----------------------------------
--O-O-----------------------------------
---O------------------------------------
----------------------------------------
-------OO-------OOO---------------------
-------OO-------O-----------------------
-----------------O----------------------

Life - generation  1621 

\u001b[H
----------------------------------------
----------------------------------------
------------------------------O---------
-----------------------------O-O--------
------------------------------O---------
----------------------------------------
----------------------------------------
----------------------------------------
----------------------------------------
----------------------------------------
----------------------------------------
----------------------------------------
---O------------------------------------
--O-O-----------------------------------
--O-O-----------------------------------
---O------------------------------------
-----------------O----------------------
-------OO-------OO----------------------
-------OO-------O-O---------------------
----------------------------------------

Life - generation  1622 

\u001b[H
----------------------------------------
----------------------------------------
------------------------------O---------
-----------------------------O-O--------
------------------------------O---------
----------------------------------------
----------------------------------------
----------------------------------------
----------------------------------------
----------------------------------------
----------------------------------------
----------------------------------------
---O------------------------------------
--O-O-----------------------------------
--O-O-----------------------------------
---O------------------------------------
----------------OO----------------------
-------OO-------O-O---------------------
-------OO-------O-----------------------
----------------------------------------

Life - generation  1623 

\u001b[H
----------------------------------------
----------------------------------------
------------------------------O---------
-----------------------------O-O--------
------------------------------O---------
----------------------------------------
----------------------------------------
----------------------------------------
----------------------------------------
----------------------------------------
----------------------------------------
----------------------------------------
---O------------------------------------
--O-O-----------------------------------
--O-O-----------------------------------
---O------------------------------------
----------------OO----------------------
-------OO------OO-----------------------
-------OO--------O----------------------
----------------------------------------

Life - generation  1624 

\u001b[H
----------------------------------------
----------------------------------------
------------------------------O---------
-----------------------------O-O--------
------------------------------O---------
----------------------------------------
----------------------------------------
----------------------------------------
----------------------------------------
----------------------------------------
----------------------------------------
----------------------------------------
---O------------------------------------
--O-O-----------------------------------
--O-O-----------------------------------
---O------------------------------------
---------------OOO----------------------
-------OO------O------------------------
-------OO-------O-----------------------
----------------------------------------

Life - generation  1625 

\u001b[H
----------------------------------------
----------------------------------------
------------------------------O---------
-----------------------------O-O--------
------------------------------O---------
----------------------------------------
----------------------------------------
----------------------------------------
----------------------------------------
----------------------------------------
----------------------------------------
----------------------------------------
---O------------------------------------
--O-O-----------------------------------
--O-O-----------------------------------
---O------------O-----------------------
---------------OO-----------------------
-------OO------O-O----------------------
-------OO-------------------------------
----------------------------------------

Life - generation  1626 

\u001b[H
----------------------------------------
----------------------------------------
------------------------------O---------
-----------------------------O-O--------
------------------------------O---------
----------------------------------------
----------------------------------------
----------------------------------------
----------------------------------------
----------------------------------------
----------------------------------------
----------------------------------------
---O------------------------------------
--O-O-----------------------------------
--O-O-----------------------------------
---O-----------OO-----------------------
---------------O-O----------------------
-------OO------O------------------------
-------OO-------------------------------
----------------------------------------

Life - generation  1627 

\u001b[H
----------------------------------------
----------------------------------------
------------------------------O---------
-----------------------------O-O--------
------------------------------O---------
----------------------------------------
----------------------------------------
----------------------------------------
----------------------------------------
----------------------------------------
----------------------------------------
----------------------------------------
---O------------------------------------
--O-O-----------------------------------
--O-O-----------------------------------
---O-----------OO-----------------------
--------------OO------------------------
-------OO-------O-----------------------
-------OO-------------------------------
----------------------------------------

Life - generation  1628 

\u001b[H
----------------------------------------
----------------------------------------
------------------------------O---------
-----------------------------O-O--------
------------------------------O---------
----------------------------------------
----------------------------------------
----------------------------------------
----------------------------------------
----------------------------------------
----------------------------------------
----------------------------------------
---O------------------------------------
--O-O-----------------------------------
--O-O-----------------------------------
---O----------OOO-----------------------
--------------O-------------------------
-------OO------O------------------------
-------OO-------------------------------
----------------------------------------

Life - generation  1629 

\u001b[H
----------------------------------------
----------------------------------------
------------------------------O---------
-----------------------------O-O--------
------------------------------O---------
----------------------------------------
----------------------------------------
----------------------------------------
----------------------------------------
----------------------------------------
----------------------------------------
----------------------------------------
---O------------------------------------
--O-O-----------------------------------
--O-O----------O------------------------
---O----------OO------------------------
--------------O-O-----------------------
-------OO-------------------------------
-------OO-------------------------------
----------------------------------------

Life - generation  1630 

\u001b[H
----------------------------------------
----------------------------------------
------------------------------O---------
-----------------------------O-O--------
------------------------------O---------
----------------------------------------
----------------------------------------
----------------------------------------
----------------------------------------
----------------------------------------
----------------------------------------
----------------------------------------
---O------------------------------------
--O-O-----------------------------------
--O-O---------OO------------------------
---O----------O-O-----------------------
--------------O-------------------------
-------OO-------------------------------
-------OO-------------------------------
----------------------------------------

Life - generation  1631 

\u001b[H
----------------------------------------
----------------------------------------
------------------------------O---------
-----------------------------O-O--------
------------------------------O---------
----------------------------------------
----------------------------------------
----------------------------------------
----------------------------------------
----------------------------------------
----------------------------------------
----------------------------------------
---O------------------------------------
--O-O-----------------------------------
--O-O---------OO------------------------
---O---------OO-------------------------
---------------O------------------------
-------OO-------------------------------
-------OO-------------------------------
----------------------------------------

Life - generation  1632 

\u001b[H
----------------------------------------
----------------------------------------
------------------------------O---------
-----------------------------O-O--------
------------------------------O---------
----------------------------------------
----------------------------------------
----------------------------------------
----------------------------------------
----------------------------------------
----------------------------------------
----------------------------------------
---O------------------------------------
--O-O-----------------------------------
--O-O--------OOO------------------------
---O---------O--------------------------
--------------O-------------------------
-------OO-------------------------------
-------OO-------------------------------
----------------------------------------

Life - generation  1633 

\u001b[H
----------------------------------------
----------------------------------------
------------------------------O---------
-----------------------------O-O--------
------------------------------O---------
----------------------------------------
----------------------------------------
----------------------------------------
----------------------------------------
----------------------------------------
----------------------------------------
----------------------------------------
---O------------------------------------
--O-O---------O-------------------------
--O-O--------OO-------------------------
---O---------O-O------------------------
----------------------------------------
-------OO-------------------------------
-------OO-------------------------------
----------------------------------------

Life - generation  1634 

\u001b[H
----------------------------------------
----------------------------------------
------------------------------O---------
-----------------------------O-O--------
------------------------------O---------
----------------------------------------
----------------------------------------
----------------------------------------
----------------------------------------
----------------------------------------
----------------------------------------
----------------------------------------
---O------------------------------------
--O-O--------OO-------------------------
--O-O--------O-O------------------------
---O---------O--------------------------
----------------------------------------
-------OO-------------------------------
-------OO-------------------------------
----------------------------------------

Life - generation  1635 

\u001b[H
----------------------------------------
----------------------------------------
------------------------------O---------
-----------------------------O-O--------
------------------------------O---------
----------------------------------------
----------------------------------------
----------------------------------------
----------------------------------------
----------------------------------------
----------------------------------------
----------------------------------------
---O------------------------------------
--O-O--------OO-------------------------
--O-O-------OO--------------------------
---O----------O-------------------------
----------------------------------------
-------OO-------------------------------
-------OO-------------------------------
----------------------------------------

Life - generation  1636 

\u001b[H
----------------------------------------
----------------------------------------
------------------------------O---------
-----------------------------O-O--------
------------------------------O---------
----------------------------------------
----------------------------------------
----------------------------------------
----------------------------------------
----------------------------------------
----------------------------------------
----------------------------------------
---O------------------------------------
--O-O-------OOO-------------------------
--O-O-------O---------------------------
---O---------O--------------------------
----------------------------------------
-------OO-------------------------------
-------OO-------------------------------
----------------------------------------

Life - generation  1637 

\u001b[H
----------------------------------------
----------------------------------------
------------------------------O---------
-----------------------------O-O--------
------------------------------O---------
----------------------------------------
----------------------------------------
----------------------------------------
----------------------------------------
----------------------------------------
----------------------------------------
----------------------------------------
---O---------O--------------------------
--O-O-------OO--------------------------
--O-O-------O-O-------------------------
---O------------------------------------
----------------------------------------
-------OO-------------------------------
-------OO-------------------------------
----------------------------------------

Life - generation  1638 

\u001b[H
----------------------------------------
----------------------------------------
------------------------------O---------
-----------------------------O-O--------
------------------------------O---------
----------------------------------------
----------------------------------------
----------------------------------------
----------------------------------------
----------------------------------------
----------------------------------------
----------------------------------------
---O--------OO--------------------------
--O-O-------O-O-------------------------
--O-O-------O---------------------------
---O------------------------------------
----------------------------------------
-------OO-------------------------------
-------OO-------------------------------
----------------------------------------

Life - generation  1639 

\u001b[H
----------------------------------------
----------------------------------------
------------------------------O---------
-----------------------------O-O--------
------------------------------O---------
----------------------------------------
----------------------------------------
----------------------------------------
----------------------------------------
----------------------------------------
----------------------------------------
----------------------------------------
---O--------OO--------------------------
--O-O------OO---------------------------
--O-O--------O--------------------------
---O------------------------------------
----------------------------------------
-------OO-------------------------------
-------OO-------------------------------
----------------------------------------

Life - generation  1640 

\u001b[H
----------------------------------------
----------------------------------------
------------------------------O---------
-----------------------------O-O--------
------------------------------O---------
----------------------------------------
----------------------------------------
----------------------------------------
----------------------------------------
----------------------------------------
----------------------------------------
----------------------------------------
---O-------OOO--------------------------
--O-O------O----------------------------
--O-O-------O---------------------------
---O------------------------------------
----------------------------------------
-------OO-------------------------------
-------OO-------------------------------
----------------------------------------

Life - generation  1641 

\u001b[H
----------------------------------------
----------------------------------------
------------------------------O---------
-----------------------------O-O--------
------------------------------O---------
----------------------------------------
----------------------------------------
----------------------------------------
----------------------------------------
----------------------------------------
----------------------------------------
------------O---------------------------
---O-------OO---------------------------
--O-O------O-O--------------------------
--O-O-----------------------------------
---O------------------------------------
----------------------------------------
-------OO-------------------------------
-------OO-------------------------------
----------------------------------------

Life - generation  1642 

\u001b[H
----------------------------------------
----------------------------------------
------------------------------O---------
-----------------------------O-O--------
------------------------------O---------
----------------------------------------
----------------------------------------
----------------------------------------
----------------------------------------
----------------------------------------
----------------------------------------
-----------OO---------------------------
---O-------O-O--------------------------
--O-O------O----------------------------
--O-O-----------------------------------
---O------------------------------------
----------------------------------------
-------OO-------------------------------
-------OO-------------------------------
----------------------------------------

Life - generation  1643 

\u001b[H
----------------------------------------
----------------------------------------
------------------------------O---------
-----------------------------O-O--------
------------------------------O---------
----------------------------------------
----------------------------------------
----------------------------------------
----------------------------------------
----------------------------------------
----------------------------------------
-----------OO---------------------------
---O------OO----------------------------
--O-O-------O---------------------------
--O-O-----------------------------------
---O------------------------------------
----------------------------------------
-------OO-------------------------------
-------OO-------------------------------
----------------------------------------

Life - generation  1644 

\u001b[H
----------------------------------------
----------------------------------------
------------------------------O---------
-----------------------------O-O--------
------------------------------O---------
----------------------------------------
----------------------------------------
----------------------------------------
----------------------------------------
----------------------------------------
----------------------------------------
----------OOO---------------------------
---O------O-----------------------------
--O-O------O----------------------------
--O-O-----------------------------------
---O------------------------------------
----------------------------------------
-------OO-------------------------------
-------OO-------------------------------
----------------------------------------

Life - generation  1645 

\u001b[H
----------------------------------------
----------------------------------------
------------------------------O---------
-----------------------------O-O--------
------------------------------O---------
----------------------------------------
----------------------------------------
----------------------------------------
----------------------------------------
----------------------------------------
-----------O----------------------------
----------OO----------------------------
---O------O-O---------------------------
--O-O-----------------------------------
--O-O-----------------------------------
---O------------------------------------
----------------------------------------
-------OO-------------------------------
-------OO-------------------------------
----------------------------------------

Life - generation  1646 

\u001b[H
----------------------------------------
----------------------------------------
------------------------------O---------
-----------------------------O-O--------
------------------------------O---------
----------------------------------------
----------------------------------------
----------------------------------------
----------------------------------------
----------------------------------------
----------OO----------------------------
----------O-O---------------------------
---O------O-----------------------------
--O-O-----------------------------------
--O-O-----------------------------------
---O------------------------------------
----------------------------------------
-------OO-------------------------------
-------OO-------------------------------
----------------------------------------

Life - generation  1647 

\u001b[H
----------------------------------------
----------------------------------------
------------------------------O---------
-----------------------------O-O--------
------------------------------O---------
----------------------------------------
----------------------------------------
----------------------------------------
----------------------------------------
----------------------------------------
----------OO----------------------------
---------OO-----------------------------
---O-------O----------------------------
--O-O-----------------------------------
--O-O-----------------------------------
---O------------------------------------
----------------------------------------
-------OO-------------------------------
-------OO-------------------------------
----------------------------------------

Life - generation  1648 

\u001b[H
----------------------------------------
----------------------------------------
------------------------------O---------
-----------------------------O-O--------
------------------------------O---------
----------------------------------------
----------------------------------------
----------------------------------------
----------------------------------------
----------------------------------------
---------OOO----------------------------
---------O------------------------------
---O------O-----------------------------
--O-O-----------------------------------
--O-O-----------------------------------
---O------------------------------------
----------------------------------------
-------OO-------------------------------
-------OO-------------------------------
----------------------------------------

Life - generation  1649 

\u001b[H
----------------------------------------
----------------------------------------
------------------------------O---------
-----------------------------O-O--------
------------------------------O---------
----------------------------------------
----------------------------------------
----------------------------------------
----------------------------------------
----------O-----------------------------
---------OO-----------------------------
---------O-O----------------------------
---O------------------------------------
--O-O-----------------------------------
--O-O-----------------------------------
---O------------------------------------
----------------------------------------
-------OO-------------------------------
-------OO-------------------------------
----------------------------------------

Life - generation  1650 

\u001b[H
----------------------------------------
----------------------------------------
------------------------------O---------
-----------------------------O-O--------
------------------------------O---------
----------------------------------------
----------------------------------------
----------------------------------------
----------------------------------------
---------OO-----------------------------
---------O-O----------------------------
---------O------------------------------
---O------------------------------------
--O-O-----------------------------------
--O-O-----------------------------------
---O------------------------------------
----------------------------------------
-------OO-------------------------------
-------OO-------------------------------
----------------------------------------

Life - generation  1651 

\u001b[H
----------------------------------------
----------------------------------------
------------------------------O---------
-----------------------------O-O--------
------------------------------O---------
----------------------------------------
----------------------------------------
----------------------------------------
----------------------------------------
---------OO-----------------------------
--------OO------------------------------
----------O-----------------------------
---O------------------------------------
--O-O-----------------------------------
--O-O-----------------------------------
---O------------------------------------
----------------------------------------
-------OO-------------------------------
-------OO-------------------------------
----------------------------------------

Life - generation  1652 

\u001b[H
----------------------------------------
----------------------------------------
------------------------------O---------
-----------------------------O-O--------
------------------------------O---------
----------------------------------------
----------------------------------------
----------------------------------------
----------------------------------------
--------OOO-----------------------------
--------O-------------------------------
---------O------------------------------
---O------------------------------------
--O-O-----------------------------------
--O-O-----------------------------------
---O------------------------------------
----------------------------------------
-------OO-------------------------------
-------OO-------------------------------
----------------------------------------

Life - generation  1653 

\u001b[H
----------------------------------------
----------------------------------------
------------------------------O---------
-----------------------------O-O--------
------------------------------O---------
----------------------------------------
----------------------------------------
----------------------------------------
---------O------------------------------
--------OO------------------------------
--------O-O-----------------------------
----------------------------------------
---O------------------------------------
--O-O-----------------------------------
--O-O-----------------------------------
---O------------------------------------
----------------------------------------
-------OO-------------------------------
-------OO-------------------------------
----------------------------------------

Life - generation  1654 

\u001b[H
----------------------------------------
----------------------------------------
------------------------------O---------
-----------------------------O-O--------
------------------------------O---------
----------------------------------------
----------------------------------------
----------------------------------------
--------OO------------------------------
--------O-O-----------------------------
--------O-------------------------------
----------------------------------------
---O------------------------------------
--O-O-----------------------------------
--O-O-----------------------------------
---O------------------------------------
----------------------------------------
-------OO-------------------------------
-------OO-------------------------------
----------------------------------------

Life - generation  1655 

\u001b[H
----------------------------------------
----------------------------------------
------------------------------O---------
-----------------------------O-O--------
------------------------------O---------
----------------------------------------
----------------------------------------
----------------------------------------
--------OO------------------------------
-------OO-------------------------------
---------O------------------------------
----------------------------------------
---O------------------------------------
--O-O-----------------------------------
--O-O-----------------------------------
---O------------------------------------
----------------------------------------
-------OO-------------------------------
-------OO-------------------------------
----------------------------------------

Life - generation  1656 

\u001b[H
----------------------------------------
----------------------------------------
------------------------------O---------
-----------------------------O-O--------
------------------------------O---------
----------------------------------------
----------------------------------------
----------------------------------------
-------OOO------------------------------
-------O--------------------------------
--------O-------------------------------
----------------------------------------
---O------------------------------------
--O-O-----------------------------------
--O-O-----------------------------------
---O------------------------------------
----------------------------------------
-------OO-------------------------------
-------OO-------------------------------
----------------------------------------

Life - generation  1657 

\u001b[H
----------------------------------------
----------------------------------------
------------------------------O---------
-----------------------------O-O--------
------------------------------O---------
----------------------------------------
----------------------------------------
--------O-------------------------------
-------OO-------------------------------
-------O-O------------------------------
----------------------------------------
----------------------------------------
---O------------------------------------
--O-O-----------------------------------
--O-O-----------------------------------
---O------------------------------------
----------------------------------------
-------OO-------------------------------
-------OO-------------------------------
----------------------------------------

Life - generation  1658 

\u001b[H
----------------------------------------
----------------------------------------
------------------------------O---------
-----------------------------O-O--------
------------------------------O---------
----------------------------------------
----------------------------------------
-------OO-------------------------------
-------O-O------------------------------
-------O--------------------------------
----------------------------------------
----------------------------------------
---O------------------------------------
--O-O-----------------------------------
--O-O-----------------------------------
---O------------------------------------
----------------------------------------
-------OO-------------------------------
-------OO-------------------------------
----------------------------------------

Life - generation  1659 

\u001b[H
----------------------------------------
----------------------------------------
------------------------------O---------
-----------------------------O-O--------
------------------------------O---------
----------------------------------------
----------------------------------------
-------OO-------------------------------
------OO--------------------------------
--------O-------------------------------
----------------------------------------
----------------------------------------
---O------------------------------------
--O-O-----------------------------------
--O-O-----------------------------------
---O------------------------------------
----------------------------------------
-------OO-------------------------------
-------OO-------------------------------
----------------------------------------

Life - generation  1660 

\u001b[H
----------------------------------------
----------------------------------------
------------------------------O---------
-----------------------------O-O--------
------------------------------O---------
----------------------------------------
----------------------------------------
------OOO-------------------------------
------O---------------------------------
-------O--------------------------------
----------------------------------------
----------------------------------------
---O------------------------------------
--O-O-----------------------------------
--O-O-----------------------------------
---O------------------------------------
----------------------------------------
-------OO-------------------------------
-------OO-------------------------------
----------------------------------------

Life - generation  1661 

\u001b[H
----------------------------------------
----------------------------------------
------------------------------O---------
-----------------------------O-O--------
------------------------------O---------
----------------------------------------
-------O--------------------------------
------OO--------------------------------
------O-O-------------------------------
----------------------------------------
----------------------------------------
----------------------------------------
---O------------------------------------
--O-O-----------------------------------
--O-O-----------------------------------
---O------------------------------------
----------------------------------------
-------OO-------------------------------
-------OO-------------------------------
----------------------------------------

Life - generation  1662 

\u001b[H
----------------------------------------
----------------------------------------
------------------------------O---------
-----------------------------O-O--------
------------------------------O---------
----------------------------------------
------OO--------------------------------
------O-O-------------------------------
------O---------------------------------
----------------------------------------
----------------------------------------
----------------------------------------
---O------------------------------------
--O-O-----------------------------------
--O-O-----------------------------------
---O------------------------------------
----------------------------------------
-------OO-------------------------------
-------OO-------------------------------
----------------------------------------

Life - generation  1663 

\u001b[H
----------------------------------------
----------------------------------------
------------------------------O---------
-----------------------------O-O--------
------------------------------O---------
----------------------------------------
------OO--------------------------------
-----OO---------------------------------
-------O--------------------------------
----------------------------------------
----------------------------------------
----------------------------------------
---O------------------------------------
--O-O-----------------------------------
--O-O-----------------------------------
---O------------------------------------
----------------------------------------
-------OO-------------------------------
-------OO-------------------------------
----------------------------------------

Life - generation  1664 

\u001b[H
----------------------------------------
----------------------------------------
------------------------------O---------
-----------------------------O-O--------
------------------------------O---------
----------------------------------------
-----OOO--------------------------------
-----O----------------------------------
------O---------------------------------
----------------------------------------
----------------------------------------
----------------------------------------
---O------------------------------------
--O-O-----------------------------------
--O-O-----------------------------------
---O------------------------------------
----------------------------------------
-------OO-------------------------------
-------OO-------------------------------
----------------------------------------

Life - generation  1665 

\u001b[H
----------------------------------------
----------------------------------------
------------------------------O---------
-----------------------------O-O--------
------------------------------O---------
------O---------------------------------
-----OO---------------------------------
-----O-O--------------------------------
----------------------------------------
----------------------------------------
----------------------------------------
----------------------------------------
---O------------------------------------
--O-O-----------------------------------
--O-O-----------------------------------
---O------------------------------------
----------------------------------------
-------OO-------------------------------
-------OO-------------------------------
----------------------------------------

Life - generation  1666 

\u001b[H
----------------------------------------
----------------------------------------
------------------------------O---------
-----------------------------O-O--------
------------------------------O---------
-----OO---------------------------------
-----O-O--------------------------------
-----O----------------------------------
----------------------------------------
----------------------------------------
----------------------------------------
----------------------------------------
---O------------------------------------
--O-O-----------------------------------
--O-O-----------------------------------
---O------------------------------------
----------------------------------------
-------OO-------------------------------
-------OO-------------------------------
----------------------------------------

Life - generation  1667 

\u001b[H
----------------------------------------
----------------------------------------
------------------------------O---------
-----------------------------O-O--------
------------------------------O---------
-----OO---------------------------------
----OO----------------------------------
------O---------------------------------
----------------------------------------
----------------------------------------
----------------------------------------
----------------------------------------
---O------------------------------------
--O-O-----------------------------------
--O-O-----------------------------------
---O------------------------------------
----------------------------------------
-------OO-------------------------------
-------OO-------------------------------
----------------------------------------

Life - generation  1668 

\u001b[H
----------------------------------------
----------------------------------------
------------------------------O---------
-----------------------------O-O--------
------------------------------O---------
----OOO---------------------------------
----O-----------------------------------
-----O----------------------------------
----------------------------------------
----------------------------------------
----------------------------------------
----------------------------------------
---O------------------------------------
--O-O-----------------------------------
--O-O-----------------------------------
---O------------------------------------
----------------------------------------
-------OO-------------------------------
-------OO-------------------------------
----------------------------------------

Life - generation  1669 

\u001b[H
----------------------------------------
----------------------------------------
------------------------------O---------
-----------------------------O-O--------
-----O------------------------O---------
----OO----------------------------------
----O-O---------------------------------
----------------------------------------
----------------------------------------
----------------------------------------
----------------------------------------
----------------------------------------
---O------------------------------------
--O-O-----------------------------------
--O-O-----------------------------------
---O------------------------------------
----------------------------------------
-------OO-------------------------------
-------OO-------------------------------
----------------------------------------

Life - generation  1670 

\u001b[H
----------------------------------------
----------------------------------------
------------------------------O---------
-----------------------------O-O--------
----OO------------------------O---------
----O-O---------------------------------
----O-----------------------------------
----------------------------------------
----------------------------------------
----------------------------------------
----------------------------------------
----------------------------------------
---O------------------------------------
--O-O-----------------------------------
--O-O-----------------------------------
---O------------------------------------
----------------------------------------
-------OO-------------------------------
-------OO-------------------------------
----------------------------------------

Life - generation  1671 

\u001b[H
----------------------------------------
----------------------------------------
------------------------------O---------
-----------------------------O-O--------
----OO------------------------O---------
---OO-----------------------------------
-----O----------------------------------
----------------------------------------
----------------------------------------
----------------------------------------
----------------------------------------
----------------------------------------
---O------------------------------------
--O-O-----------------------------------
--O-O-----------------------------------
---O------------------------------------
----------------------------------------
-------OO-------------------------------
-------OO-------------------------------
----------------------------------------

Life - generation  1672 

\u001b[H
----------------------------------------
----------------------------------------
------------------------------O---------
-----------------------------O-O--------
---OOO------------------------O---------
---O------------------------------------
----O-----------------------------------
----------------------------------------
----------------------------------------
----------------------------------------
----------------------------------------
----------------------------------------
---O------------------------------------
--O-O-----------------------------------
--O-O-----------------------------------
---O------------------------------------
----------------------------------------
-------OO-------------------------------
-------OO-------------------------------
----------------------------------------

Life - generation  1673 

\u001b[H
----------------------------------------
----------------------------------------
------------------------------O---------
----O------------------------O-O--------
---OO-------------------------O---------
---O-O----------------------------------
----------------------------------------
----------------------------------------
----------------------------------------
----------------------------------------
----------------------------------------
----------------------------------------
---O------------------------------------
--O-O-----------------------------------
--O-O-----------------------------------
---O------------------------------------
----------------------------------------
-------OO-------------------------------
-------OO-------------------------------
----------------------------------------

Life - generation  1674 

\u001b[H
----------------------------------------
----------------------------------------
------------------------------O---------
---OO------------------------O-O--------
---O-O------------------------O---------
---O------------------------------------
----------------------------------------
----------------------------------------
----------------------------------------
----------------------------------------
----------------------------------------
----------------------------------------
---O------------------------------------
--O-O-----------------------------------
--O-O-----------------------------------
---O------------------------------------
----------------------------------------
-------OO-------------------------------
-------OO-------------------------------
----------------------------------------

Life - generation  1675 

\u001b[H
----------------------------------------
----------------------------------------
------------------------------O---------
---OO------------------------O-O--------
--OO--------------------------O---------
----O-----------------------------------
----------------------------------------
----------------------------------------
----------------------------------------
----------------------------------------
----------------------------------------
----------------------------------------
---O------------------------------------
--O-O-----------------------------------
--O-O-----------------------------------
---O------------------------------------
----------------------------------------
-------OO-------------------------------
-------OO-------------------------------
----------------------------------------

Life - generation  1676 

\u001b[H
----------------------------------------
----------------------------------------
------------------------------O---------
--OOO------------------------O-O--------
--O---------------------------O---------
---O------------------------------------
----------------------------------------
----------------------------------------
----------------------------------------
----------------------------------------
----------------------------------------
----------------------------------------
---O------------------------------------
--O-O-----------------------------------
--O-O-----------------------------------
---O------------------------------------
----------------------------------------
-------OO-------------------------------
-------OO-------------------------------
----------------------------------------

Life - generation  1677 

\u001b[H
----------------------------------------
----------------------------------------
---O--------------------------O---------
--OO-------------------------O-O--------
--O-O-------------------------O---------
----------------------------------------
----------------------------------------
----------------------------------------
----------------------------------------
----------------------------------------
----------------------------------------
----------------------------------------
---O------------------------------------
--O-O-----------------------------------
--O-O-----------------------------------
---O------------------------------------
----------------------------------------
-------OO-------------------------------
-------OO-------------------------------
----------------------------------------

Life - generation  1678 

\u001b[H
----------------------------------------
----------------------------------------
--OO--------------------------O---------
--O-O------------------------O-O--------
--O---------------------------O---------
----------------------------------------
----------------------------------------
----------------------------------------
----------------------------------------
----------------------------------------
----------------------------------------
----------------------------------------
---O------------------------------------
--O-O-----------------------------------
--O-O-----------------------------------
---O------------------------------------
----------------------------------------
-------OO-------------------------------
-------OO-------------------------------
----------------------------------------

Life - generation  1679 

\u001b[H
----------------------------------------
----------------------------------------
--OO--------------------------O---------
-OO--------------------------O-O--------
---O--------------------------O---------
----------------------------------------
----------------------------------------
----------------------------------------
----------------------------------------
----------------------------------------
----------------------------------------
----------------------------------------
---O------------------------------------
--O-O-----------------------------------
--O-O-----------------------------------
---O------------------------------------
----------------------------------------
-------OO-------------------------------
-------OO-------------------------------
----------------------------------------

Life - generation  1680 

\u001b[H
----------------------------------------
----------------------------------------
-OOO--------------------------O---------
-O---------------------------O-O--------
--O---------------------------O---------
----------------------------------------
----------------------------------------
----------------------------------------
----------------------------------------
----------------------------------------
----------------------------------------
----------------------------------------
---O------------------------------------
--O-O-----------------------------------
--O-O-----------------------------------
---O------------------------------------
----------------------------------------
-------OO-------------------------------
-------OO-------------------------------
----------------------------------------

Life - generation  1681 

\u001b[H
----------------------------------------
--O-------------------------------------
-OO---------------------------O---------
-O-O-------------------------O-O--------
------------------------------O---------
----------------------------------------
----------------------------------------
----------------------------------------
----------------------------------------
----------------------------------------
----------------------------------------
----------------------------------------
---O------------------------------------
--O-O-----------------------------------
--O-O-----------------------------------
---O------------------------------------
----------------------------------------
-------OO-------------------------------
-------OO-------------------------------
----------------------------------------

Life - generation  1682 

\u001b[H
----------------------------------------
-OO-------------------------------------
-O-O--------------------------O---------
-O---------------------------O-O--------
------------------------------O---------
----------------------------------------
----------------------------------------
----------------------------------------
----------------------------------------
----------------------------------------
----------------------------------------
----------------------------------------
---O------------------------------------
--O-O-----------------------------------
--O-O-----------------------------------
---O------------------------------------
----------------------------------------
-------OO-------------------------------
-------OO-------------------------------
----------------------------------------

Life - generation  1683 

\u001b[H
----------------------------------------
-OO-------------------------------------
OO----------------------------O---------
--O--------------------------O-O--------
------------------------------O---------
----------------------------------------
----------------------------------------
----------------------------------------
----------------------------------------
----------------------------------------
----------------------------------------
----------------------------------------
---O------------------------------------
--O-O-----------------------------------
--O-O-----------------------------------
---O------------------------------------
----------------------------------------
-------OO-------------------------------
-------OO-------------------------------
----------------------------------------

Life - generation  1684 

\u001b[H
----------------------------------------
OOO-------------------------------------
O-----------------------------O---------
-O---------------------------O-O--------
------------------------------O---------
----------------------------------------
----------------------------------------
----------------------------------------
----------------------------------------
----------------------------------------
----------------------------------------
----------------------------------------
---O------------------------------------
--O-O-----------------------------------
--O-O-----------------------------------
---O------------------------------------
----------------------------------------
-------OO-------------------------------
-------OO-------------------------------
----------------------------------------

Life - generation  1685 

\u001b[H
-O--------------------------------------
OO--------------------------------------
O-O---------------------------O---------
-----------------------------O-O--------
------------------------------O---------
----------------------------------------
----------------------------------------
----------------------------------------
----------------------------------------
----------------------------------------
----------------------------------------
----------------------------------------
---O------------------------------------
--O-O-----------------------------------
--O-O-----------------------------------
---O------------------------------------
----------------------------------------
-------OO-------------------------------
-------OO-------------------------------
----------------------------------------

Life - generation  1686 

\u001b[H
OO--------------------------------------
O-O-------------------------------------
O-----------------------------O---------
-----------------------------O-O--------
------------------------------O---------
----------------------------------------
----------------------------------------
----------------------------------------
----------------------------------------
----------------------------------------
----------------------------------------
----------------------------------------
---O------------------------------------
--O-O-----------------------------------
--O-O-----------------------------------
---O------------------------------------
----------------------------------------
-------OO-------------------------------
-------OO-------------------------------
----------------------------------------

Life - generation  1687 

\u001b[H
OO--------------------------------------
O--------------------------------------O
-O----------------------------O---------
-----------------------------O-O--------
------------------------------O---------
----------------------------------------
----------------------------------------
----------------------------------------
----------------------------------------
----------------------------------------
----------------------------------------
----------------------------------------
---O------------------------------------
--O-O-----------------------------------
--O-O-----------------------------------
---O------------------------------------
----------------------------------------
-------OO-------------------------------
-------OO-------------------------------
----------------------------------------

Life - generation  1688 

\u001b[H
OO-------------------------------------O
---------------------------------------O
O-----------------------------O---------
-----------------------------O-O--------
------------------------------O---------
----------------------------------------
----------------------------------------
----------------------------------------
----------------------------------------
----------------------------------------
----------------------------------------
----------------------------------------
---O------------------------------------
--O-O-----------------------------------
--O-O-----------------------------------
---O------------------------------------
----------------------------------------
-------OO-------------------------------
-------OO-------------------------------
----------------------------------------

Life - generation  1689 

\u001b[H
O--------------------------------------O
-O-------------------------------------O
------------------------------O---------
-----------------------------O-O--------
------------------------------O---------
----------------------------------------
----------------------------------------
----------------------------------------
----------------------------------------
----------------------------------------
----------------------------------------
----------------------------------------
---O------------------------------------
--O-O-----------------------------------
--O-O-----------------------------------
---O------------------------------------
----------------------------------------
-------OO-------------------------------
-------OO-------------------------------
O---------------------------------------

Life - generation  1690 

\u001b[H
-O-------------------------------------O
---------------------------------------O
------------------------------O---------
-----------------------------O-O--------
------------------------------O---------
----------------------------------------
----------------------------------------
----------------------------------------
----------------------------------------
----------------------------------------
----------------------------------------
----------------------------------------
---O------------------------------------
--O-O-----------------------------------
--O-O-----------------------------------
---O------------------------------------
----------------------------------------
-------OO-------------------------------
-------OO-------------------------------
O--------------------------------------O

Life - generation  1691 

\u001b[H
--------------------------------------OO
O---------------------------------------
------------------------------O---------
-----------------------------O-O--------
------------------------------O---------
----------------------------------------
----------------------------------------
----------------------------------------
----------------------------------------
----------------------------------------
----------------------------------------
----------------------------------------
---O------------------------------------
--O-O-----------------------------------
--O-O-----------------------------------
---O------------------------------------
----------------------------------------
-------OO-------------------------------
-------OO-------------------------------
O--------------------------------------O

Life - generation  1692 

\u001b[H
--------------------------------------O-
---------------------------------------O
------------------------------O---------
-----------------------------O-O--------
------------------------------O---------
----------------------------------------
----------------------------------------
----------------------------------------
----------------------------------------
----------------------------------------
----------------------------------------
----------------------------------------
---O------------------------------------
--O-O-----------------------------------
--O-O-----------------------------------
---O------------------------------------
----------------------------------------
-------OO-------------------------------
-------OO-------------------------------
O-------------------------------------OO

Life - generation  1693 

\u001b[H
O-------------------------------------O-
----------------------------------------
------------------------------O---------
-----------------------------O-O--------
------------------------------O---------
----------------------------------------
----------------------------------------
----------------------------------------
----------------------------------------
----------------------------------------
----------------------------------------
----------------------------------------
---O------------------------------------
--O-O-----------------------------------
--O-O-----------------------------------
---O------------------------------------
----------------------------------------
-------OO-------------------------------
-------OO------------------------------O
--------------------------------------OO

Life - generation  1694 

\u001b[H
--------------------------------------O-
----------------------------------------
------------------------------O---------
-----------------------------O-O--------
------------------------------O---------
----------------------------------------
----------------------------------------
----------------------------------------
----------------------------------------
----------------------------------------
----------------------------------------
----------------------------------------
---O------------------------------------
--O-O-----------------------------------
--O-O-----------------------------------
---O------------------------------------
----------------------------------------
-------OO-------------------------------
-------OO-----------------------------OO
O-------------------------------------O-

Life - generation  1695 

\u001b[H
---------------------------------------O
----------------------------------------
------------------------------O---------
-----------------------------O-O--------
------------------------------O---------
----------------------------------------
----------------------------------------
----------------------------------------
----------------------------------------
----------------------------------------
----------------------------------------
----------------------------------------
---O------------------------------------
--O-O-----------------------------------
--O-O-----------------------------------
---O------------------------------------
----------------------------------------
-------OO-------------------------------
-------OO-----------------------------OO
-------------------------------------OO-

Life - generation  1696 

\u001b[H
--------------------------------------O-
----------------------------------------
------------------------------O---------
-----------------------------O-O--------
------------------------------O---------
----------------------------------------
----------------------------------------
----------------------------------------
----------------------------------------
----------------------------------------
----------------------------------------
----------------------------------------
---O------------------------------------
--O-O-----------------------------------
--O-O-----------------------------------
---O------------------------------------
----------------------------------------
-------OO-------------------------------
-------OO----------------------------OOO
-------------------------------------O--

Life - generation  1697 

\u001b[H
----------------------------------------
----------------------------------------
------------------------------O---------
-----------------------------O-O--------
------------------------------O---------
----------------------------------------
----------------------------------------
----------------------------------------
----------------------------------------
----------------------------------------
----------------------------------------
----------------------------------------
---O------------------------------------
--O-O-----------------------------------
--O-O-----------------------------------
---O------------------------------------
----------------------------------------
-------OO-----------------------------O-
-------OO----------------------------OO-
-------------------------------------O-O

Life - generation  1698 

\u001b[H
----------------------------------------
----------------------------------------
------------------------------O---------
-----------------------------O-O--------
------------------------------O---------
----------------------------------------
----------------------------------------
----------------------------------------
----------------------------------------
----------------------------------------
----------------------------------------
----------------------------------------
---O------------------------------------
--O-O-----------------------------------
--O-O-----------------------------------
---O------------------------------------
----------------------------------------
-------OO----------------------------OO-
-------OO----------------------------O-O
-------------------------------------O--

Life - generation  1699 

\u001b[H
----------------------------------------
----------------------------------------
------------------------------O---------
-----------------------------O-O--------
------------------------------O---------
----------------------------------------
----------------------------------------
----------------------------------------
----------------------------------------
----------------------------------------
----------------------------------------
----------------------------------------
---O------------------------------------
--O-O-----------------------------------
--O-O-----------------------------------
---O------------------------------------
----------------------------------------
-------OO----------------------------OO-
-------OO---------------------------OO--
--------------------------------------O-

Life - generation  1700 

\u001b[H
----------------------------------------
----------------------------------------
------------------------------O---------
-----------------------------O-O--------
------------------------------O---------
----------------------------------------
----------------------------------------
----------------------------------------
----------------------------------------
----------------------------------------
----------------------------------------
----------------------------------------
---O------------------------------------
--O-O-----------------------------------
--O-O-----------------------------------
---O------------------------------------
----------------------------------------
-------OO---------------------------OOO-
-------OO---------------------------O---
-------------------------------------O--

Life - generation  1701 

\u001b[H
----------------------------------------
----------------------------------------
------------------------------O---------
-----------------------------O-O--------
------------------------------O---------
----------------------------------------
----------------------------------------
----------------------------------------
----------------------------------------
----------------------------------------
----------------------------------------
----------------------------------------
---O------------------------------------
--O-O-----------------------------------
--O-O-----------------------------------
---O------------------------------------
-------------------------------------O--
-------OO---------------------------OO--
-------OO---------------------------O-O-
----------------------------------------

Life - generation  1702 

\u001b[H
----------------------------------------
----------------------------------------
------------------------------O---------
-----------------------------O-O--------
------------------------------O---------
----------------------------------------
----------------------------------------
----------------------------------------
----------------------------------------
----------------------------------------
----------------------------------------
----------------------------------------
---O------------------------------------
--O-O-----------------------------------
--O-O-----------------------------------
---O------------------------------------
------------------------------------OO--
-------OO---------------------------O-O-
-------OO---------------------------O---
----------------------------------------

Life - generation  1703 

\u001b[H
----------------------------------------
----------------------------------------
------------------------------O---------
-----------------------------O-O--------
------------------------------O---------
----------------------------------------
----------------------------------------
----------------------------------------
----------------------------------------
----------------------------------------
----------------------------------------
----------------------------------------
---O------------------------------------
--O-O-----------------------------------
--O-O-----------------------------------
---O------------------------------------
------------------------------------OO--
-------OO--------------------------OO---
-------OO----------------------------O--
----------------------------------------

Life - generation  1704 

\u001b[H
----------------------------------------
----------------------------------------
------------------------------O---------
-----------------------------O-O--------
------------------------------O---------
----------------------------------------
----------------------------------------
----------------------------------------
----------------------------------------
----------------------------------------
----------------------------------------
----------------------------------------
---O------------------------------------
--O-O-----------------------------------
--O-O-----------------------------------
---O------------------------------------
-----------------------------------OOO--
-------OO--------------------------O----
-------OO---------------------------O---
----------------------------------------

Life - generation  1705 

\u001b[H
----------------------------------------
----------------------------------------
------------------------------O---------
-----------------------------O-O--------
------------------------------O---------
----------------------------------------
----------------------------------------
----------------------------------------
----------------------------------------
----------------------------------------
----------------------------------------
----------------------------------------
---O------------------------------------
--O-O-----------------------------------
--O-O-----------------------------------
---O--------------------------------O---
-----------------------------------OO---
-------OO--------------------------O-O--
-------OO-------------------------------
----------------------------------------

Life - generation  1706 

\u001b[H
----------------------------------------
----------------------------------------
------------------------------O---------
-----------------------------O-O--------
------------------------------O---------
----------------------------------------
----------------------------------------
----------------------------------------
----------------------------------------
----------------------------------------
----------------------------------------
----------------------------------------
---O------------------------------------
--O-O-----------------------------------
--O-O-----------------------------------
---O-------------------------------OO---
-----------------------------------O-O--
-------OO--------------------------O----
-------OO-------------------------------
----------------------------------------

Life - generation  1707 

\u001b[H
----------------------------------------
----------------------------------------
------------------------------O---------
-----------------------------O-O--------
------------------------------O---------
----------------------------------------
----------------------------------------
----------------------------------------
----------------------------------------
----------------------------------------
----------------------------------------
----------------------------------------
---O------------------------------------
--O-O-----------------------------------
--O-O-----------------------------------
---O-------------------------------OO---
----------------------------------OO----
-------OO---------------------------O---
-------OO-------------------------------
----------------------------------------

Life - generation  1708 

\u001b[H
----------------------------------------
----------------------------------------
------------------------------O---------
-----------------------------O-O--------
------------------------------O---------
----------------------------------------
----------------------------------------
----------------------------------------
----------------------------------------
----------------------------------------
----------------------------------------
----------------------------------------
---O------------------------------------
--O-O-----------------------------------
--O-O-----------------------------------
---O------------------------------OOO---
----------------------------------O-----
-------OO--------------------------O----
-------OO-------------------------------
----------------------------------------

Life - generation  1709 

\u001b[H
----------------------------------------
----------------------------------------
------------------------------O---------
-----------------------------O-O--------
------------------------------O---------
----------------------------------------
----------------------------------------
----------------------------------------
----------------------------------------
----------------------------------------
----------------------------------------
----------------------------------------
---O------------------------------------
--O-O-----------------------------------
--O-O------------------------------O----
---O------------------------------OO----
----------------------------------O-O---
-------OO-------------------------------
-------OO-------------------------------
----------------------------------------

Life - generation  1710 

\u001b[H
----------------------------------------
----------------------------------------
------------------------------O---------
-----------------------------O-O--------
------------------------------O---------
----------------------------------------
----------------------------------------
----------------------------------------
----------------------------------------
----------------------------------------
----------------------------------------
----------------------------------------
---O------------------------------------
--O-O-----------------------------------
--O-O-----------------------------OO----
---O------------------------------O-O---
----------------------------------O-----
-------OO-------------------------------
-------OO-------------------------------
----------------------------------------

Life - generation  1711 

\u001b[H
----------------------------------------
----------------------------------------
------------------------------O---------
-----------------------------O-O--------
------------------------------O---------
----------------------------------------
----------------------------------------
----------------------------------------
----------------------------------------
----------------------------------------
----------------------------------------
----------------------------------------
---O------------------------------------
--O-O-----------------------------------
--O-O-----------------------------OO----
---O-----------------------------OO-----
-----------------------------------O----
-------OO-------------------------------
-------OO-------------------------------
----------------------------------------

Life - generation  1712 

\u001b[H
----------------------------------------
----------------------------------------
------------------------------O---------
-----------------------------O-O--------
------------------------------O---------
----------------------------------------
----------------------------------------
----------------------------------------
----------------------------------------
----------------------------------------
----------------------------------------
----------------------------------------
---O------------------------------------
--O-O-----------------------------------
--O-O----------------------------OOO----
---O-----------------------------O------
----------------------------------O-----
-------OO-------------------------------
-------OO-------------------------------
----------------------------------------

Life - generation  1713 

\u001b[H
----------------------------------------
----------------------------------------
------------------------------O---------
-----------------------------O-O--------
------------------------------O---------
----------------------------------------
----------------------------------------
----------------------------------------
----------------------------------------
----------------------------------------
----------------------------------------
----------------------------------------
---O------------------------------------
--O-O-----------------------------O-----
--O-O----------------------------OO-----
---O-----------------------------O-O----
----------------------------------------
-------OO-------------------------------
-------OO-------------------------------
----------------------------------------

Life - generation  1714 

\u001b[H
----------------------------------------
----------------------------------------
------------------------------O---------
-----------------------------O-O--------
------------------------------O---------
----------------------------------------
----------------------------------------
----------------------------------------
----------------------------------------
----------------------------------------
----------------------------------------
----------------------------------------
---O------------------------------------
--O-O----------------------------OO-----
--O-O----------------------------O-O----
---O-----------------------------O------
----------------------------------------
-------OO-------------------------------
-------OO-------------------------------
----------------------------------------

Life - generation  1715 

\u001b[H
----------------------------------------
----------------------------------------
------------------------------O---------
-----------------------------O-O--------
------------------------------O---------
----------------------------------------
----------------------------------------
----------------------------------------
----------------------------------------
----------------------------------------
----------------------------------------
----------------------------------------
---O------------------------------------
--O-O----------------------------OO-----
--O-O---------------------------OO------
---O------------------------------O-----
----------------------------------------
-------OO-------------------------------
-------OO-------------------------------
----------------------------------------

Life - generation  1716 

\u001b[H
----------------------------------------
----------------------------------------
------------------------------O---------
-----------------------------O-O--------
------------------------------O---------
----------------------------------------
----------------------------------------
----------------------------------------
----------------------------------------
----------------------------------------
----------------------------------------
----------------------------------------
---O------------------------------------
--O-O---------------------------OOO-----
--O-O---------------------------O-------
---O-----------------------------O------
----------------------------------------
-------OO-------------------------------
-------OO-------------------------------
----------------------------------------

Life - generation  1717 

\u001b[H
----------------------------------------
----------------------------------------
------------------------------O---------
-----------------------------O-O--------
------------------------------O---------
----------------------------------------
----------------------------------------
----------------------------------------
----------------------------------------
----------------------------------------
----------------------------------------
----------------------------------------
---O-----------------------------O------
--O-O---------------------------OO------
--O-O---------------------------O-O-----
---O------------------------------------
----------------------------------------
-------OO-------------------------------
-------OO-------------------------------
----------------------------------------

Life - generation  1718 

\u001b[H
----------------------------------------
----------------------------------------
------------------------------O---------
-----------------------------O-O--------
------------------------------O---------
----------------------------------------
----------------------------------------
----------------------------------------
----------------------------------------
----------------------------------------
----------------------------------------
----------------------------------------
---O----------------------------OO------
--O-O---------------------------O-O-----
--O-O---------------------------O-------
---O------------------------------------
----------------------------------------
-------OO-------------------------------
-------OO-------------------------------
----------------------------------------

Life - generation  1719 

\u001b[H
----------------------------------------
----------------------------------------
------------------------------O---------
-----------------------------O-O--------
------------------------------O---------
----------------------------------------
----------------------------------------
----------------------------------------
----------------------------------------
----------------------------------------
----------------------------------------
----------------------------------------
---O----------------------------OO------
--O-O--------------------------OO-------
--O-O----------------------------O------
---O------------------------------------
----------------------------------------
-------OO-------------------------------
-------OO-------------------------------
----------------------------------------

Life - generation  1720 

\u001b[H
----------------------------------------
----------------------------------------
------------------------------O---------
-----------------------------O-O--------
------------------------------O---------
----------------------------------------
----------------------------------------
----------------------------------------
----------------------------------------
----------------------------------------
----------------------------------------
----------------------------------------
---O---------------------------OOO------
--O-O--------------------------O--------
--O-O---------------------------O-------
---O------------------------------------
----------------------------------------
-------OO-------------------------------
-------OO-------------------------------
----------------------------------------

Life - generation  1721 

\u001b[H
----------------------------------------
----------------------------------------
------------------------------O---------
-----------------------------O-O--------
------------------------------O---------
----------------------------------------
----------------------------------------
----------------------------------------
----------------------------------------
----------------------------------------
----------------------------------------
--------------------------------O-------
---O---------------------------OO-------
--O-O--------------------------O-O------
--O-O-----------------------------------
---O------------------------------------
----------------------------------------
-------OO-------------------------------
-------OO-------------------------------
----------------------------------------

Life - generation  1722 

\u001b[H
----------------------------------------
----------------------------------------
------------------------------O---------
-----------------------------O-O--------
------------------------------O---------
----------------------------------------
----------------------------------------
----------------------------------------
----------------------------------------
----------------------------------------
----------------------------------------
-------------------------------OO-------
---O---------------------------O-O------
--O-O--------------------------O--------
--O-O-----------------------------------
---O------------------------------------
----------------------------------------
-------OO-------------------------------
-------OO-------------------------------
----------------------------------------

Life - generation  1723 

\u001b[H
----------------------------------------
----------------------------------------
------------------------------O---------
-----------------------------O-O--------
------------------------------O---------
----------------------------------------
----------------------------------------
----------------------------------------
----------------------------------------
----------------------------------------
----------------------------------------
-------------------------------OO-------
---O--------------------------OO--------
--O-O---------------------------O-------
--O-O-----------------------------------
---O------------------------------------
----------------------------------------
-------OO-------------------------------
-------OO-------------------------------
----------------------------------------

Life - generation  1724 

\u001b[H
----------------------------------------
----------------------------------------
------------------------------O---------
-----------------------------O-O--------
------------------------------O---------
----------------------------------------
----------------------------------------
----------------------------------------
----------------------------------------
----------------------------------------
----------------------------------------
------------------------------OOO-------
---O--------------------------O---------
--O-O--------------------------O--------
--O-O-----------------------------------
---O------------------------------------
----------------------------------------
-------OO-------------------------------
-------OO-------------------------------
----------------------------------------

Life - generation  1725 

\u001b[H
----------------------------------------
----------------------------------------
------------------------------O---------
-----------------------------O-O--------
------------------------------O---------
----------------------------------------
----------------------------------------
----------------------------------------
----------------------------------------
----------------------------------------
-------------------------------O--------
------------------------------OO--------
---O--------------------------O-O-------
--O-O-----------------------------------
--O-O-----------------------------------
---O------------------------------------
----------------------------------------
-------OO-------------------------------
-------OO-------------------------------
----------------------------------------

Life - generation  1726 

\u001b[H
----------------------------------------
----------------------------------------
------------------------------O---------
-----------------------------O-O--------
------------------------------O---------
----------------------------------------
----------------------------------------
----------------------------------------
----------------------------------------
----------------------------------------
------------------------------OO--------
------------------------------O-O-------
---O--------------------------O---------
--O-O-----------------------------------
--O-O-----------------------------------
---O------------------------------------
----------------------------------------
-------OO-------------------------------
-------OO-------------------------------
----------------------------------------

Life - generation  1727 

\u001b[H
----------------------------------------
----------------------------------------
------------------------------O---------
-----------------------------O-O--------
------------------------------O---------
----------------------------------------
----------------------------------------
----------------------------------------
----------------------------------------
----------------------------------------
------------------------------OO--------
-----------------------------OO---------
---O---------------------------O--------
--O-O-----------------------------------
--O-O-----------------------------------
---O------------------------------------
----------------------------------------
-------OO-------------------------------
-------OO-------------------------------
----------------------------------------

Life - generation  1728 

\u001b[H
----------------------------------------
----------------------------------------
------------------------------O---------
-----------------------------O-O--------
------------------------------O---------
----------------------------------------
----------------------------------------
----------------------------------------
----------------------------------------
----------------------------------------
-----------------------------OOO--------
-----------------------------O----------
---O--------------------------O---------
--O-O-----------------------------------
--O-O-----------------------------------
---O------------------------------------
----------------------------------------
-------OO-------------------------------
-------OO-------------------------------
----------------------------------------

Life - generation  1729 

\u001b[H
----------------------------------------
----------------------------------------
------------------------------O---------
-----------------------------O-O--------
------------------------------O---------
----------------------------------------
----------------------------------------
----------------------------------------
----------------------------------------
------------------------------O---------
-----------------------------OO---------
-----------------------------O-O--------
---O------------------------------------
--O-O-----------------------------------
--O-O-----------------------------------
---O------------------------------------
----------------------------------------
-------OO-------------------------------
-------OO-------------------------------
----------------------------------------

Life - generation  1730 

\u001b[H
----------------------------------------
----------------------------------------
------------------------------O---------
-----------------------------O-O--------
------------------------------O---------
----------------------------------------
----------------------------------------
----------------------------------------
----------------------------------------
-----------------------------OO---------
-----------------------------O-O--------
-----------------------------O----------
---O------------------------------------
--O-O-----------------------------------
--O-O-----------------------------------
---O------------------------------------
----------------------------------------
-------OO-------------------------------
-------OO-------------------------------
----------------------------------------

Life - generation  1731 

\u001b[H
----------------------------------------
----------------------------------------
------------------------------O---------
-----------------------------O-O--------
------------------------------O---------
----------------------------------------
----------------------------------------
----------------------------------------
----------------------------------------
-----------------------------OO---------
----------------------------OO----------
------------------------------O---------
---O------------------------------------
--O-O-----------------------------------
--O-O-----------------------------------
---O------------------------------------
----------------------------------------
-------OO-------------------------------
-------OO-------------------------------
----------------------------------------

Life - generation  1732 

\u001b[H
----------------------------------------
----------------------------------------
------------------------------O---------
-----------------------------O-O--------
------------------------------O---------
----------------------------------------
----------------------------------------
----------------------------------------
----------------------------------------
----------------------------OOO---------
----------------------------O-----------
-----------------------------O----------
---O------------------------------------
--O-O-----------------------------------
--O-O-----------------------------------
---O------------------------------------
----------------------------------------
-------OO-------------------------------
-------OO-------------------------------
----------------------------------------

Life - generation  1733 

\u001b[H
----------------------------------------
----------------------------------------
------------------------------O---------
-----------------------------O-O--------
------------------------------O---------
----------------------------------------
----------------------------------------
----------------------------------------
-----------------------------O----------
----------------------------OO----------
----------------------------O-O---------
----------------------------------------
---O------------------------------------
--O-O-----------------------------------
--O-O-----------------------------------
---O------------------------------------
----------------------------------------
-------OO-------------------------------
-------OO-------------------------------
----------------------------------------

Life - generation  1734 

\u001b[H
----------------------------------------
----------------------------------------
------------------------------O---------
-----------------------------O-O--------
------------------------------O---------
----------------------------------------
----------------------------------------
----------------------------------------
----------------------------OO----------
----------------------------O-O---------
----------------------------O-----------
----------------------------------------
---O------------------------------------
--O-O-----------------------------------
--O-O-----------------------------------
---O------------------------------------
----------------------------------------
-------OO-------------------------------
-------OO-------------------------------
----------------------------------------

Life - generation  1735 

\u001b[H
----------------------------------------
----------------------------------------
------------------------------O---------
-----------------------------O-O--------
------------------------------O---------
----------------------------------------
----------------------------------------
----------------------------------------
----------------------------OO----------
---------------------------OO-----------
-----------------------------O----------
----------------------------------------
---O------------------------------------
--O-O-----------------------------------
--O-O-----------------------------------
---O------------------------------------
----------------------------------------
-------OO-------------------------------
-------OO-------------------------------
----------------------------------------

Life - generation  1736 

\u001b[H
----------------------------------------
----------------------------------------
------------------------------O---------
-----------------------------O-O--------
------------------------------O---------
----------------------------------------
----------------------------------------
----------------------------------------
---------------------------OOO----------
---------------------------O------------
----------------------------O-----------
----------------------------------------
---O------------------------------------
--O-O-----------------------------------
--O-O-----------------------------------
---O------------------------------------
----------------------------------------
-------OO-------------------------------
-------OO-------------------------------
----------------------------------------

Life - generation  1737 

\u001b[H
----------------------------------------
----------------------------------------
------------------------------O---------
-----------------------------O-O--------
------------------------------O---------
----------------------------------------
----------------------------------------
----------------------------O-----------
---------------------------OO-----------
---------------------------O-O----------
----------------------------------------
----------------------------------------
---O------------------------------------
--O-O-----------------------------------
--O-O-----------------------------------
---O------------------------------------
----------------------------------------
-------OO-------------------------------
-------OO-------------------------------
----------------------------------------

Life - generation  1738 

\u001b[H
----------------------------------------
----------------------------------------
------------------------------O---------
-----------------------------O-O--------
------------------------------O---------
----------------------------------------
----------------------------------------
---------------------------OO-----------
---------------------------O-O----------
---------------------------O------------
----------------------------------------
----------------------------------------
---O------------------------------------
--O-O-----------------------------------
--O-O-----------------------------------
---O------------------------------------
----------------------------------------
-------OO-------------------------------
-------OO-------------------------------
----------------------------------------

Life - generation  1739 

\u001b[H
----------------------------------------
----------------------------------------
------------------------------O---------
-----------------------------O-O--------
------------------------------O---------
----------------------------------------
----------------------------------------
---------------------------OO-----------
--------------------------OO------------
----------------------------O-----------
----------------------------------------
----------------------------------------
---O------------------------------------
--O-O-----------------------------------
--O-O-----------------------------------
---O------------------------------------
----------------------------------------
-------OO-------------------------------
-------OO-------------------------------
----------------------------------------

Life - generation  1740 

\u001b[H
----------------------------------------
----------------------------------------
------------------------------O---------
-----------------------------O-O--------
------------------------------O---------
----------------------------------------
----------------------------------------
--------------------------OOO-----------
--------------------------O-------------
---------------------------O------------
----------------------------------------
----------------------------------------
---O------------------------------------
--O-O-----------------------------------
--O-O-----------------------------------
---O------------------------------------
----------------------------------------
-------OO-------------------------------
-------OO-------------------------------
----------------------------------------

Life - generation  1741 

\u001b[H
----------------------------------------
----------------------------------------
------------------------------O---------
-----------------------------O-O--------
------------------------------O---------
----------------------------------------
---------------------------O------------
--------------------------OO------------
--------------------------O-O-----------
----------------------------------------
----------------------------------------
----------------------------------------
---O------------------------------------
--O-O-----------------------------------
--O-O-----------------------------------
---O------------------------------------
----------------------------------------
-------OO-------------------------------
-------OO-------------------------------
----------------------------------------

Life - generation  1742 

\u001b[H
----------------------------------------
----------------------------------------
------------------------------O---------
-----------------------------O-O--------
------------------------------O---------
----------------------------------------
--------------------------OO------------
--------------------------O-O-----------
--------------------------O-------------
----------------------------------------
----------------------------------------
----------------------------------------
---O------------------------------------
--O-O-----------------------------------
--O-O-----------------------------------
---O------------------------------------
----------------------------------------
-------OO-------------------------------
-------OO-------------------------------
----------------------------------------

Life - generation  1743 

\u001b[H
----------------------------------------
----------------------------------------
------------------------------O---------
-----------------------------O-O--------
------------------------------O---------
----------------------------------------
--------------------------OO------------
-------------------------OO-------------
---------------------------O------------
----------------------------------------
----------------------------------------
----------------------------------------
---O------------------------------------
--O-O-----------------------------------
--O-O-----------------------------------
---O------------------------------------
----------------------------------------
-------OO-------------------------------
-------OO-------------------------------
----------------------------------------

Life - generation  1744 

\u001b[H
----------------------------------------
----------------------------------------
------------------------------O---------
-----------------------------O-O--------
------------------------------O---------
----------------------------------------
-------------------------OOO------------
-------------------------O--------------
--------------------------O-------------
----------------------------------------
----------------------------------------
----------------------------------------
---O------------------------------------
--O-O-----------------------------------
--O-O-----------------------------------
---O------------------------------------
----------------------------------------
-------OO-------------------------------
-------OO-------------------------------
----------------------------------------

Life - generation  1745 

\u001b[H
----------------------------------------
----------------------------------------
------------------------------O---------
-----------------------------O-O--------
------------------------------O---------
--------------------------O-------------
-------------------------OO-------------
-------------------------O-O------------
----------------------------------------
----------------------------------------
----------------------------------------
----------------------------------------
---O------------------------------------
--O-O-----------------------------------
--O-O-----------------------------------
---O------------------------------------
----------------------------------------
-------OO-------------------------------
-------OO-------------------------------
----------------------------------------

Life - generation  1746 

\u001b[H
----------------------------------------
----------------------------------------
------------------------------O---------
-----------------------------O-O--------
------------------------------O---------
-------------------------OO-------------
-------------------------O-O------------
-------------------------O--------------
----------------------------------------
----------------------------------------
----------------------------------------
----------------------------------------
---O------------------------------------
--O-O-----------------------------------
--O-O-----------------------------------
---O------------------------------------
----------------------------------------
-------OO-------------------------------
-------OO-------------------------------
----------------------------------------

Life - generation  1747 

\u001b[H
----------------------------------------
----------------------------------------
------------------------------O---------
-----------------------------O-O--------
------------------------------O---------
-------------------------OO-------------
------------------------OO--------------
--------------------------O-------------
----------------------------------------
----------------------------------------
----------------------------------------
----------------------------------------
---O------------------------------------
--O-O-----------------------------------
--O-O-----------------------------------
---O------------------------------------
----------------------------------------
-------OO-------------------------------
-------OO-------------------------------
----------------------------------------

Life - generation  1748 

\u001b[H
----------------------------------------
----------------------------------------
------------------------------O---------
-----------------------------O-O--------
------------------------------O---------
------------------------OOO-------------
------------------------O---------------
-------------------------O--------------
----------------------------------------
----------------------------------------
----------------------------------------
----------------------------------------
---O------------------------------------
--O-O-----------------------------------
--O-O-----------------------------------
---O------------------------------------
----------------------------------------
-------OO-------------------------------
-------OO-------------------------------
----------------------------------------

Life - generation  1749 

\u001b[H
----------------------------------------
----------------------------------------
------------------------------O---------
-----------------------------O-O--------
-------------------------O----O---------
------------------------OO--------------
------------------------O-O-------------
----------------------------------------
----------------------------------------
----------------------------------------
----------------------------------------
----------------------------------------
---O------------------------------------
--O-O-----------------------------------
--O-O-----------------------------------
---O------------------------------------
----------------------------------------
-------OO-------------------------------
-------OO-------------------------------
----------------------------------------

Life - generation  1750 

\u001b[H
----------------------------------------
----------------------------------------
------------------------------O---------
-----------------------------O-O--------
------------------------OO----O---------
------------------------O-O-------------
------------------------O---------------
----------------------------------------
----------------------------------------
----------------------------------------
----------------------------------------
----------------------------------------
---O------------------------------------
--O-O-----------------------------------
--O-O-----------------------------------
---O------------------------------------
----------------------------------------
-------OO-------------------------------
-------OO-------------------------------
----------------------------------------

Life - generation  1751 

\u001b[H
----------------------------------------
----------------------------------------
------------------------------O---------
-----------------------------O-O--------
------------------------OO----O---------
-----------------------OO---------------
-------------------------O--------------
----------------------------------------
----------------------------------------
----------------------------------------
----------------------------------------
----------------------------------------
---O------------------------------------
--O-O-----------------------------------
--O-O-----------------------------------
---O------------------------------------
----------------------------------------
-------OO-------------------------------
-------OO-------------------------------
----------------------------------------

Life - generation  1752 

\u001b[H
----------------------------------------
----------------------------------------
------------------------------O---------
-----------------------------O-O--------
-----------------------OOO----O---------
-----------------------O----------------
------------------------O---------------
----------------------------------------
----------------------------------------
----------------------------------------
----------------------------------------
----------------------------------------
---O------------------------------------
--O-O-----------------------------------
--O-O-----------------------------------
---O------------------------------------
----------------------------------------
-------OO-------------------------------
-------OO-------------------------------
----------------------------------------

Life - generation  1753 

\u001b[H
----------------------------------------
----------------------------------------
------------------------------O---------
------------------------O----O-O--------
-----------------------OO-----O---------
-----------------------O-O--------------
----------------------------------------
----------------------------------------
----------------------------------------
----------------------------------------
----------------------------------------
----------------------------------------
---O------------------------------------
--O-O-----------------------------------
--O-O-----------------------------------
---O------------------------------------
----------------------------------------
-------OO-------------------------------
-------OO-------------------------------
----------------------------------------

Life - generation  1754 

\u001b[H
----------------------------------------
----------------------------------------
------------------------------O---------
-----------------------OO----O-O--------
-----------------------O-O----O---------
-----------------------O----------------
----------------------------------------
----------------------------------------
----------------------------------------
----------------------------------------
----------------------------------------
----------------------------------------
---O------------------------------------
--O-O-----------------------------------
--O-O-----------------------------------
---O------------------------------------
----------------------------------------
-------OO-------------------------------
-------OO-------------------------------
----------------------------------------

Life - generation  1755 

\u001b[H
----------------------------------------
----------------------------------------
------------------------------O---------
-----------------------OO----O-O--------
----------------------OO------O---------
------------------------O---------------
----------------------------------------
----------------------------------------
----------------------------------------
----------------------------------------
----------------------------------------
----------------------------------------
---O------------------------------------
--O-O-----------------------------------
--O-O-----------------------------------
---O------------------------------------
----------------------------------------
-------OO-------------------------------
-------OO-------------------------------
----------------------------------------

Life - generation  1756 

\u001b[H
----------------------------------------
----------------------------------------
------------------------------O---------
----------------------OOO----O-O--------
----------------------O-------O---------
-----------------------O----------------
----------------------------------------
----------------------------------------
----------------------------------------
----------------------------------------
----------------------------------------
----------------------------------------
---O------------------------------------
--O-O-----------------------------------
--O-O-----------------------------------
---O------------------------------------
----------------------------------------
-------OO-------------------------------
-------OO-------------------------------
----------------------------------------

Life - generation  1757 

\u001b[H
----------------------------------------
----------------------------------------
-----------------------O------O---------
----------------------OO-----O-O--------
----------------------O-O-----O---------
----------------------------------------
----------------------------------------
----------------------------------------
----------------------------------------
----------------------------------------
----------------------------------------
----------------------------------------
---O------------------------------------
--O-O-----------------------------------
--O-O-----------------------------------
---O------------------------------------
----------------------------------------
-------OO-------------------------------
-------OO-------------------------------
----------------------------------------

Life - generation  1758 

\u001b[H
----------------------------------------
----------------------------------------
----------------------OO------O---------
----------------------O-O----O-O--------
----------------------O-------O---------
----------------------------------------
----------------------------------------
----------------------------------------
----------------------------------------
----------------------------------------
----------------------------------------
----------------------------------------
---O------------------------------------
--O-O-----------------------------------
--O-O-----------------------------------
---O------------------------------------
----------------------------------------
-------OO-------------------------------
-------OO-------------------------------
----------------------------------------

Life - generation  1759 

\u001b[H
----------------------------------------
----------------------------------------
----------------------OO------O---------
---------------------OO------O-O--------
-----------------------O------O---------
----------------------------------------
----------------------------------------
----------------------------------------
----------------------------------------
----------------------------------------
----------------------------------------
----------------------------------------
---O------------------------------------
--O-O-----------------------------------
--O-O-----------------------------------
---O------------------------------------
----------------------------------------
-------OO-------------------------------
-------OO-------------------------------
----------------------------------------

Life - generation  1760 

\u001b[H
----------------------------------------
----------------------------------------
---------------------OOO------O---------
---------------------O-------O-O--------
----------------------O-------O---------
----------------------------------------
----------------------------------------
----------------------------------------
----------------------------------------
----------------------------------------
----------------------------------------
----------------------------------------
---O------------------------------------
--O-O-----------------------------------
--O-O-----------------------------------
---O------------------------------------
----------------------------------------
-------OO-------------------------------
-------OO-------------------------------
----------------------------------------

Life - generation  1761 

\u001b[H
----------------------------------------
----------------------O-----------------
---------------------OO-------O---------
---------------------O-O-----O-O--------
------------------------------O---------
----------------------------------------
----------------------------------------
----------------------------------------
----------------------------------------
----------------------------------------
----------------------------------------
----------------------------------------
---O------------------------------------
--O-O-----------------------------------
--O-O-----------------------------------
---O------------------------------------
----------------------------------------
-------OO-------------------------------
-------OO-------------------------------
----------------------------------------

Life - generation  1762 

\u001b[H
----------------------------------------
---------------------OO-----------------
---------------------O-O------O---------
---------------------O-------O-O--------
------------------------------O---------
----------------------------------------
----------------------------------------
----------------------------------------
----------------------------------------
----------------------------------------
----------------------------------------
----------------------------------------
---O------------------------------------
--O-O-----------------------------------
--O-O-----------------------------------
---O------------------------------------
----------------------------------------
-------OO-------------------------------
-------OO-------------------------------
----------------------------------------

Life - generation  1763 

\u001b[H
----------------------------------------
---------------------OO-----------------
--------------------OO--------O---------
----------------------O------O-O--------
------------------------------O---------
----------------------------------------
----------------------------------------
----------------------------------------
----------------------------------------
----------------------------------------
----------------------------------------
----------------------------------------
---O------------------------------------
--O-O-----------------------------------
--O-O-----------------------------------
---O------------------------------------
----------------------------------------
-------OO-------------------------------
-------OO-------------------------------
----------------------------------------

Life - generation  1764 

\u001b[H
----------------------------------------
--------------------OOO-----------------
--------------------O---------O---------
---------------------O-------O-O--------
------------------------------O---------
----------------------------------------
----------------------------------------
----------------------------------------
----------------------------------------
----------------------------------------
----------------------------------------
----------------------------------------
---O------------------------------------
--O-O-----------------------------------
--O-O-----------------------------------
---O------------------------------------
----------------------------------------
-------OO-------------------------------
-------OO-------------------------------
----------------------------------------

Life - generation  1765 

\u001b[H
---------------------O------------------
--------------------OO------------------
--------------------O-O-------O---------
-----------------------------O-O--------
------------------------------O---------
----------------------------------------
----------------------------------------
----------------------------------------
----------------------------------------
----------------------------------------
----------------------------------------
----------------------------------------
---O------------------------------------
--O-O-----------------------------------
--O-O-----------------------------------
---O------------------------------------
----------------------------------------
-------OO-------------------------------
-------OO-------------------------------
----------------------------------------

Life - generation  1766 

\u001b[H
--------------------OO------------------
--------------------O-O-----------------
--------------------O---------O---------
-----------------------------O-O--------
------------------------------O---------
----------------------------------------
----------------------------------------
----------------------------------------
----------------------------------------
----------------------------------------
----------------------------------------
----------------------------------------
---O------------------------------------
--O-O-----------------------------------
--O-O-----------------------------------
---O------------------------------------
----------------------------------------
-------OO-------------------------------
-------OO-------------------------------
----------------------------------------

Life - generation  1767 

\u001b[H
--------------------OO------------------
-------------------OO-------------------
---------------------O--------O---------
-----------------------------O-O--------
------------------------------O---------
----------------------------------------
----------------------------------------
----------------------------------------
----------------------------------------
----------------------------------------
----------------------------------------
----------------------------------------
---O------------------------------------
--O-O-----------------------------------
--O-O-----------------------------------
---O------------------------------------
----------------------------------------
-------OO-------------------------------
-------OO-------------------------------
----------------------------------------

Life - generation  1768 

\u001b[H
-------------------OOO------------------
-------------------O--------------------
--------------------O---------O---------
-----------------------------O-O--------
------------------------------O---------
----------------------------------------
----------------------------------------
----------------------------------------
----------------------------------------
----------------------------------------
----------------------------------------
----------------------------------------
---O------------------------------------
--O-O-----------------------------------
--O-O-----------------------------------
---O------------------------------------
----------------------------------------
-------OO-------------------------------
-------OO-------------------------------
----------------------------------------

Life - generation  1769 

\u001b[H
-------------------OO-------------------
-------------------O-O------------------
------------------------------O---------
-----------------------------O-O--------
------------------------------O---------
----------------------------------------
----------------------------------------
----------------------------------------
----------------------------------------
----------------------------------------
----------------------------------------
----------------------------------------
---O------------------------------------
--O-O-----------------------------------
--O-O-----------------------------------
---O------------------------------------
----------------------------------------
-------OO-------------------------------
-------OO-------------------------------
--------------------O-------------------

Life - generation  1770 

\u001b[H
-------------------O-O------------------
-------------------O--------------------
------------------------------O---------
-----------------------------O-O--------
------------------------------O---------
----------------------------------------
----------------------------------------
----------------------------------------
----------------------------------------
----------------------------------------
----------------------------------------
----------------------------------------
---O------------------------------------
--O-O-----------------------------------
--O-O-----------------------------------
---O------------------------------------
----------------------------------------
-------OO-------------------------------
-------OO-------------------------------
-------------------OO-------------------

Life - generation  1771 

\u001b[H
------------------OO--------------------
--------------------O-------------------
------------------------------O---------
-----------------------------O-O--------
------------------------------O---------
----------------------------------------
----------------------------------------
----------------------------------------
----------------------------------------
----------------------------------------
----------------------------------------
----------------------------------------
---O------------------------------------
--O-O-----------------------------------
--O-O-----------------------------------
---O------------------------------------
----------------------------------------
-------OO-------------------------------
-------OO-------------------------------
-------------------OO-------------------

Life - generation  1772 

\u001b[H
------------------O---------------------
-------------------O--------------------
------------------------------O---------
-----------------------------O-O--------
------------------------------O---------
----------------------------------------
----------------------------------------
----------------------------------------
----------------------------------------
----------------------------------------
----------------------------------------
----------------------------------------
---O------------------------------------
--O-O-----------------------------------
--O-O-----------------------------------
---O------------------------------------
----------------------------------------
-------OO-------------------------------
-------OO-------------------------------
------------------OOO-------------------

Life - generation  1773 

\u001b[H
------------------O-O-------------------
----------------------------------------
------------------------------O---------
-----------------------------O-O--------
------------------------------O---------
----------------------------------------
----------------------------------------
----------------------------------------
----------------------------------------
----------------------------------------
----------------------------------------
----------------------------------------
---O------------------------------------
--O-O-----------------------------------
--O-O-----------------------------------
---O------------------------------------
----------------------------------------
-------OO-------------------------------
-------OO----------O--------------------
------------------OO--------------------

Life - generation  1774 

\u001b[H
------------------O---------------------
----------------------------------------
------------------------------O---------
-----------------------------O-O--------
------------------------------O---------
----------------------------------------
----------------------------------------
----------------------------------------
----------------------------------------
----------------------------------------
----------------------------------------
----------------------------------------
---O------------------------------------
--O-O-----------------------------------
--O-O-----------------------------------
---O------------------------------------
----------------------------------------
-------OO-------------------------------
-------OO---------OO--------------------
------------------O-O-------------------

Life - generation  1775 

\u001b[H
-------------------O--------------------
----------------------------------------
------------------------------O---------
-----------------------------O-O--------
------------------------------O---------
----------------------------------------
----------------------------------------
----------------------------------------
----------------------------------------
----------------------------------------
----------------------------------------
----------------------------------------
---O------------------------------------
--O-O-----------------------------------
--O-O-----------------------------------
---O------------------------------------
----------------------------------------
-------OO-------------------------------
-------OO---------OO--------------------
-----------------OO---------------------

Life - generation  1776 

\u001b[H
------------------O---------------------
----------------------------------------
------------------------------O---------
-----------------------------O-O--------
------------------------------O---------
----------------------------------------
----------------------------------------
----------------------------------------
----------------------------------------
----------------------------------------
----------------------------------------
----------------------------------------
---O------------------------------------
--O-O-----------------------------------
--O-O-----------------------------------
---O------------------------------------
----------------------------------------
-------OO-------------------------------
-------OO--------OOO--------------------
-----------------O----------------------

Life - generation  1777 

\u001b[H
----------------------------------------
----------------------------------------
------------------------------O---------
-----------------------------O-O--------
------------------------------O---------
----------------------------------------
----------------------------------------
----------------------------------------
----------------------------------------
----------------------------------------
----------------------------------------
----------------------------------------
---O------------------------------------
--O-O-----------------------------------
--O-O-----------------------------------
---O------------------------------------
----------------------------------------
-------OO---------O---------------------
-------OO--------OO---------------------
-----------------O-O--------------------

Life - generation  1778 

\u001b[H
----------------------------------------
----------------------------------------
------------------------------O---------
-----------------------------O-O--------
------------------------------O---------
----------------------------------------
----------------------------------------
----------------------------------------
----------------------------------------
----------------------------------------
----------------------------------------
----------------------------------------
---O------------------------------------
--O-O-----------------------------------
--O-O-----------------------------------
---O------------------------------------
----------------------------------------
-------OO--------OO---------------------
-------OO--------O-O--------------------
-----------------O----------------------

Life - generation  1779 

\u001b[H
----------------------------------------
----------------------------------------
------------------------------O---------
-----------------------------O-O--------
------------------------------O---------
----------------------------------------
----------------------------------------
----------------------------------------
----------------------------------------
----------------------------------------
----------------------------------------
----------------------------------------
---O------------------------------------
--O-O-----------------------------------
--O-O-----------------------------------
---O------------------------------------
----------------------------------------
-------OO--------OO---------------------
-------OO-------OO----------------------
------------------O---------------------

Life - generation  1780 

\u001b[H
----------------------------------------
----------------------------------------
------------------------------O---------
-----------------------------O-O--------
------------------------------O---------
----------------------------------------
----------------------------------------
----------------------------------------
----------------------------------------
----------------------------------------
----------------------------------------
----------------------------------------
---O------------------------------------
--O-O-----------------------------------
--O-O-----------------------------------
---O------------------------------------
----------------------------------------
-------OO-------OOO---------------------
-------OO-------O-----------------------
-----------------O----------------------

Life - generation  1781 

\u001b[H
----------------------------------------
----------------------------------------
------------------------------O---------
-----------------------------O-O--------
------------------------------O---------
----------------------------------------
----------------------------------------
----------------------------------------
----------------------------------------
----------------------------------------
----------------------------------------
----------------------------------------
---O------------------------------------
--O-O-----------------------------------
--O-O-----------------------------------
---O------------------------------------
-----------------O----------------------
-------OO-------OO----------------------
-------OO-------O-O---------------------
----------------------------------------

Life - generation  1782 

\u001b[H
----------------------------------------
----------------------------------------
------------------------------O---------
-----------------------------O-O--------
------------------------------O---------
----------------------------------------
----------------------------------------
----------------------------------------
----------------------------------------
----------------------------------------
----------------------------------------
----------------------------------------
---O------------------------------------
--O-O-----------------------------------
--O-O-----------------------------------
---O------------------------------------
----------------OO----------------------
-------OO-------O-O---------------------
-------OO-------O-----------------------
----------------------------------------

Life - generation  1783 

\u001b[H
----------------------------------------
----------------------------------------
------------------------------O---------
-----------------------------O-O--------
------------------------------O---------
----------------------------------------
----------------------------------------
----------------------------------------
----------------------------------------
----------------------------------------
----------------------------------------
----------------------------------------
---O------------------------------------
--O-O-----------------------------------
--O-O-----------------------------------
---O------------------------------------
----------------OO----------------------
-------OO------OO-----------------------
-------OO--------O----------------------
----------------------------------------

Life - generation  1784 

\u001b[H
----------------------------------------
----------------------------------------
------------------------------O---------
-----------------------------O-O--------
------------------------------O---------
----------------------------------------
----------------------------------------
----------------------------------------
----------------------------------------
----------------------------------------
----------------------------------------
----------------------------------------
---O------------------------------------
--O-O-----------------------------------
--O-O-----------------------------------
---O------------------------------------
---------------OOO----------------------
-------OO------O------------------------
-------OO-------O-----------------------
----------------------------------------

Life - generation  1785 

\u001b[H
----------------------------------------
----------------------------------------
------------------------------O---------
-----------------------------O-O--------
------------------------------O---------
----------------------------------------
----------------------------------------
----------------------------------------
----------------------------------------
----------------------------------------
----------------------------------------
----------------------------------------
---O------------------------------------
--O-O-----------------------------------
--O-O-----------------------------------
---O------------O-----------------------
---------------OO-----------------------
-------OO------O-O----------------------
-------OO-------------------------------
----------------------------------------

Life - generation  1786 

\u001b[H
----------------------------------------
----------------------------------------
------------------------------O---------
-----------------------------O-O--------
------------------------------O---------
----------------------------------------
----------------------------------------
----------------------------------------
----------------------------------------
----------------------------------------
----------------------------------------
----------------------------------------
---O------------------------------------
--O-O-----------------------------------
--O-O-----------------------------------
---O-----------OO-----------------------
---------------O-O----------------------
-------OO------O------------------------
-------OO-------------------------------
----------------------------------------

Life - generation  1787 

\u001b[H
----------------------------------------
----------------------------------------
------------------------------O---------
-----------------------------O-O--------
------------------------------O---------
----------------------------------------
----------------------------------------
----------------------------------------
----------------------------------------
----------------------------------------
----------------------------------------
----------------------------------------
---O------------------------------------
--O-O-----------------------------------
--O-O-----------------------------------
---O-----------OO-----------------------
--------------OO------------------------
-------OO-------O-----------------------
-------OO-------------------------------
----------------------------------------

Life - generation  1788 

\u001b[H
----------------------------------------
----------------------------------------
------------------------------O---------
-----------------------------O-O--------
------------------------------O---------
----------------------------------------
----------------------------------------
----------------------------------------
----------------------------------------
----------------------------------------
----------------------------------------
----------------------------------------
---O------------------------------------
--O-O-----------------------------------
--O-O-----------------------------------
---O----------OOO-----------------------
--------------O-------------------------
-------OO------O------------------------
-------OO-------------------------------
----------------------------------------

Life - generation  1789 

\u001b[H
----------------------------------------
----------------------------------------
------------------------------O---------
-----------------------------O-O--------
------------------------------O---------
----------------------------------------
----------------------------------------
----------------------------------------
----------------------------------------
----------------------------------------
----------------------------------------
----------------------------------------
---O------------------------------------
--O-O-----------------------------------
--O-O----------O------------------------
---O----------OO------------------------
--------------O-O-----------------------
-------OO-------------------------------
-------OO-------------------------------
----------------------------------------

Life - generation  1790 

\u001b[H
----------------------------------------
----------------------------------------
------------------------------O---------
-----------------------------O-O--------
------------------------------O---------
----------------------------------------
----------------------------------------
----------------------------------------
----------------------------------------
----------------------------------------
----------------------------------------
----------------------------------------
---O------------------------------------
--O-O-----------------------------------
--O-O---------OO------------------------
---O----------O-O-----------------------
--------------O-------------------------
-------OO-------------------------------
-------OO-------------------------------
----------------------------------------

Life - generation  1791 

\u001b[H
----------------------------------------
----------------------------------------
------------------------------O---------
-----------------------------O-O--------
------------------------------O---------
----------------------------------------
----------------------------------------
----------------------------------------
----------------------------------------
----------------------------------------
----------------------------------------
----------------------------------------
---O------------------------------------
--O-O-----------------------------------
--O-O---------OO------------------------
---O---------OO-------------------------
---------------O------------------------
-------OO-------------------------------
-------OO-------------------------------
----------------------------------------

Life - generation  1792 

\u001b[H
----------------------------------------
----------------------------------------
------------------------------O---------
-----------------------------O-O--------
------------------------------O---------
----------------------------------------
----------------------------------------
----------------------------------------
----------------------------------------
----------------------------------------
----------------------------------------
----------------------------------------
---O------------------------------------
--O-O-----------------------------------
--O-O--------OOO------------------------
---O---------O--------------------------
--------------O-------------------------
-------OO-------------------------------
-------OO-------------------------------
----------------------------------------

Life - generation  1793 

\u001b[H
----------------------------------------
----------------------------------------
------------------------------O---------
-----------------------------O-O--------
------------------------------O---------
----------------------------------------
----------------------------------------
----------------------------------------
----------------------------------------
----------------------------------------
----------------------------------------
----------------------------------------
---O------------------------------------
--O-O---------O-------------------------
--O-O--------OO-------------------------
---O---------O-O------------------------
----------------------------------------
-------OO-------------------------------
-------OO-------------------------------
----------------------------------------

Life - generation  1794 

\u001b[H
----------------------------------------
----------------------------------------
------------------------------O---------
-----------------------------O-O--------
------------------------------O---------
----------------------------------------
----------------------------------------
----------------------------------------
----------------------------------------
----------------------------------------
----------------------------------------
----------------------------------------
---O------------------------------------
--O-O--------OO-------------------------
--O-O--------O-O------------------------
---O---------O--------------------------
----------------------------------------
-------OO-------------------------------
-------OO-------------------------------
----------------------------------------

Life - generation  1795 

\u001b[H
----------------------------------------
----------------------------------------
------------------------------O---------
-----------------------------O-O--------
------------------------------O---------
----------------------------------------
----------------------------------------
----------------------------------------
----------------------------------------
----------------------------------------
----------------------------------------
----------------------------------------
---O------------------------------------
--O-O--------OO-------------------------
--O-O-------OO--------------------------
---O----------O-------------------------
----------------------------------------
-------OO-------------------------------
-------OO-------------------------------
----------------------------------------

Life - generation  1796 

\u001b[H
----------------------------------------
----------------------------------------
------------------------------O---------
-----------------------------O-O--------
------------------------------O---------
----------------------------------------
----------------------------------------
----------------------------------------
----------------------------------------
----------------------------------------
----------------------------------------
----------------------------------------
---O------------------------------------
--O-O-------OOO-------------------------
--O-O-------O---------------------------
---O---------O--------------------------
----------------------------------------
-------OO-------------------------------
-------OO-------------------------------
----------------------------------------

Life - generation  1797 

\u001b[H
----------------------------------------
----------------------------------------
------------------------------O---------
-----------------------------O-O--------
------------------------------O---------
----------------------------------------
----------------------------------------
----------------------------------------
----------------------------------------
----------------------------------------
----------------------------------------
----------------------------------------
---O---------O--------------------------
--O-O-------OO--------------------------
--O-O-------O-O-------------------------
---O------------------------------------
----------------------------------------
-------OO-------------------------------
-------OO-------------------------------
----------------------------------------

Life - generation  1798 

\u001b[H
----------------------------------------
----------------------------------------
------------------------------O---------
-----------------------------O-O--------
------------------------------O---------
----------------------------------------
----------------------------------------
----------------------------------------
----------------------------------------
----------------------------------------
----------------------------------------
----------------------------------------
---O--------OO--------------------------
--O-O-------O-O-------------------------
--O-O-------O---------------------------
---O------------------------------------
----------------------------------------
-------OO-------------------------------
-------OO-------------------------------
----------------------------------------

Life - generation  1799 

\u001b[H
----------------------------------------
----------------------------------------
------------------------------O---------
-----------------------------O-O--------
------------------------------O---------
----------------------------------------
----------------------------------------
----------------------------------------
----------------------------------------
----------------------------------------
----------------------------------------
----------------------------------------
---O--------OO--------------------------
--O-O------OO---------------------------
--O-O--------O--------------------------
---O------------------------------------
----------------------------------------
-------OO-------------------------------
-------OO-------------------------------
----------------------------------------

Life - generation  1800 

\u001b[H
----------------------------------------
----------------------------------------
------------------------------O---------
-----------------------------O-O--------
------------------------------O---------
----------------------------------------
----------------------------------------
----------------------------------------
----------------------------------------
----------------------------------------
----------------------------------------
----------------------------------------
---O-------OOO--------------------------
--O-O------O----------------------------
--O-O-------O---------------------------
---O------------------------------------
----------------------------------------
-------OO-------------------------------
-------OO-------------------------------
----------------------------------------

Life - generation  1801 

\u001b[H
----------------------------------------
----------------------------------------
------------------------------O---------
-----------------------------O-O--------
------------------------------O---------
----------------------------------------
----------------------------------------
----------------------------------------
----------------------------------------
----------------------------------------
----------------------------------------
------------O---------------------------
---O-------OO---------------------------
--O-O------O-O--------------------------
--O-O-----------------------------------
---O------------------------------------
----------------------------------------
-------OO-------------------------------
-------OO-------------------------------
----------------------------------------

Life - generation  1802 

\u001b[H
----------------------------------------
----------------------------------------
------------------------------O---------
-----------------------------O-O--------
------------------------------O---------
----------------------------------------
----------------------------------------
----------------------------------------
----------------------------------------
----------------------------------------
----------------------------------------
-----------OO---------------------------
---O-------O-O--------------------------
--O-O------O----------------------------
--O-O-----------------------------------
---O------------------------------------
----------------------------------------
-------OO-------------------------------
-------OO-------------------------------
----------------------------------------

Life - generation  1803 

\u001b[H
----------------------------------------
----------------------------------------
------------------------------O---------
-----------------------------O-O--------
------------------------------O---------
----------------------------------------
----------------------------------------
----------------------------------------
----------------------------------------
----------------------------------------
----------------------------------------
-----------OO---------------------------
---O------OO----------------------------
--O-O-------O---------------------------
--O-O-----------------------------------
---O------------------------------------
----------------------------------------
-------OO-------------------------------
-------OO-------------------------------
----------------------------------------

Life - generation  1804 

\u001b[H
----------------------------------------
----------------------------------------
------------------------------O---------
-----------------------------O-O--------
------------------------------O---------
----------------------------------------
----------------------------------------
----------------------------------------
----------------------------------------
----------------------------------------
----------------------------------------
----------OOO---------------------------
---O------O-----------------------------
--O-O------O----------------------------
--O-O-----------------------------------
---O------------------------------------
----------------------------------------
-------OO-------------------------------
-------OO-------------------------------
----------------------------------------

Life - generation  1805 

\u001b[H
----------------------------------------
----------------------------------------
------------------------------O---------
-----------------------------O-O--------
------------------------------O---------
----------------------------------------
----------------------------------------
----------------------------------------
----------------------------------------
----------------------------------------
-----------O----------------------------
----------OO----------------------------
---O------O-O---------------------------
--O-O-----------------------------------
--O-O-----------------------------------
---O------------------------------------
----------------------------------------
-------OO-------------------------------
-------OO-------------------------------
----------------------------------------

Life - generation  1806 

\u001b[H
----------------------------------------
----------------------------------------
------------------------------O---------
-----------------------------O-O--------
------------------------------O---------
----------------------------------------
----------------------------------------
----------------------------------------
----------------------------------------
----------------------------------------
----------OO----------------------------
----------O-O---------------------------
---O------O-----------------------------
--O-O-----------------------------------
--O-O-----------------------------------
---O------------------------------------
----------------------------------------
-------OO-------------------------------
-------OO-------------------------------
----------------------------------------

Life - generation  1807 

\u001b[H
----------------------------------------
----------------------------------------
------------------------------O---------
-----------------------------O-O--------
------------------------------O---------
----------------------------------------
----------------------------------------
----------------------------------------
----------------------------------------
----------------------------------------
----------OO----------------------------
---------OO-----------------------------
---O-------O----------------------------
--O-O-----------------------------------
--O-O-----------------------------------
---O------------------------------------
----------------------------------------
-------OO-------------------------------
-------OO-------------------------------
----------------------------------------

Life - generation  1808 

\u001b[H
----------------------------------------
----------------------------------------
------------------------------O---------
-----------------------------O-O--------
------------------------------O---------
----------------------------------------
----------------------------------------
----------------------------------------
----------------------------------------
----------------------------------------
---------OOO----------------------------
---------O------------------------------
---O------O-----------------------------
--O-O-----------------------------------
--O-O-----------------------------------
---O------------------------------------
----------------------------------------
-------OO-------------------------------
-------OO-------------------------------
----------------------------------------

Life - generation  1809 

\u001b[H
----------------------------------------
----------------------------------------
------------------------------O---------
-----------------------------O-O--------
------------------------------O---------
----------------------------------------
----------------------------------------
----------------------------------------
----------------------------------------
----------O-----------------------------
---------OO-----------------------------
---------O-O----------------------------
---O------------------------------------
--O-O-----------------------------------
--O-O-----------------------------------
---O------------------------------------
----------------------------------------
-------OO-------------------------------
-------OO-------------------------------
----------------------------------------

Life - generation  1810 

\u001b[H
----------------------------------------
----------------------------------------
------------------------------O---------
-----------------------------O-O--------
------------------------------O---------
----------------------------------------
----------------------------------------
----------------------------------------
----------------------------------------
---------OO-----------------------------
---------O-O----------------------------
---------O------------------------------
---O------------------------------------
--O-O-----------------------------------
--O-O-----------------------------------
---O------------------------------------
----------------------------------------
-------OO-------------------------------
-------OO-------------------------------
----------------------------------------

Life - generation  1811 

\u001b[H
----------------------------------------
----------------------------------------
------------------------------O---------
-----------------------------O-O--------
------------------------------O---------
----------------------------------------
----------------------------------------
----------------------------------------
----------------------------------------
---------OO-----------------------------
--------OO------------------------------
----------O-----------------------------
---O------------------------------------
--O-O-----------------------------------
--O-O-----------------------------------
---O------------------------------------
----------------------------------------
-------OO-------------------------------
-------OO-------------------------------
----------------------------------------

Life - generation  1812 

\u001b[H
----------------------------------------
----------------------------------------
------------------------------O---------
-----------------------------O-O--------
------------------------------O---------
----------------------------------------
----------------------------------------
----------------------------------------
----------------------------------------
--------OOO-----------------------------
--------O-------------------------------
---------O------------------------------
---O------------------------------------
--O-O-----------------------------------
--O-O-----------------------------------
---O------------------------------------
----------------------------------------
-------OO-------------------------------
-------OO-------------------------------
----------------------------------------

Life - generation  1813 

\u001b[H
----------------------------------------
----------------------------------------
------------------------------O---------
-----------------------------O-O--------
------------------------------O---------
----------------------------------------
----------------------------------------
----------------------------------------
---------O------------------------------
--------OO------------------------------
--------O-O-----------------------------
----------------------------------------
---O------------------------------------
--O-O-----------------------------------
--O-O-----------------------------------
---O------------------------------------
----------------------------------------
-------OO-------------------------------
-------OO-------------------------------
----------------------------------------

Life - generation  1814 

\u001b[H
----------------------------------------
----------------------------------------
------------------------------O---------
-----------------------------O-O--------
------------------------------O---------
----------------------------------------
----------------------------------------
----------------------------------------
--------OO------------------------------
--------O-O-----------------------------
--------O-------------------------------
----------------------------------------
---O------------------------------------
--O-O-----------------------------------
--O-O-----------------------------------
---O------------------------------------
----------------------------------------
-------OO-------------------------------
-------OO-------------------------------
----------------------------------------

Life - generation  1815 

\u001b[H
----------------------------------------
----------------------------------------
------------------------------O---------
-----------------------------O-O--------
------------------------------O---------
----------------------------------------
----------------------------------------
----------------------------------------
--------OO------------------------------
-------OO-------------------------------
---------O------------------------------
----------------------------------------
---O------------------------------------
--O-O-----------------------------------
--O-O-----------------------------------
---O------------------------------------
----------------------------------------
-------OO-------------------------------
-------OO-------------------------------
----------------------------------------

Life - generation  1816 

\u001b[H
----------------------------------------
----------------------------------------
------------------------------O---------
-----------------------------O-O--------
------------------------------O---------
----------------------------------------
----------------------------------------
----------------------------------------
-------OOO------------------------------
-------O--------------------------------
--------O-------------------------------
----------------------------------------
---O------------------------------------
--O-O-----------------------------------
--O-O-----------------------------------
---O------------------------------------
----------------------------------------
-------OO-------------------------------
-------OO-------------------------------
----------------------------------------

Life - generation  1817 

\u001b[H
----------------------------------------
----------------------------------------
------------------------------O---------
-----------------------------O-O--------
------------------------------O---------
----------------------------------------
----------------------------------------
--------O-------------------------------
-------OO-------------------------------
-------O-O------------------------------
----------------------------------------
----------------------------------------
---O------------------------------------
--O-O-----------------------------------
--O-O-----------------------------------
---O------------------------------------
----------------------------------------
-------OO-------------------------------
-------OO-------------------------------
----------------------------------------

Life - generation  1818 

\u001b[H
----------------------------------------
----------------------------------------
------------------------------O---------
-----------------------------O-O--------
------------------------------O---------
----------------------------------------
----------------------------------------
-------OO-------------------------------
-------O-O------------------------------
-------O--------------------------------
----------------------------------------
----------------------------------------
---O------------------------------------
--O-O-----------------------------------
--O-O-----------------------------------
---O------------------------------------
----------------------------------------
-------OO-------------------------------
-------OO-------------------------------
----------------------------------------

Life - generation  1819 

\u001b[H
----------------------------------------
----------------------------------------
------------------------------O---------
-----------------------------O-O--------
------------------------------O---------
----------------------------------------
----------------------------------------
-------OO-------------------------------
------OO--------------------------------
--------O-------------------------------
----------------------------------------
----------------------------------------
---O------------------------------------
--O-O-----------------------------------
--O-O-----------------------------------
---O------------------------------------
----------------------------------------
-------OO-------------------------------
-------OO-------------------------------
----------------------------------------

Life - generation  1820 

\u001b[H
----------------------------------------
----------------------------------------
------------------------------O---------
-----------------------------O-O--------
------------------------------O---------
----------------------------------------
----------------------------------------
------OOO-------------------------------
------O---------------------------------
-------O--------------------------------
----------------------------------------
----------------------------------------
---O------------------------------------
--O-O-----------------------------------
--O-O-----------------------------------
---O------------------------------------
----------------------------------------
-------OO-------------------------------
-------OO-------------------------------
----------------------------------------

Life - generation  1821 

\u001b[H
----------------------------------------
----------------------------------------
------------------------------O---------
-----------------------------O-O--------
------------------------------O---------
----------------------------------------
-------O--------------------------------
------OO--------------------------------
------O-O-------------------------------
----------------------------------------
----------------------------------------
----------------------------------------
---O------------------------------------
--O-O-----------------------------------
--O-O-----------------------------------
---O------------------------------------
----------------------------------------
-------OO-------------------------------
-------OO-------------------------------
----------------------------------------

Life - generation  1822 

\u001b[H
----------------------------------------
----------------------------------------
------------------------------O---------
-----------------------------O-O--------
------------------------------O---------
----------------------------------------
------OO--------------------------------
------O-O-------------------------------
------O---------------------------------
----------------------------------------
----------------------------------------
----------------------------------------
---O------------------------------------
--O-O-----------------------------------
--O-O-----------------------------------
---O------------------------------------
----------------------------------------
-------OO-------------------------------
-------OO-------------------------------
----------------------------------------

Life - generation  1823 

\u001b[H
----------------------------------------
----------------------------------------
------------------------------O---------
-----------------------------O-O--------
------------------------------O---------
----------------------------------------
------OO--------------------------------
-----OO---------------------------------
-------O--------------------------------
----------------------------------------
----------------------------------------
----------------------------------------
---O------------------------------------
--O-O-----------------------------------
--O-O-----------------------------------
---O------------------------------------
----------------------------------------
-------OO-------------------------------
-------OO-------------------------------
----------------------------------------

Life - generation  1824 

\u001b[H
----------------------------------------
----------------------------------------
------------------------------O---------
-----------------------------O-O--------
------------------------------O---------
----------------------------------------
-----OOO--------------------------------
-----O----------------------------------
------O---------------------------------
----------------------------------------
----------------------------------------
----------------------------------------
---O------------------------------------
--O-O-----------------------------------
--O-O-----------------------------------
---O------------------------------------
----------------------------------------
-------OO-------------------------------
-------OO-------------------------------
----------------------------------------

Life - generation  1825 

\u001b[H
----------------------------------------
----------------------------------------
------------------------------O---------
-----------------------------O-O--------
------------------------------O---------
------O---------------------------------
-----OO---------------------------------
-----O-O--------------------------------
----------------------------------------
----------------------------------------
----------------------------------------
----------------------------------------
---O------------------------------------
--O-O-----------------------------------
--O-O-----------------------------------
---O------------------------------------
----------------------------------------
-------OO-------------------------------
-------OO-------------------------------
----------------------------------------

Life - generation  1826 

\u001b[H
----------------------------------------
----------------------------------------
------------------------------O---------
-----------------------------O-O--------
------------------------------O---------
-----OO---------------------------------
-----O-O--------------------------------
-----O----------------------------------
----------------------------------------
----------------------------------------
----------------------------------------
----------------------------------------
---O------------------------------------
--O-O-----------------------------------
--O-O-----------------------------------
---O------------------------------------
----------------------------------------
-------OO-------------------------------
-------OO-------------------------------
----------------------------------------

Life - generation  1827 

\u001b[H
----------------------------------------
----------------------------------------
------------------------------O---------
-----------------------------O-O--------
------------------------------O---------
-----OO---------------------------------
----OO----------------------------------
------O---------------------------------
----------------------------------------
----------------------------------------
----------------------------------------
----------------------------------------
---O------------------------------------
--O-O-----------------------------------
--O-O-----------------------------------
---O------------------------------------
----------------------------------------
-------OO-------------------------------
-------OO-------------------------------
----------------------------------------

Life - generation  1828 

\u001b[H
----------------------------------------
----------------------------------------
------------------------------O---------
-----------------------------O-O--------
------------------------------O---------
----OOO---------------------------------
----O-----------------------------------
-----O----------------------------------
----------------------------------------
----------------------------------------
----------------------------------------
----------------------------------------
---O------------------------------------
--O-O-----------------------------------
--O-O-----------------------------------
---O------------------------------------
----------------------------------------
-------OO-------------------------------
-------OO-------------------------------
----------------------------------------

Life - generation  1829 

\u001b[H
----------------------------------------
----------------------------------------
------------------------------O---------
-----------------------------O-O--------
-----O------------------------O---------
----OO----------------------------------
----O-O---------------------------------
----------------------------------------
----------------------------------------
----------------------------------------
----------------------------------------
----------------------------------------
---O------------------------------------
--O-O-----------------------------------
--O-O-----------------------------------
---O------------------------------------
----------------------------------------
-------OO-------------------------------
-------OO-------------------------------
----------------------------------------

Life - generation  1830 

\u001b[H
----------------------------------------
----------------------------------------
------------------------------O---------
-----------------------------O-O--------
----OO------------------------O---------
----O-O---------------------------------
----O-----------------------------------
----------------------------------------
----------------------------------------
----------------------------------------
----------------------------------------
----------------------------------------
---O------------------------------------
--O-O-----------------------------------
--O-O-----------------------------------
---O------------------------------------
----------------------------------------
-------OO-------------------------------
-------OO-------------------------------
----------------------------------------

Life - generation  1831 

\u001b[H
----------------------------------------
----------------------------------------
------------------------------O---------
-----------------------------O-O--------
----OO------------------------O---------
---OO-----------------------------------
-----O----------------------------------
----------------------------------------
----------------------------------------
----------------------------------------
----------------------------------------
----------------------------------------
---O------------------------------------
--O-O-----------------------------------
--O-O-----------------------------------
---O------------------------------------
----------------------------------------
-------OO-------------------------------
-------OO-------------------------------
----------------------------------------

Life - generation  1832 

\u001b[H
----------------------------------------
----------------------------------------
------------------------------O---------
-----------------------------O-O--------
---OOO------------------------O---------
---O------------------------------------
----O-----------------------------------
----------------------------------------
----------------------------------------
----------------------------------------
----------------------------------------
----------------------------------------
---O------------------------------------
--O-O-----------------------------------
--O-O-----------------------------------
---O------------------------------------
----------------------------------------
-------OO-------------------------------
-------OO-------------------------------
----------------------------------------

Life - generation  1833 

\u001b[H
----------------------------------------
----------------------------------------
------------------------------O---------
----O------------------------O-O--------
---OO-------------------------O---------
---O-O----------------------------------
----------------------------------------
----------------------------------------
----------------------------------------
----------------------------------------
----------------------------------------
----------------------------------------
---O------------------------------------
--O-O-----------------------------------
--O-O-----------------------------------
---O------------------------------------
----------------------------------------
-------OO-------------------------------
-------OO-------------------------------
----------------------------------------

Life - generation  1834 

\u001b[H
----------------------------------------
----------------------------------------
------------------------------O---------
---OO------------------------O-O--------
---O-O------------------------O---------
---O------------------------------------
----------------------------------------
----------------------------------------
----------------------------------------
----------------------------------------
----------------------------------------
----------------------------------------
---O------------------------------------
--O-O-----------------------------------
--O-O-----------------------------------
---O------------------------------------
----------------------------------------
-------OO-------------------------------
-------OO-------------------------------
----------------------------------------

Life - generation  1835 

\u001b[H
----------------------------------------
----------------------------------------
------------------------------O---------
---OO------------------------O-O--------
--OO--------------------------O---------
----O-----------------------------------
----------------------------------------
----------------------------------------
----------------------------------------
----------------------------------------
----------------------------------------
----------------------------------------
---O------------------------------------
--O-O-----------------------------------
--O-O-----------------------------------
---O------------------------------------
----------------------------------------
-------OO-------------------------------
-------OO-------------------------------
----------------------------------------

Life - generation  1836 

\u001b[H
----------------------------------------
----------------------------------------
------------------------------O---------
--OOO------------------------O-O--------
--O---------------------------O---------
---O------------------------------------
----------------------------------------
----------------------------------------
----------------------------------------
----------------------------------------
----------------------------------------
----------------------------------------
---O------------------------------------
--O-O-----------------------------------
--O-O-----------------------------------
---O------------------------------------
----------------------------------------
-------OO-------------------------------
-------OO-------------------------------
----------------------------------------

Life - generation  1837 

\u001b[H
----------------------------------------
----------------------------------------
---O--------------------------O---------
--OO-------------------------O-O--------
--O-O-------------------------O---------
----------------------------------------
----------------------------------------
----------------------------------------
----------------------------------------
----------------------------------------
----------------------------------------
----------------------------------------
---O------------------------------------
--O-O-----------------------------------
--O-O-----------------------------------
---O------------------------------------
----------------------------------------
-------OO-------------------------------
-------OO-------------------------------
----------------------------------------

Life - generation  1838 

\u001b[H
----------------------------------------
----------------------------------------
--OO--------------------------O---------
--O-O------------------------O-O--------
--O---------------------------O---------
----------------------------------------
----------------------------------------
----------------------------------------
----------------------------------------
----------------------------------------
----------------------------------------
----------------------------------------
---O------------------------------------
--O-O-----------------------------------
--O-O-----------------------------------
---O------------------------------------
----------------------------------------
-------OO-------------------------------
-------OO-------------------------------
----------------------------------------

Life - generation  1839 

\u001b[H
----------------------------------------
----------------------------------------
--OO--------------------------O---------
-OO--------------------------O-O--------
---O--------------------------O---------
----------------------------------------
----------------------------------------
----------------------------------------
----------------------------------------
----------------------------------------
----------------------------------------
----------------------------------------
---O------------------------------------
--O-O-----------------------------------
--O-O-----------------------------------
---O------------------------------------
----------------------------------------
-------OO-------------------------------
-------OO-------------------------------
----------------------------------------

Life - generation  1840 

\u001b[H
----------------------------------------
----------------------------------------
-OOO--------------------------O---------
-O---------------------------O-O--------
--O---------------------------O---------
----------------------------------------
----------------------------------------
----------------------------------------
----------------------------------------
----------------------------------------
----------------------------------------
----------------------------------------
---O------------------------------------
--O-O-----------------------------------
--O-O-----------------------------------
---O------------------------------------
----------------------------------------
-------OO-------------------------------
-------OO-------------------------------
----------------------------------------

Life - generation  1841 

\u001b[H
----------------------------------------
--O-------------------------------------
-OO---------------------------O---------
-O-O-------------------------O-O--------
------------------------------O---------
----------------------------------------
----------------------------------------
----------------------------------------
----------------------------------------
----------------------------------------
----------------------------------------
----------------------------------------
---O------------------------------------
--O-O-----------------------------------
--O-O-----------------------------------
---O------------------------------------
----------------------------------------
-------OO-------------------------------
-------OO-------------------------------
----------------------------------------

Life - generation  1842 

\u001b[H
----------------------------------------
-OO-------------------------------------
-O-O--------------------------O---------
-O---------------------------O-O--------
------------------------------O---------
----------------------------------------
----------------------------------------
----------------------------------------
----------------------------------------
----------------------------------------
----------------------------------------
----------------------------------------
---O------------------------------------
--O-O-----------------------------------
--O-O-----------------------------------
---O------------------------------------
----------------------------------------
-------OO-------------------------------
-------OO-------------------------------
----------------------------------------

Life - generation  1843 

\u001b[H
----------------------------------------
-OO-------------------------------------
OO----------------------------O---------
--O--------------------------O-O--------
------------------------------O---------
----------------------------------------
----------------------------------------
----------------------------------------
----------------------------------------
----------------------------------------
----------------------------------------
----------------------------------------
---O------------------------------------
--O-O-----------------------------------
--O-O-----------------------------------
---O------------------------------------
----------------------------------------
-------OO-------------------------------
-------OO-------------------------------
----------------------------------------

Life - generation  1844 

\u001b[H
----------------------------------------
OOO-------------------------------------
O-----------------------------O---------
-O---------------------------O-O--------
------------------------------O---------
----------------------------------------
----------------------------------------
----------------------------------------
----------------------------------------
----------------------------------------
----------------------------------------
----------------------------------------
---O------------------------------------
--O-O-----------------------------------
--O-O-----------------------------------
---O------------------------------------
----------------------------------------
-------OO-------------------------------
-------OO-------------------------------
----------------------------------------

Life - generation  1845 

\u001b[H
-O--------------------------------------
OO--------------------------------------
O-O---------------------------O---------
-----------------------------O-O--------
------------------------------O---------
----------------------------------------
----------------------------------------
----------------------------------------
----------------------------------------
----------------------------------------
----------------------------------------
----------------------------------------
---O------------------------------------
--O-O-----------------------------------
--O-O-----------------------------------
---O------------------------------------
----------------------------------------
-------OO-------------------------------
-------OO-------------------------------
----------------------------------------

Life - generation  1846 

\u001b[H
OO--------------------------------------
O-O-------------------------------------
O-----------------------------O---------
-----------------------------O-O--------
------------------------------O---------
----------------------------------------
----------------------------------------
----------------------------------------
----------------------------------------
----------------------------------------
----------------------------------------
----------------------------------------
---O------------------------------------
--O-O-----------------------------------
--O-O-----------------------------------
---O------------------------------------
----------------------------------------
-------OO-------------------------------
-------OO-------------------------------
----------------------------------------

Life - generation  1847 

\u001b[H
OO--------------------------------------
O--------------------------------------O
-O----------------------------O---------
-----------------------------O-O--------
------------------------------O---------
----------------------------------------
----------------------------------------
----------------------------------------
----------------------------------------
----------------------------------------
----------------------------------------
----------------------------------------
---O------------------------------------
--O-O-----------------------------------
--O-O-----------------------------------
---O------------------------------------
----------------------------------------
-------OO-------------------------------
-------OO-------------------------------
----------------------------------------

Life - generation  1848 

\u001b[H
OO-------------------------------------O
---------------------------------------O
O-----------------------------O---------
-----------------------------O-O--------
------------------------------O---------
----------------------------------------
----------------------------------------
----------------------------------------
----------------------------------------
----------------------------------------
----------------------------------------
----------------------------------------
---O------------------------------------
--O-O-----------------------------------
--O-O-----------------------------------
---O------------------------------------
----------------------------------------
-------OO-------------------------------
-------OO-------------------------------
----------------------------------------

Life - generation  1849 

\u001b[H
O--------------------------------------O
-O-------------------------------------O
------------------------------O---------
-----------------------------O-O--------
------------------------------O---------
----------------------------------------
----------------------------------------
----------------------------------------
----------------------------------------
----------------------------------------
----------------------------------------
----------------------------------------
---O------------------------------------
--O-O-----------------------------------
--O-O-----------------------------------
---O------------------------------------
----------------------------------------
-------OO-------------------------------
-------OO-------------------------------
O---------------------------------------

Life - generation  1850 

\u001b[H
-O-------------------------------------O
---------------------------------------O
------------------------------O---------
-----------------------------O-O--------
------------------------------O---------
----------------------------------------
----------------------------------------
----------------------------------------
----------------------------------------
----------------------------------------
----------------------------------------
----------------------------------------
---O------------------------------------
--O-O-----------------------------------
--O-O-----------------------------------
---O------------------------------------
----------------------------------------
-------OO-------------------------------
-------OO-------------------------------
O--------------------------------------O

Life - generation  1851 

\u001b[H
--------------------------------------OO
O---------------------------------------
------------------------------O---------
-----------------------------O-O--------
------------------------------O---------
----------------------------------------
----------------------------------------
----------------------------------------
----------------------------------------
----------------------------------------
----------------------------------------
----------------------------------------
---O------------------------------------
--O-O-----------------------------------
--O-O-----------------------------------
---O------------------------------------
----------------------------------------
-------OO-------------------------------
-------OO-------------------------------
O--------------------------------------O

Life - generation  1852 

\u001b[H
--------------------------------------O-
---------------------------------------O
------------------------------O---------
-----------------------------O-O--------
------------------------------O---------
----------------------------------------
----------------------------------------
----------------------------------------
----------------------------------------
----------------------------------------
----------------------------------------
----------------------------------------
---O------------------------------------
--O-O-----------------------------------
--O-O-----------------------------------
---O------------------------------------
----------------------------------------
-------OO-------------------------------
-------OO-------------------------------
O-------------------------------------OO

Life - generation  1853 

\u001b[H
O-------------------------------------O-
----------------------------------------
------------------------------O---------
-----------------------------O-O--------
------------------------------O---------
----------------------------------------
----------------------------------------
----------------------------------------
----------------------------------------
----------------------------------------
----------------------------------------
----------------------------------------
---O------------------------------------
--O-O-----------------------------------
--O-O-----------------------------------
---O------------------------------------
----------------------------------------
-------OO-------------------------------
-------OO------------------------------O
--------------------------------------OO

Life - generation  1854 

\u001b[H
--------------------------------------O-
----------------------------------------
------------------------------O---------
-----------------------------O-O--------
------------------------------O---------
----------------------------------------
----------------------------------------
----------------------------------------
----------------------------------------
----------------------------------------
----------------------------------------
----------------------------------------
---O------------------------------------
--O-O-----------------------------------
--O-O-----------------------------------
---O------------------------------------
----------------------------------------
-------OO-------------------------------
-------OO-----------------------------OO
O-------------------------------------O-

Life - generation  1855 

\u001b[H
---------------------------------------O
----------------------------------------
------------------------------O---------
-----------------------------O-O--------
------------------------------O---------
----------------------------------------
----------------------------------------
----------------------------------------
----------------------------------------
----------------------------------------
----------------------------------------
----------------------------------------
---O------------------------------------
--O-O-----------------------------------
--O-O-----------------------------------
---O------------------------------------
----------------------------------------
-------OO-------------------------------
-------OO-----------------------------OO
-------------------------------------OO-

Life - generation  1856 

\u001b[H
--------------------------------------O-
----------------------------------------
------------------------------O---------
-----------------------------O-O--------
------------------------------O---------
----------------------------------------
----------------------------------------
----------------------------------------
----------------------------------------
----------------------------------------
----------------------------------------
----------------------------------------
---O------------------------------------
--O-O-----------------------------------
--O-O-----------------------------------
---O------------------------------------
----------------------------------------
-------OO-------------------------------
-------OO----------------------------OOO
-------------------------------------O--

Life - generation  1857 

\u001b[H
----------------------------------------
----------------------------------------
------------------------------O---------
-----------------------------O-O--------
------------------------------O---------
----------------------------------------
----------------------------------------
----------------------------------------
----------------------------------------
----------------------------------------
----------------------------------------
----------------------------------------
---O------------------------------------
--O-O-----------------------------------
--O-O-----------------------------------
---O------------------------------------
----------------------------------------
-------OO-----------------------------O-
-------OO----------------------------OO-
-------------------------------------O-O

Life - generation  1858 

\u001b[H
----------------------------------------
----------------------------------------
------------------------------O---------
-----------------------------O-O--------
------------------------------O---------
----------------------------------------
----------------------------------------
----------------------------------------
----------------------------------------
----------------------------------------
----------------------------------------
----------------------------------------
---O------------------------------------
--O-O-----------------------------------
--O-O-----------------------------------
---O------------------------------------
----------------------------------------
-------OO----------------------------OO-
-------OO----------------------------O-O
-------------------------------------O--

Life - generation  1859 

\u001b[H
----------------------------------------
----------------------------------------
------------------------------O---------
-----------------------------O-O--------
------------------------------O---------
----------------------------------------
----------------------------------------
----------------------------------------
----------------------------------------
----------------------------------------
----------------------------------------
----------------------------------------
---O------------------------------------
--O-O-----------------------------------
--O-O-----------------------------------
---O------------------------------------
----------------------------------------
-------OO----------------------------OO-
-------OO---------------------------OO--
--------------------------------------O-

Life - generation  1860 

\u001b[H
----------------------------------------
----------------------------------------
------------------------------O---------
-----------------------------O-O--------
------------------------------O---------
----------------------------------------
----------------------------------------
----------------------------------------
----------------------------------------
----------------------------------------
----------------------------------------
----------------------------------------
---O------------------------------------
--O-O-----------------------------------
--O-O-----------------------------------
---O------------------------------------
----------------------------------------
-------OO---------------------------OOO-
-------OO---------------------------O---
-------------------------------------O--

Life - generation  1861 

\u001b[H
----------------------------------------
----------------------------------------
------------------------------O---------
-----------------------------O-O--------
------------------------------O---------
----------------------------------------
----------------------------------------
----------------------------------------
----------------------------------------
----------------------------------------
----------------------------------------
----------------------------------------
---O------------------------------------
--O-O-----------------------------------
--O-O-----------------------------------
---O------------------------------------
-------------------------------------O--
-------OO---------------------------OO--
-------OO---------------------------O-O-
----------------------------------------

Life - generation  1862 

\u001b[H
----------------------------------------
----------------------------------------
------------------------------O---------
-----------------------------O-O--------
------------------------------O---------
----------------------------------------
----------------------------------------
----------------------------------------
----------------------------------------
----------------------------------------
----------------------------------------
----------------------------------------
---O------------------------------------
--O-O-----------------------------------
--O-O-----------------------------------
---O------------------------------------
------------------------------------OO--
-------OO---------------------------O-O-
-------OO---------------------------O---
----------------------------------------

Life - generation  1863 

\u001b[H
----------------------------------------
----------------------------------------
------------------------------O---------
-----------------------------O-O--------
------------------------------O---------
----------------------------------------
----------------------------------------
----------------------------------------
----------------------------------------
----------------------------------------
----------------------------------------
----------------------------------------
---O------------------------------------
--O-O-----------------------------------
--O-O-----------------------------------
---O------------------------------------
------------------------------------OO--
-------OO--------------------------OO---
-------OO----------------------------O--
----------------------------------------

Life - generation  1864 

\u001b[H
----------------------------------------
----------------------------------------
------------------------------O---------
-----------------------------O-O--------
------------------------------O---------
----------------------------------------
----------------------------------------
----------------------------------------
----------------------------------------
----------------------------------------
----------------------------------------
----------------------------------------
---O------------------------------------
--O-O-----------------------------------
--O-O-----------------------------------
---O------------------------------------
-----------------------------------OOO--
-------OO--------------------------O----
-------OO---------------------------O---
----------------------------------------

Life - generation  1865 

\u001b[H
----------------------------------------
----------------------------------------
------------------------------O---------
-----------------------------O-O--------
------------------------------O---------
----------------------------------------
----------------------------------------
----------------------------------------
----------------------------------------
----------------------------------------
----------------------------------------
----------------------------------------
---O------------------------------------
--O-O-----------------------------------
--O-O-----------------------------------
---O--------------------------------O---
-----------------------------------OO---
-------OO--------------------------O-O--
-------OO-------------------------------
----------------------------------------

Life - generation  1866 

\u001b[H
----------------------------------------
----------------------------------------
------------------------------O---------
-----------------------------O-O--------
------------------------------O---------
----------------------------------------
----------------------------------------
----------------------------------------
----------------------------------------
----------------------------------------
----------------------------------------
----------------------------------------
---O------------------------------------
--O-O-----------------------------------
--O-O-----------------------------------
---O-------------------------------OO---
-----------------------------------O-O--
-------OO--------------------------O----
-------OO-------------------------------
----------------------------------------

Life - generation  1867 

\u001b[H
----------------------------------------
----------------------------------------
------------------------------O---------
-----------------------------O-O--------
------------------------------O---------
----------------------------------------
----------------------------------------
----------------------------------------
----------------------------------------
----------------------------------------
----------------------------------------
----------------------------------------
---O------------------------------------
--O-O-----------------------------------
--O-O-----------------------------------
---O-------------------------------OO---
----------------------------------OO----
-------OO---------------------------O---
-------OO-------------------------------
----------------------------------------

Life - generation  1868 

\u001b[H
----------------------------------------
----------------------------------------
------------------------------O---------
-----------------------------O-O--------
------------------------------O---------
----------------------------------------
----------------------------------------
----------------------------------------
----------------------------------------
----------------------------------------
----------------------------------------
----------------------------------------
---O------------------------------------
--O-O-----------------------------------
--O-O-----------------------------------
---O------------------------------OOO---
----------------------------------O-----
-------OO--------------------------O----
-------OO-------------------------------
----------------------------------------

Life - generation  1869 

\u001b[H
----------------------------------------
----------------------------------------
------------------------------O---------
-----------------------------O-O--------
------------------------------O---------
----------------------------------------
----------------------------------------
----------------------------------------
----------------------------------------
----------------------------------------
----------------------------------------
----------------------------------------
---O------------------------------------
--O-O-----------------------------------
--O-O------------------------------O----
---O------------------------------OO----
----------------------------------O-O---
-------OO-------------------------------
-------OO-------------------------------
----------------------------------------

Life - generation  1870 

\u001b[H
----------------------------------------
----------------------------------------
------------------------------O---------
-----------------------------O-O--------
------------------------------O---------
----------------------------------------
----------------------------------------
----------------------------------------
----------------------------------------
----------------------------------------
----------------------------------------
----------------------------------------
---O------------------------------------
--O-O-----------------------------------
--O-O-----------------------------OO----
---O------------------------------O-O---
----------------------------------O-----
-------OO-------------------------------
-------OO-------------------------------
----------------------------------------

Life - generation  1871 

\u001b[H
----------------------------------------
----------------------------------------
------------------------------O---------
-----------------------------O-O--------
------------------------------O---------
----------------------------------------
----------------------------------------
----------------------------------------
----------------------------------------
----------------------------------------
----------------------------------------
----------------------------------------
---O------------------------------------
--O-O-----------------------------------
--O-O-----------------------------OO----
---O-----------------------------OO-----
-----------------------------------O----
-------OO-------------------------------
-------OO-------------------------------
----------------------------------------

Life - generation  1872 

\u001b[H
----------------------------------------
----------------------------------------
------------------------------O---------
-----------------------------O-O--------
------------------------------O---------
----------------------------------------
----------------------------------------
----------------------------------------
----------------------------------------
----------------------------------------
----------------------------------------
----------------------------------------
---O------------------------------------
--O-O-----------------------------------
--O-O----------------------------OOO----
---O-----------------------------O------
----------------------------------O-----
-------OO-------------------------------
-------OO-------------------------------
----------------------------------------

Life - generation  1873 

\u001b[H
----------------------------------------
----------------------------------------
------------------------------O---------
-----------------------------O-O--------
------------------------------O---------
----------------------------------------
----------------------------------------
----------------------------------------
----------------------------------------
----------------------------------------
----------------------------------------
----------------------------------------
---O------------------------------------
--O-O-----------------------------O-----
--O-O----------------------------OO-----
---O-----------------------------O-O----
----------------------------------------
-------OO-------------------------------
-------OO-------------------------------
----------------------------------------

Life - generation  1874 

\u001b[H
----------------------------------------
----------------------------------------
------------------------------O---------
-----------------------------O-O--------
------------------------------O---------
----------------------------------------
----------------------------------------
----------------------------------------
----------------------------------------
----------------------------------------
----------------------------------------
----------------------------------------
---O------------------------------------
--O-O----------------------------OO-----
--O-O----------------------------O-O----
---O-----------------------------O------
----------------------------------------
-------OO-------------------------------
-------OO-------------------------------
----------------------------------------

Life - generation  1875 

\u001b[H
----------------------------------------
----------------------------------------
------------------------------O---------
-----------------------------O-O--------
------------------------------O---------
----------------------------------------
----------------------------------------
----------------------------------------
----------------------------------------
----------------------------------------
----------------------------------------
----------------------------------------
---O------------------------------------
--O-O----------------------------OO-----
--O-O---------------------------OO------
---O------------------------------O-----
----------------------------------------
-------OO-------------------------------
-------OO-------------------------------
----------------------------------------

Life - generation  1876 

\u001b[H
----------------------------------------
----------------------------------------
------------------------------O---------
-----------------------------O-O--------
------------------------------O---------
----------------------------------------
----------------------------------------
----------------------------------------
----------------------------------------
----------------------------------------
----------------------------------------
----------------------------------------
---O------------------------------------
--O-O---------------------------OOO-----
--O-O---------------------------O-------
---O-----------------------------O------
----------------------------------------
-------OO-------------------------------
-------OO-------------------------------
----------------------------------------

Life - generation  1877 

\u001b[H
----------------------------------------
----------------------------------------
------------------------------O---------
-----------------------------O-O--------
------------------------------O---------
----------------------------------------
----------------------------------------
----------------------------------------
----------------------------------------
----------------------------------------
----------------------------------------
----------------------------------------
---O-----------------------------O------
--O-O---------------------------OO------
--O-O---------------------------O-O-----
---O------------------------------------
----------------------------------------
-------OO-------------------------------
-------OO-------------------------------
----------------------------------------

Life - generation  1878 

\u001b[H
----------------------------------------
----------------------------------------
------------------------------O---------
-----------------------------O-O--------
------------------------------O---------
----------------------------------------
----------------------------------------
----------------------------------------
----------------------------------------
----------------------------------------
----------------------------------------
----------------------------------------
---O----------------------------OO------
--O-O---------------------------O-O-----
--O-O---------------------------O-------
---O------------------------------------
----------------------------------------
-------OO-------------------------------
-------OO-------------------------------
----------------------------------------

Life - generation  1879 

\u001b[H
----------------------------------------
----------------------------------------
------------------------------O---------
-----------------------------O-O--------
------------------------------O---------
----------------------------------------
----------------------------------------
----------------------------------------
----------------------------------------
----------------------------------------
----------------------------------------
----------------------------------------
---O----------------------------OO------
--O-O--------------------------OO-------
--O-O----------------------------O------
---O------------------------------------
----------------------------------------
-------OO-------------------------------
-------OO-------------------------------
----------------------------------------

Life - generation  1880 

\u001b[H
----------------------------------------
----------------------------------------
------------------------------O---------
-----------------------------O-O--------
------------------------------O---------
----------------------------------------
----------------------------------------
----------------------------------------
----------------------------------------
----------------------------------------
----------------------------------------
----------------------------------------
---O---------------------------OOO------
--O-O--------------------------O--------
--O-O---------------------------O-------
---O------------------------------------
----------------------------------------
-------OO-------------------------------
-------OO-------------------------------
----------------------------------------

Life - generation  1881 

\u001b[H
----------------------------------------
----------------------------------------
------------------------------O---------
-----------------------------O-O--------
------------------------------O---------
----------------------------------------
----------------------------------------
----------------------------------------
----------------------------------------
----------------------------------------
----------------------------------------
--------------------------------O-------
---O---------------------------OO-------
--O-O--------------------------O-O------
--O-O-----------------------------------
---O------------------------------------
----------------------------------------
-------OO-------------------------------
-------OO-------------------------------
----------------------------------------

Life - generation  1882 

\u001b[H
----------------------------------------
----------------------------------------
------------------------------O---------
-----------------------------O-O--------
------------------------------O---------
----------------------------------------
----------------------------------------
----------------------------------------
----------------------------------------
----------------------------------------
----------------------------------------
-------------------------------OO-------
---O---------------------------O-O------
--O-O--------------------------O--------
--O-O-----------------------------------
---O------------------------------------
----------------------------------------
-------OO-------------------------------
-------OO-------------------------------
----------------------------------------

Life - generation  1883 

\u001b[H
----------------------------------------
----------------------------------------
------------------------------O---------
-----------------------------O-O--------
------------------------------O---------
----------------------------------------
----------------------------------------
----------------------------------------
----------------------------------------
----------------------------------------
----------------------------------------
-------------------------------OO-------
---O--------------------------OO--------
--O-O---------------------------O-------
--O-O-----------------------------------
---O------------------------------------
----------------------------------------
-------OO-------------------------------
-------OO-------------------------------
----------------------------------------

Life - generation  1884 

\u001b[H
----------------------------------------
----------------------------------------
------------------------------O---------
-----------------------------O-O--------
------------------------------O---------
----------------------------------------
----------------------------------------
----------------------------------------
----------------------------------------
----------------------------------------
----------------------------------------
------------------------------OOO-------
---O--------------------------O---------
--O-O--------------------------O--------
--O-O-----------------------------------
---O------------------------------------
----------------------------------------
-------OO-------------------------------
-------OO-------------------------------
----------------------------------------

Life - generation  1885 

\u001b[H
----------------------------------------
----------------------------------------
------------------------------O---------
-----------------------------O-O--------
------------------------------O---------
----------------------------------------
----------------------------------------
----------------------------------------
----------------------------------------
----------------------------------------
-------------------------------O--------
------------------------------OO--------
---O--------------------------O-O-------
--O-O-----------------------------------
--O-O-----------------------------------
---O------------------------------------
----------------------------------------
-------OO-------------------------------
-------OO-------------------------------
----------------------------------------

Life - generation  1886 

\u001b[H
----------------------------------------
----------------------------------------
------------------------------O---------
-----------------------------O-O--------
------------------------------O---------
----------------------------------------
----------------------------------------
----------------------------------------
----------------------------------------
----------------------------------------
------------------------------OO--------
------------------------------O-O-------
---O--------------------------O---------
--O-O-----------------------------------
--O-O-----------------------------------
---O------------------------------------
----------------------------------------
-------OO-------------------------------
-------OO-------------------------------
----------------------------------------

Life - generation  1887 

\u001b[H
----------------------------------------
----------------------------------------
------------------------------O---------
-----------------------------O-O--------
------------------------------O---------
----------------------------------------
----------------------------------------
----------------------------------------
----------------------------------------
----------------------------------------
------------------------------OO--------
-----------------------------OO---------
---O---------------------------O--------
--O-O-----------------------------------
--O-O-----------------------------------
---O------------------------------------
----------------------------------------
-------OO-------------------------------
-------OO-------------------------------
----------------------------------------

Life - generation  1888 

\u001b[H
----------------------------------------
----------------------------------------
------------------------------O---------
-----------------------------O-O--------
------------------------------O---------
----------------------------------------
----------------------------------------
----------------------------------------
----------------------------------------
----------------------------------------
-----------------------------OOO--------
-----------------------------O----------
---O--------------------------O---------
--O-O-----------------------------------
--O-O-----------------------------------
---O------------------------------------
----------------------------------------
-------OO-------------------------------
-------OO-------------------------------
----------------------------------------

Life - generation  1889 

\u001b[H
----------------------------------------
----------------------------------------
------------------------------O---------
-----------------------------O-O--------
------------------------------O---------
----------------------------------------
----------------------------------------
----------------------------------------
----------------------------------------
------------------------------O---------
-----------------------------OO---------
-----------------------------O-O--------
---O------------------------------------
--O-O-----------------------------------
--O-O-----------------------------------
---O------------------------------------
----------------------------------------
-------OO-------------------------------
-------OO-------------------------------
----------------------------------------

Life - generation  1890 

\u001b[H
----------------------------------------
----------------------------------------
------------------------------O---------
-----------------------------O-O--------
------------------------------O---------
----------------------------------------
----------------------------------------
----------------------------------------
----------------------------------------
-----------------------------OO---------
-----------------------------O-O--------
-----------------------------O----------
---O------------------------------------
--O-O-----------------------------------
--O-O-----------------------------------
---O------------------------------------
----------------------------------------
-------OO-------------------------------
-------OO-------------------------------
----------------------------------------

Life - generation  1891 

\u001b[H
----------------------------------------
----------------------------------------
------------------------------O---------
-----------------------------O-O--------
------------------------------O---------
----------------------------------------
----------------------------------------
----------------------------------------
----------------------------------------
-----------------------------OO---------
----------------------------OO----------
------------------------------O---------
---O------------------------------------
--O-O-----------------------------------
--O-O-----------------------------------
---O------------------------------------
----------------------------------------
-------OO-------------------------------
-------OO-------------------------------
----------------------------------------

Life - generation  1892 

\u001b[H
----------------------------------------
----------------------------------------
------------------------------O---------
-----------------------------O-O--------
------------------------------O---------
----------------------------------------
----------------------------------------
----------------------------------------
----------------------------------------
----------------------------OOO---------
----------------------------O-----------
-----------------------------O----------
---O------------------------------------
--O-O-----------------------------------
--O-O-----------------------------------
---O------------------------------------
----------------------------------------
-------OO-------------------------------
-------OO-------------------------------
----------------------------------------

Life - generation  1893 

\u001b[H
----------------------------------------
----------------------------------------
------------------------------O---------
-----------------------------O-O--------
------------------------------O---------
----------------------------------------
----------------------------------------
----------------------------------------
-----------------------------O----------
----------------------------OO----------
----------------------------O-O---------
----------------------------------------
---O------------------------------------
--O-O-----------------------------------
--O-O-----------------------------------
---O------------------------------------
----------------------------------------
-------OO-------------------------------
-------OO-------------------------------
----------------------------------------

Life - generation  1894 

\u001b[H
----------------------------------------
----------------------------------------
------------------------------O---------
-----------------------------O-O--------
------------------------------O---------
----------------------------------------
----------------------------------------
----------------------------------------
----------------------------OO----------
----------------------------O-O---------
----------------------------O-----------
----------------------------------------
---O------------------------------------
--O-O-----------------------------------
--O-O-----------------------------------
---O------------------------------------
----------------------------------------
-------OO-------------------------------
-------OO-------------------------------
----------------------------------------

Life - generation  1895 

\u001b[H
----------------------------------------
----------------------------------------
------------------------------O---------
-----------------------------O-O--------
------------------------------O---------
----------------------------------------
----------------------------------------
----------------------------------------
----------------------------OO----------
---------------------------OO-----------
-----------------------------O----------
----------------------------------------
---O------------------------------------
--O-O-----------------------------------
--O-O-----------------------------------
---O------------------------------------
----------------------------------------
-------OO-------------------------------
-------OO-------------------------------
----------------------------------------

Life - generation  1896 

\u001b[H
----------------------------------------
----------------------------------------
------------------------------O---------
-----------------------------O-O--------
------------------------------O---------
----------------------------------------
----------------------------------------
----------------------------------------
---------------------------OOO----------
---------------------------O------------
----------------------------O-----------
----------------------------------------
---O------------------------------------
--O-O-----------------------------------
--O-O-----------------------------------
---O------------------------------------
----------------------------------------
-------OO-------------------------------
-------OO-------------------------------
----------------------------------------

Life - generation  1897 

\u001b[H
----------------------------------------
----------------------------------------
------------------------------O---------
-----------------------------O-O--------
------------------------------O---------
----------------------------------------
----------------------------------------
----------------------------O-----------
---------------------------OO-----------
---------------------------O-O----------
----------------------------------------
----------------------------------------
---O------------------------------------
--O-O-----------------------------------
--O-O-----------------------------------
---O------------------------------------
----------------------------------------
-------OO-------------------------------
-------OO-------------------------------
----------------------------------------

Life - generation  1898 

\u001b[H
----------------------------------------
----------------------------------------
------------------------------O---------
-----------------------------O-O--------
------------------------------O---------
----------------------------------------
----------------------------------------
---------------------------OO-----------
---------------------------O-O----------
---------------------------O------------
----------------------------------------
----------------------------------------
---O------------------------------------
--O-O-----------------------------------
--O-O-----------------------------------
---O------------------------------------
----------------------------------------
-------OO-------------------------------
-------OO-------------------------------
----------------------------------------

Life - generation  1899 

\u001b[H
----------------------------------------
----------------------------------------
------------------------------O---------
-----------------------------O-O--------
------------------------------O---------
----------------------------------------
----------------------------------------
---------------------------OO-----------
--------------------------OO------------
----------------------------O-----------
----------------------------------------
----------------------------------------
---O------------------------------------
--O-O-----------------------------------
--O-O-----------------------------------
---O------------------------------------
----------------------------------------
-------OO-------------------------------
-------OO-------------------------------
----------------------------------------

Life - generation  1900 

\u001b[H
----------------------------------------
----------------------------------------
------------------------------O---------
-----------------------------O-O--------
------------------------------O---------
----------------------------------------
----------------------------------------
--------------------------OOO-----------
--------------------------O-------------
---------------------------O------------
----------------------------------------
----------------------------------------
---O------------------------------------
--O-O-----------------------------------
--O-O-----------------------------------
---O------------------------------------
----------------------------------------
-------OO-------------------------------
-------OO-------------------------------
----------------------------------------

Life - generation  1901 

\u001b[H
----------------------------------------
----------------------------------------
------------------------------O---------
-----------------------------O-O--------
------------------------------O---------
----------------------------------------
---------------------------O------------
--------------------------OO------------
--------------------------O-O-----------
----------------------------------------
----------------------------------------
----------------------------------------
---O------------------------------------
--O-O-----------------------------------
--O-O-----------------------------------
---O------------------------------------
----------------------------------------
-------OO-------------------------------
-------OO-------------------------------
----------------------------------------

Life - generation  1902 

\u001b[H
----------------------------------------
----------------------------------------
------------------------------O---------
-----------------------------O-O--------
------------------------------O---------
----------------------------------------
--------------------------OO------------
--------------------------O-O-----------
--------------------------O-------------
----------------------------------------
----------------------------------------
----------------------------------------
---O------------------------------------
--O-O-----------------------------------
--O-O-----------------------------------
---O------------------------------------
----------------------------------------
-------OO-------------------------------
-------OO-------------------------------
----------------------------------------

Life - generation  1903 

\u001b[H
----------------------------------------
----------------------------------------
------------------------------O---------
-----------------------------O-O--------
------------------------------O---------
----------------------------------------
--------------------------OO------------
-------------------------OO-------------
---------------------------O------------
----------------------------------------
----------------------------------------
----------------------------------------
---O------------------------------------
--O-O-----------------------------------
--O-O-----------------------------------
---O------------------------------------
----------------------------------------
-------OO-------------------------------
-------OO-------------------------------
----------------------------------------

Life - generation  1904 

\u001b[H
----------------------------------------
----------------------------------------
------------------------------O---------
-----------------------------O-O--------
------------------------------O---------
----------------------------------------
-------------------------OOO------------
-------------------------O--------------
--------------------------O-------------
----------------------------------------
----------------------------------------
----------------------------------------
---O------------------------------------
--O-O-----------------------------------
--O-O-----------------------------------
---O------------------------------------
----------------------------------------
-------OO-------------------------------
-------OO-------------------------------
----------------------------------------

Life - generation  1905 

\u001b[H
----------------------------------------
----------------------------------------
------------------------------O---------
-----------------------------O-O--------
------------------------------O---------
--------------------------O-------------
-------------------------OO-------------
-------------------------O-O------------
----------------------------------------
----------------------------------------
----------------------------------------
----------------------------------------
---O------------------------------------
--O-O-----------------------------------
--O-O-----------------------------------
---O------------------------------------
----------------------------------------
-------OO-------------------------------
-------OO-------------------------------
----------------------------------------

Life - generation  1906 

\u001b[H
----------------------------------------
----------------------------------------
------------------------------O---------
-----------------------------O-O--------
------------------------------O---------
-------------------------OO-------------
-------------------------O-O------------
-------------------------O--------------
----------------------------------------
----------------------------------------
----------------------------------------
----------------------------------------
---O------------------------------------
--O-O-----------------------------------
--O-O-----------------------------------
---O------------------------------------
----------------------------------------
-------OO-------------------------------
-------OO-------------------------------
----------------------------------------

Life - generation  1907 

\u001b[H
----------------------------------------
----------------------------------------
------------------------------O---------
-----------------------------O-O--------
------------------------------O---------
-------------------------OO-------------
------------------------OO--------------
--------------------------O-------------
----------------------------------------
----------------------------------------
----------------------------------------
----------------------------------------
---O------------------------------------
--O-O-----------------------------------
--O-O-----------------------------------
---O------------------------------------
----------------------------------------
-------OO-------------------------------
-------OO-------------------------------
----------------------------------------

Life - generation  1908 

\u001b[H
----------------------------------------
----------------------------------------
------------------------------O---------
-----------------------------O-O--------
------------------------------O---------
------------------------OOO-------------
------------------------O---------------
-------------------------O--------------
----------------------------------------
----------------------------------------
----------------------------------------
----------------------------------------
---O------------------------------------
--O-O-----------------------------------
--O-O-----------------------------------
---O------------------------------------
----------------------------------------
-------OO-------------------------------
-------OO-------------------------------
----------------------------------------

Life - generation  1909 

\u001b[H
----------------------------------------
----------------------------------------
------------------------------O---------
-----------------------------O-O--------
-------------------------O----O---------
------------------------OO--------------
------------------------O-O-------------
----------------------------------------
----------------------------------------
----------------------------------------
----------------------------------------
----------------------------------------
---O------------------------------------
--O-O-----------------------------------
--O-O-----------------------------------
---O------------------------------------
----------------------------------------
-------OO-------------------------------
-------OO-------------------------------
----------------------------------------

Life - generation  1910 

\u001b[H
----------------------------------------
----------------------------------------
------------------------------O---------
-----------------------------O-O--------
------------------------OO----O---------
------------------------O-O-------------
------------------------O---------------
----------------------------------------
----------------------------------------
----------------------------------------
----------------------------------------
----------------------------------------
---O------------------------------------
--O-O-----------------------------------
--O-O-----------------------------------
---O------------------------------------
----------------------------------------
-------OO-------------------------------
-------OO-------------------------------
----------------------------------------

Life - generation  1911 

\u001b[H
----------------------------------------
----------------------------------------
------------------------------O---------
-----------------------------O-O--------
------------------------OO----O---------
-----------------------OO---------------
-------------------------O--------------
----------------------------------------
----------------------------------------
----------------------------------------
----------------------------------------
----------------------------------------
---O------------------------------------
--O-O-----------------------------------
--O-O-----------------------------------
---O------------------------------------
----------------------------------------
-------OO-------------------------------
-------OO-------------------------------
----------------------------------------

Life - generation  1912 

\u001b[H
----------------------------------------
----------------------------------------
------------------------------O---------
-----------------------------O-O--------
-----------------------OOO----O---------
-----------------------O----------------
------------------------O---------------
----------------------------------------
----------------------------------------
----------------------------------------
----------------------------------------
----------------------------------------
---O------------------------------------
--O-O-----------------------------------
--O-O-----------------------------------
---O------------------------------------
----------------------------------------
-------OO-------------------------------
-------OO-------------------------------
----------------------------------------

Life - generation  1913 

\u001b[H
----------------------------------------
----------------------------------------
------------------------------O---------
------------------------O----O-O--------
-----------------------OO-----O---------
-----------------------O-O--------------
----------------------------------------
----------------------------------------
----------------------------------------
----------------------------------------
----------------------------------------
----------------------------------------
---O------------------------------------
--O-O-----------------------------------
--O-O-----------------------------------
---O------------------------------------
----------------------------------------
-------OO-------------------------------
-------OO-------------------------------
----------------------------------------

Life - generation  1914 

\u001b[H
----------------------------------------
----------------------------------------
------------------------------O---------
-----------------------OO----O-O--------
-----------------------O-O----O---------
-----------------------O----------------
----------------------------------------
----------------------------------------
----------------------------------------
----------------------------------------
----------------------------------------
----------------------------------------
---O------------------------------------
--O-O-----------------------------------
--O-O-----------------------------------
---O------------------------------------
----------------------------------------
-------OO-------------------------------
-------OO-------------------------------
----------------------------------------

Life - generation  1915 

\u001b[H
----------------------------------------
----------------------------------------
------------------------------O---------
-----------------------OO----O-O--------
----------------------OO------O---------
------------------------O---------------
----------------------------------------
----------------------------------------
----------------------------------------
----------------------------------------
----------------------------------------
----------------------------------------
---O------------------------------------
--O-O-----------------------------------
--O-O-----------------------------------
---O------------------------------------
----------------------------------------
-------OO-------------------------------
-------OO-------------------------------
----------------------------------------

Life - generation  1916 

\u001b[H
----------------------------------------
----------------------------------------
------------------------------O---------
----------------------OOO----O-O--------
----------------------O-------O---------
-----------------------O----------------
----------------------------------------
----------------------------------------
----------------------------------------
----------------------------------------
----------------------------------------
----------------------------------------
---O------------------------------------
--O-O-----------------------------------
--O-O-----------------------------------
---O------------------------------------
----------------------------------------
-------OO-------------------------------
-------OO-------------------------------
----------------------------------------

Life - generation  1917 

\u001b[H
----------------------------------------
----------------------------------------
-----------------------O------O---------
----------------------OO-----O-O--------
----------------------O-O-----O---------
----------------------------------------
----------------------------------------
----------------------------------------
----------------------------------------
----------------------------------------
----------------------------------------
----------------------------------------
---O------------------------------------
--O-O-----------------------------------
--O-O-----------------------------------
---O------------------------------------
----------------------------------------
-------OO-------------------------------
-------OO-------------------------------
----------------------------------------

Life - generation  1918 

\u001b[H
----------------------------------------
----------------------------------------
----------------------OO------O---------
----------------------O-O----O-O--------
----------------------O-------O---------
----------------------------------------
----------------------------------------
----------------------------------------
----------------------------------------
----------------------------------------
----------------------------------------
----------------------------------------
---O------------------------------------
--O-O-----------------------------------
--O-O-----------------------------------
---O------------------------------------
----------------------------------------
-------OO-------------------------------
-------OO-------------------------------
----------------------------------------

Life - generation  1919 

\u001b[H
----------------------------------------
----------------------------------------
----------------------OO------O---------
---------------------OO------O-O--------
-----------------------O------O---------
----------------------------------------
----------------------------------------
----------------------------------------
----------------------------------------
----------------------------------------
----------------------------------------
----------------------------------------
---O------------------------------------
--O-O-----------------------------------
--O-O-----------------------------------
---O------------------------------------
----------------------------------------
-------OO-------------------------------
-------OO-------------------------------
----------------------------------------

Life - generation  1920 

\u001b[H
----------------------------------------
----------------------------------------
---------------------OOO------O---------
---------------------O-------O-O--------
----------------------O-------O---------
----------------------------------------
----------------------------------------
----------------------------------------
----------------------------------------
----------------------------------------
----------------------------------------
----------------------------------------
---O------------------------------------
--O-O-----------------------------------
--O-O-----------------------------------
---O------------------------------------
----------------------------------------
-------OO-------------------------------
-------OO-------------------------------
----------------------------------------

Life - generation  1921 

\u001b[H
----------------------------------------
----------------------O-----------------
---------------------OO-------O---------
---------------------O-O-----O-O--------
------------------------------O---------
----------------------------------------
----------------------------------------
----------------------------------------
----------------------------------------
----------------------------------------
----------------------------------------
----------------------------------------
---O------------------------------------
--O-O-----------------------------------
--O-O-----------------------------------
---O------------------------------------
----------------------------------------
-------OO-------------------------------
-------OO-------------------------------
----------------------------------------

Life - generation  1922 

\u001b[H
----------------------------------------
---------------------OO-----------------
---------------------O-O------O---------
---------------------O-------O-O--------
------------------------------O---------
----------------------------------------
----------------------------------------
----------------------------------------
----------------------------------------
----------------------------------------
----------------------------------------
----------------------------------------
---O------------------------------------
--O-O-----------------------------------
--O-O-----------------------------------
---O------------------------------------
----------------------------------------
-------OO-------------------------------
-------OO-------------------------------
----------------------------------------

Life - generation  1923 

\u001b[H
----------------------------------------
---------------------OO-----------------
--------------------OO--------O---------
----------------------O------O-O--------
------------------------------O---------
----------------------------------------
----------------------------------------
----------------------------------------
----------------------------------------
----------------------------------------
----------------------------------------
----------------------------------------
---O------------------------------------
--O-O-----------------------------------
--O-O-----------------------------------
---O------------------------------------
----------------------------------------
-------OO-------------------------------
-------OO-------------------------------
----------------------------------------

Life - generation  1924 

\u001b[H
----------------------------------------
--------------------OOO-----------------
--------------------O---------O---------
---------------------O-------O-O--------
------------------------------O---------
----------------------------------------
----------------------------------------
----------------------------------------
----------------------------------------
----------------------------------------
----------------------------------------
----------------------------------------
---O------------------------------------
--O-O-----------------------------------
--O-O-----------------------------------
---O------------------------------------
----------------------------------------
-------OO-------------------------------
-------OO-------------------------------
----------------------------------------

Life - generation  1925 

\u001b[H
---------------------O------------------
--------------------OO------------------
--------------------O-O-------O---------
-----------------------------O-O--------
------------------------------O---------
----------------------------------------
----------------------------------------
----------------------------------------
----------------------------------------
----------------------------------------
----------------------------------------
----------------------------------------
---O------------------------------------
--O-O-----------------------------------
--O-O-----------------------------------
---O------------------------------------
----------------------------------------
-------OO-------------------------------
-------OO-------------------------------
----------------------------------------

Life - generation  1926 

\u001b[H
--------------------OO------------------
--------------------O-O-----------------
--------------------O---------O---------
-----------------------------O-O--------
------------------------------O---------
----------------------------------------
----------------------------------------
----------------------------------------
----------------------------------------
----------------------------------------
----------------------------------------
----------------------------------------
---O------------------------------------
--O-O-----------------------------------
--O-O-----------------------------------
---O------------------------------------
----------------------------------------
-------OO-------------------------------
-------OO-------------------------------
----------------------------------------

Life - generation  1927 

\u001b[H
--------------------OO------------------
-------------------OO-------------------
---------------------O--------O---------
-----------------------------O-O--------
------------------------------O---------
----------------------------------------
----------------------------------------
----------------------------------------
----------------------------------------
----------------------------------------
----------------------------------------
----------------------------------------
---O------------------------------------
--O-O-----------------------------------
--O-O-----------------------------------
---O------------------------------------
----------------------------------------
-------OO-------------------------------
-------OO-------------------------------
----------------------------------------

Life - generation  1928 

\u001b[H
-------------------OOO------------------
-------------------O--------------------
--------------------O---------O---------
-----------------------------O-O--------
------------------------------O---------
----------------------------------------
----------------------------------------
----------------------------------------
----------------------------------------
----------------------------------------
----------------------------------------
----------------------------------------
---O------------------------------------
--O-O-----------------------------------
--O-O-----------------------------------
---O------------------------------------
----------------------------------------
-------OO-------------------------------
-------OO-------------------------------
----------------------------------------

Life - generation  1929 

\u001b[H
-------------------OO-------------------
-------------------O-O------------------
------------------------------O---------
-----------------------------O-O--------
------------------------------O---------
----------------------------------------
----------------------------------------
----------------------------------------
----------------------------------------
----------------------------------------
----------------------------------------
----------------------------------------
---O------------------------------------
--O-O-----------------------------------
--O-O-----------------------------------
---O------------------------------------
----------------------------------------
-------OO-------------------------------
-------OO-------------------------------
--------------------O-------------------

Life - generation  1930 

\u001b[H
-------------------O-O------------------
-------------------O--------------------
------------------------------O---------
-----------------------------O-O--------
------------------------------O---------
----------------------------------------
----------------------------------------
----------------------------------------
----------------------------------------
----------------------------------------
----------------------------------------
----------------------------------------
---O------------------------------------
--O-O-----------------------------------
--O-O-----------------------------------
---O------------------------------------
----------------------------------------
-------OO-------------------------------
-------OO-------------------------------
-------------------OO-------------------

Life - generation  1931 

\u001b[H
------------------OO--------------------
--------------------O-------------------
------------------------------O---------
-----------------------------O-O--------
------------------------------O---------
----------------------------------------
----------------------------------------
----------------------------------------
----------------------------------------
----------------------------------------
----------------------------------------
----------------------------------------
---O------------------------------------
--O-O-----------------------------------
--O-O-----------------------------------
---O------------------------------------
----------------------------------------
-------OO-------------------------------
-------OO-------------------------------
-------------------OO-------------------

Life - generation  1932 

\u001b[H
------------------O---------------------
-------------------O--------------------
------------------------------O---------
-----------------------------O-O--------
------------------------------O---------
----------------------------------------
----------------------------------------
----------------------------------------
----------------------------------------
----------------------------------------
----------------------------------------
----------------------------------------
---O------------------------------------
--O-O-----------------------------------
--O-O-----------------------------------
---O------------------------------------
----------------------------------------
-------OO-------------------------------
-------OO-------------------------------
------------------OOO-------------------

Life - generation  1933 

\u001b[H
------------------O-O-------------------
----------------------------------------
------------------------------O---------
-----------------------------O-O--------
------------------------------O---------
----------------------------------------
----------------------------------------
----------------------------------------
----------------------------------------
----------------------------------------
----------------------------------------
----------------------------------------
---O------------------------------------
--O-O-----------------------------------
--O-O-----------------------------------
---O------------------------------------
----------------------------------------
-------OO-------------------------------
-------OO----------O--------------------
------------------OO--------------------

Life - generation  1934 

\u001b[H
------------------O---------------------
----------------------------------------
------------------------------O---------
-----------------------------O-O--------
------------------------------O---------
----------------------------------------
----------------------------------------
----------------------------------------
----------------------------------------
----------------------------------------
----------------------------------------
----------------------------------------
---O------------------------------------
--O-O-----------------------------------
--O-O-----------------------------------
---O------------------------------------
----------------------------------------
-------OO-------------------------------
-------OO---------OO--------------------
------------------O-O-------------------

Life - generation  1935 

\u001b[H
-------------------O--------------------
----------------------------------------
------------------------------O---------
-----------------------------O-O--------
------------------------------O---------
----------------------------------------
----------------------------------------
----------------------------------------
----------------------------------------
----------------------------------------
----------------------------------------
----------------------------------------
---O------------------------------------
--O-O-----------------------------------
--O-O-----------------------------------
---O------------------------------------
----------------------------------------
-------OO-------------------------------
-------OO---------OO--------------------
-----------------OO---------------------

Life - generation  1936 

\u001b[H
------------------O---------------------
----------------------------------------
------------------------------O---------
-----------------------------O-O--------
------------------------------O---------
----------------------------------------
----------------------------------------
----------------------------------------
----------------------------------------
----------------------------------------
----------------------------------------
----------------------------------------
---O------------------------------------
--O-O-----------------------------------
--O-O-----------------------------------
---O------------------------------------
----------------------------------------
-------OO-------------------------------
-------OO--------OOO--------------------
-----------------O----------------------

Life - generation  1937 

\u001b[H
----------------------------------------
----------------------------------------
------------------------------O---------
-----------------------------O-O--------
------------------------------O---------
----------------------------------------
----------------------------------------
----------------------------------------
----------------------------------------
----------------------------------------
----------------------------------------
----------------------------------------
---O------------------------------------
--O-O-----------------------------------
--O-O-----------------------------------
---O------------------------------------
----------------------------------------
-------OO---------O---------------------
-------OO--------OO---------------------
-----------------O-O--------------------

Life - generation  1938 

\u001b[H
----------------------------------------
----------------------------------------
------------------------------O---------
-----------------------------O-O--------
------------------------------O---------
----------------------------------------
----------------------------------------
----------------------------------------
----------------------------------------
----------------------------------------
----------------------------------------
----------------------------------------
---O------------------------------------
--O-O-----------------------------------
--O-O-----------------------------------
---O------------------------------------
----------------------------------------
-------OO--------OO---------------------
-------OO--------O-O--------------------
-----------------O----------------------

Life - generation  1939 

\u001b[H
----------------------------------------
----------------------------------------
------------------------------O---------
-----------------------------O-O--------
------------------------------O---------
----------------------------------------
----------------------------------------
----------------------------------------
----------------------------------------
----------------------------------------
----------------------------------------
----------------------------------------
---O------------------------------------
--O-O-----------------------------------
--O-O-----------------------------------
---O------------------------------------
----------------------------------------
-------OO--------OO---------------------
-------OO-------OO----------------------
------------------O---------------------

Life - generation  1940 

\u001b[H
----------------------------------------
----------------------------------------
------------------------------O---------
-----------------------------O-O--------
------------------------------O---------
----------------------------------------
----------------------------------------
----------------------------------------
----------------------------------------
----------------------------------------
----------------------------------------
----------------------------------------
---O------------------------------------
--O-O-----------------------------------
--O-O-----------------------------------
---O------------------------------------
----------------------------------------
-------OO-------OOO---------------------
-------OO-------O-----------------------
-----------------O----------------------

Life - generation  1941 

\u001b[H
----------------------------------------
----------------------------------------
------------------------------O---------
-----------------------------O-O--------
------------------------------O---------
----------------------------------------
----------------------------------------
----------------------------------------
----------------------------------------
----------------------------------------
----------------------------------------
----------------------------------------
---O------------------------------------
--O-O-----------------------------------
--O-O-----------------------------------
---O------------------------------------
-----------------O----------------------
-------OO-------OO----------------------
-------OO-------O-O---------------------
----------------------------------------

Life - generation  1942 

\u001b[H
----------------------------------------
----------------------------------------
------------------------------O---------
-----------------------------O-O--------
------------------------------O---------
----------------------------------------
----------------------------------------
----------------------------------------
----------------------------------------
----------------------------------------
----------------------------------------
----------------------------------------
---O------------------------------------
--O-O-----------------------------------
--O-O-----------------------------------
---O------------------------------------
----------------OO----------------------
-------OO-------O-O---------------------
-------OO-------O-----------------------
----------------------------------------

Life - generation  1943 

\u001b[H
----------------------------------------
----------------------------------------
------------------------------O---------
-----------------------------O-O--------
------------------------------O---------
----------------------------------------
----------------------------------------
----------------------------------------
----------------------------------------
----------------------------------------
----------------------------------------
----------------------------------------
---O------------------------------------
--O-O-----------------------------------
--O-O-----------------------------------
---O------------------------------------
----------------OO----------------------
-------OO------OO-----------------------
-------OO--------O----------------------
----------------------------------------

Life - generation  1944 

\u001b[H
----------------------------------------
----------------------------------------
------------------------------O---------
-----------------------------O-O--------
------------------------------O---------
----------------------------------------
----------------------------------------
----------------------------------------
----------------------------------------
----------------------------------------
----------------------------------------
----------------------------------------
---O------------------------------------
--O-O-----------------------------------
--O-O-----------------------------------
---O------------------------------------
---------------OOO----------------------
-------OO------O------------------------
-------OO-------O-----------------------
----------------------------------------

Life - generation  1945 

\u001b[H
----------------------------------------
----------------------------------------
------------------------------O---------
-----------------------------O-O--------
------------------------------O---------
----------------------------------------
----------------------------------------
----------------------------------------
----------------------------------------
----------------------------------------
----------------------------------------
----------------------------------------
---O------------------------------------
--O-O-----------------------------------
--O-O-----------------------------------
---O------------O-----------------------
---------------OO-----------------------
-------OO------O-O----------------------
-------OO-------------------------------
----------------------------------------

Life - generation  1946 

\u001b[H
----------------------------------------
----------------------------------------
------------------------------O---------
-----------------------------O-O--------
------------------------------O---------
----------------------------------------
----------------------------------------
----------------------------------------
----------------------------------------
----------------------------------------
----------------------------------------
----------------------------------------
---O------------------------------------
--O-O-----------------------------------
--O-O-----------------------------------
---O-----------OO-----------------------
---------------O-O----------------------
-------OO------O------------------------
-------OO-------------------------------
----------------------------------------

Life - generation  1947 

\u001b[H
----------------------------------------
----------------------------------------
------------------------------O---------
-----------------------------O-O--------
------------------------------O---------
----------------------------------------
----------------------------------------
----------------------------------------
----------------------------------------
----------------------------------------
----------------------------------------
----------------------------------------
---O------------------------------------
--O-O-----------------------------------
--O-O-----------------------------------
---O-----------OO-----------------------
--------------OO------------------------
-------OO-------O-----------------------
-------OO-------------------------------
----------------------------------------

Life - generation  1948 

\u001b[H
----------------------------------------
----------------------------------------
------------------------------O---------
-----------------------------O-O--------
------------------------------O---------
----------------------------------------
----------------------------------------
----------------------------------------
----------------------------------------
----------------------------------------
----------------------------------------
----------------------------------------
---O------------------------------------
--O-O-----------------------------------
--O-O-----------------------------------
---O----------OOO-----------------------
--------------O-------------------------
-------OO------O------------------------
-------OO-------------------------------
----------------------------------------

Life - generation  1949 

\u001b[H
----------------------------------------
----------------------------------------
------------------------------O---------
-----------------------------O-O--------
------------------------------O---------
----------------------------------------
----------------------------------------
----------------------------------------
----------------------------------------
----------------------------------------
----------------------------------------
----------------------------------------
---O------------------------------------
--O-O-----------------------------------
--O-O----------O------------------------
---O----------OO------------------------
--------------O-O-----------------------
-------OO-------------------------------
-------OO-------------------------------
----------------------------------------

Life - generation  1950 

\u001b[H
----------------------------------------
----------------------------------------
------------------------------O---------
-----------------------------O-O--------
------------------------------O---------
----------------------------------------
----------------------------------------
----------------------------------------
----------------------------------------
----------------------------------------
----------------------------------------
----------------------------------------
---O------------------------------------
--O-O-----------------------------------
--O-O---------OO------------------------
---O----------O-O-----------------------
--------------O-------------------------
-------OO-------------------------------
-------OO-------------------------------
----------------------------------------

Life - generation  1951 

\u001b[H
----------------------------------------
----------------------------------------
------------------------------O---------
-----------------------------O-O--------
------------------------------O---------
----------------------------------------
----------------------------------------
----------------------------------------
----------------------------------------
----------------------------------------
----------------------------------------
----------------------------------------
---O------------------------------------
--O-O-----------------------------------
--O-O---------OO------------------------
---O---------OO-------------------------
---------------O------------------------
-------OO-------------------------------
-------OO-------------------------------
----------------------------------------

Life - generation  1952 

\u001b[H
----------------------------------------
----------------------------------------
------------------------------O---------
-----------------------------O-O--------
------------------------------O---------
----------------------------------------
----------------------------------------
----------------------------------------
----------------------------------------
----------------------------------------
----------------------------------------
----------------------------------------
---O------------------------------------
--O-O-----------------------------------
--O-O--------OOO------------------------
---O---------O--------------------------
--------------O-------------------------
-------OO-------------------------------
-------OO-------------------------------
----------------------------------------

Life - generation  1953 

\u001b[H
----------------------------------------
----------------------------------------
------------------------------O---------
-----------------------------O-O--------
------------------------------O---------
----------------------------------------
----------------------------------------
----------------------------------------
----------------------------------------
----------------------------------------
----------------------------------------
----------------------------------------
---O------------------------------------
--O-O---------O-------------------------
--O-O--------OO-------------------------
---O---------O-O------------------------
----------------------------------------
-------OO-------------------------------
-------OO-------------------------------
----------------------------------------

Life - generation  1954 

\u001b[H
----------------------------------------
----------------------------------------
------------------------------O---------
-----------------------------O-O--------
------------------------------O---------
----------------------------------------
----------------------------------------
----------------------------------------
----------------------------------------
----------------------------------------
----------------------------------------
----------------------------------------
---O------------------------------------
--O-O--------OO-------------------------
--O-O--------O-O------------------------
---O---------O--------------------------
----------------------------------------
-------OO-------------------------------
-------OO-------------------------------
----------------------------------------

Life - generation  1955 

\u001b[H
----------------------------------------
----------------------------------------
------------------------------O---------
-----------------------------O-O--------
------------------------------O---------
----------------------------------------
----------------------------------------
----------------------------------------
----------------------------------------
----------------------------------------
----------------------------------------
----------------------------------------
---O------------------------------------
--O-O--------OO-------------------------
--O-O-------OO--------------------------
---O----------O-------------------------
----------------------------------------
-------OO-------------------------------
-------OO-------------------------------
----------------------------------------

Life - generation  1956 

\u001b[H
----------------------------------------
----------------------------------------
------------------------------O---------
-----------------------------O-O--------
------------------------------O---------
----------------------------------------
----------------------------------------
----------------------------------------
----------------------------------------
----------------------------------------
----------------------------------------
----------------------------------------
---O------------------------------------
--O-O-------OOO-------------------------
--O-O-------O---------------------------
---O---------O--------------------------
----------------------------------------
-------OO-------------------------------
-------OO-------------------------------
----------------------------------------

Life - generation  1957 

\u001b[H
----------------------------------------
----------------------------------------
------------------------------O---------
-----------------------------O-O--------
------------------------------O---------
----------------------------------------
----------------------------------------
----------------------------------------
----------------------------------------
----------------------------------------
----------------------------------------
----------------------------------------
---O---------O--------------------------
--O-O-------OO--------------------------
--O-O-------O-O-------------------------
---O------------------------------------
----------------------------------------
-------OO-------------------------------
-------OO-------------------------------
----------------------------------------

Life - generation  1958 

\u001b[H
----------------------------------------
----------------------------------------
------------------------------O---------
-----------------------------O-O--------
------------------------------O---------
----------------------------------------
----------------------------------------
----------------------------------------
----------------------------------------
----------------------------------------
----------------------------------------
----------------------------------------
---O--------OO--------------------------
--O-O-------O-O-------------------------
--O-O-------O---------------------------
---O------------------------------------
----------------------------------------
-------OO-------------------------------
-------OO-------------------------------
----------------------------------------

Life - generation  1959 

\u001b[H
----------------------------------------
----------------------------------------
------------------------------O---------
-----------------------------O-O--------
------------------------------O---------
----------------------------------------
----------------------------------------
----------------------------------------
----------------------------------------
----------------------------------------
----------------------------------------
----------------------------------------
---O--------OO--------------------------
--O-O------OO---------------------------
--O-O--------O--------------------------
---O------------------------------------
----------------------------------------
-------OO-------------------------------
-------OO-------------------------------
----------------------------------------

Life - generation  1960 

\u001b[H
----------------------------------------
----------------------------------------
------------------------------O---------
-----------------------------O-O--------
------------------------------O---------
----------------------------------------
----------------------------------------
----------------------------------------
----------------------------------------
----------------------------------------
----------------------------------------
----------------------------------------
---O-------OOO--------------------------
--O-O------O----------------------------
--O-O-------O---------------------------
---O------------------------------------
----------------------------------------
-------OO-------------------------------
-------OO-------------------------------
----------------------------------------

Life - generation  1961 

\u001b[H
----------------------------------------
----------------------------------------
------------------------------O---------
-----------------------------O-O--------
------------------------------O---------
----------------------------------------
----------------------------------------
----------------------------------------
----------------------------------------
----------------------------------------
----------------------------------------
------------O---------------------------
---O-------OO---------------------------
--O-O------O-O--------------------------
--O-O-----------------------------------
---O------------------------------------
----------------------------------------
-------OO-------------------------------
-------OO-------------------------------
----------------------------------------

Life - generation  1962 

\u001b[H
----------------------------------------
----------------------------------------
------------------------------O---------
-----------------------------O-O--------
------------------------------O---------
----------------------------------------
----------------------------------------
----------------------------------------
----------------------------------------
----------------------------------------
----------------------------------------
-----------OO---------------------------
---O-------O-O--------------------------
--O-O------O----------------------------
--O-O-----------------------------------
---O------------------------------------
----------------------------------------
-------OO-------------------------------
-------OO-------------------------------
----------------------------------------

Life - generation  1963 

\u001b[H
----------------------------------------
----------------------------------------
------------------------------O---------
-----------------------------O-O--------
------------------------------O---------
----------------------------------------
----------------------------------------
----------------------------------------
----------------------------------------
----------------------------------------
----------------------------------------
-----------OO---------------------------
---O------OO----------------------------
--O-O-------O---------------------------
--O-O-----------------------------------
---O------------------------------------
----------------------------------------
-------OO-------------------------------
-------OO-------------------------------
----------------------------------------

Life - generation  1964 

\u001b[H
----------------------------------------
----------------------------------------
------------------------------O---------
-----------------------------O-O--------
------------------------------O---------
----------------------------------------
----------------------------------------
----------------------------------------
----------------------------------------
----------------------------------------
----------------------------------------
----------OOO---------------------------
---O------O-----------------------------
--O-O------O----------------------------
--O-O-----------------------------------
---O------------------------------------
----------------------------------------
-------OO-------------------------------
-------OO-------------------------------
----------------------------------------

Life - generation  1965 

\u001b[H
----------------------------------------
----------------------------------------
------------------------------O---------
-----------------------------O-O--------
------------------------------O---------
----------------------------------------
----------------------------------------
----------------------------------------
----------------------------------------
----------------------------------------
-----------O----------------------------
----------OO----------------------------
---O------O-O---------------------------
--O-O-----------------------------------
--O-O-----------------------------------
---O------------------------------------
----------------------------------------
-------OO-------------------------------
-------OO-------------------------------
----------------------------------------

Life - generation  1966 

\u001b[H
----------------------------------------
----------------------------------------
------------------------------O---------
-----------------------------O-O--------
------------------------------O---------
----------------------------------------
----------------------------------------
----------------------------------------
----------------------------------------
----------------------------------------
----------OO----------------------------
----------O-O---------------------------
---O------O-----------------------------
--O-O-----------------------------------
--O-O-----------------------------------
---O------------------------------------
----------------------------------------
-------OO-------------------------------
-------OO-------------------------------
----------------------------------------

Life - generation  1967 

\u001b[H
----------------------------------------
----------------------------------------
------------------------------O---------
-----------------------------O-O--------
------------------------------O---------
----------------------------------------
----------------------------------------
----------------------------------------
----------------------------------------
----------------------------------------
----------OO----------------------------
---------OO-----------------------------
---O-------O----------------------------
--O-O-----------------------------------
--O-O-----------------------------------
---O------------------------------------
----------------------------------------
-------OO-------------------------------
-------OO-------------------------------
----------------------------------------

Life - generation  1968 

\u001b[H
----------------------------------------
----------------------------------------
------------------------------O---------
-----------------------------O-O--------
------------------------------O---------
----------------------------------------
----------------------------------------
----------------------------------------
----------------------------------------
----------------------------------------
---------OOO----------------------------
---------O------------------------------
---O------O-----------------------------
--O-O-----------------------------------
--O-O-----------------------------------
---O------------------------------------
----------------------------------------
-------OO-------------------------------
-------OO-------------------------------
----------------------------------------

Life - generation  1969 

\u001b[H
----------------------------------------
----------------------------------------
------------------------------O---------
-----------------------------O-O--------
------------------------------O---------
----------------------------------------
----------------------------------------
----------------------------------------
----------------------------------------
----------O-----------------------------
---------OO-----------------------------
---------O-O----------------------------
---O------------------------------------
--O-O-----------------------------------
--O-O-----------------------------------
---O------------------------------------
----------------------------------------
-------OO-------------------------------
-------OO-------------------------------
----------------------------------------

Life - generation  1970 

\u001b[H
----------------------------------------
----------------------------------------
------------------------------O---------
-----------------------------O-O--------
------------------------------O---------
----------------------------------------
----------------------------------------
----------------------------------------
----------------------------------------
---------OO-----------------------------
---------O-O----------------------------
---------O------------------------------
---O------------------------------------
--O-O-----------------------------------
--O-O-----------------------------------
---O------------------------------------
----------------------------------------
-------OO-------------------------------
-------OO-------------------------------
----------------------------------------

Life - generation  1971 

\u001b[H
----------------------------------------
----------------------------------------
------------------------------O---------
-----------------------------O-O--------
------------------------------O---------
----------------------------------------
----------------------------------------
----------------------------------------
----------------------------------------
---------OO-----------------------------
--------OO------------------------------
----------O-----------------------------
---O------------------------------------
--O-O-----------------------------------
--O-O-----------------------------------
---O------------------------------------
----------------------------------------
-------OO-------------------------------
-------OO-------------------------------
----------------------------------------

Life - generation  1972 

\u001b[H
----------------------------------------
----------------------------------------
------------------------------O---------
-----------------------------O-O--------
------------------------------O---------
----------------------------------------
----------------------------------------
----------------------------------------
----------------------------------------
--------OOO-----------------------------
--------O-------------------------------
---------O------------------------------
---O------------------------------------
--O-O-----------------------------------
--O-O-----------------------------------
---O------------------------------------
----------------------------------------
-------OO-------------------------------
-------OO-------------------------------
----------------------------------------

Life - generation  1973 

\u001b[H
----------------------------------------
----------------------------------------
------------------------------O---------
-----------------------------O-O--------
------------------------------O---------
----------------------------------------
----------------------------------------
----------------------------------------
---------O------------------------------
--------OO------------------------------
--------O-O-----------------------------
----------------------------------------
---O------------------------------------
--O-O-----------------------------------
--O-O-----------------------------------
---O------------------------------------
----------------------------------------
-------OO-------------------------------
-------OO-------------------------------
----------------------------------------

Life - generation  1974 

\u001b[H
----------------------------------------
----------------------------------------
------------------------------O---------
-----------------------------O-O--------
------------------------------O---------
----------------------------------------
----------------------------------------
----------------------------------------
--------OO------------------------------
--------O-O-----------------------------
--------O-------------------------------
----------------------------------------
---O------------------------------------
--O-O-----------------------------------
--O-O-----------------------------------
---O------------------------------------
----------------------------------------
-------OO-------------------------------
-------OO-------------------------------
----------------------------------------

Life - generation  1975 

\u001b[H
----------------------------------------
----------------------------------------
------------------------------O---------
-----------------------------O-O--------
------------------------------O---------
----------------------------------------
----------------------------------------
----------------------------------------
--------OO------------------------------
-------OO-------------------------------
---------O------------------------------
----------------------------------------
---O------------------------------------
--O-O-----------------------------------
--O-O-----------------------------------
---O------------------------------------
----------------------------------------
-------OO-------------------------------
-------OO-------------------------------
----------------------------------------

Life - generation  1976 

\u001b[H
----------------------------------------
----------------------------------------
------------------------------O---------
-----------------------------O-O--------
------------------------------O---------
----------------------------------------
----------------------------------------
----------------------------------------
-------OOO------------------------------
-------O--------------------------------
--------O-------------------------------
----------------------------------------
---O------------------------------------
--O-O-----------------------------------
--O-O-----------------------------------
---O------------------------------------
----------------------------------------
-------OO-------------------------------
-------OO-------------------------------
----------------------------------------

Life - generation  1977 

\u001b[H
----------------------------------------
----------------------------------------
------------------------------O---------
-----------------------------O-O--------
------------------------------O---------
----------------------------------------
----------------------------------------
--------O-------------------------------
-------OO-------------------------------
-------O-O------------------------------
----------------------------------------
----------------------------------------
---O------------------------------------
--O-O-----------------------------------
--O-O-----------------------------------
---O------------------------------------
----------------------------------------
-------OO-------------------------------
-------OO-------------------------------
----------------------------------------

Life - generation  1978 

\u001b[H
----------------------------------------
----------------------------------------
------------------------------O---------
-----------------------------O-O--------
------------------------------O---------
----------------------------------------
----------------------------------------
-------OO-------------------------------
-------O-O------------------------------
-------O--------------------------------
----------------------------------------
----------------------------------------
---O------------------------------------
--O-O-----------------------------------
--O-O-----------------------------------
---O------------------------------------
----------------------------------------
-------OO-------------------------------
-------OO-------------------------------
----------------------------------------

Life - generation  1979 

\u001b[H
----------------------------------------
----------------------------------------
------------------------------O---------
-----------------------------O-O--------
------------------------------O---------
----------------------------------------
----------------------------------------
-------OO-------------------------------
------OO--------------------------------
--------O-------------------------------
----------------------------------------
----------------------------------------
---O------------------------------------
--O-O-----------------------------------
--O-O-----------------------------------
---O------------------------------------
----------------------------------------
-------OO-------------------------------
-------OO-------------------------------
----------------------------------------

Life - generation  1980 

\u001b[H
----------------------------------------
----------------------------------------
------------------------------O---------
-----------------------------O-O--------
------------------------------O---------
----------------------------------------
----------------------------------------
------OOO-------------------------------
------O---------------------------------
-------O--------------------------------
----------------------------------------
----------------------------------------
---O------------------------------------
--O-O-----------------------------------
--O-O-----------------------------------
---O------------------------------------
----------------------------------------
-------OO-------------------------------
-------OO-------------------------------
----------------------------------------

Life - generation  1981 

\u001b[H
----------------------------------------
----------------------------------------
------------------------------O---------
-----------------------------O-O--------
------------------------------O---------
----------------------------------------
-------O--------------------------------
------OO--------------------------------
------O-O-------------------------------
----------------------------------------
----------------------------------------
----------------------------------------
---O------------------------------------
--O-O-----------------------------------
--O-O-----------------------------------
---O------------------------------------
----------------------------------------
-------OO-------------------------------
-------OO-------------------------------
----------------------------------------

Life - generation  1982 

\u001b[H
----------------------------------------
----------------------------------------
------------------------------O---------
-----------------------------O-O--------
------------------------------O---------
----------------------------------------
------OO--------------------------------
------O-O-------------------------------
------O---------------------------------
----------------------------------------
----------------------------------------
----------------------------------------
---O------------------------------------
--O-O-----------------------------------
--O-O-----------------------------------
---O------------------------------------
----------------------------------------
-------OO-------------------------------
-------OO-------------------------------
----------------------------------------

Life - generation  1983 

\u001b[H
----------------------------------------
----------------------------------------
------------------------------O---------
-----------------------------O-O--------
------------------------------O---------
----------------------------------------
------OO--------------------------------
-----OO---------------------------------
-------O--------------------------------
----------------------------------------
----------------------------------------
----------------------------------------
---O------------------------------------
--O-O-----------------------------------
--O-O-----------------------------------
---O------------------------------------
----------------------------------------
-------OO-------------------------------
-------OO-------------------------------
----------------------------------------

Life - generation  1984 

\u001b[H
----------------------------------------
----------------------------------------
------------------------------O---------
-----------------------------O-O--------
------------------------------O---------
----------------------------------------
-----OOO--------------------------------
-----O----------------------------------
------O---------------------------------
----------------------------------------
----------------------------------------
----------------------------------------
---O------------------------------------
--O-O-----------------------------------
--O-O-----------------------------------
---O------------------------------------
----------------------------------------
-------OO-------------------------------
-------OO-------------------------------
----------------------------------------

Life - generation  1985 

\u001b[H
----------------------------------------
----------------------------------------
------------------------------O---------
-----------------------------O-O--------
------------------------------O---------
------O---------------------------------
-----OO---------------------------------
-----O-O--------------------------------
----------------------------------------
----------------------------------------
----------------------------------------
----------------------------------------
---O------------------------------------
--O-O-----------------------------------
--O-O-----------------------------------
---O------------------------------------
----------------------------------------
-------OO-------------------------------
-------OO-------------------------------
----------------------------------------

Life - generation  1986 

\u001b[H
----------------------------------------
----------------------------------------
------------------------------O---------
-----------------------------O-O--------
------------------------------O---------
-----OO---------------------------------
-----O-O--------------------------------
-----O----------------------------------
----------------------------------------
----------------------------------------
----------------------------------------
----------------------------------------
---O------------------------------------
--O-O-----------------------------------
--O-O-----------------------------------
---O------------------------------------
----------------------------------------
-------OO-------------------------------
-------OO-------------------------------
----------------------------------------

Life - generation  1987 

\u001b[H
----------------------------------------
----------------------------------------
------------------------------O---------
-----------------------------O-O--------
------------------------------O---------
-----OO---------------------------------
----OO----------------------------------
------O---------------------------------
----------------------------------------
----------------------------------------
----------------------------------------
----------------------------------------
---O------------------------------------
--O-O-----------------------------------
--O-O-----------------------------------
---O------------------------------------
----------------------------------------
-------OO-------------------------------
-------OO-------------------------------
----------------------------------------

Life - generation  1988 

\u001b[H
----------------------------------------
----------------------------------------
------------------------------O---------
-----------------------------O-O--------
------------------------------O---------
----OOO---------------------------------
----O-----------------------------------
-----O----------------------------------
----------------------------------------
----------------------------------------
----------------------------------------
----------------------------------------
---O------------------------------------
--O-O-----------------------------------
--O-O-----------------------------------
---O------------------------------------
----------------------------------------
-------OO-------------------------------
-------OO-------------------------------
----------------------------------------

Life - generation  1989 

\u001b[H
----------------------------------------
----------------------------------------
------------------------------O---------
-----------------------------O-O--------
-----O------------------------O---------
----OO----------------------------------
----O-O---------------------------------
----------------------------------------
----------------------------------------
----------------------------------------
----------------------------------------
----------------------------------------
---O------------------------------------
--O-O-----------------------------------
--O-O-----------------------------------
---O------------------------------------
----------------------------------------
-------OO-------------------------------
-------OO-------------------------------
----------------------------------------

Life - generation  1990 

\u001b[H
----------------------------------------
----------------------------------------
------------------------------O---------
-----------------------------O-O--------
----OO------------------------O---------
----O-O---------------------------------
----O-----------------------------------
----------------------------------------
----------------------------------------
----------------------------------------
----------------------------------------
----------------------------------------
---O------------------------------------
--O-O-----------------------------------
--O-O-----------------------------------
---O------------------------------------
----------------------------------------
-------OO-------------------------------
-------OO-------------------------------
----------------------------------------

Life - generation  1991 

\u001b[H
----------------------------------------
----------------------------------------
------------------------------O---------
-----------------------------O-O--------
----OO------------------------O---------
---OO-----------------------------------
-----O----------------------------------
----------------------------------------
----------------------------------------
----------------------------------------
----------------------------------------
----------------------------------------
---O------------------------------------
--O-O-----------------------------------
--O-O-----------------------------------
---O------------------------------------
----------------------------------------
-------OO-------------------------------
-------OO-------------------------------
----------------------------------------

Life - generation  1992 

\u001b[H
----------------------------------------
----------------------------------------
------------------------------O---------
-----------------------------O-O--------
---OOO------------------------O---------
---O------------------------------------
----O-----------------------------------
----------------------------------------
----------------------------------------
----------------------------------------
----------------------------------------
----------------------------------------
---O------------------------------------
--O-O-----------------------------------
--O-O-----------------------------------
---O------------------------------------
----------------------------------------
-------OO-------------------------------
-------OO-------------------------------
----------------------------------------

Life - generation  1993 

\u001b[H
----------------------------------------
----------------------------------------
------------------------------O---------
----O------------------------O-O--------
---OO-------------------------O---------
---O-O----------------------------------
----------------------------------------
----------------------------------------
----------------------------------------
----------------------------------------
----------------------------------------
----------------------------------------
---O------------------------------------
--O-O-----------------------------------
--O-O-----------------------------------
---O------------------------------------
----------------------------------------
-------OO-------------------------------
-------OO-------------------------------
----------------------------------------

Life - generation  1994 

\u001b[H
----------------------------------------
----------------------------------------
------------------------------O---------
---OO------------------------O-O--------
---O-O------------------------O---------
---O------------------------------------
----------------------------------------
----------------------------------------
----------------------------------------
----------------------------------------
----------------------------------------
----------------------------------------
---O------------------------------------
--O-O-----------------------------------
--O-O-----------------------------------
---O------------------------------------
----------------------------------------
-------OO-------------------------------
-------OO-------------------------------
----------------------------------------

Life - generation  1995 

\u001b[H
----------------------------------------
----------------------------------------
------------------------------O---------
---OO------------------------O-O--------
--OO--------------------------O---------
----O-----------------------------------
----------------------------------------
----------------------------------------
----------------------------------------
----------------------------------------
----------------------------------------
----------------------------------------
---O------------------------------------
--O-O-----------------------------------
--O-O-----------------------------------
---O------------------------------------
----------------------------------------
-------OO-------------------------------
-------OO-------------------------------
----------------------------------------

Life - generation  1996 

\u001b[H
----------------------------------------
----------------------------------------
------------------------------O---------
--OOO------------------------O-O--------
--O---------------------------O---------
---O------------------------------------
----------------------------------------
----------------------------------------
----------------------------------------
----------------------------------------
----------------------------------------
----------------------------------------
---O------------------------------------
--O-O-----------------------------------
--O-O-----------------------------------
---O------------------------------------
----------------------------------------
-------OO-------------------------------
-------OO-------------------------------
----------------------------------------

Life - generation  1997 

\u001b[H
----------------------------------------
----------------------------------------
---O--------------------------O---------
--OO-------------------------O-O--------
--O-O-------------------------O---------
----------------------------------------
----------------------------------------
----------------------------------------
----------------------------------------
----------------------------------------
----------------------------------------
----------------------------------------
---O------------------------------------
--O-O-----------------------------------
--O-O-----------------------------------
---O------------------------------------
----------------------------------------
-------OO-------------------------------
-------OO-------------------------------
----------------------------------------

Life - generation  1998 

\u001b[H
----------------------------------------
----------------------------------------
--OO--------------------------O---------
--O-O------------------------O-O--------
--O---------------------------O---------
----------------------------------------
----------------------------------------
----------------------------------------
----------------------------------------
----------------------------------------
----------------------------------------
----------------------------------------
---O------------------------------------
--O-O-----------------------------------
--O-O-----------------------------------
---O------------------------------------
----------------------------------------
-------OO-------------------------------
-------OO-------------------------------
----------------------------------------

Life - generation  1999 

\u001b[H
----------------------------------------
----------------------------------------
--OO--------------------------O---------
-OO--------------------------O-O--------
---O--------------------------O---------
----------------------------------------
----------------------------------------
----------------------------------------
----------------------------------------
----------------------------------------
----------------------------------------
----------------------------------------
---O------------------------------------
--O-O-----------------------------------
--O-O-----------------------------------
---O------------------------------------
----------------------------------------
-------OO-------------------------------
-------OO-------------------------------
----------------------------------------

Life - generation  2000 

]]></output>
        </test-case>
        <test-case id="1-1019" name="Printf" fullname="NLuaTest.Core.Printf" methodname="Printf" classname="NLuaTest.Core" runstate="Runnable" seed="862842542" result="Passed" start-time="2021-11-07T02:19:07.2051396Z" end-time="2021-11-07T02:19:07.2071408Z" duration="0.001308" asserts="0">
          <output><![CDATA[Hello there from Lua Tests on XYZ
]]></output>
        </test-case>
        <test-case id="1-1020" name="Sieve" fullname="NLuaTest.Core.Sieve" methodname="Sieve" classname="NLuaTest.Core" runstate="Runnable" seed="958320867" result="Passed" start-time="2021-11-07T02:19:07.2071408Z" end-time="2021-11-07T02:19:07.2441391Z" duration="0.037362" asserts="0">
          <output><![CDATA[2
3
5
7
11
13
17
19
23
29
31
37
41
43
47
53
59
61
67
71
73
79
83
89
97
101
103
107
109
113
127
131
137
139
149
151
157
163
167
173
179
181
191
193
197
199
211
223
227
229
233
239
241
251
257
263
269
271
277
281
283
293
307
311
313
317
331
337
347
349
353
359
367
373
379
383
389
397
401
409
419
421
431
433
439
443
449
457
461
463
467
479
487
491
499
503
509
521
523
541
547
557
563
569
571
577
587
593
599
601
607
613
617
619
631
641
643
647
653
659
661
673
677
683
691
701
709
719
727
733
739
743
751
757
761
769
773
787
797
809
811
821
823
827
829
839
853
857
859
863
877
881
883
887
907
911
919
929
937
941
947
953
967
971
977
983
991
997
]]></output>
        </test-case>
        <test-case id="1-1021" name="Sort" fullname="NLuaTest.Core.Sort" methodname="Sort" classname="NLuaTest.Core" runstate="Runnable" seed="697142541" result="Passed" start-time="2021-11-07T02:19:07.2441391Z" end-time="2021-11-07T02:19:07.2461404Z" duration="0.001404" asserts="0">
          <output><![CDATA[original 
	
Jan
,
Feb
,
Mar
,
Apr
,
May
,
Jun
,
Jul
,
Aug
,
Sep
,
Oct
,
Nov
,
Dec


after quicksort 
	
Apr
,
Aug
,
Dec
,
Feb
,
Jan
,
Jul
,
Jun
,
Mar
,
May
,
Nov
,
Oct
,
Sep


after reverse selection sort 
	
Sep
,
Oct
,
Nov
,
May
,
Mar
,
Jun
,
Jul
,
Jan
,
Feb
,
Dec
,
Aug
,
Apr


after quicksort again 
	
Apr
,
Aug
,
Dec
,
Feb
,
Jan
,
Jul
,
Jun
,
Mar
,
May
,
Nov
,
Oct
,
Sep


]]></output>
        </test-case>
      </test-suite>
      <test-suite type="TestFixture" id="1-1022" name="LuaTests" fullname="NLuaTest.LuaTests" classname="NLuaTest.LuaTests" runstate="Runnable" testcasecount="154" result="Passed" start-time="2021-11-07T02:19:07.2461404Z" end-time="2021-11-07T02:19:13.5167649Z" duration="6.271310" total="154" passed="154" failed="0" warnings="0" inconclusive="0" skipped="0" asserts="243">
        <test-case id="1-1106" name="AccessObjectField" fullname="NLuaTest.LuaTests.AccessObjectField" methodname="AccessObjectField" classname="NLuaTest.LuaTests" runstate="Runnable" seed="65254719" result="Passed" start-time="2021-11-07T02:19:07.2461404Z" end-time="2021-11-07T02:19:07.2481405Z" duration="0.002505" asserts="2" />
        <test-case id="1-1107" name="AccessObjectProperty" fullname="NLuaTest.LuaTests.AccessObjectProperty" methodname="AccessObjectProperty" classname="NLuaTest.LuaTests" runstate="Runnable" seed="2130730097" result="Passed" start-time="2021-11-07T02:19:07.2481405Z" end-time="2021-11-07T02:19:07.2491399Z" duration="0.000715" asserts="2" />
        <test-case id="1-1108" name="AccessObjectStringProperty" fullname="NLuaTest.LuaTests.AccessObjectStringProperty" methodname="AccessObjectStringProperty" classname="NLuaTest.LuaTests" runstate="Runnable" seed="630932859" result="Passed" start-time="2021-11-07T02:19:07.2491399Z" end-time="2021-11-07T02:19:07.2501405Z" duration="0.000818" asserts="2" />
        <test-case id="1-1041" name="ByteArrayParameter" fullname="NLuaTest.LuaTests.ByteArrayParameter" methodname="ByteArrayParameter" classname="NLuaTest.LuaTests" runstate="Runnable" seed="136737583" result="Passed" start-time="2021-11-07T02:19:07.2501405Z" end-time="2021-11-07T02:19:07.2531403Z" duration="0.002962" asserts="1" />
        <test-case id="1-1040" name="CallDictionary" fullname="NLuaTest.LuaTests.CallDictionary" methodname="CallDictionary" classname="NLuaTest.LuaTests" runstate="Runnable" seed="1635982003" result="Passed" start-time="2021-11-07T02:19:07.2531403Z" end-time="2021-11-07T02:19:07.3491366Z" duration="0.095701" asserts="6" />
        <test-case id="1-1097" name="CallGlobalFunctionNoArgs" fullname="NLuaTest.LuaTests.CallGlobalFunctionNoArgs" methodname="CallGlobalFunctionNoArgs" classname="NLuaTest.LuaTests" runstate="Runnable" seed="1573401275" result="Passed" start-time="2021-11-07T02:19:07.3491366Z" end-time="2021-11-07T02:19:07.3491366Z" duration="0.000512" asserts="1" />
        <test-case id="1-1098" name="CallGlobalFunctionOneArg" fullname="NLuaTest.LuaTests.CallGlobalFunctionOneArg" methodname="CallGlobalFunctionOneArg" classname="NLuaTest.LuaTests" runstate="Runnable" seed="148062194" result="Passed" start-time="2021-11-07T02:19:07.3491366Z" end-time="2021-11-07T02:19:07.3501378Z" duration="0.001192" asserts="1" />
        <test-case id="1-1100" name="CallGlobalFunctionOneReturn" fullname="NLuaTest.LuaTests.CallGlobalFunctionOneReturn" methodname="CallGlobalFunctionOneReturn" classname="NLuaTest.LuaTests" runstate="Runnable" seed="1117789780" result="Passed" start-time="2021-11-07T02:19:07.3501378Z" end-time="2021-11-07T02:19:07.3511371Z" duration="0.000729" asserts="2" />
        <test-case id="1-1099" name="CallGlobalFunctionTwoArgs" fullname="NLuaTest.LuaTests.CallGlobalFunctionTwoArgs" methodname="CallGlobalFunctionTwoArgs" classname="NLuaTest.LuaTests" runstate="Runnable" seed="48624385" result="Passed" start-time="2021-11-07T02:19:07.3511371Z" end-time="2021-11-07T02:19:07.3511371Z" duration="0.000464" asserts="1" />
        <test-case id="1-1101" name="CallGlobalFunctionTwoReturns" fullname="NLuaTest.LuaTests.CallGlobalFunctionTwoReturns" methodname="CallGlobalFunctionTwoReturns" classname="NLuaTest.LuaTests" runstate="Runnable" seed="1070129338" result="Passed" start-time="2021-11-07T02:19:07.3511371Z" end-time="2021-11-07T02:19:07.3531391Z" duration="0.001080" asserts="3" />
        <test-case id="1-1056" name="CallLuaFunction" fullname="NLuaTest.LuaTests.CallLuaFunction" methodname="CallLuaFunction" classname="NLuaTest.LuaTests" runstate="Runnable" seed="1599364148" result="Passed" start-time="2021-11-07T02:19:07.3531391Z" end-time="2021-11-07T02:19:07.3541382Z" duration="0.001293" asserts="2" />
        <test-case id="1-1038" name="CallMethodWithGeneric" fullname="NLuaTest.LuaTests.CallMethodWithGeneric" methodname="CallMethodWithGeneric" classname="NLuaTest.LuaTests" runstate="Runnable" seed="1523350103" result="Passed" start-time="2021-11-07T02:19:07.3541382Z" end-time="2021-11-07T02:19:07.3591354Z" duration="0.005234" asserts="3" />
        <test-case id="1-1109" name="CallObjectMethod" fullname="NLuaTest.LuaTests.CallObjectMethod" methodname="CallObjectMethod" classname="NLuaTest.LuaTests" runstate="Runnable" seed="561744092" result="Passed" start-time="2021-11-07T02:19:07.3591354Z" end-time="2021-11-07T02:19:07.3601360Z" duration="0.001342" asserts="2" />
        <test-case id="1-1114" name="CallObjectMethodByRefParam" fullname="NLuaTest.LuaTests.CallObjectMethodByRefParam" methodname="CallObjectMethodByRefParam" classname="NLuaTest.LuaTests" runstate="Runnable" seed="1265514293" result="Passed" start-time="2021-11-07T02:19:07.3611370Z" end-time="2021-11-07T02:19:07.3611370Z" duration="0.000689" asserts="2" />
        <test-case id="1-1110" name="CallObjectMethodByType" fullname="NLuaTest.LuaTests.CallObjectMethodByType" methodname="CallObjectMethodByType" classname="NLuaTest.LuaTests" runstate="Runnable" seed="1626190039" result="Passed" start-time="2021-11-07T02:19:07.3611370Z" end-time="2021-11-07T02:19:07.3621382Z" duration="0.000605" asserts="1" />
        <test-case id="1-1115" name="CallObjectMethodDistinctInterfaces" fullname="NLuaTest.LuaTests.CallObjectMethodDistinctInterfaces" methodname="CallObjectMethodDistinctInterfaces" classname="NLuaTest.LuaTests" runstate="Runnable" seed="359045612" result="Passed" start-time="2021-11-07T02:19:07.3621382Z" end-time="2021-11-07T02:19:07.3641358Z" duration="0.001768" asserts="4" />
        <test-case id="1-1111" name="CallObjectMethodNilStringParam" fullname="NLuaTest.LuaTests.CallObjectMethodNilStringParam" methodname="CallObjectMethodNilStringParam" classname="NLuaTest.LuaTests" runstate="Runnable" seed="664756368" result="Passed" start-time="2021-11-07T02:19:07.3641358Z" end-time="2021-11-07T02:19:07.3641358Z" duration="0.000737" asserts="1" />
        <test-case id="1-1112" name="CallObjectMethodOutParam" fullname="NLuaTest.LuaTests.CallObjectMethodOutParam" methodname="CallObjectMethodOutParam" classname="NLuaTest.LuaTests" runstate="Runnable" seed="998494063" result="Passed" start-time="2021-11-07T02:19:07.3641358Z" end-time="2021-11-07T02:19:07.3651359Z" duration="0.000651" asserts="2" />
        <test-case id="1-1113" name="CallObjectMethodOverloadedOutParam" fullname="NLuaTest.LuaTests.CallObjectMethodOverloadedOutParam" methodname="CallObjectMethodOverloadedOutParam" classname="NLuaTest.LuaTests" runstate="Runnable" seed="1329916184" result="Passed" start-time="2021-11-07T02:19:07.3651359Z" end-time="2021-11-07T02:19:07.3661372Z" duration="0.000667" asserts="2" />
        <test-case id="1-1039" name="CallStaticMethod" fullname="NLuaTest.LuaTests.CallStaticMethod" methodname="CallStaticMethod" classname="NLuaTest.LuaTests" runstate="Runnable" seed="1604546425" result="Passed" start-time="2021-11-07T02:19:07.3661372Z" end-time="2021-11-07T02:19:07.3683642Z" duration="0.002353" asserts="1">
          <output><![CDATA[one
1
]]></output>
        </test-case>
        <test-case id="1-1102" name="CallTableFunctionTwoReturns" fullname="NLuaTest.LuaTests.CallTableFunctionTwoReturns" methodname="CallTableFunctionTwoReturns" classname="NLuaTest.LuaTests" runstate="Runnable" seed="1730481557" result="Passed" start-time="2021-11-07T02:19:07.3683642Z" end-time="2021-11-07T02:19:07.3691373Z" duration="0.000498" asserts="3" />
        <test-case id="1-1122" name="CreateArray" fullname="NLuaTest.LuaTests.CreateArray" methodname="CreateArray" classname="NLuaTest.LuaTests" runstate="Runnable" seed="1778636897" result="Passed" start-time="2021-11-07T02:19:07.3691373Z" end-time="2021-11-07T02:19:07.3691373Z" duration="0.000625" asserts="1" />
        <test-case id="1-1116" name="CreateNetObjectNoArgsCons" fullname="NLuaTest.LuaTests.CreateNetObjectNoArgsCons" methodname="CreateNetObjectNoArgsCons" classname="NLuaTest.LuaTests" runstate="Runnable" seed="313383198" result="Passed" start-time="2021-11-07T02:19:07.3691373Z" end-time="2021-11-07T02:19:07.3701363Z" duration="0.000552" asserts="1" />
        <test-case id="1-1117" name="CreateNetObjectOneArgCons" fullname="NLuaTest.LuaTests.CreateNetObjectOneArgCons" methodname="CreateNetObjectOneArgCons" classname="NLuaTest.LuaTests" runstate="Runnable" seed="2050633381" result="Passed" start-time="2021-11-07T02:19:07.3701363Z" end-time="2021-11-07T02:19:07.3701363Z" duration="0.000557" asserts="1" />
        <test-case id="1-1119" name="CreateNetObjectOverloadedCons" fullname="NLuaTest.LuaTests.CreateNetObjectOverloadedCons" methodname="CreateNetObjectOverloadedCons" classname="NLuaTest.LuaTests" runstate="Runnable" seed="232017921" result="Passed" start-time="2021-11-07T02:19:07.3701363Z" end-time="2021-11-07T02:19:07.3711382Z" duration="0.000675" asserts="1" />
        <test-case id="1-1118" name="CreateNetObjectWrongArgCons" fullname="NLuaTest.LuaTests.CreateNetObjectWrongArgCons" methodname="CreateNetObjectWrongArgCons" classname="NLuaTest.LuaTests" runstate="Runnable" seed="1410433959" result="Passed" start-time="2021-11-07T02:19:07.3711382Z" end-time="2021-11-07T02:19:07.3721364Z" duration="0.001464" asserts="1" />
        <test-case id="1-1044" name="DontCrashToArray" fullname="NLuaTest.LuaTests.DontCrashToArray" methodname="DontCrashToArray" classname="NLuaTest.LuaTests" runstate="Runnable" seed="799121109" result="Passed" start-time="2021-11-07T02:19:07.3731367Z" end-time="2021-11-07T02:19:07.3761355Z" duration="0.003607" asserts="1" />
        <test-case id="1-1079" name="DoString" fullname="NLuaTest.LuaTests.DoString" methodname="DoString" classname="NLuaTest.LuaTests" runstate="Runnable" seed="1897239716" result="Passed" start-time="2021-11-07T02:19:07.3761355Z" end-time="2021-11-07T02:19:07.3771374Z" duration="0.000426" asserts="2" />
        <test-case id="1-1104" name="GarbageCollection" fullname="NLuaTest.LuaTests.GarbageCollection" methodname="GarbageCollection" classname="NLuaTest.LuaTests" runstate="Runnable" seed="1830799839" result="Passed" start-time="2021-11-07T02:19:07.3771374Z" end-time="2021-11-07T02:19:07.3811362Z" duration="0.004147" asserts="2" />
        <test-case id="1-1088" name="GetAndSetTable" fullname="NLuaTest.LuaTests.GetAndSetTable" methodname="GetAndSetTable" classname="NLuaTest.LuaTests" runstate="Runnable" seed="1048887380" result="Passed" start-time="2021-11-07T02:19:07.3811362Z" end-time="2021-11-07T02:19:07.3811362Z" duration="0.000615" asserts="1" />
        <test-case id="1-1143" name="GetConstructorBySignature" fullname="NLuaTest.LuaTests.GetConstructorBySignature" methodname="GetConstructorBySignature" classname="NLuaTest.LuaTests" runstate="Runnable" seed="137535899" result="Passed" start-time="2021-11-07T02:19:07.3811362Z" end-time="2021-11-07T02:19:07.3821361Z" duration="0.000998" asserts="1" />
        <test-case id="1-1080" name="GetGlobalNumber" fullname="NLuaTest.LuaTests.GetGlobalNumber" methodname="GetGlobalNumber" classname="NLuaTest.LuaTests" runstate="Runnable" seed="2015550450" result="Passed" start-time="2021-11-07T02:19:07.3821361Z" end-time="2021-11-07T02:19:07.3831373Z" duration="0.000375" asserts="1" />
        <test-case id="1-1084" name="GetGlobalString" fullname="NLuaTest.LuaTests.GetGlobalString" methodname="GetGlobalString" classname="NLuaTest.LuaTests" runstate="Runnable" seed="496464586" result="Passed" start-time="2021-11-07T02:19:07.3831373Z" end-time="2021-11-07T02:19:07.3831373Z" duration="0.000318" asserts="1" />
        <test-case id="1-1140" name="GetMethodBySignatureFromObj" fullname="NLuaTest.LuaTests.GetMethodBySignatureFromObj" methodname="GetMethodBySignatureFromObj" classname="NLuaTest.LuaTests" runstate="Runnable" seed="412925169" result="Passed" start-time="2021-11-07T02:19:07.3831373Z" end-time="2021-11-07T02:19:07.3841360Z" duration="0.001113" asserts="1" />
        <test-case id="1-1141" name="GetMethodBySignatureFromType" fullname="NLuaTest.LuaTests.GetMethodBySignatureFromType" methodname="GetMethodBySignatureFromType" classname="NLuaTest.LuaTests" runstate="Runnable" seed="1572909799" result="Passed" start-time="2021-11-07T02:19:07.3841360Z" end-time="2021-11-07T02:19:07.3851367Z" duration="0.000556" asserts="1" />
        <test-case id="1-1082" name="GetNumberInTable" fullname="NLuaTest.LuaTests.GetNumberInTable" methodname="GetNumberInTable" classname="NLuaTest.LuaTests" runstate="Runnable" seed="494773306" result="Passed" start-time="2021-11-07T02:19:07.3851367Z" end-time="2021-11-07T02:19:07.3851367Z" duration="0.000390" asserts="1" />
        <test-case id="1-1142" name="GetStaticMethodBySignature" fullname="NLuaTest.LuaTests.GetStaticMethodBySignature" methodname="GetStaticMethodBySignature" classname="NLuaTest.LuaTests" runstate="Runnable" seed="2079617530" result="Passed" start-time="2021-11-07T02:19:07.3851367Z" end-time="2021-11-07T02:19:07.3861372Z" duration="0.000556" asserts="1" />
        <test-case id="1-1086" name="GetStringInTable" fullname="NLuaTest.LuaTests.GetStringInTable" methodname="GetStringInTable" classname="NLuaTest.LuaTests" runstate="Runnable" seed="851837579" result="Passed" start-time="2021-11-07T02:19:07.3861372Z" end-time="2021-11-07T02:19:07.3861372Z" duration="0.000340" asserts="1" />
        <test-case id="1-1089" name="GetTableNumericField1" fullname="NLuaTest.LuaTests.GetTableNumericField1" methodname="GetTableNumericField1" classname="NLuaTest.LuaTests" runstate="Runnable" seed="2127228433" result="Passed" start-time="2021-11-07T02:19:07.3861372Z" end-time="2021-11-07T02:19:07.3871374Z" duration="0.000566" asserts="1" />
        <test-case id="1-1090" name="GetTableNumericField2" fullname="NLuaTest.LuaTests.GetTableNumericField2" methodname="GetTableNumericField2" classname="NLuaTest.LuaTests" runstate="Runnable" seed="261474390" result="Passed" start-time="2021-11-07T02:19:07.3871374Z" end-time="2021-11-07T02:19:07.3871374Z" duration="0.000388" asserts="1" />
        <test-case id="1-1093" name="GetTableStringField1" fullname="NLuaTest.LuaTests.GetTableStringField1" methodname="GetTableStringField1" classname="NLuaTest.LuaTests" runstate="Runnable" seed="1402882072" result="Passed" start-time="2021-11-07T02:19:07.3871374Z" end-time="2021-11-07T02:19:07.3871374Z" duration="0.000397" asserts="1" />
        <test-case id="1-1094" name="GetTableStringField2" fullname="NLuaTest.LuaTests.GetTableStringField2" methodname="GetTableStringField2" classname="NLuaTest.LuaTests" runstate="Runnable" seed="1254530283" result="Passed" start-time="2021-11-07T02:19:07.3871374Z" end-time="2021-11-07T02:19:07.3881382Z" duration="0.000354" asserts="1" />
        <test-case id="1-1045" name="InvalidArrayIndex" fullname="NLuaTest.LuaTests.InvalidArrayIndex" methodname="InvalidArrayIndex" classname="NLuaTest.LuaTests" runstate="Runnable" seed="670054936" result="Passed" start-time="2021-11-07T02:19:07.3881382Z" end-time="2021-11-07T02:19:07.3901358Z" duration="0.002585" asserts="3" />
        <test-case id="1-1127" name="LuaDelegateReferenceTypes" fullname="NLuaTest.LuaTests.LuaDelegateReferenceTypes" methodname="LuaDelegateReferenceTypes" classname="NLuaTest.LuaTests" runstate="Runnable" seed="853842005" result="Passed" start-time="2021-11-07T02:19:07.3901358Z" end-time="2021-11-07T02:19:07.3921360Z" duration="0.001092" asserts="1" />
        <test-case id="1-1129" name="LuaDelegateReferenceTypesByRefParam" fullname="NLuaTest.LuaTests.LuaDelegateReferenceTypesByRefParam" methodname="LuaDelegateReferenceTypesByRefParam" classname="NLuaTest.LuaTests" runstate="Runnable" seed="485742715" result="Passed" start-time="2021-11-07T02:19:07.3921360Z" end-time="2021-11-07T02:19:07.3921360Z" duration="0.000873" asserts="1" />
        <test-case id="1-1128" name="LuaDelegateReferenceTypesOutParam" fullname="NLuaTest.LuaTests.LuaDelegateReferenceTypesOutParam" methodname="LuaDelegateReferenceTypesOutParam" classname="NLuaTest.LuaTests" runstate="Runnable" seed="551442524" result="Passed" start-time="2021-11-07T02:19:07.3921360Z" end-time="2021-11-07T02:19:07.3931377Z" duration="0.000863" asserts="1" />
        <test-case id="1-1123" name="LuaDelegateValueTypes" fullname="NLuaTest.LuaTests.LuaDelegateValueTypes" methodname="LuaDelegateValueTypes" classname="NLuaTest.LuaTests" runstate="Runnable" seed="659522462" result="Passed" start-time="2021-11-07T02:19:07.3931377Z" end-time="2021-11-07T02:19:07.3941356Z" duration="0.000826" asserts="1" />
        <test-case id="1-1125" name="LuaDelegateValueTypesByRefParam" fullname="NLuaTest.LuaTests.LuaDelegateValueTypesByRefParam" methodname="LuaDelegateValueTypesByRefParam" classname="NLuaTest.LuaTests" runstate="Runnable" seed="1156512175" result="Passed" start-time="2021-11-07T02:19:07.3941356Z" end-time="2021-11-07T02:19:07.3951368Z" duration="0.000840" asserts="1" />
        <test-case id="1-1124" name="LuaDelegateValueTypesOutParam" fullname="NLuaTest.LuaTests.LuaDelegateValueTypesOutParam" methodname="LuaDelegateValueTypesOutParam" classname="NLuaTest.LuaTests" runstate="Runnable" seed="619518249" result="Passed" start-time="2021-11-07T02:19:07.3951368Z" end-time="2021-11-07T02:19:07.3961369Z" duration="0.000835" asserts="1" />
        <test-case id="1-1126" name="LuaDelegateValueTypesReturnReferenceType" fullname="NLuaTest.LuaTests.LuaDelegateValueTypesReturnReferenceType" methodname="LuaDelegateValueTypesReturnReferenceType" classname="NLuaTest.LuaTests" runstate="Runnable" seed="186098923" result="Passed" start-time="2021-11-07T02:19:07.3961369Z" end-time="2021-11-07T02:19:07.3971357Z" duration="0.000838" asserts="1" />
        <test-case id="1-1139" name="LuaTableBaseMethod" fullname="NLuaTest.LuaTests.LuaTableBaseMethod" methodname="LuaTableBaseMethod" classname="NLuaTest.LuaTests" runstate="Runnable" seed="32338182" result="Passed" start-time="2021-11-07T02:19:07.3971357Z" end-time="2021-11-07T02:19:07.3991373Z" duration="0.001949" asserts="1" />
        <test-case id="1-1069" name="LuaTableInheritedMethod" fullname="NLuaTest.LuaTests.LuaTableInheritedMethod" methodname="LuaTableInheritedMethod" classname="NLuaTest.LuaTests" runstate="Runnable" seed="1371656534" result="Passed" start-time="2021-11-07T02:19:07.3991373Z" end-time="2021-11-07T02:19:07.3991373Z" duration="0.000757" asserts="1" />
        <test-case id="1-1068" name="LuaTableOverridedMethod" fullname="NLuaTest.LuaTests.LuaTableOverridedMethod" methodname="LuaTableOverridedMethod" classname="NLuaTest.LuaTests" runstate="Runnable" seed="1373000038" result="Passed" start-time="2021-11-07T02:19:07.3991373Z" end-time="2021-11-07T02:19:07.4001370Z" duration="0.000583" asserts="1" />
        <test-case id="1-1130" name="NLuaAAValueTypes" fullname="NLuaTest.LuaTests.NLuaAAValueTypes" methodname="NLuaAAValueTypes" classname="NLuaTest.LuaTests" runstate="Runnable" seed="1824755159" result="Passed" start-time="2021-11-07T02:19:07.4001370Z" end-time="2021-11-07T02:19:07.4011374Z" duration="0.000968" asserts="1" />
        <test-case id="1-1138" name="NLuaReferenceProperty" fullname="NLuaTest.LuaTests.NLuaReferenceProperty" methodname="NLuaReferenceProperty" classname="NLuaTest.LuaTests" runstate="Runnable" seed="1048500885" result="Passed" start-time="2021-11-07T02:19:07.4011374Z" end-time="2021-11-07T02:19:07.4021354Z" duration="0.001005" asserts="1" />
        <test-case id="1-1134" name="NLuaReferenceTypes" fullname="NLuaTest.LuaTests.NLuaReferenceTypes" methodname="NLuaReferenceTypes" classname="NLuaTest.LuaTests" runstate="Runnable" seed="1844695314" result="Passed" start-time="2021-11-07T02:19:07.4021354Z" end-time="2021-11-07T02:19:07.4031364Z" duration="0.000956" asserts="1" />
        <test-case id="1-1136" name="NLuaReferenceTypesByRefParam" fullname="NLuaTest.LuaTests.NLuaReferenceTypesByRefParam" methodname="NLuaReferenceTypesByRefParam" classname="NLuaTest.LuaTests" runstate="Runnable" seed="1869767256" result="Passed" start-time="2021-11-07T02:19:07.4031364Z" end-time="2021-11-07T02:19:07.4041378Z" duration="0.000987" asserts="1" />
        <test-case id="1-1135" name="NLuaReferenceTypesOutParam" fullname="NLuaTest.LuaTests.NLuaReferenceTypesOutParam" methodname="NLuaReferenceTypesOutParam" classname="NLuaTest.LuaTests" runstate="Runnable" seed="1156134473" result="Passed" start-time="2021-11-07T02:19:07.4041378Z" end-time="2021-11-07T02:19:07.4051374Z" duration="0.000904" asserts="1" />
        <test-case id="1-1137" name="NLuaValueProperty" fullname="NLuaTest.LuaTests.NLuaValueProperty" methodname="NLuaValueProperty" classname="NLuaTest.LuaTests" runstate="Runnable" seed="1266521125" result="Passed" start-time="2021-11-07T02:19:07.4051374Z" end-time="2021-11-07T02:19:07.4061364Z" duration="0.001046" asserts="1" />
        <test-case id="1-1132" name="NLuaValueTypesByRefParam" fullname="NLuaTest.LuaTests.NLuaValueTypesByRefParam" methodname="NLuaValueTypesByRefParam" classname="NLuaTest.LuaTests" runstate="Runnable" seed="1912395185" result="Passed" start-time="2021-11-07T02:19:07.4061364Z" end-time="2021-11-07T02:19:07.4071377Z" duration="0.001204" asserts="1" />
        <test-case id="1-1131" name="NLuaValueTypesOutParam" fullname="NLuaTest.LuaTests.NLuaValueTypesOutParam" methodname="NLuaValueTypesOutParam" classname="NLuaTest.LuaTests" runstate="Runnable" seed="959565150" result="Passed" start-time="2021-11-07T02:19:07.4071377Z" end-time="2021-11-07T02:19:07.4081372Z" duration="0.001008" asserts="1" />
        <test-case id="1-1133" name="NLuaValueTypesReturnReferenceType" fullname="NLuaTest.LuaTests.NLuaValueTypesReturnReferenceType" methodname="NLuaValueTypesReturnReferenceType" classname="NLuaTest.LuaTests" runstate="Runnable" seed="1741977766" result="Passed" start-time="2021-11-07T02:19:07.4081372Z" end-time="2021-11-07T02:19:07.4091357Z" duration="0.000980" asserts="1" />
        <test-case id="1-1037" name="PassIntegerToLua" fullname="NLuaTest.LuaTests.PassIntegerToLua" methodname="PassIntegerToLua" classname="NLuaTest.LuaTests" runstate="Runnable" seed="388214613" result="Passed" start-time="2021-11-07T02:19:07.4091357Z" end-time="2021-11-07T02:19:07.4111365Z" duration="0.001933" asserts="5" />
        <test-case id="1-1042" name="RawByteArrayParameter" fullname="NLuaTest.LuaTests.RawByteArrayParameter" methodname="RawByteArrayParameter" classname="NLuaTest.LuaTests" runstate="Runnable" seed="1751446640" result="Passed" start-time="2021-11-07T02:19:07.4111365Z" end-time="2021-11-07T02:19:07.4131363Z" duration="0.001851" asserts="1" />
        <test-case id="1-1120" name="ReadArrayField" fullname="NLuaTest.LuaTests.ReadArrayField" methodname="ReadArrayField" classname="NLuaTest.LuaTests" runstate="Runnable" seed="1207860726" result="Passed" start-time="2021-11-07T02:19:07.4131363Z" end-time="2021-11-07T02:19:07.4141355Z" duration="0.000653" asserts="1" />
        <test-case id="1-1073" name="RegisterFunctionStressTest" fullname="NLuaTest.LuaTests.RegisterFunctionStressTest" methodname="RegisterFunctionStressTest" classname="NLuaTest.LuaTests" runstate="Runnable" seed="1180555577" result="Passed" start-time="2021-11-07T02:19:07.4141355Z" end-time="2021-11-07T02:19:07.4991371Z" duration="0.085180" asserts="0" />
        <test-case id="1-1043" name="RemoveEventAction" fullname="NLuaTest.LuaTests.RemoveEventAction" methodname="RemoveEventAction" classname="NLuaTest.LuaTests" runstate="Runnable" seed="1376337428" result="Passed" start-time="2021-11-07T02:19:07.4991371Z" end-time="2021-11-07T02:19:07.5021366Z" duration="0.003108" asserts="2">
          <output><![CDATA[MyClicked
]]></output>
        </test-case>
        <test-case id="1-1081" name="SetGlobalNumber" fullname="NLuaTest.LuaTests.SetGlobalNumber" methodname="SetGlobalNumber" classname="NLuaTest.LuaTests" runstate="Runnable" seed="234151448" result="Passed" start-time="2021-11-07T02:19:07.5021366Z" end-time="2021-11-07T02:19:07.5021366Z" duration="0.000404" asserts="1" />
        <test-case id="1-1103" name="SetGlobalObject" fullname="NLuaTest.LuaTests.SetGlobalObject" methodname="SetGlobalObject" classname="NLuaTest.LuaTests" runstate="Runnable" seed="1343009751" result="Passed" start-time="2021-11-07T02:19:07.5021366Z" end-time="2021-11-07T02:19:07.5031351Z" duration="0.000639" asserts="3" />
        <test-case id="1-1085" name="SetGlobalString" fullname="NLuaTest.LuaTests.SetGlobalString" methodname="SetGlobalString" classname="NLuaTest.LuaTests" runstate="Runnable" seed="1381628938" result="Passed" start-time="2021-11-07T02:19:07.5031351Z" end-time="2021-11-07T02:19:07.5031351Z" duration="0.000325" asserts="1" />
        <test-case id="1-1083" name="SetNumberInTable" fullname="NLuaTest.LuaTests.SetNumberInTable" methodname="SetNumberInTable" classname="NLuaTest.LuaTests" runstate="Runnable" seed="1678891817" result="Passed" start-time="2021-11-07T02:19:07.5031351Z" end-time="2021-11-07T02:19:07.5041364Z" duration="0.000402" asserts="1" />
        <test-case id="1-1087" name="SetStringInTable" fullname="NLuaTest.LuaTests.SetStringInTable" methodname="SetStringInTable" classname="NLuaTest.LuaTests" runstate="Runnable" seed="1704157678" result="Passed" start-time="2021-11-07T02:19:07.5041364Z" end-time="2021-11-07T02:19:07.5041364Z" duration="0.000326" asserts="1" />
        <test-case id="1-1091" name="SetTableNumericField1" fullname="NLuaTest.LuaTests.SetTableNumericField1" methodname="SetTableNumericField1" classname="NLuaTest.LuaTests" runstate="Runnable" seed="921991014" result="Passed" start-time="2021-11-07T02:19:07.5041364Z" end-time="2021-11-07T02:19:07.5051364Z" duration="0.000562" asserts="1" />
        <test-case id="1-1092" name="SetTableNumericField2" fullname="NLuaTest.LuaTests.SetTableNumericField2" methodname="SetTableNumericField2" classname="NLuaTest.LuaTests" runstate="Runnable" seed="153811368" result="Passed" start-time="2021-11-07T02:19:07.5051364Z" end-time="2021-11-07T02:19:07.5051364Z" duration="0.000384" asserts="1" />
        <test-case id="1-1105" name="SetTableObjectField1" fullname="NLuaTest.LuaTests.SetTableObjectField1" methodname="SetTableObjectField1" classname="NLuaTest.LuaTests" runstate="Runnable" seed="1849419137" result="Passed" start-time="2021-11-07T02:19:07.5051364Z" end-time="2021-11-07T02:19:07.5061367Z" duration="0.000432" asserts="2" />
        <test-case id="1-1095" name="SetTableStringField1" fullname="NLuaTest.LuaTests.SetTableStringField1" methodname="SetTableStringField1" classname="NLuaTest.LuaTests" runstate="Runnable" seed="1651054653" result="Passed" start-time="2021-11-07T02:19:07.5061367Z" end-time="2021-11-07T02:19:07.5061367Z" duration="0.000348" asserts="1" />
        <test-case id="1-1096" name="SetTableStringField2" fullname="NLuaTest.LuaTests.SetTableStringField2" methodname="SetTableStringField2" classname="NLuaTest.LuaTests" runstate="Runnable" seed="164798794" result="Passed" start-time="2021-11-07T02:19:07.5061367Z" end-time="2021-11-07T02:19:07.5061367Z" duration="0.000341" asserts="1" />
        <test-case id="1-1175" name="TestBaseClassExtensionMethods" fullname="NLuaTest.LuaTests.TestBaseClassExtensionMethods" methodname="TestBaseClassExtensionMethods" classname="NLuaTest.LuaTests" runstate="Runnable" seed="2019622753" result="Passed" start-time="2021-11-07T02:19:07.5061367Z" end-time="2021-11-07T02:19:07.5101368Z" duration="0.003277" asserts="1" />
        <test-case id="1-1025" name="TestCallDelegateWithParameters" fullname="NLuaTest.LuaTests.TestCallDelegateWithParameters" methodname="TestCallDelegateWithParameters" classname="NLuaTest.LuaTests" runstate="Runnable" seed="951095516" result="Passed" start-time="2021-11-07T02:19:07.5101368Z" end-time="2021-11-07T02:19:07.5111357Z" duration="0.001101" asserts="2" />
        <test-case id="1-1027" name="TestCallDelegateWithWrongParametersShouldFail" fullname="NLuaTest.LuaTests.TestCallDelegateWithWrongParametersShouldFail" methodname="TestCallDelegateWithWrongParametersShouldFail" classname="NLuaTest.LuaTests" runstate="Runnable" seed="569112594" result="Passed" start-time="2021-11-07T02:19:07.5111357Z" end-time="2021-11-07T02:19:07.5121371Z" duration="0.000897" asserts="1" />
        <test-case id="1-1023" name="TestCallImplicitBaseMethod" fullname="NLuaTest.LuaTests.TestCallImplicitBaseMethod" methodname="TestCallImplicitBaseMethod" classname="NLuaTest.LuaTests" runstate="Runnable" seed="422950713" result="Passed" start-time="2021-11-07T02:19:07.5121371Z" end-time="2021-11-07T02:19:07.5121371Z" duration="0.000716" asserts="1" />
        <test-case id="1-1031" name="TestCallMethodWithObjectParams" fullname="NLuaTest.LuaTests.TestCallMethodWithObjectParams" methodname="TestCallMethodWithObjectParams" classname="NLuaTest.LuaTests" runstate="Runnable" seed="186035817" result="Passed" start-time="2021-11-07T02:19:07.5121371Z" end-time="2021-11-07T02:19:07.5131375Z" duration="0.000760" asserts="1">
          <output><![CDATA[2

4
abc
]]></output>
        </test-case>
        <test-case id="1-1032" name="TestCallMethodWithObjectParamsAndNilAsFirstArgument" fullname="NLuaTest.LuaTests.TestCallMethodWithObjectParamsAndNilAsFirstArgument" methodname="TestCallMethodWithObjectParamsAndNilAsFirstArgument" classname="NLuaTest.LuaTests" runstate="Runnable" seed="2115332673" result="Passed" start-time="2021-11-07T02:19:07.5131375Z" end-time="2021-11-07T02:19:07.5141361Z" duration="0.000562" asserts="1">
          <output><![CDATA[
4
abc
]]></output>
        </test-case>
        <test-case id="1-1029" name="TestCallMethodWithParams2" fullname="NLuaTest.LuaTests.TestCallMethodWithParams2" methodname="TestCallMethodWithParams2" classname="NLuaTest.LuaTests" runstate="Runnable" seed="861989320" result="Passed" start-time="2021-11-07T02:19:07.5141361Z" end-time="2021-11-07T02:19:07.5141361Z" duration="0.000829" asserts="1">
          <output><![CDATA[2
]]></output>
        </test-case>
        <test-case id="1-1030" name="TestCallMethodWithParamsOptional" fullname="NLuaTest.LuaTests.TestCallMethodWithParamsOptional" methodname="TestCallMethodWithParamsOptional" classname="NLuaTest.LuaTests" runstate="Runnable" seed="1057489761" result="Passed" start-time="2021-11-07T02:19:07.5151376Z" end-time="2021-11-07T02:19:07.5151376Z" duration="0.000654" asserts="1">
          <output><![CDATA[2
7
4
]]></output>
        </test-case>
        <test-case id="1-1026" name="TestCallSimpleDelegate" fullname="NLuaTest.LuaTests.TestCallSimpleDelegate" methodname="TestCallSimpleDelegate" classname="NLuaTest.LuaTests" runstate="Runnable" seed="1457500406" result="Passed" start-time="2021-11-07T02:19:07.5151376Z" end-time="2021-11-07T02:19:07.5161376Z" duration="0.000818" asserts="1" />
        <test-case id="1-1171" name="TestCaseFields" fullname="NLuaTest.LuaTests.TestCaseFields" methodname="TestCaseFields" classname="NLuaTest.LuaTests" runstate="Runnable" seed="1954672063" result="Passed" start-time="2021-11-07T02:19:07.5161376Z" end-time="2021-11-07T02:19:07.5171369Z" duration="0.000717" asserts="4" />
        <test-case id="1-1033" name="TestConstructorOverload" fullname="NLuaTest.LuaTests.TestConstructorOverload" methodname="TestConstructorOverload" classname="NLuaTest.LuaTests" runstate="Runnable" seed="995011241" result="Passed" start-time="2021-11-07T02:19:07.5171369Z" end-time="2021-11-07T02:19:07.5181354Z" duration="0.000799" asserts="3" />
        <test-case id="1-1159" name="TestCoroutine" fullname="NLuaTest.LuaTests.TestCoroutine" methodname="TestCoroutine" classname="NLuaTest.LuaTests" runstate="Runnable" seed="175948689" result="Passed" start-time="2021-11-07T02:19:07.5181354Z" end-time="2021-11-07T02:19:07.5191355Z" duration="0.001333" asserts="1" />
        <test-case id="1-1145" name="TestCtype" fullname="NLuaTest.LuaTests.TestCtype" methodname="TestCtype" classname="NLuaTest.LuaTests" runstate="Runnable" seed="1928509260" result="Passed" start-time="2021-11-07T02:19:07.5191355Z" end-time="2021-11-07T02:19:07.5201358Z" duration="0.001284" asserts="1" />
        <test-case id="1-1163" name="TestDebugHook" fullname="NLuaTest.LuaTests.TestDebugHook" methodname="TestDebugHook" classname="NLuaTest.LuaTests" runstate="Runnable" seed="1668592251" result="Passed" start-time="2021-11-07T02:19:07.5201358Z" end-time="2021-11-07T02:19:07.5231354Z" duration="0.002402" asserts="4" />
        <test-case id="1-1034" name="TestDefaultParameter" fullname="NLuaTest.LuaTests.TestDefaultParameter" methodname="TestDefaultParameter" classname="NLuaTest.LuaTests" runstate="Runnable" seed="176506185" result="Passed" start-time="2021-11-07T02:19:07.5231354Z" end-time="2021-11-07T02:19:07.5241418Z" duration="0.001614" asserts="8" />
        <test-case id="1-1064" name="TestDispose" fullname="NLuaTest.LuaTests.TestDispose" methodname="TestDispose" classname="NLuaTest.LuaTests" runstate="Runnable" seed="1004640055" result="Passed" start-time="2021-11-07T02:19:07.5241418Z" end-time="2021-11-07T02:19:07.5871358Z" duration="0.063230" asserts="0">
          <output><![CDATA[Was using 65MB, now using: 65MB
]]></output>
        </test-case>
        <test-case id="1-1062" name="TestEnumEqual" fullname="NLuaTest.LuaTests.TestEnumEqual" methodname="TestEnumEqual" classname="NLuaTest.LuaTests" runstate="Runnable" seed="1345448009" result="Passed" start-time="2021-11-07T02:19:07.5871358Z" end-time="2021-11-07T02:19:07.5881355Z" duration="0.000796" asserts="2" />
        <test-case id="1-1070" name="TestEventException" fullname="NLuaTest.LuaTests.TestEventException" methodname="TestEventException" classname="NLuaTest.LuaTests" runstate="Runnable" seed="997328826" result="Passed" start-time="2021-11-07T02:19:07.5881355Z" end-time="2021-11-07T02:19:07.5901363Z" duration="0.001686" asserts="1" />
        <test-case id="1-1071" name="TestExceptionWithChunkOverload" fullname="NLuaTest.LuaTests.TestExceptionWithChunkOverload" methodname="TestExceptionWithChunkOverload" classname="NLuaTest.LuaTests" runstate="Runnable" seed="2083838582" result="Passed" start-time="2021-11-07T02:19:07.5901363Z" end-time="2021-11-07T02:19:07.5911367Z" duration="0.000648" asserts="1" />
        <test-case id="1-1173" name="TestExtensionMethods" fullname="NLuaTest.LuaTests.TestExtensionMethods" methodname="TestExtensionMethods" classname="NLuaTest.LuaTests" runstate="Runnable" seed="910373059" result="Passed" start-time="2021-11-07T02:19:07.5911367Z" end-time="2021-11-07T02:19:07.5941373Z" duration="0.003215" asserts="1" />
        <test-case id="1-1067" name="TestFunctions" fullname="NLuaTest.LuaTests.TestFunctions" methodname="TestFunctions" classname="NLuaTest.LuaTests" runstate="Runnable" seed="1406907406" result="Passed" start-time="2021-11-07T02:19:07.5941373Z" end-time="2021-11-07T02:19:07.5951369Z" duration="0.000979" asserts="0">
          <output><![CDATA[Foo
some
string
]]></output>
        </test-case>
        <test-case id="1-1072" name="TestGenerics" fullname="NLuaTest.LuaTests.TestGenerics" methodname="TestGenerics" classname="NLuaTest.LuaTests" runstate="Runnable" seed="1685851295" result="Passed" start-time="2021-11-07T02:19:07.5951369Z" end-time="2021-11-07T02:19:07.5971363Z" duration="0.002290" asserts="4">
          <output><![CDATA[Validation was successful
System.Double vs NLua.LuaNumber
100 vs 100
NLuaTest.TestTypes.TestClass
]]></output>
        </test-case>
        <test-case id="1-1177" name="TestGetStack" fullname="NLuaTest.LuaTests.TestGetStack" methodname="TestGetStack" classname="NLuaTest.LuaTests" runstate="Runnable" seed="910319226" result="Passed" start-time="2021-11-07T02:19:07.5971363Z" end-time="2021-11-07T02:19:07.5991368Z" duration="0.002138" asserts="1" />
        <test-case id="1-1048" name="TestGuid" fullname="NLuaTest.LuaTests.TestGuid" methodname="TestGuid" classname="NLuaTest.LuaTests" runstate="Runnable" seed="324858593" result="Passed" start-time="2021-11-07T02:19:07.5991368Z" end-time="2021-11-07T02:19:07.6001366Z" duration="0.000607" asserts="1" />
        <test-case id="1-1054" name="TestIndexers" fullname="NLuaTest.LuaTests.TestIndexers" methodname="TestIndexers" classname="NLuaTest.LuaTests" runstate="Runnable" seed="2070381794" result="Passed" start-time="2021-11-07T02:19:07.6001366Z" end-time="2021-11-07T02:19:07.6021360Z" duration="0.001599" asserts="6" />
        <test-case id="1-1174" name="TestInexistentExtensionMethods" fullname="NLuaTest.LuaTests.TestInexistentExtensionMethods" methodname="TestInexistentExtensionMethods" classname="NLuaTest.LuaTests" runstate="Runnable" seed="1751357533" result="Passed" start-time="2021-11-07T02:19:07.6021360Z" end-time="2021-11-07T02:19:07.6051371Z" duration="0.002944" asserts="1">
          <output><![CDATA[NLua.Exceptions.LuaScriptException: [string "chunk"]:1: method 'Lengthx0' is not callable (a nil value)
NLua.Exceptions.LuaScriptException: [string "chunk"]:1: method 'Lengthx0' is not callable (a nil value)
]]></output>
        </test-case>
        <test-case id="1-1164" name="TestKeyWithDots" fullname="NLuaTest.LuaTests.TestKeyWithDots" methodname="TestKeyWithDots" classname="NLuaTest.LuaTests" runstate="Runnable" seed="1335002271" result="Passed" start-time="2021-11-07T02:19:07.6051371Z" end-time="2021-11-07T02:19:07.6051371Z" duration="0.000465" asserts="1" />
        <test-case id="1-1076" name="TestLoadFileLeak" fullname="NLuaTest.LuaTests.TestLoadFileLeak" methodname="TestLoadFileLeak" classname="NLuaTest.LuaTests" runstate="Runnable" seed="930655866" result="Passed" start-time="2021-11-07T02:19:07.6051371Z" end-time="2021-11-07T02:19:07.6601367Z" duration="0.054920" asserts="0" />
        <test-case id="1-1075" name="TestLoadStringLeak" fullname="NLuaTest.LuaTests.TestLoadStringLeak" methodname="TestLoadStringLeak" classname="NLuaTest.LuaTests" runstate="Runnable" seed="1975043967" result="Passed" start-time="2021-11-07T02:19:07.6601367Z" end-time="2021-11-07T02:19:07.6631366Z" duration="0.003423" asserts="0" />
        <test-suite type="ParameterizedMethod" id="1-1053" name="TestMaximumRecursion" fullname="NLuaTest.LuaTests.TestMaximumRecursion" classname="NLuaTest.LuaTests" runstate="Runnable" testcasecount="4" result="Passed" start-time="2021-11-07T02:19:07.6631366Z" end-time="2021-11-07T02:19:07.6671360Z" duration="0.003750" total="4" passed="4" failed="0" warnings="0" inconclusive="0" skipped="0" asserts="8">
          <test-case id="1-1049" name="TestMaximumRecursion(0)" fullname="NLuaTest.LuaTests.TestMaximumRecursion(0)" methodname="TestMaximumRecursion" classname="NLuaTest.LuaTests" runstate="Runnable" seed="158918484" result="Passed" start-time="2021-11-07T02:19:07.6641362Z" end-time="2021-11-07T02:19:07.6651355Z" duration="0.001586" asserts="2" />
          <test-case id="1-1050" name="TestMaximumRecursion(1)" fullname="NLuaTest.LuaTests.TestMaximumRecursion(1)" methodname="TestMaximumRecursion" classname="NLuaTest.LuaTests" runstate="Runnable" seed="222281260" result="Passed" start-time="2021-11-07T02:19:07.6651355Z" end-time="2021-11-07T02:19:07.6661369Z" duration="0.000758" asserts="2" />
          <test-case id="1-1051" name="TestMaximumRecursion(2)" fullname="NLuaTest.LuaTests.TestMaximumRecursion(2)" methodname="TestMaximumRecursion" classname="NLuaTest.LuaTests" runstate="Runnable" seed="891820045" result="Passed" start-time="2021-11-07T02:19:07.6661369Z" end-time="2021-11-07T02:19:07.6671360Z" duration="0.000550" asserts="2" />
          <test-case id="1-1052" name="TestMaximumRecursion(3)" fullname="NLuaTest.LuaTests.TestMaximumRecursion(3)" methodname="TestMaximumRecursion" classname="NLuaTest.LuaTests" runstate="Runnable" seed="922511831" result="Passed" start-time="2021-11-07T02:19:07.6671360Z" end-time="2021-11-07T02:19:07.6671360Z" duration="0.000475" asserts="2" />
        </test-suite>
        <test-case id="1-1063" name="TestMethodOverloads" fullname="NLuaTest.LuaTests.TestMethodOverloads" methodname="TestMethodOverloads" classname="NLuaTest.LuaTests" runstate="Runnable" seed="1371474536" result="Passed" start-time="2021-11-07T02:19:07.6671360Z" end-time="2021-11-07T02:19:07.6691365Z" duration="0.001843" asserts="3">
          <output><![CDATA[Method with no params
Method with testclass param
Method with testclass param
Overload without out param: 1, 1, 1
Overload with out param2, 2
Overload with uint32 param: 11
Overload with numeric string param: 321
]]></output>
        </test-case>
        <test-case id="1-1074" name="TestMultipleOutParameters" fullname="NLuaTest.LuaTests.TestMultipleOutParameters" methodname="TestMultipleOutParameters" classname="NLuaTest.LuaTests" runstate="Runnable" seed="280477673" result="Passed" start-time="2021-11-07T02:19:07.6691365Z" end-time="2021-11-07T02:19:07.6701368Z" duration="0.000922" asserts="3" />
        <test-case id="1-1058" name="TestNullable" fullname="NLuaTest.LuaTests.TestNullable" methodname="TestNullable" classname="NLuaTest.LuaTests" runstate="Runnable" seed="502786251" result="Passed" start-time="2021-11-07T02:19:07.6701368Z" end-time="2021-11-07T02:19:07.6711366Z" duration="0.001313" asserts="2" />
        <test-case id="1-1078" name="TestNullableParameter" fullname="NLuaTest.LuaTests.TestNullableParameter" methodname="TestNullableParameter" classname="NLuaTest.LuaTests" runstate="Runnable" seed="1766975668" result="Passed" start-time="2021-11-07T02:19:07.6711366Z" end-time="2021-11-07T02:19:07.6721492Z" duration="0.001157" asserts="4" />
        <test-case id="1-1165" name="TestOperatorAdd" fullname="NLuaTest.LuaTests.TestOperatorAdd" methodname="TestOperatorAdd" classname="NLuaTest.LuaTests" runstate="Runnable" seed="80358686" result="Passed" start-time="2021-11-07T02:19:07.6721492Z" end-time="2021-11-07T02:19:07.6751380Z" duration="0.002364" asserts="1" />
        <test-case id="1-1168" name="TestOperatorEqual" fullname="NLuaTest.LuaTests.TestOperatorEqual" methodname="TestOperatorEqual" classname="NLuaTest.LuaTests" runstate="Runnable" seed="2130243900" result="Passed" start-time="2021-11-07T02:19:07.6751380Z" end-time="2021-11-07T02:19:07.6761384Z" duration="0.000806" asserts="1" />
        <test-case id="1-1166" name="TestOperatorMinus" fullname="NLuaTest.LuaTests.TestOperatorMinus" methodname="TestOperatorMinus" classname="NLuaTest.LuaTests" runstate="Runnable" seed="1697675024" result="Passed" start-time="2021-11-07T02:19:07.6761384Z" end-time="2021-11-07T02:19:07.6771371Z" duration="0.000929" asserts="1" />
        <test-case id="1-1167" name="TestOperatorMultiply" fullname="NLuaTest.LuaTests.TestOperatorMultiply" methodname="TestOperatorMultiply" classname="NLuaTest.LuaTests" runstate="Runnable" seed="678354849" result="Passed" start-time="2021-11-07T02:19:07.6771371Z" end-time="2021-11-07T02:19:07.6771371Z" duration="0.000699" asserts="1" />
        <test-case id="1-1169" name="TestOperatorNotEqual" fullname="NLuaTest.LuaTests.TestOperatorNotEqual" methodname="TestOperatorNotEqual" classname="NLuaTest.LuaTests" runstate="Runnable" seed="1863083481" result="Passed" start-time="2021-11-07T02:19:07.6771371Z" end-time="2021-11-07T02:19:07.6781366Z" duration="0.000658" asserts="1" />
        <test-case id="1-1028" name="TestOverloadedMethodCallOnBase" fullname="NLuaTest.LuaTests.TestOverloadedMethodCallOnBase" methodname="TestOverloadedMethodCallOnBase" classname="NLuaTest.LuaTests" runstate="Runnable" seed="602530207" result="Passed" start-time="2021-11-07T02:19:07.6781366Z" end-time="2021-11-07T02:19:07.6791369Z" duration="0.001018" asserts="2" />
        <test-case id="1-1176" name="TestOverloadedMethods" fullname="NLuaTest.LuaTests.TestOverloadedMethods" methodname="TestOverloadedMethods" classname="NLuaTest.LuaTests" runstate="Runnable" seed="1780793682" result="Passed" start-time="2021-11-07T02:19:07.6791369Z" end-time="2021-11-07T02:19:07.6801370Z" duration="0.001384" asserts="4" />
        <test-case id="1-1146" name="TestPrintChars" fullname="NLuaTest.LuaTests.TestPrintChars" methodname="TestPrintChars" classname="NLuaTest.LuaTests" runstate="Runnable" seed="144712385" result="Passed" start-time="2021-11-07T02:19:07.6801370Z" end-time="2021-11-07T02:19:07.6811373Z" duration="0.000654" asserts="1" />
        <test-case id="1-1149" name="TestPrintManyNil" fullname="NLuaTest.LuaTests.TestPrintManyNil" methodname="TestPrintManyNil" classname="NLuaTest.LuaTests" runstate="Runnable" seed="1137490780" result="Passed" start-time="2021-11-07T02:19:07.6811373Z" end-time="2021-11-07T02:19:07.6831369Z" duration="0.001500" asserts="1" />
        <test-case id="1-1150" name="TestPrintManyNilFirstNumber" fullname="NLuaTest.LuaTests.TestPrintManyNilFirstNumber" methodname="TestPrintManyNilFirstNumber" classname="NLuaTest.LuaTests" runstate="Runnable" seed="1538538253" result="Passed" start-time="2021-11-07T02:19:07.6831369Z" end-time="2021-11-07T02:19:07.6841383Z" duration="0.001091" asserts="1" />
        <test-case id="1-1155" name="TestPrintManyNilFirstNumberParamsDetour" fullname="NLuaTest.LuaTests.TestPrintManyNilFirstNumberParamsDetour" methodname="TestPrintManyNilFirstNumberParamsDetour" classname="NLuaTest.LuaTests" runstate="Runnable" seed="1742481742" result="Passed" start-time="2021-11-07T02:19:07.6841383Z" end-time="2021-11-07T02:19:07.6851382Z" duration="0.001648" asserts="1" />
        <test-case id="1-1151" name="TestPrintManyNilLastNumber" fullname="NLuaTest.LuaTests.TestPrintManyNilLastNumber" methodname="TestPrintManyNilLastNumber" classname="NLuaTest.LuaTests" runstate="Runnable" seed="523301823" result="Passed" start-time="2021-11-07T02:19:07.6851382Z" end-time="2021-11-07T02:19:07.6871350Z" duration="0.001289" asserts="1" />
        <test-case id="1-1156" name="TestPrintManyNilLastNumberParamsDetour" fullname="NLuaTest.LuaTests.TestPrintManyNilLastNumberParamsDetour" methodname="TestPrintManyNilLastNumberParamsDetour" classname="NLuaTest.LuaTests" runstate="Runnable" seed="35426246" result="Passed" start-time="2021-11-07T02:19:07.6871350Z" end-time="2021-11-07T02:19:07.6881370Z" duration="0.000916" asserts="1" />
        <test-case id="1-1154" name="TestPrintManyNilParamsDetour" fullname="NLuaTest.LuaTests.TestPrintManyNilParamsDetour" methodname="TestPrintManyNilParamsDetour" classname="NLuaTest.LuaTests" runstate="Runnable" seed="2046859953" result="Passed" start-time="2021-11-07T02:19:07.6881370Z" end-time="2021-11-07T02:19:07.6881370Z" duration="0.000733" asserts="1" />
        <test-case id="1-1147" name="TestPrintNoParams" fullname="NLuaTest.LuaTests.TestPrintNoParams" methodname="TestPrintNoParams" classname="NLuaTest.LuaTests" runstate="Runnable" seed="433381732" result="Passed" start-time="2021-11-07T02:19:07.6881370Z" end-time="2021-11-07T02:19:07.6891360Z" duration="0.000420" asserts="1" />
        <test-case id="1-1152" name="TestPrintNoParamsParamsDetour" fullname="NLuaTest.LuaTests.TestPrintNoParamsParamsDetour" methodname="TestPrintNoParamsParamsDetour" classname="NLuaTest.LuaTests" runstate="Runnable" seed="371916096" result="Passed" start-time="2021-11-07T02:19:07.6891360Z" end-time="2021-11-07T02:19:07.6901363Z" duration="0.001065" asserts="1" />
        <test-case id="1-1148" name="TestPrintSingleNil" fullname="NLuaTest.LuaTests.TestPrintSingleNil" methodname="TestPrintSingleNil" classname="NLuaTest.LuaTests" runstate="Runnable" seed="440816982" result="Passed" start-time="2021-11-07T02:19:07.6901363Z" end-time="2021-11-07T02:19:07.6911458Z" duration="0.000698" asserts="1" />
        <test-case id="1-1153" name="TestPrintSingleNilParamsDetour" fullname="NLuaTest.LuaTests.TestPrintSingleNilParamsDetour" methodname="TestPrintSingleNilParamsDetour" classname="NLuaTest.LuaTests" runstate="Runnable" seed="1070348244" result="Passed" start-time="2021-11-07T02:19:07.6911458Z" end-time="2021-11-07T02:19:07.6921386Z" duration="0.001162" asserts="1" />
        <test-case id="1-1066" name="TestPrivateMethod" fullname="NLuaTest.LuaTests.TestPrivateMethod" methodname="TestPrivateMethod" classname="NLuaTest.LuaTests" runstate="Runnable" seed="273800979" result="Passed" start-time="2021-11-07T02:19:07.6921386Z" end-time="2021-11-07T02:19:07.6941436Z" duration="0.001931" asserts="1" />
        <test-case id="1-1024" name="TestPushLuaFunctionWhenReadingDelegateProperty" fullname="NLuaTest.LuaTests.TestPushLuaFunctionWhenReadingDelegateProperty" methodname="TestPushLuaFunctionWhenReadingDelegateProperty" classname="NLuaTest.LuaTests" runstate="Runnable" seed="1561987698" result="Passed" start-time="2021-11-07T02:19:07.6941436Z" end-time="2021-11-07T02:19:07.6951369Z" duration="0.001043" asserts="1" />
        <test-case id="1-1077" name="TestRegisterFunction" fullname="NLuaTest.LuaTests.TestRegisterFunction" methodname="TestRegisterFunction" classname="NLuaTest.LuaTests" runstate="Runnable" seed="1371766196" result="Passed" start-time="2021-11-07T02:19:07.6951369Z" end-time="2021-11-07T02:19:07.6971534Z" duration="0.002170" asserts="2" />
        <test-case id="1-1172" name="TestStaticOperators" fullname="NLuaTest.LuaTests.TestStaticOperators" methodname="TestStaticOperators" classname="NLuaTest.LuaTests" runstate="Runnable" seed="1434385098" result="Passed" start-time="2021-11-07T02:19:07.6971534Z" end-time="2021-11-07T02:19:07.6981359Z" duration="0.001065" asserts="4" />
        <test-case id="1-1060" name="TestStructDefaultConstructor" fullname="NLuaTest.LuaTests.TestStructDefaultConstructor" methodname="TestStructDefaultConstructor" classname="NLuaTest.LuaTests" runstate="Runnable" seed="265407066" result="Passed" start-time="2021-11-07T02:19:07.6981359Z" end-time="2021-11-07T02:19:07.6991368Z" duration="0.000543" asserts="1" />
        <test-case id="1-1061" name="TestStructHashesEqual" fullname="NLuaTest.LuaTests.TestStructHashesEqual" methodname="TestStructHashesEqual" classname="NLuaTest.LuaTests" runstate="Runnable" seed="1737396465" result="Passed" start-time="2021-11-07T02:19:07.6991368Z" end-time="2021-11-07T02:19:07.6991368Z" duration="0.000801" asserts="1" />
        <test-case id="1-1059" name="TestStructs" fullname="NLuaTest.LuaTests.TestStructs" methodname="TestStructs" classname="NLuaTest.LuaTests" runstate="Runnable" seed="1148689050" result="Passed" start-time="2021-11-07T02:19:07.6991368Z" end-time="2021-11-07T02:19:07.7001362Z" duration="0.000826" asserts="1" />
        <test-case id="1-1036" name="TestTableFinalizerDispose" fullname="NLuaTest.LuaTests.TestTableFinalizerDispose" methodname="TestTableFinalizerDispose" classname="NLuaTest.LuaTests" runstate="Runnable" seed="319528133" result="Passed" start-time="2021-11-07T02:19:07.7001362Z" end-time="2021-11-07T02:19:08.3283416Z" duration="0.628015" asserts="2" />
        <test-case id="1-1162" name="TestTempFile" fullname="NLuaTest.LuaTests.TestTempFile" methodname="TestTempFile" classname="NLuaTest.LuaTests" runstate="Runnable" seed="802559697" result="Passed" start-time="2021-11-07T02:19:08.3283416Z" end-time="2021-11-07T02:19:08.3303434Z" duration="0.001435" asserts="2" />
        <test-case id="1-1160" name="TestThreadEquality" fullname="NLuaTest.LuaTests.TestThreadEquality" methodname="TestThreadEquality" classname="NLuaTest.LuaTests" runstate="Runnable" seed="923487334" result="Passed" start-time="2021-11-07T02:19:08.3303434Z" end-time="2021-11-07T02:19:08.3313428Z" duration="0.001687" asserts="2" />
        <test-case id="1-1065" name="TestThreading" fullname="NLuaTest.LuaTests.TestThreading" methodname="TestThreading" classname="NLuaTest.LuaTests" runstate="Runnable" seed="2013421143" result="Passed" start-time="2021-11-07T02:19:08.3313428Z" end-time="2021-11-07T02:19:13.5029197Z" duration="5.171092" asserts="1" />
        <test-case id="1-1170" name="TestUnaryMinus" fullname="NLuaTest.LuaTests.TestUnaryMinus" methodname="TestUnaryMinus" classname="NLuaTest.LuaTests" runstate="Runnable" seed="465158650" result="Passed" start-time="2021-11-07T02:19:13.5029197Z" end-time="2021-11-07T02:19:13.5057660Z" duration="0.002804" asserts="1" />
        <test-case id="1-1157" name="TestUnicodeChars" fullname="NLuaTest.LuaTests.TestUnicodeChars" methodname="TestUnicodeChars" classname="NLuaTest.LuaTests" runstate="Runnable" seed="1885471959" result="Passed" start-time="2021-11-07T02:19:13.5057660Z" end-time="2021-11-07T02:19:13.5067661Z" duration="0.001223" asserts="1" />
        <test-case id="1-1158" name="TestUnicodeCharsInDoString" fullname="NLuaTest.LuaTests.TestUnicodeCharsInDoString" methodname="TestUnicodeCharsInDoString" classname="NLuaTest.LuaTests" runstate="Runnable" seed="1408933427" result="Passed" start-time="2021-11-07T02:19:13.5067661Z" end-time="2021-11-07T02:19:13.5077640Z" duration="0.000717" asserts="1" />
        <test-case id="1-1035" name="TestUseLuaObjectAfterDisposeShouldNotCrash" fullname="NLuaTest.LuaTests.TestUseLuaObjectAfterDisposeShouldNotCrash" methodname="TestUseLuaObjectAfterDisposeShouldNotCrash" classname="NLuaTest.LuaTests" runstate="Runnable" seed="307613345" result="Passed" start-time="2021-11-07T02:19:13.5077640Z" end-time="2021-11-07T02:19:13.5087640Z" duration="0.000481" asserts="4" />
        <test-case id="1-1144" name="TestVarargs" fullname="NLuaTest.LuaTests.TestVarargs" methodname="TestVarargs" classname="NLuaTest.LuaTests" runstate="Runnable" seed="1300299517" result="Passed" start-time="2021-11-07T02:19:13.5087640Z" end-time="2021-11-07T02:19:13.5087640Z" duration="0.000763" asserts="0">
          <output><![CDATA[this will pass	
this will 	fail	
]]></output>
        </test-case>
        <test-case id="1-1161" name="TestXMove" fullname="NLuaTest.LuaTests.TestXMove" methodname="TestXMove" classname="NLuaTest.LuaTests" runstate="Runnable" seed="404841886" result="Passed" start-time="2021-11-07T02:19:13.5087640Z" end-time="2021-11-07T02:19:13.5107654Z" duration="0.002017" asserts="1" />
        <test-case id="1-1055" name="ThrowException" fullname="NLuaTest.LuaTests.ThrowException" methodname="ThrowException" classname="NLuaTest.LuaTests" runstate="Runnable" seed="918624784" result="Passed" start-time="2021-11-07T02:19:13.5107654Z" end-time="2021-11-07T02:19:13.5127654Z" duration="0.001541" asserts="3" />
        <test-case id="1-1046" name="ThrowMultipleExceptions" fullname="NLuaTest.LuaTests.ThrowMultipleExceptions" methodname="ThrowMultipleExceptions" classname="NLuaTest.LuaTests" runstate="Runnable" seed="1426745506" result="Passed" start-time="2021-11-07T02:19:13.5127654Z" end-time="2021-11-07T02:19:13.5137685Z" duration="0.001329" asserts="6" />
        <test-case id="1-1047" name="ThrowMultipleExceptionsInScript" fullname="NLuaTest.LuaTests.ThrowMultipleExceptionsInScript" methodname="ThrowMultipleExceptionsInScript" classname="NLuaTest.LuaTests" runstate="Runnable" seed="1850129540" result="Passed" start-time="2021-11-07T02:19:13.5137685Z" end-time="2021-11-07T02:19:13.5157656Z" duration="0.001320" asserts="3" />
        <test-case id="1-1057" name="ThrowUncaughtException" fullname="NLuaTest.LuaTests.ThrowUncaughtException" methodname="ThrowUncaughtException" classname="NLuaTest.LuaTests" runstate="Runnable" seed="115762251" result="Passed" start-time="2021-11-07T02:19:13.5157656Z" end-time="2021-11-07T02:19:13.5167649Z" duration="0.000875" asserts="1" />
        <test-case id="1-1121" name="WriteArrayField" fullname="NLuaTest.LuaTests.WriteArrayField" methodname="WriteArrayField" classname="NLuaTest.LuaTests" runstate="Runnable" seed="486739819" result="Passed" start-time="2021-11-07T02:19:13.5167649Z" end-time="2021-11-07T02:19:13.5167649Z" duration="0.000626" asserts="1" />
      </test-suite>
    </test-suite>
  </test-suite>
</test-run>